[2019-11-22 17:48:00] Initializing...
FISCO-BCOS Version : 2.1.0
Build Time         : 20190923 13:22:09
Build Type         : Linux/clang/Release
Git Branch         : HEAD
Git Commit Hash    : cb68124d4fbf3df563a57dfff5f0c6eedc1419cc
[2019-11-22 17:48:03] The FISCO-BCOS is running...
[2019-11-22 20:51:04] FISCO-BCOS program exit normally.
[2019-11-23 10:30:15] Initializing...
FISCO-BCOS Version : 2.1.0
Build Time         : 20190923 13:22:09
Build Type         : Linux/clang/Release
Git Branch         : HEAD
Git Commit Hash    : cb68124d4fbf3df563a57dfff5f0c6eedc1419cc
[2019-11-23 10:30:17] The FISCO-BCOS is running...
[2019-12-12 20:43:37] Initializing...
FISCO-BCOS Version : 2.1.0
Build Time         : 20190923 13:22:09
Build Type         : Linux/clang/Release
Git Branch         : HEAD
Git Commit Hash    : cb68124d4fbf3df563a57dfff5f0c6eedc1419cc
[2019-12-12 20:43:38] The FISCO-BCOS is running...
