info|2019-11-22 17:48:00.832042|[INITIALIZER][initGlobalConfig],enableCompress=true,compatibilityVersion=2.1.0,versionNumber=33619968,chainId=1
info|2019-11-22 17:48:02.318307|[NETWORK][Host]Connecting to node,endpoint=127.0.0.1:30300
info|2019-11-22 17:48:02.319150|[NETWORK][Host]P2P StartAccept,Host=0.0.0.0:30303
info|2019-11-22 17:48:02.354181|[NETWORK][Host]Connecting to node,endpoint=127.0.0.1:30301
info|2019-11-22 17:48:02.354272|[NETWORK][Host]Connecting to node,endpoint=127.0.0.1:30302
info|2019-11-22 17:48:02.354345|[NETWORK][Host]Connecting to node,endpoint=127.0.0.1:30303
info|2019-11-22 17:48:02.354402|[P2P][Service] heartBeat,connected count=0
info|2019-11-22 17:48:02.471018|[CHANNEL]ChannelRPCServer started
info|2019-11-22 17:48:02.471051|[INITIALIZER][RPCInitializer]ChannelRPCHttpServer started.
info|2019-11-22 17:48:02.471074|[LedgerInitializer],groupConfigPath=conf/
info|2019-11-22 17:48:02.355100|[NETWORK][ASIO]asyncResolveConnect,endpoint=127.0.0.1:30300
info|2019-11-22 17:48:02.497265|[NETWORK][ASIO]asyncResolveConnect,endpoint=127.0.0.1:30301
info|2019-11-22 17:48:02.497598|[NETWORK][ASIO]asyncResolveConnect,endpoint=127.0.0.1:30302
info|2019-11-22 17:48:02.497660|[NETWORK][ASIO]asyncResolveConnect,endpoint=127.0.0.1:30303
info|2019-11-22 17:48:02.499368|[NETWORK][Host]P2P Recv Connect, From=127.0.0.1:34772
info|2019-11-22 17:48:02.500198|[NETWORK][Host]P2P StartAccept,Host=0.0.0.0:30303
info|2019-11-22 17:48:02.500943|[NETWORK][Host]P2P Recv Connect, From=127.0.0.1:34776
info|2019-11-22 17:48:02.502806|[NETWORK][Host]P2P StartAccept,Host=0.0.0.0:30303
info|2019-11-22 17:48:02.521868|[INITIALIZER][initSingleLedger] [GroupId]:  1
info|2019-11-22 17:48:02.522031|[g:1][LEDGER]LedgerConstructor,configPath=conf/group.1.genesis,baseDir=data//group1
info|2019-11-22 17:48:02.522073|[g:1][LEDGER][initGenesisConfig]initConsensusConfig/initDBConfig/initTxConfig,configFile=conf/group.1.genesis
info|2019-11-22 17:48:02.522221|[g:1][LEDGER][initConsensusConfig],it.first=bca00155402b50a6581733343de45b05f6e4864834500298c23c8a35180bc250168d1cb2696e35bbb80c5f8227569deef736f4e0c92ea7020850261c5c51691f
info|2019-11-22 17:48:02.522260|[g:1][LEDGER][initConsensusConfig],it.first=756c09755da663ad493bdd30e36781f07f3af594d6f608f2b6ba733eb5e9a7eafb58eb29b224b8ff5b87c9c9ebe6602be72e2e079d46be1485b9fd8079cab62b
info|2019-11-22 17:48:02.522289|[g:1][LEDGER][initConsensusConfig],it.first=74c27806d97b68e801af45373b2ff4d0ca30d3bca852fe3aaa842c3a5a2744713eb7404274a0b53932c41cc2a587ad89d64de0ba635fc7fd93c9d6896a7c9b8a
info|2019-11-22 17:48:02.522318|[g:1][LEDGER][initConsensusConfig],it.first=594c229d2a1b2051cc49d9d5b28750ce4613002c882fb603784d8cb988e5274564a13288fcdc2243d7ca3765c8075631eeb136eaea61b9a580e5d5122bb8da1e
info|2019-11-22 17:48:02.522368|[g:1][LEDGER][initIniConfig]initTxPoolConfig/initSyncConfig/initTxExecuteConfig,configFile=conf/group.1.ini
info|2019-11-22 17:48:02.577508|[g:1][LEDGER][initLedger][DBInitializer]
info|2019-11-22 17:48:02.577578|[g:1][DBINITIALIZER] [initRocksDBStorage]
info|2019-11-22 17:48:02.577773|[g:1][ROCKSDB]open rocksDB handler
info|2019-11-22 17:48:02.589897|[NETWORK][Host]P2P Recv Connect, From=127.0.0.1:34780
info|2019-11-22 17:48:02.593847|[NETWORK][Host]P2P StartAccept,Host=0.0.0.0:30303
info|2019-11-22 17:48:02.604446|[NETWORK][Host]P2P Recv Connect, From=127.0.0.1:34784
info|2019-11-22 17:48:02.622114|[NETWORK][Host]P2P StartAccept,Host=0.0.0.0:30303
info|2019-11-22 17:48:02.724972|[NETWORK][Host]startPeerSession, From=127.0.0.1:34776,nodeID=594c229d...
info|2019-11-22 17:48:02.791861|[NETWORK][Host]startPeerSession, From=127.0.0.1:30303,nodeID=594c229d...
info|2019-11-22 17:48:02.811720|[P2P][Service] Connection established,nodeID=756c0975...,endpoint=127.0.0.1:30301
info|2019-11-22 17:48:02.818174|[NETWORK][Host]startPeerSession, From=127.0.0.1:30301,nodeID=756c0975...
info|2019-11-22 17:48:02.818370|[P2P][Service] Connection established,nodeID=74c27806...,endpoint=127.0.0.1:34772
info|2019-11-22 17:48:02.818412|[NETWORK][Host]startPeerSession, From=127.0.0.1:34772,nodeID=74c27806...
info|2019-11-22 17:48:02.818488|[NETWORK][Host]startPeerSession, From=127.0.0.1:34780,nodeID=756c0975...
info|2019-11-22 17:48:02.818711|[P2P][Service] Connection established,nodeID=bca00155...,endpoint=127.0.0.1:34784
info|2019-11-22 17:48:02.818749|[NETWORK][Host]startPeerSession, From=127.0.0.1:34784,nodeID=bca00155...
info|2019-11-22 17:48:02.823875|[NETWORK][Host]startPeerSession, From=127.0.0.1:30300,nodeID=bca00155...
info|2019-11-22 17:48:02.831980|[NETWORK][Host]startPeerSession, From=127.0.0.1:30302,nodeID=74c27806...
info|2019-11-22 17:48:03.547129|[g:1][g:0][STORAGE][CachedStorage]Init flushStorage thread
info|2019-11-22 17:48:03.661070|[g:1][g:1][STORAGE][CachedStorage]CachedStorage commit: 4 hash: a40b170d8cc74f9ff96611621f4583466e80c949596771591dd97ecaa9f38863 num: 0
info|2019-11-22 17:48:03.671251|[STORAGE]Start commit block: 0 to backend storage
info|2019-11-22 17:48:03.676180|[g:1][STORAGE]Submited block task: 0, current syncd block: 0
info|2019-11-22 17:48:03.676371|[g:1][BLOCKCHAIN][#checkAndBuildGenesisBlock]Insert the 0th block
info|2019-11-22 17:48:03.734582|[g:1][CONSENSUS][PBFT]Register handler for PBFTEngine
info|2019-11-22 17:48:03.748537|[STORAGE][g:1]
---------------------------------------------------------------------
Commit block: 0 to backend storage finished, current cached block: 0
Flush elapsed time: 0.0773s
---------------------------------------------------------------------

info|2019-11-22 17:48:03.743706|[g:1][CONSENSUS][PBFT],minBlockGenerationTime=500
info|2019-11-22 17:48:03.748933|[LedgerInitializer init group succ],groupID=1
info|2019-11-22 17:48:03.752025|[INITIALIZER][RPCInitializer]JsonrpcHttpServer started.
info|2019-11-22 17:48:03.752121|[g:1][LEDGER]startAll...
warning|2019-11-22 17:48:03.753793|[SYNC][id:594c229d...][Status]Peer data not found,nodeId=74c27806...
info|2019-11-22 17:48:03.762486|[g:1][CONSENSUS][PBFT]^^^^^^^^Report,num=0,sealerIdx=0,hash=a40b170d...,next=1,tx=0,nodeIdx=0
warning|2019-11-22 17:48:03.769447|[SYNC][id:594c229d...][Status]Peer data not found,nodeId=bca00155...
warning|2019-11-22 17:48:03.769687|[SYNC][id:594c229d...][Status]Peer data not found,nodeId=756c0975...
info|2019-11-22 17:48:03.900580|[g:1][CONSENSUS][PBFT][PBFT init env successfully]
info|2019-11-22 17:48:03.901693|[g:1][CONSENSUS][ConsensusEngine][Start ConsensusEngineBase]
info|2019-11-22 17:48:03.902319|[g:1][CONSENSUS][PBFT][Start PBFTEngine...]
info|2019-11-22 17:48:03.902459|[g:1][CONSENSUS][SEALER][Start sealer module]
info|2019-11-22 17:48:03.912917|[g:1][CONSENSUS][PBFT]^^^^^^^^Report,num=0,sealerIdx=0,hash=a40b170d...,next=1,tx=0,nodeIdx=0
info|2019-11-22 17:48:03.929692|[g:1][EVENT][EventLogFilterManager]start,m_maxBlockRange=0,m_maxBlockPerLoopFilter=3
info|2019-11-22 17:48:04.901977|[g:1][CONSENSUS][SEALER]++++++++++++++++ Generating seal on,blkNum=1,tx=0,nodeIdx=0,hash=a41451e4...
info|2019-11-22 17:48:04.940620|[g:1][CONSENSUS][PBFT]checkTimeout Succ,view=0,toView=1,nodeIdx=0,changeCycle=0,myNode=594c229d...,timecost=1.308
info|2019-11-22 17:48:04.971593|[g:1][CONSENSUS][PBFT]checkAndChangeView: Reach consensus,org_view=0,org_changeCycle=0,cur_changeCycle=0,to_view=1
info|2019-11-22 17:48:05.996195|[g:1][CONSENSUS]addRawPrepare,height=1,reqIdx=1,hash=aea4ef1f...
info|2019-11-22 17:48:05.996694|[g:1][CONSENSUS][PBFT]checkTimeout Succ,view=1,toView=2,nodeIdx=0,changeCycle=0,myNode=594c229d...,timecost=0.36
info|2019-11-22 17:48:06.005711|[g:1][CONSENSUS][PBFT]checkAndChangeView: Reach consensus,org_view=1,org_changeCycle=0,cur_changeCycle=0,to_view=2
info|2019-11-22 17:48:07.010218|[g:1][CONSENSUS]addRawPrepare,height=1,reqIdx=2,hash=fec074ee...
info|2019-11-22 17:48:07.010683|[g:1][CONSENSUS][PBFT]checkTimeout Succ,view=2,toView=3,nodeIdx=0,changeCycle=0,myNode=594c229d...,timecost=0.43
info|2019-11-22 17:48:07.020824|[g:1][CONSENSUS][PBFT]checkAndChangeView: Reach consensus,org_view=2,org_changeCycle=0,cur_changeCycle=0,to_view=3
info|2019-11-22 17:48:08.029952|[g:1][CONSENSUS]addRawPrepare,height=1,reqIdx=3,hash=284b13b6...
info|2019-11-22 17:48:08.061234|[g:1][CONSENSUS][PBFT]checkTimeout Succ,view=3,toView=4,nodeIdx=0,changeCycle=0,myNode=594c229d...,timecost=15.157
info|2019-11-22 17:48:08.163735|[g:1][CONSENSUS][PBFT]checkAndChangeView: Reach consensus,org_view=3,org_changeCycle=0,cur_changeCycle=0,to_view=4
info|2019-11-22 17:48:09.168902|[g:1][CONSENSUS][SEALER]++++++++++++++++ Generating seal on,blkNum=1,tx=0,nodeIdx=0,hash=e16ceea3...
info|2019-11-22 17:48:09.209379|[g:1][CONSENSUS][PBFT]checkTimeout Succ,view=4,toView=5,nodeIdx=0,changeCycle=0,myNode=594c229d...,timecost=8.559
info|2019-11-22 17:48:09.245079|[g:1][CONSENSUS][PBFT]checkAndChangeView: Reach consensus,org_view=4,org_changeCycle=0,cur_changeCycle=0,to_view=5
info|2019-11-22 17:48:10.254934|[g:1][CONSENSUS]addRawPrepare,height=1,reqIdx=1,hash=fd5eda73...
info|2019-11-22 17:48:10.266393|[g:1][CONSENSUS][PBFT]checkTimeout Succ,view=5,toView=6,nodeIdx=0,changeCycle=0,myNode=594c229d...,timecost=5.02
info|2019-11-22 17:48:10.280354|[g:1][CONSENSUS][PBFT]checkAndChangeView: Reach consensus,org_view=5,org_changeCycle=0,cur_changeCycle=0,to_view=6
info|2019-11-22 17:48:11.287952|[g:1][CONSENSUS]addRawPrepare,height=1,reqIdx=2,hash=b05b53a4...
info|2019-11-22 17:48:11.288303|[g:1][CONSENSUS][PBFT]checkTimeout Succ,view=6,toView=7,nodeIdx=0,changeCycle=0,myNode=594c229d...,timecost=0.28
info|2019-11-22 17:48:11.293138|[g:1][CONSENSUS][PBFT]checkAndChangeView: Reach consensus,org_view=6,org_changeCycle=0,cur_changeCycle=0,to_view=7
info|2019-11-22 17:48:12.302444|[g:1][CONSENSUS]addRawPrepare,height=1,reqIdx=3,hash=8b9bc7a6...
info|2019-11-22 17:48:12.302848|[g:1][CONSENSUS][PBFT]checkTimeout Succ,view=7,toView=8,nodeIdx=0,changeCycle=0,myNode=594c229d...,timecost=0.301
info|2019-11-22 17:48:12.322158|[g:1][CONSENSUS][PBFT]checkAndChangeView: Reach consensus,org_view=7,org_changeCycle=0,cur_changeCycle=0,to_view=8
info|2019-11-22 17:48:12.354889|[P2P][Service] heartBeat,connected count=3
info|2019-11-22 17:48:13.323300|[g:1][CONSENSUS][SEALER]++++++++++++++++ Generating seal on,blkNum=1,tx=0,nodeIdx=0,hash=809ec331...
info|2019-11-22 17:48:13.345266|[g:1][CONSENSUS][PBFT]checkTimeout Succ,view=8,toView=9,nodeIdx=0,changeCycle=0,myNode=594c229d...,timecost=0.642
info|2019-11-22 17:48:13.348839|[g:1][CONSENSUS][PBFT]checkAndChangeView: Reach consensus,org_view=8,org_changeCycle=0,cur_changeCycle=0,to_view=9
info|2019-11-22 17:48:14.364711|[g:1][CONSENSUS]addRawPrepare,height=1,reqIdx=1,hash=99b187a6...
info|2019-11-22 17:48:14.365039|[g:1][CONSENSUS][PBFT]checkTimeout Succ,view=9,toView=10,nodeIdx=0,changeCycle=0,myNode=594c229d...,timecost=0.295
info|2019-11-22 17:48:14.366738|[g:1][CONSENSUS][PBFT]checkAndChangeView: Reach consensus,org_view=9,org_changeCycle=0,cur_changeCycle=0,to_view=10
info|2019-11-22 17:48:15.373816|[g:1][CONSENSUS]addRawPrepare,height=1,reqIdx=2,hash=18297041...
info|2019-11-22 17:48:15.374049|[g:1][CONSENSUS][PBFT]checkTimeout Succ,view=10,toView=11,nodeIdx=0,changeCycle=0,myNode=594c229d...,timecost=0.204
info|2019-11-22 17:48:15.376623|[g:1][CONSENSUS][PBFT]checkAndChangeView: Reach consensus,org_view=10,org_changeCycle=0,cur_changeCycle=0,to_view=11
info|2019-11-22 17:48:16.381322|[g:1][CONSENSUS]addRawPrepare,height=1,reqIdx=3,hash=06a07e4d...
info|2019-11-22 17:48:16.406106|[g:1][CONSENSUS][PBFT]checkTimeout Succ,view=11,toView=12,nodeIdx=0,changeCycle=0,myNode=594c229d...,timecost=3.606
info|2019-11-22 17:48:16.421155|[g:1][CONSENSUS][PBFT]checkAndChangeView: Reach consensus,org_view=11,org_changeCycle=0,cur_changeCycle=0,to_view=12
info|2019-11-22 17:48:17.421241|[g:1][CONSENSUS][SEALER]++++++++++++++++ Generating seal on,blkNum=1,tx=0,nodeIdx=0,hash=bd58bdaf...
info|2019-11-22 17:48:17.429201|[g:1][CONSENSUS][PBFT]checkTimeout Succ,view=12,toView=13,nodeIdx=0,changeCycle=0,myNode=594c229d...,timecost=0.24
info|2019-11-22 17:48:17.430339|[g:1][CONSENSUS][PBFT]checkAndChangeView: Reach consensus,org_view=12,org_changeCycle=0,cur_changeCycle=0,to_view=13
info|2019-11-22 17:48:18.429982|[g:1][CONSENSUS]addRawPrepare,height=1,reqIdx=1,hash=3cbde658...
info|2019-11-22 17:48:18.430404|[g:1][CONSENSUS][PBFT]checkTimeout Succ,view=13,toView=14,nodeIdx=0,changeCycle=0,myNode=594c229d...,timecost=0.392
info|2019-11-22 17:48:18.435002|[g:1][CONSENSUS][PBFT]checkAndChangeView: Reach consensus,org_view=13,org_changeCycle=0,cur_changeCycle=0,to_view=14
info|2019-11-22 17:48:19.437550|[g:1][CONSENSUS]addRawPrepare,height=1,reqIdx=2,hash=a1ab3533...
info|2019-11-22 17:48:19.437863|[g:1][CONSENSUS][PBFT]checkTimeout Succ,view=14,toView=15,nodeIdx=0,changeCycle=0,myNode=594c229d...,timecost=0.233
info|2019-11-22 17:48:19.440710|[g:1][CONSENSUS][PBFT]checkAndChangeView: Reach consensus,org_view=14,org_changeCycle=0,cur_changeCycle=0,to_view=15
info|2019-11-22 17:48:20.439917|[g:1][CONSENSUS]addRawPrepare,height=1,reqIdx=3,hash=12567f0c...
info|2019-11-22 17:48:20.440232|[g:1][CONSENSUS][PBFT]checkTimeout Succ,view=15,toView=16,nodeIdx=0,changeCycle=0,myNode=594c229d...,timecost=0.206
info|2019-11-22 17:48:20.448359|[g:1][CONSENSUS][PBFT]checkAndChangeView: Reach consensus,org_view=15,org_changeCycle=0,cur_changeCycle=0,to_view=16
info|2019-11-22 17:48:21.450050|[g:1][CONSENSUS][SEALER]++++++++++++++++ Generating seal on,blkNum=1,tx=0,nodeIdx=0,hash=6b2e628c...
info|2019-11-22 17:48:21.459256|[g:1][CONSENSUS][PBFT]checkTimeout Succ,view=16,toView=17,nodeIdx=0,changeCycle=0,myNode=594c229d...,timecost=0.282
info|2019-11-22 17:48:21.460455|[g:1][CONSENSUS][PBFT]checkAndChangeView: Reach consensus,org_view=16,org_changeCycle=0,cur_changeCycle=0,to_view=17
info|2019-11-22 17:48:22.355254|[P2P][Service] heartBeat,connected count=3
info|2019-11-22 17:48:22.461083|[g:1][CONSENSUS]addRawPrepare,height=1,reqIdx=1,hash=d9b5682a...
info|2019-11-22 17:48:22.461509|[g:1][CONSENSUS][PBFT]checkTimeout Succ,view=17,toView=18,nodeIdx=0,changeCycle=0,myNode=594c229d...,timecost=0.391
info|2019-11-22 17:48:22.467085|[g:1][CONSENSUS][PBFT]checkAndChangeView: Reach consensus,org_view=17,org_changeCycle=0,cur_changeCycle=0,to_view=18
info|2019-11-22 17:48:23.471459|[g:1][CONSENSUS]addRawPrepare,height=1,reqIdx=2,hash=1a0c5c00...
info|2019-11-22 17:48:23.471733|[g:1][CONSENSUS][PBFT]checkTimeout Succ,view=18,toView=19,nodeIdx=0,changeCycle=0,myNode=594c229d...,timecost=0.243
info|2019-11-22 17:48:23.479578|[g:1][CONSENSUS][PBFT]checkAndChangeView: Reach consensus,org_view=18,org_changeCycle=0,cur_changeCycle=0,to_view=19
info|2019-11-22 17:48:24.485420|[g:1][CONSENSUS]addRawPrepare,height=1,reqIdx=3,hash=29030dc6...
info|2019-11-22 17:48:24.489286|[g:1][CONSENSUS][PBFT]checkTimeout Succ,view=19,toView=20,nodeIdx=0,changeCycle=0,myNode=594c229d...,timecost=3.768
info|2019-11-22 17:48:24.490599|[g:1][CONSENSUS][PBFT]checkAndChangeView: Reach consensus,org_view=19,org_changeCycle=0,cur_changeCycle=0,to_view=20
info|2019-11-22 17:48:25.492645|[g:1][CONSENSUS][SEALER]++++++++++++++++ Generating seal on,blkNum=1,tx=0,nodeIdx=0,hash=dde545ef...
info|2019-11-22 17:48:25.501048|[g:1][CONSENSUS][PBFT]checkTimeout Succ,view=20,toView=21,nodeIdx=0,changeCycle=0,myNode=594c229d...,timecost=0.225
info|2019-11-22 17:48:25.502230|[g:1][CONSENSUS][PBFT]checkAndChangeView: Reach consensus,org_view=20,org_changeCycle=0,cur_changeCycle=0,to_view=21
info|2019-11-22 17:48:26.517002|[g:1][CONSENSUS]addRawPrepare,height=1,reqIdx=1,hash=626694d5...
info|2019-11-22 17:48:26.527171|[g:1][CONSENSUS][PBFT]checkTimeout Succ,view=21,toView=22,nodeIdx=0,changeCycle=0,myNode=594c229d...,timecost=9.971
info|2019-11-22 17:48:26.575127|[g:1][CONSENSUS][PBFT]checkAndChangeView: Reach consensus,org_view=21,org_changeCycle=0,cur_changeCycle=0,to_view=22
info|2019-11-22 17:48:27.586811|[g:1][CONSENSUS]addRawPrepare,height=1,reqIdx=2,hash=df9f4749...
info|2019-11-22 17:48:27.587085|[g:1][CONSENSUS][PBFT]checkTimeout Succ,view=22,toView=23,nodeIdx=0,changeCycle=0,myNode=594c229d...,timecost=0.242
info|2019-11-22 17:48:27.591187|[g:1][CONSENSUS][PBFT]checkAndChangeView: Reach consensus,org_view=22,org_changeCycle=0,cur_changeCycle=0,to_view=23
info|2019-11-22 17:48:28.595377|[g:1][CONSENSUS]addRawPrepare,height=1,reqIdx=3,hash=886c6ac3...
info|2019-11-22 17:48:28.595946|[g:1][CONSENSUS][PBFT]checkTimeout Succ,view=23,toView=24,nodeIdx=0,changeCycle=0,myNode=594c229d...,timecost=0.44
info|2019-11-22 17:48:28.613175|[g:1][CONSENSUS][PBFT]checkAndChangeView: Reach consensus,org_view=23,org_changeCycle=0,cur_changeCycle=0,to_view=24
info|2019-11-22 17:48:29.615004|[g:1][CONSENSUS][SEALER]++++++++++++++++ Generating seal on,blkNum=1,tx=0,nodeIdx=0,hash=9aa590f7...
info|2019-11-22 17:48:29.633526|[g:1][CONSENSUS][PBFT]checkTimeout Succ,view=24,toView=25,nodeIdx=0,changeCycle=0,myNode=594c229d...,timecost=0.316
info|2019-11-22 17:48:29.639370|[g:1][CONSENSUS][PBFT]checkAndChangeView: Reach consensus,org_view=24,org_changeCycle=0,cur_changeCycle=0,to_view=25
info|2019-11-22 17:48:30.632003|[g:1][CONSENSUS]addRawPrepare,height=1,reqIdx=1,hash=d089a9c0...
info|2019-11-22 17:48:30.632255|[g:1][CONSENSUS][PBFT]checkTimeout Succ,view=25,toView=26,nodeIdx=0,changeCycle=0,myNode=594c229d...,timecost=0.221
info|2019-11-22 17:48:30.637523|[g:1][CONSENSUS][PBFT]checkAndChangeView: Reach consensus,org_view=25,org_changeCycle=0,cur_changeCycle=0,to_view=26
info|2019-11-22 17:48:31.643662|[g:1][CONSENSUS]addRawPrepare,height=1,reqIdx=2,hash=aadeebc4...
info|2019-11-22 17:48:31.643952|[g:1][CONSENSUS][PBFT]checkTimeout Succ,view=26,toView=27,nodeIdx=0,changeCycle=0,myNode=594c229d...,timecost=0.228
info|2019-11-22 17:48:31.650757|[g:1][CONSENSUS][PBFT]checkAndChangeView: Reach consensus,org_view=26,org_changeCycle=0,cur_changeCycle=0,to_view=27
info|2019-11-22 17:48:32.355620|[P2P][Service] heartBeat,connected count=3
info|2019-11-22 17:48:32.673242|[g:1][CONSENSUS]addRawPrepare,height=1,reqIdx=3,hash=40fe8dca...
info|2019-11-22 17:48:32.744220|[g:1][CONSENSUS][PBFT]checkTimeout Succ,view=27,toView=28,nodeIdx=0,changeCycle=0,myNode=594c229d...,timecost=45.776
info|2019-11-22 17:48:32.796129|[g:1][CONSENSUS][PBFT]checkAndChangeView: Reach consensus,org_view=27,org_changeCycle=0,cur_changeCycle=0,to_view=28
info|2019-11-22 17:48:33.818998|[g:1][CONSENSUS][SEALER]++++++++++++++++ Generating seal on,blkNum=1,tx=0,nodeIdx=0,hash=897f6415...
info|2019-11-22 17:48:33.838150|[g:1][CONSENSUS][PBFT]checkTimeout Succ,view=28,toView=29,nodeIdx=0,changeCycle=0,myNode=594c229d...,timecost=0.973
info|2019-11-22 17:48:33.845897|[g:1][CONSENSUS][PBFT]checkAndChangeView: Reach consensus,org_view=28,org_changeCycle=0,cur_changeCycle=0,to_view=29
info|2019-11-22 17:48:34.838098|[g:1][CONSENSUS]addRawPrepare,height=1,reqIdx=1,hash=6f764681...
info|2019-11-22 17:48:34.838416|[g:1][CONSENSUS][PBFT]checkTimeout Succ,view=29,toView=30,nodeIdx=0,changeCycle=0,myNode=594c229d...,timecost=0.282
info|2019-11-22 17:48:34.840009|[g:1][CONSENSUS][PBFT]checkAndChangeView: Reach consensus,org_view=29,org_changeCycle=0,cur_changeCycle=0,to_view=30
info|2019-11-22 17:48:35.844176|[g:1][CONSENSUS]addRawPrepare,height=1,reqIdx=2,hash=63b7cd74...
info|2019-11-22 17:48:35.844464|[g:1][CONSENSUS][PBFT]checkTimeout Succ,view=30,toView=31,nodeIdx=0,changeCycle=0,myNode=594c229d...,timecost=0.255
info|2019-11-22 17:48:35.849470|[g:1][CONSENSUS][PBFT]checkAndChangeView: Reach consensus,org_view=30,org_changeCycle=0,cur_changeCycle=0,to_view=31
info|2019-11-22 17:48:36.856292|[g:1][CONSENSUS]addRawPrepare,height=1,reqIdx=3,hash=8cd58dc5...
info|2019-11-22 17:48:36.856831|[g:1][CONSENSUS][PBFT]checkTimeout Succ,view=31,toView=32,nodeIdx=0,changeCycle=0,myNode=594c229d...,timecost=0.389
info|2019-11-22 17:48:36.865869|[g:1][CONSENSUS][PBFT]checkAndChangeView: Reach consensus,org_view=31,org_changeCycle=0,cur_changeCycle=0,to_view=32
info|2019-11-22 17:48:37.870924|[g:1][CONSENSUS][SEALER]++++++++++++++++ Generating seal on,blkNum=1,tx=0,nodeIdx=0,hash=050754da...
info|2019-11-22 17:48:37.890522|[g:1][CONSENSUS][PBFT]checkTimeout Succ,view=32,toView=33,nodeIdx=0,changeCycle=0,myNode=594c229d...,timecost=0.341
info|2019-11-22 17:48:37.894908|[g:1][CONSENSUS][PBFT]checkAndChangeView: Reach consensus,org_view=32,org_changeCycle=0,cur_changeCycle=0,to_view=33
info|2019-11-22 17:48:38.894684|[g:1][CONSENSUS]addRawPrepare,height=1,reqIdx=1,hash=a81219de...
info|2019-11-22 17:48:38.899561|[g:1][CONSENSUS][PBFT]checkTimeout Succ,view=33,toView=34,nodeIdx=0,changeCycle=0,myNode=594c229d...,timecost=4.747
info|2019-11-22 17:48:38.904007|[g:1][CONSENSUS][PBFT]checkAndChangeView: Reach consensus,org_view=33,org_changeCycle=0,cur_changeCycle=0,to_view=34
info|2019-11-22 17:48:39.906585|[g:1][CONSENSUS]addRawPrepare,height=1,reqIdx=2,hash=173ac78a...
info|2019-11-22 17:48:39.907035|[g:1][CONSENSUS][PBFT]checkTimeout Succ,view=34,toView=35,nodeIdx=0,changeCycle=0,myNode=594c229d...,timecost=0.397
info|2019-11-22 17:48:39.912840|[g:1][CONSENSUS][PBFT]checkAndChangeView: Reach consensus,org_view=34,org_changeCycle=0,cur_changeCycle=0,to_view=35
info|2019-11-22 17:48:40.915941|[g:1][CONSENSUS]addRawPrepare,height=1,reqIdx=3,hash=b77fb1fa...
info|2019-11-22 17:48:40.925774|[g:1][CONSENSUS][PBFT]checkTimeout Succ,view=35,toView=36,nodeIdx=0,changeCycle=0,myNode=594c229d...,timecost=4.638
info|2019-11-22 17:48:40.929139|[g:1][CONSENSUS][PBFT]checkAndChangeView: Reach consensus,org_view=35,org_changeCycle=0,cur_changeCycle=0,to_view=36
info|2019-11-22 17:48:41.935883|[g:1][CONSENSUS][SEALER]++++++++++++++++ Generating seal on,blkNum=1,tx=0,nodeIdx=0,hash=45d4a9fc...
info|2019-11-22 17:48:41.952839|[g:1][CONSENSUS][PBFT]checkTimeout Succ,view=36,toView=37,nodeIdx=0,changeCycle=0,myNode=594c229d...,timecost=4.239
info|2019-11-22 17:48:41.955284|[g:1][CONSENSUS][PBFT]checkAndChangeView: Reach consensus,org_view=36,org_changeCycle=0,cur_changeCycle=0,to_view=37
info|2019-11-22 17:48:42.355759|[P2P][Service] heartBeat,connected count=3
info|2019-11-22 17:48:42.953022|[g:1][CONSENSUS]addRawPrepare,height=1,reqIdx=1,hash=49b09d16...
info|2019-11-22 17:48:42.956668|[g:1][CONSENSUS][PBFT]checkTimeout Succ,view=37,toView=38,nodeIdx=0,changeCycle=0,myNode=594c229d...,timecost=3.559
info|2019-11-22 17:48:42.973479|[g:1][CONSENSUS][PBFT]checkAndChangeView: Reach consensus,org_view=37,org_changeCycle=0,cur_changeCycle=0,to_view=38
info|2019-11-22 17:48:43.987231|[g:1][CONSENSUS]addRawPrepare,height=1,reqIdx=2,hash=9ca7483d...
info|2019-11-22 17:48:43.987741|[g:1][CONSENSUS][PBFT]checkTimeout Succ,view=38,toView=39,nodeIdx=0,changeCycle=0,myNode=594c229d...,timecost=0.396
info|2019-11-22 17:48:43.994426|[g:1][CONSENSUS][PBFT]checkAndChangeView: Reach consensus,org_view=38,org_changeCycle=0,cur_changeCycle=0,to_view=39
info|2019-11-22 17:48:45.003231|[g:1][CONSENSUS]addRawPrepare,height=1,reqIdx=3,hash=6d43e826...
info|2019-11-22 17:48:45.003756|[g:1][CONSENSUS][PBFT]checkTimeout Succ,view=39,toView=40,nodeIdx=0,changeCycle=0,myNode=594c229d...,timecost=0.347
info|2019-11-22 17:48:45.025951|[g:1][CONSENSUS][PBFT]checkAndChangeView: Reach consensus,org_view=39,org_changeCycle=0,cur_changeCycle=0,to_view=40
info|2019-11-22 17:48:46.027064|[g:1][CONSENSUS][SEALER]++++++++++++++++ Generating seal on,blkNum=1,tx=0,nodeIdx=0,hash=6596a5bf...
info|2019-11-22 17:48:46.057590|[g:1][CONSENSUS][PBFT]checkTimeout Succ,view=40,toView=41,nodeIdx=0,changeCycle=0,myNode=594c229d...,timecost=0.813
info|2019-11-22 17:48:46.077171|[g:1][CONSENSUS][PBFT]checkAndChangeView: Reach consensus,org_view=40,org_changeCycle=0,cur_changeCycle=0,to_view=41
info|2019-11-22 17:48:47.041950|[g:1][CONSENSUS]addRawPrepare,height=1,reqIdx=1,hash=a8125fd2...
info|2019-11-22 17:48:47.042241|[g:1][CONSENSUS][PBFT]checkTimeout Succ,view=41,toView=42,nodeIdx=0,changeCycle=0,myNode=594c229d...,timecost=0.259
info|2019-11-22 17:48:47.049028|[g:1][CONSENSUS][PBFT]checkAndChangeView: Reach consensus,org_view=41,org_changeCycle=0,cur_changeCycle=0,to_view=42
info|2019-11-22 17:48:48.058354|[g:1][CONSENSUS]addRawPrepare,height=1,reqIdx=2,hash=8f2c224a...
info|2019-11-22 17:48:48.061186|[g:1][CONSENSUS][PBFT]checkTimeout Succ,view=42,toView=43,nodeIdx=0,changeCycle=0,myNode=594c229d...,timecost=2.434
info|2019-11-22 17:48:48.103486|[g:1][CONSENSUS][PBFT]checkAndChangeView: Reach consensus,org_view=42,org_changeCycle=0,cur_changeCycle=0,to_view=43
info|2019-11-22 17:48:49.101393|[g:1][CONSENSUS]addRawPrepare,height=1,reqIdx=3,hash=38e49391...
info|2019-11-22 17:48:49.106207|[g:1][CONSENSUS][PBFT]checkTimeout Succ,view=43,toView=44,nodeIdx=0,changeCycle=0,myNode=594c229d...,timecost=4.673
info|2019-11-22 17:48:49.112015|[g:1][CONSENSUS][PBFT]checkAndChangeView: Reach consensus,org_view=43,org_changeCycle=0,cur_changeCycle=0,to_view=44
info|2019-11-22 17:48:50.113680|[g:1][CONSENSUS][SEALER]++++++++++++++++ Generating seal on,blkNum=1,tx=0,nodeIdx=0,hash=fd41508e...
info|2019-11-22 17:48:50.145639|[g:1][CONSENSUS][PBFT]checkTimeout Succ,view=44,toView=45,nodeIdx=0,changeCycle=0,myNode=594c229d...,timecost=0.586
info|2019-11-22 17:48:50.153709|[g:1][CONSENSUS][PBFT]checkAndChangeView: Reach consensus,org_view=44,org_changeCycle=0,cur_changeCycle=0,to_view=45
info|2019-11-22 17:48:51.145374|[g:1][CONSENSUS]addRawPrepare,height=1,reqIdx=1,hash=e69683cb...
info|2019-11-22 17:48:51.145836|[g:1][CONSENSUS][PBFT]checkTimeout Succ,view=45,toView=46,nodeIdx=0,changeCycle=0,myNode=594c229d...,timecost=0.427
info|2019-11-22 17:48:51.150006|[g:1][CONSENSUS][PBFT]checkAndChangeView: Reach consensus,org_view=45,org_changeCycle=0,cur_changeCycle=0,to_view=46
info|2019-11-22 17:48:52.156242|[g:1][CONSENSUS]addRawPrepare,height=1,reqIdx=2,hash=bbfc0461...
info|2019-11-22 17:48:52.156601|[g:1][CONSENSUS][PBFT]checkTimeout Succ,view=46,toView=47,nodeIdx=0,changeCycle=0,myNode=594c229d...,timecost=0.314
info|2019-11-22 17:48:52.157761|[g:1][CONSENSUS][PBFT]checkAndChangeView: Reach consensus,org_view=46,org_changeCycle=0,cur_changeCycle=0,to_view=47
info|2019-11-22 17:48:52.355900|[P2P][Service] heartBeat,connected count=3
info|2019-11-22 17:48:53.162195|[g:1][CONSENSUS]addRawPrepare,height=1,reqIdx=3,hash=8effd0e2...
info|2019-11-22 17:48:53.162685|[g:1][CONSENSUS][PBFT]checkTimeout Succ,view=47,toView=48,nodeIdx=0,changeCycle=0,myNode=594c229d...,timecost=0.329
info|2019-11-22 17:48:53.169963|[g:1][CONSENSUS][PBFT]checkAndChangeView: Reach consensus,org_view=47,org_changeCycle=0,cur_changeCycle=0,to_view=48
info|2019-11-22 17:48:54.171444|[g:1][CONSENSUS][SEALER]++++++++++++++++ Generating seal on,blkNum=1,tx=0,nodeIdx=0,hash=b6d247db...
info|2019-11-22 17:48:54.193818|[g:1][CONSENSUS][PBFT]checkTimeout Succ,view=48,toView=49,nodeIdx=0,changeCycle=0,myNode=594c229d...,timecost=0.838
info|2019-11-22 17:48:54.198596|[g:1][CONSENSUS][PBFT]checkAndChangeView: Reach consensus,org_view=48,org_changeCycle=0,cur_changeCycle=0,to_view=49
info|2019-11-22 17:48:55.209720|[g:1][CONSENSUS]addRawPrepare,height=1,reqIdx=1,hash=9768608f...
info|2019-11-22 17:48:55.211427|[g:1][CONSENSUS][PBFT]checkTimeout Succ,view=49,toView=50,nodeIdx=0,changeCycle=0,myNode=594c229d...,timecost=1.653
info|2019-11-22 17:48:55.216038|[g:1][CONSENSUS][PBFT]checkAndChangeView: Reach consensus,org_view=49,org_changeCycle=0,cur_changeCycle=0,to_view=50
info|2019-11-22 17:48:56.224619|[g:1][CONSENSUS]addRawPrepare,height=1,reqIdx=2,hash=e3a73a73...
info|2019-11-22 17:48:56.225065|[g:1][CONSENSUS][PBFT]checkTimeout Succ,view=50,toView=51,nodeIdx=0,changeCycle=0,myNode=594c229d...,timecost=0.401
info|2019-11-22 17:48:56.229236|[g:1][CONSENSUS][PBFT]checkAndChangeView: Reach consensus,org_view=50,org_changeCycle=0,cur_changeCycle=0,to_view=51
info|2019-11-22 17:48:57.232730|[g:1][CONSENSUS]addRawPrepare,height=1,reqIdx=3,hash=256c4a92...
info|2019-11-22 17:48:57.233070|[g:1][CONSENSUS][PBFT]checkTimeout Succ,view=51,toView=52,nodeIdx=0,changeCycle=0,myNode=594c229d...,timecost=0.248
info|2019-11-22 17:48:57.237904|[g:1][CONSENSUS][PBFT]checkAndChangeView: Reach consensus,org_view=51,org_changeCycle=0,cur_changeCycle=0,to_view=52
info|2019-11-22 17:48:58.239339|[g:1][CONSENSUS][SEALER]++++++++++++++++ Generating seal on,blkNum=1,tx=0,nodeIdx=0,hash=ff53e31f...
info|2019-11-22 17:48:58.264856|[g:1][CONSENSUS][PBFT]checkTimeout Succ,view=52,toView=53,nodeIdx=0,changeCycle=0,myNode=594c229d...,timecost=0.315
info|2019-11-22 17:48:58.269178|[g:1][CONSENSUS][PBFT]checkAndChangeView: Reach consensus,org_view=52,org_changeCycle=0,cur_changeCycle=0,to_view=53
info|2019-11-22 17:48:59.265769|[g:1][CONSENSUS]addRawPrepare,height=1,reqIdx=1,hash=6a0f8a19...
info|2019-11-22 17:48:59.267523|[g:1][CONSENSUS][PBFT]checkTimeout Succ,view=53,toView=54,nodeIdx=0,changeCycle=0,myNode=594c229d...,timecost=1.704
info|2019-11-22 17:48:59.271091|[g:1][CONSENSUS][PBFT]checkAndChangeView: Reach consensus,org_view=53,org_changeCycle=0,cur_changeCycle=0,to_view=54
info|2019-11-22 17:49:00.276424|[g:1][CONSENSUS]addRawPrepare,height=1,reqIdx=2,hash=fb06d7d3...
info|2019-11-22 17:49:00.276666|[g:1][CONSENSUS][PBFT]checkTimeout Succ,view=54,toView=55,nodeIdx=0,changeCycle=0,myNode=594c229d...,timecost=0.21
info|2019-11-22 17:49:00.280139|[g:1][CONSENSUS][PBFT]checkAndChangeView: Reach consensus,org_view=54,org_changeCycle=0,cur_changeCycle=0,to_view=55
info|2019-11-22 17:49:01.279291|[g:1][CONSENSUS]addRawPrepare,height=1,reqIdx=3,hash=3474f33b...
info|2019-11-22 17:49:01.279659|[g:1][CONSENSUS][PBFT]checkTimeout Succ,view=55,toView=56,nodeIdx=0,changeCycle=0,myNode=594c229d...,timecost=0.26
info|2019-11-22 17:49:01.285025|[g:1][CONSENSUS][PBFT]checkAndChangeView: Reach consensus,org_view=55,org_changeCycle=0,cur_changeCycle=0,to_view=56
info|2019-11-22 17:49:02.286239|[g:1][CONSENSUS][SEALER]++++++++++++++++ Generating seal on,blkNum=1,tx=0,nodeIdx=0,hash=d6d2fdc1...
info|2019-11-22 17:49:02.338376|[g:1][CONSENSUS][PBFT]checkTimeout Succ,view=56,toView=57,nodeIdx=0,changeCycle=0,myNode=594c229d...,timecost=5.469
info|2019-11-22 17:49:02.339717|[g:1][CONSENSUS][PBFT]checkAndChangeView: Reach consensus,org_view=56,org_changeCycle=0,cur_changeCycle=0,to_view=57
info|2019-11-22 17:49:02.356799|[P2P][Service] heartBeat,connected count=3
info|2019-11-22 17:49:03.331684|[g:1][CONSENSUS]addRawPrepare,height=1,reqIdx=1,hash=2bac5fb7...
info|2019-11-22 17:49:03.332038|[g:1][CONSENSUS][PBFT]checkTimeout Succ,view=57,toView=58,nodeIdx=0,changeCycle=0,myNode=594c229d...,timecost=0.327
info|2019-11-22 17:49:03.339401|[g:1][CONSENSUS][PBFT]checkAndChangeView: Reach consensus,org_view=57,org_changeCycle=0,cur_changeCycle=0,to_view=58
info|2019-11-22 17:49:04.344490|[g:1][CONSENSUS]addRawPrepare,height=1,reqIdx=2,hash=f462111a...
info|2019-11-22 17:49:04.344714|[g:1][CONSENSUS][PBFT]checkTimeout Succ,view=58,toView=59,nodeIdx=0,changeCycle=0,myNode=594c229d...,timecost=0.198
info|2019-11-22 17:49:04.351120|[g:1][CONSENSUS][PBFT]checkAndChangeView: Reach consensus,org_view=58,org_changeCycle=0,cur_changeCycle=0,to_view=59
info|2019-11-22 17:49:05.353094|[g:1][CONSENSUS]addRawPrepare,height=1,reqIdx=3,hash=f3140873...
info|2019-11-22 17:49:05.353434|[g:1][CONSENSUS][PBFT]checkTimeout Succ,view=59,toView=60,nodeIdx=0,changeCycle=0,myNode=594c229d...,timecost=0.251
info|2019-11-22 17:49:05.360175|[g:1][CONSENSUS][PBFT]checkAndChangeView: Reach consensus,org_view=59,org_changeCycle=0,cur_changeCycle=0,to_view=60
info|2019-11-22 17:49:06.361613|[g:1][CONSENSUS][SEALER]++++++++++++++++ Generating seal on,blkNum=1,tx=0,nodeIdx=0,hash=f1b5d392...
info|2019-11-22 17:49:06.373511|[g:1][CONSENSUS][PBFT]checkTimeout Succ,view=60,toView=61,nodeIdx=0,changeCycle=0,myNode=594c229d...,timecost=0.221
info|2019-11-22 17:49:06.376741|[g:1][CONSENSUS][PBFT]checkAndChangeView: Reach consensus,org_view=60,org_changeCycle=0,cur_changeCycle=0,to_view=61
info|2019-11-22 17:49:07.372918|[g:1][CONSENSUS]addRawPrepare,height=1,reqIdx=1,hash=422892e9...
info|2019-11-22 17:49:07.373326|[g:1][CONSENSUS][PBFT]checkTimeout Succ,view=61,toView=62,nodeIdx=0,changeCycle=0,myNode=594c229d...,timecost=0.346
info|2019-11-22 17:49:07.385784|[g:1][CONSENSUS][PBFT]checkAndChangeView: Reach consensus,org_view=61,org_changeCycle=0,cur_changeCycle=0,to_view=62
info|2019-11-22 17:49:08.389088|[g:1][CONSENSUS]addRawPrepare,height=1,reqIdx=2,hash=0e5d0f6e...
info|2019-11-22 17:49:08.389398|[g:1][CONSENSUS][PBFT]checkTimeout Succ,view=62,toView=63,nodeIdx=0,changeCycle=0,myNode=594c229d...,timecost=0.282
info|2019-11-22 17:49:08.392619|[g:1][CONSENSUS][PBFT]checkAndChangeView: Reach consensus,org_view=62,org_changeCycle=0,cur_changeCycle=0,to_view=63
info|2019-11-22 17:49:09.392074|[g:1][CONSENSUS]addRawPrepare,height=1,reqIdx=3,hash=005d05e9...
info|2019-11-22 17:49:09.392557|[g:1][CONSENSUS][PBFT]checkTimeout Succ,view=63,toView=64,nodeIdx=0,changeCycle=0,myNode=594c229d...,timecost=0.367
info|2019-11-22 17:49:09.414048|[g:1][CONSENSUS][PBFT]checkAndChangeView: Reach consensus,org_view=63,org_changeCycle=0,cur_changeCycle=0,to_view=64
info|2019-11-22 17:49:10.414279|[g:1][CONSENSUS][SEALER]++++++++++++++++ Generating seal on,blkNum=1,tx=0,nodeIdx=0,hash=5bb4af13...
info|2019-11-22 17:49:10.430265|[g:1][CONSENSUS][PBFT]checkTimeout Succ,view=64,toView=65,nodeIdx=0,changeCycle=0,myNode=594c229d...,timecost=0.22
info|2019-11-22 17:49:10.432186|[g:1][CONSENSUS][PBFT]checkAndChangeView: Reach consensus,org_view=64,org_changeCycle=0,cur_changeCycle=0,to_view=65
info|2019-11-22 17:49:11.439825|[g:1][CONSENSUS]addRawPrepare,height=1,reqIdx=1,hash=4a9a65ff...
info|2019-11-22 17:49:11.440089|[g:1][CONSENSUS][PBFT]checkTimeout Succ,view=65,toView=66,nodeIdx=0,changeCycle=0,myNode=594c229d...,timecost=0.238
info|2019-11-22 17:49:11.446339|[g:1][CONSENSUS][PBFT]checkAndChangeView: Reach consensus,org_view=65,org_changeCycle=0,cur_changeCycle=0,to_view=66
info|2019-11-22 17:49:12.356872|[P2P][Service] heartBeat,connected count=3
info|2019-11-22 17:49:12.450492|[g:1][CONSENSUS]addRawPrepare,height=1,reqIdx=2,hash=cb66df2d...
info|2019-11-22 17:49:12.453955|[g:1][CONSENSUS][PBFT]checkTimeout Succ,view=66,toView=67,nodeIdx=0,changeCycle=0,myNode=594c229d...,timecost=3.435
info|2019-11-22 17:49:12.454602|[g:1][CONSENSUS][PBFT]checkAndChangeView: Reach consensus,org_view=66,org_changeCycle=0,cur_changeCycle=0,to_view=67
info|2019-11-22 17:49:13.461292|[g:1][CONSENSUS]addRawPrepare,height=1,reqIdx=3,hash=171638d4...
info|2019-11-22 17:49:13.461788|[g:1][CONSENSUS][PBFT]checkTimeout Succ,view=67,toView=68,nodeIdx=0,changeCycle=0,myNode=594c229d...,timecost=0.325
info|2019-11-22 17:49:13.472375|[g:1][CONSENSUS][PBFT]checkAndChangeView: Reach consensus,org_view=67,org_changeCycle=0,cur_changeCycle=0,to_view=68
info|2019-11-22 17:49:14.473825|[g:1][CONSENSUS][SEALER]++++++++++++++++ Generating seal on,blkNum=1,tx=0,nodeIdx=0,hash=dfd9937d...
info|2019-11-22 17:49:14.486498|[g:1][CONSENSUS][PBFT]checkTimeout Succ,view=68,toView=69,nodeIdx=0,changeCycle=0,myNode=594c229d...,timecost=0.372
info|2019-11-22 17:49:14.488090|[g:1][CONSENSUS][PBFT]checkAndChangeView: Reach consensus,org_view=68,org_changeCycle=0,cur_changeCycle=0,to_view=69
info|2019-11-22 17:49:15.487962|[g:1][CONSENSUS]addRawPrepare,height=1,reqIdx=1,hash=f6597219...
info|2019-11-22 17:49:15.488378|[g:1][CONSENSUS][PBFT]checkTimeout Succ,view=69,toView=70,nodeIdx=0,changeCycle=0,myNode=594c229d...,timecost=0.37
info|2019-11-22 17:49:15.492981|[g:1][CONSENSUS][PBFT]checkAndChangeView: Reach consensus,org_view=69,org_changeCycle=0,cur_changeCycle=0,to_view=70
info|2019-11-22 17:49:16.501413|[g:1][CONSENSUS]addRawPrepare,height=1,reqIdx=2,hash=813327b2...
info|2019-11-22 17:49:16.501634|[g:1][CONSENSUS][PBFT]checkTimeout Succ,view=70,toView=71,nodeIdx=0,changeCycle=0,myNode=594c229d...,timecost=0.198
info|2019-11-22 17:49:16.508650|[g:1][CONSENSUS][PBFT]checkAndChangeView: Reach consensus,org_view=70,org_changeCycle=0,cur_changeCycle=0,to_view=71
info|2019-11-22 17:49:17.513575|[g:1][CONSENSUS]addRawPrepare,height=1,reqIdx=3,hash=5f28834b...
info|2019-11-22 17:49:17.513848|[g:1][CONSENSUS][PBFT]checkTimeout Succ,view=71,toView=72,nodeIdx=0,changeCycle=0,myNode=594c229d...,timecost=0.201
info|2019-11-22 17:49:17.528890|[g:1][CONSENSUS][PBFT]checkAndChangeView: Reach consensus,org_view=71,org_changeCycle=0,cur_changeCycle=0,to_view=72
info|2019-11-22 17:49:18.532333|[g:1][CONSENSUS][SEALER]++++++++++++++++ Generating seal on,blkNum=1,tx=0,nodeIdx=0,hash=88bfefa1...
info|2019-11-22 17:49:18.542498|[g:1][CONSENSUS][PBFT]checkTimeout Succ,view=72,toView=73,nodeIdx=0,changeCycle=0,myNode=594c229d...,timecost=0.224
info|2019-11-22 17:49:18.543615|[g:1][CONSENSUS][PBFT]checkAndChangeView: Reach consensus,org_view=72,org_changeCycle=0,cur_changeCycle=0,to_view=73
info|2019-11-22 17:49:19.544460|[g:1][CONSENSUS]addRawPrepare,height=1,reqIdx=1,hash=506d8a82...
info|2019-11-22 17:49:19.544751|[g:1][CONSENSUS][PBFT]checkTimeout Succ,view=73,toView=74,nodeIdx=0,changeCycle=0,myNode=594c229d...,timecost=0.27
info|2019-11-22 17:49:19.549370|[g:1][CONSENSUS][PBFT]checkAndChangeView: Reach consensus,org_view=73,org_changeCycle=0,cur_changeCycle=0,to_view=74
info|2019-11-22 17:49:20.557565|[g:1][CONSENSUS]addRawPrepare,height=1,reqIdx=2,hash=24ed2476...
info|2019-11-22 17:49:20.557824|[g:1][CONSENSUS][PBFT]checkTimeout Succ,view=74,toView=75,nodeIdx=0,changeCycle=0,myNode=594c229d...,timecost=0.229
info|2019-11-22 17:49:20.570387|[g:1][CONSENSUS][PBFT]checkAndChangeView: Reach consensus,org_view=74,org_changeCycle=0,cur_changeCycle=0,to_view=75
info|2019-11-22 17:49:21.571082|[g:1][CONSENSUS]addRawPrepare,height=1,reqIdx=3,hash=8f186293...
info|2019-11-22 17:49:21.571465|[g:1][CONSENSUS][PBFT]checkTimeout Succ,view=75,toView=76,nodeIdx=0,changeCycle=0,myNode=594c229d...,timecost=0.278
info|2019-11-22 17:49:21.576394|[g:1][CONSENSUS][PBFT]checkAndChangeView: Reach consensus,org_view=75,org_changeCycle=0,cur_changeCycle=0,to_view=76
info|2019-11-22 17:49:22.357295|[P2P][Service] heartBeat,connected count=3
info|2019-11-22 17:49:22.576973|[g:1][CONSENSUS][SEALER]++++++++++++++++ Generating seal on,blkNum=1,tx=0,nodeIdx=0,hash=62640d20...
info|2019-11-22 17:49:22.596076|[g:1][CONSENSUS][PBFT]checkTimeout Succ,view=76,toView=77,nodeIdx=0,changeCycle=0,myNode=594c229d...,timecost=0.326
info|2019-11-22 17:49:22.600294|[g:1][CONSENSUS][PBFT]checkAndChangeView: Reach consensus,org_view=76,org_changeCycle=0,cur_changeCycle=0,to_view=77
info|2019-11-22 17:49:23.608476|[g:1][CONSENSUS]addRawPrepare,height=1,reqIdx=1,hash=09a87fc3...
info|2019-11-22 17:49:23.621957|[g:1][CONSENSUS][PBFT]checkTimeout Succ,view=77,toView=78,nodeIdx=0,changeCycle=0,myNode=594c229d...,timecost=13.033
info|2019-11-22 17:49:23.659371|[g:1][CONSENSUS][PBFT]checkAndChangeView: Reach consensus,org_view=77,org_changeCycle=0,cur_changeCycle=0,to_view=78
info|2019-11-22 17:49:24.673625|[g:1][CONSENSUS]addRawPrepare,height=1,reqIdx=2,hash=063c80e6...
info|2019-11-22 17:49:24.675935|[g:1][CONSENSUS][PBFT]checkTimeout Succ,view=78,toView=79,nodeIdx=0,changeCycle=0,myNode=594c229d...,timecost=2.253
info|2019-11-22 17:49:24.681847|[g:1][CONSENSUS][PBFT]checkAndChangeView: Reach consensus,org_view=78,org_changeCycle=0,cur_changeCycle=0,to_view=79
info|2019-11-22 17:49:25.685660|[g:1][CONSENSUS]addRawPrepare,height=1,reqIdx=3,hash=004305a1...
info|2019-11-22 17:49:25.686046|[g:1][CONSENSUS][PBFT]checkTimeout Succ,view=79,toView=80,nodeIdx=0,changeCycle=0,myNode=594c229d...,timecost=0.285
info|2019-11-22 17:49:25.694957|[g:1][CONSENSUS][PBFT]checkAndChangeView: Reach consensus,org_view=79,org_changeCycle=0,cur_changeCycle=0,to_view=80
info|2019-11-22 17:49:26.697279|[g:1][CONSENSUS][SEALER]++++++++++++++++ Generating seal on,blkNum=1,tx=0,nodeIdx=0,hash=ec1ebf22...
info|2019-11-22 17:49:26.732831|[g:1][CONSENSUS][PBFT]checkTimeout Succ,view=80,toView=81,nodeIdx=0,changeCycle=0,myNode=594c229d...,timecost=0.968
info|2019-11-22 17:49:26.743955|[g:1][CONSENSUS][PBFT]checkAndChangeView: Reach consensus,org_view=80,org_changeCycle=0,cur_changeCycle=0,to_view=81
info|2019-11-22 17:49:27.758857|[g:1][CONSENSUS]addRawPrepare,height=1,reqIdx=1,hash=770394b5...
info|2019-11-22 17:49:27.767937|[g:1][CONSENSUS][PBFT]checkTimeout Succ,view=81,toView=82,nodeIdx=0,changeCycle=0,myNode=594c229d...,timecost=8.833
info|2019-11-22 17:49:27.779146|[g:1][CONSENSUS][PBFT]checkAndChangeView: Reach consensus,org_view=81,org_changeCycle=0,cur_changeCycle=0,to_view=82
info|2019-11-22 17:49:28.790852|[g:1][CONSENSUS]addRawPrepare,height=1,reqIdx=2,hash=4ee027ae...
info|2019-11-22 17:49:28.799817|[g:1][CONSENSUS][PBFT]checkTimeout Succ,view=82,toView=83,nodeIdx=0,changeCycle=0,myNode=594c229d...,timecost=8.879
info|2019-11-22 17:49:28.820490|[g:1][CONSENSUS][PBFT]checkAndChangeView: Reach consensus,org_view=82,org_changeCycle=0,cur_changeCycle=0,to_view=83
info|2019-11-22 17:49:29.833394|[g:1][CONSENSUS]addRawPrepare,height=1,reqIdx=3,hash=a7b7d8de...
info|2019-11-22 17:49:29.834094|[g:1][CONSENSUS][PBFT]checkTimeout Succ,view=83,toView=84,nodeIdx=0,changeCycle=0,myNode=594c229d...,timecost=12.18
info|2019-11-22 17:49:29.862963|[g:1][CONSENSUS][PBFT]checkAndChangeView: Reach consensus,org_view=83,org_changeCycle=0,cur_changeCycle=0,to_view=84
info|2019-11-22 17:49:30.881255|[g:1][CONSENSUS][SEALER]++++++++++++++++ Generating seal on,blkNum=1,tx=0,nodeIdx=0,hash=33315434...
info|2019-11-22 17:49:30.927267|[g:1][CONSENSUS][PBFT]checkTimeout Succ,view=84,toView=85,nodeIdx=0,changeCycle=0,myNode=594c229d...,timecost=5.554
info|2019-11-22 17:49:30.934592|[g:1][CONSENSUS][PBFT]checkAndChangeView: Reach consensus,org_view=84,org_changeCycle=0,cur_changeCycle=0,to_view=85
info|2019-11-22 17:49:31.963219|[g:1][CONSENSUS]addRawPrepare,height=1,reqIdx=1,hash=1e90e0ee...
info|2019-11-22 17:49:31.968180|[g:1][CONSENSUS][PBFT]checkTimeout Succ,view=85,toView=86,nodeIdx=0,changeCycle=0,myNode=594c229d...,timecost=4.889
info|2019-11-22 17:49:31.991180|[g:1][CONSENSUS][PBFT]checkAndChangeView: Reach consensus,org_view=85,org_changeCycle=0,cur_changeCycle=0,to_view=86
info|2019-11-22 17:49:32.357417|[P2P][Service] heartBeat,connected count=3
info|2019-11-22 17:49:33.000825|[g:1][CONSENSUS]addRawPrepare,height=1,reqIdx=2,hash=783e0e22...
info|2019-11-22 17:49:33.001240|[g:1][CONSENSUS][PBFT]checkTimeout Succ,view=86,toView=87,nodeIdx=0,changeCycle=0,myNode=594c229d...,timecost=0.365
info|2019-11-22 17:49:33.009518|[g:1][CONSENSUS][PBFT]checkAndChangeView: Reach consensus,org_view=86,org_changeCycle=0,cur_changeCycle=0,to_view=87
info|2019-11-22 17:49:34.009822|[g:1][CONSENSUS]addRawPrepare,height=1,reqIdx=3,hash=92bb11e4...
info|2019-11-22 17:49:34.010581|[g:1][CONSENSUS][PBFT]checkTimeout Succ,view=87,toView=88,nodeIdx=0,changeCycle=0,myNode=594c229d...,timecost=0.482
info|2019-11-22 17:49:34.021905|[g:1][CONSENSUS][PBFT]checkAndChangeView: Reach consensus,org_view=87,org_changeCycle=0,cur_changeCycle=0,to_view=88
info|2019-11-22 17:49:35.023542|[g:1][CONSENSUS][SEALER]++++++++++++++++ Generating seal on,blkNum=1,tx=0,nodeIdx=0,hash=9bb6d9a3...
info|2019-11-22 17:49:35.061063|[g:1][CONSENSUS][PBFT]checkTimeout Succ,view=88,toView=89,nodeIdx=0,changeCycle=0,myNode=594c229d...,timecost=0.69
info|2019-11-22 17:49:35.083453|[g:1][CONSENSUS][PBFT]checkAndChangeView: Reach consensus,org_view=88,org_changeCycle=0,cur_changeCycle=0,to_view=89
info|2019-11-22 17:49:36.096168|[g:1][CONSENSUS]addRawPrepare,height=1,reqIdx=1,hash=b11dd655...
info|2019-11-22 17:49:36.104791|[g:1][CONSENSUS][PBFT]checkTimeout Succ,view=89,toView=90,nodeIdx=0,changeCycle=0,myNode=594c229d...,timecost=8.449
info|2019-11-22 17:49:36.125964|[g:1][CONSENSUS][PBFT]checkAndChangeView: Reach consensus,org_view=89,org_changeCycle=0,cur_changeCycle=0,to_view=90
info|2019-11-22 17:49:37.132280|[g:1][CONSENSUS]addRawPrepare,height=1,reqIdx=2,hash=85e24d8f...
info|2019-11-22 17:49:37.133492|[g:1][CONSENSUS][PBFT]checkTimeout Succ,view=90,toView=91,nodeIdx=0,changeCycle=0,myNode=594c229d...,timecost=1.165
info|2019-11-22 17:49:37.138656|[g:1][CONSENSUS][PBFT]checkAndChangeView: Reach consensus,org_view=90,org_changeCycle=0,cur_changeCycle=0,to_view=91
info|2019-11-22 17:49:38.140542|[g:1][CONSENSUS]addRawPrepare,height=1,reqIdx=3,hash=025c702c...
info|2019-11-22 17:49:38.141147|[g:1][CONSENSUS][PBFT]checkTimeout Succ,view=91,toView=92,nodeIdx=0,changeCycle=0,myNode=594c229d...,timecost=0.449
info|2019-11-22 17:49:38.157399|[g:1][CONSENSUS][PBFT]checkAndChangeView: Reach consensus,org_view=91,org_changeCycle=0,cur_changeCycle=0,to_view=92
info|2019-11-22 17:49:39.159505|[g:1][CONSENSUS][SEALER]++++++++++++++++ Generating seal on,blkNum=1,tx=0,nodeIdx=0,hash=7fe8cb2c...
info|2019-11-22 17:49:39.173565|[g:1][CONSENSUS][PBFT]checkTimeout Succ,view=92,toView=93,nodeIdx=0,changeCycle=0,myNode=594c229d...,timecost=0.396
info|2019-11-22 17:49:39.175328|[g:1][CONSENSUS][PBFT]checkAndChangeView: Reach consensus,org_view=92,org_changeCycle=0,cur_changeCycle=0,to_view=93
info|2019-11-22 17:49:40.178841|[g:1][CONSENSUS]addRawPrepare,height=1,reqIdx=1,hash=2a04d584...
info|2019-11-22 17:49:40.179362|[g:1][CONSENSUS][PBFT]checkTimeout Succ,view=93,toView=94,nodeIdx=0,changeCycle=0,myNode=594c229d...,timecost=0.472
info|2019-11-22 17:49:40.186673|[g:1][CONSENSUS][PBFT]checkAndChangeView: Reach consensus,org_view=93,org_changeCycle=0,cur_changeCycle=0,to_view=94
info|2019-11-22 17:49:41.199304|[g:1][CONSENSUS]addRawPrepare,height=1,reqIdx=2,hash=ba02d577...
info|2019-11-22 17:49:41.201043|[g:1][CONSENSUS][PBFT]checkTimeout Succ,view=94,toView=95,nodeIdx=0,changeCycle=0,myNode=594c229d...,timecost=1.687
info|2019-11-22 17:49:41.232352|[g:1][CONSENSUS][PBFT]checkAndChangeView: Reach consensus,org_view=94,org_changeCycle=0,cur_changeCycle=0,to_view=95
info|2019-11-22 17:49:42.243443|[g:1][CONSENSUS]addRawPrepare,height=1,reqIdx=3,hash=7db912a8...
info|2019-11-22 17:49:42.275588|[g:1][CONSENSUS][PBFT]checkTimeout Succ,view=95,toView=96,nodeIdx=0,changeCycle=0,myNode=594c229d...,timecost=14.799
info|2019-11-22 17:49:42.303384|[g:1][CONSENSUS][PBFT]checkAndChangeView: Reach consensus,org_view=95,org_changeCycle=0,cur_changeCycle=0,to_view=96
info|2019-11-22 17:49:42.357487|[P2P][Service] heartBeat,connected count=3
info|2019-11-22 17:49:43.314705|[g:1][CONSENSUS][SEALER]++++++++++++++++ Generating seal on,blkNum=1,tx=0,nodeIdx=0,hash=d0612dec...
info|2019-11-22 17:49:43.339512|[g:1][CONSENSUS][PBFT]checkTimeout Succ,view=96,toView=97,nodeIdx=0,changeCycle=0,myNode=594c229d...,timecost=0.481
info|2019-11-22 17:49:43.341978|[g:1][CONSENSUS][PBFT]checkAndChangeView: Reach consensus,org_view=96,org_changeCycle=0,cur_changeCycle=0,to_view=97
info|2019-11-22 17:49:44.344885|[g:1][CONSENSUS]addRawPrepare,height=1,reqIdx=1,hash=77d4bde8...
info|2019-11-22 17:49:44.358966|[g:1][CONSENSUS][PBFT]checkTimeout Succ,view=97,toView=98,nodeIdx=0,changeCycle=0,myNode=594c229d...,timecost=13.499
info|2019-11-22 17:49:44.364146|[g:1][CONSENSUS][PBFT]checkAndChangeView: Reach consensus,org_view=97,org_changeCycle=0,cur_changeCycle=0,to_view=98
info|2019-11-22 17:49:45.374178|[g:1][CONSENSUS]addRawPrepare,height=1,reqIdx=2,hash=f86aebc0...
info|2019-11-22 17:49:45.374407|[g:1][CONSENSUS][PBFT]checkTimeout Succ,view=98,toView=99,nodeIdx=0,changeCycle=0,myNode=594c229d...,timecost=0.203
info|2019-11-22 17:49:45.378035|[g:1][CONSENSUS][PBFT]checkAndChangeView: Reach consensus,org_view=98,org_changeCycle=0,cur_changeCycle=0,to_view=99
info|2019-11-22 17:49:46.380551|[g:1][CONSENSUS]addRawPrepare,height=1,reqIdx=3,hash=ddb6ba5a...
info|2019-11-22 17:49:46.381157|[g:1][CONSENSUS][PBFT]checkTimeout Succ,view=99,toView=100,nodeIdx=0,changeCycle=0,myNode=594c229d...,timecost=0.478
info|2019-11-22 17:49:46.397221|[g:1][CONSENSUS][PBFT]checkAndChangeView: Reach consensus,org_view=99,org_changeCycle=0,cur_changeCycle=0,to_view=100
info|2019-11-22 17:49:47.397770|[g:1][CONSENSUS][SEALER]++++++++++++++++ Generating seal on,blkNum=1,tx=0,nodeIdx=0,hash=3bc1e9e9...
info|2019-11-22 17:49:47.420446|[g:1][CONSENSUS][PBFT]checkTimeout Succ,view=100,toView=101,nodeIdx=0,changeCycle=0,myNode=594c229d...,timecost=0.682
info|2019-11-22 17:49:47.423721|[g:1][CONSENSUS][PBFT]checkAndChangeView: Reach consensus,org_view=100,org_changeCycle=0,cur_changeCycle=0,to_view=101
info|2019-11-22 17:49:48.431766|[g:1][CONSENSUS]addRawPrepare,height=1,reqIdx=1,hash=68833f22...
info|2019-11-22 17:49:48.432022|[g:1][CONSENSUS][PBFT]checkTimeout Succ,view=101,toView=102,nodeIdx=0,changeCycle=0,myNode=594c229d...,timecost=0.222
info|2019-11-22 17:49:48.437819|[g:1][CONSENSUS][PBFT]checkAndChangeView: Reach consensus,org_view=101,org_changeCycle=0,cur_changeCycle=0,to_view=102
info|2019-11-22 17:49:49.451386|[g:1][CONSENSUS]addRawPrepare,height=1,reqIdx=2,hash=b5885826...
info|2019-11-22 17:49:49.456880|[g:1][CONSENSUS][PBFT]checkTimeout Succ,view=102,toView=103,nodeIdx=0,changeCycle=0,myNode=594c229d...,timecost=5.463
info|2019-11-22 17:49:49.459622|[g:1][CONSENSUS][PBFT]checkAndChangeView: Reach consensus,org_view=102,org_changeCycle=0,cur_changeCycle=0,to_view=103
info|2019-11-22 17:49:50.461150|[g:1][CONSENSUS]addRawPrepare,height=1,reqIdx=3,hash=593394b4...
info|2019-11-22 17:49:50.461593|[g:1][CONSENSUS][PBFT]checkTimeout Succ,view=103,toView=104,nodeIdx=0,changeCycle=0,myNode=594c229d...,timecost=0.299
info|2019-11-22 17:49:50.468200|[g:1][CONSENSUS][PBFT]checkAndChangeView: Reach consensus,org_view=103,org_changeCycle=0,cur_changeCycle=0,to_view=104
info|2019-11-22 17:49:51.468179|[g:1][CONSENSUS][SEALER]++++++++++++++++ Generating seal on,blkNum=1,tx=0,nodeIdx=0,hash=a66a4a3a...
info|2019-11-22 17:49:51.489316|[g:1][CONSENSUS][PBFT]checkTimeout Succ,view=104,toView=105,nodeIdx=0,changeCycle=0,myNode=594c229d...,timecost=0.423
info|2019-11-22 17:49:51.492423|[g:1][CONSENSUS][PBFT]checkAndChangeView: Reach consensus,org_view=104,org_changeCycle=0,cur_changeCycle=0,to_view=105
info|2019-11-22 17:49:52.357558|[P2P][Service] heartBeat,connected count=3
info|2019-11-22 17:49:52.484368|[g:1][CONSENSUS]addRawPrepare,height=1,reqIdx=1,hash=b7e9fde7...
info|2019-11-22 17:49:52.491581|[g:1][CONSENSUS][PBFT]checkTimeout Succ,view=105,toView=106,nodeIdx=0,changeCycle=0,myNode=594c229d...,timecost=7.128
info|2019-11-22 17:49:52.493302|[g:1][CONSENSUS][PBFT]checkAndChangeView: Reach consensus,org_view=105,org_changeCycle=0,cur_changeCycle=0,to_view=106
info|2019-11-22 17:49:53.500448|[g:1][CONSENSUS]addRawPrepare,height=1,reqIdx=2,hash=8092c5d8...
info|2019-11-22 17:49:53.501158|[g:1][CONSENSUS][PBFT]checkTimeout Succ,view=106,toView=107,nodeIdx=0,changeCycle=0,myNode=594c229d...,timecost=0.649
info|2019-11-22 17:49:53.503717|[g:1][CONSENSUS][PBFT]checkAndChangeView: Reach consensus,org_view=106,org_changeCycle=0,cur_changeCycle=0,to_view=107
info|2019-11-22 17:49:54.505925|[g:1][CONSENSUS]addRawPrepare,height=1,reqIdx=3,hash=396d6aa5...
info|2019-11-22 17:49:54.506254|[g:1][CONSENSUS][PBFT]checkTimeout Succ,view=107,toView=108,nodeIdx=0,changeCycle=0,myNode=594c229d...,timecost=0.258
info|2019-11-22 17:49:54.514320|[g:1][CONSENSUS][PBFT]checkAndChangeView: Reach consensus,org_view=107,org_changeCycle=0,cur_changeCycle=0,to_view=108
info|2019-11-22 17:49:55.514974|[g:1][CONSENSUS][SEALER]++++++++++++++++ Generating seal on,blkNum=1,tx=0,nodeIdx=0,hash=604a6c42...
info|2019-11-22 17:49:55.527456|[g:1][CONSENSUS][PBFT]checkTimeout Succ,view=108,toView=109,nodeIdx=0,changeCycle=0,myNode=594c229d...,timecost=0.249
info|2019-11-22 17:49:55.528672|[g:1][CONSENSUS][PBFT]checkAndChangeView: Reach consensus,org_view=108,org_changeCycle=0,cur_changeCycle=0,to_view=109
info|2019-11-22 17:49:56.528478|[g:1][CONSENSUS]addRawPrepare,height=1,reqIdx=1,hash=2ab35e23...
info|2019-11-22 17:49:56.528732|[g:1][CONSENSUS][PBFT]checkTimeout Succ,view=109,toView=110,nodeIdx=0,changeCycle=0,myNode=594c229d...,timecost=0.227
info|2019-11-22 17:49:56.537393|[g:1][CONSENSUS][PBFT]checkAndChangeView: Reach consensus,org_view=109,org_changeCycle=0,cur_changeCycle=0,to_view=110
info|2019-11-22 17:49:57.540484|[g:1][CONSENSUS]addRawPrepare,height=1,reqIdx=2,hash=867f3d55...
info|2019-11-22 17:49:57.540741|[g:1][CONSENSUS][PBFT]checkTimeout Succ,view=110,toView=111,nodeIdx=0,changeCycle=0,myNode=594c229d...,timecost=0.225
info|2019-11-22 17:49:57.551465|[g:1][CONSENSUS][PBFT]checkAndChangeView: Reach consensus,org_view=110,org_changeCycle=0,cur_changeCycle=0,to_view=111
info|2019-11-22 17:49:58.555292|[g:1][CONSENSUS]addRawPrepare,height=1,reqIdx=3,hash=fa50d490...
info|2019-11-22 17:49:58.555851|[g:1][CONSENSUS][PBFT]checkTimeout Succ,view=111,toView=112,nodeIdx=0,changeCycle=0,myNode=594c229d...,timecost=0.365
info|2019-11-22 17:49:58.576669|[g:1][CONSENSUS][PBFT]checkAndChangeView: Reach consensus,org_view=111,org_changeCycle=0,cur_changeCycle=0,to_view=112
info|2019-11-22 17:49:59.588955|[g:1][CONSENSUS][SEALER]++++++++++++++++ Generating seal on,blkNum=1,tx=0,nodeIdx=0,hash=10b1a2fa...
info|2019-11-22 17:49:59.596736|[g:1][CONSENSUS][PBFT]checkTimeout Succ,view=112,toView=113,nodeIdx=0,changeCycle=0,myNode=594c229d...,timecost=0.261
info|2019-11-22 17:49:59.598130|[g:1][CONSENSUS][PBFT]checkAndChangeView: Reach consensus,org_view=112,org_changeCycle=0,cur_changeCycle=0,to_view=113
info|2019-11-22 17:50:00.611084|[g:1][CONSENSUS]addRawPrepare,height=1,reqIdx=1,hash=119eb39e...
info|2019-11-22 17:50:00.622752|[g:1][CONSENSUS][PBFT]checkTimeout Succ,view=113,toView=114,nodeIdx=0,changeCycle=0,myNode=594c229d...,timecost=8.277
info|2019-11-22 17:50:00.659738|[g:1][CONSENSUS][PBFT]checkAndChangeView: Reach consensus,org_view=113,org_changeCycle=0,cur_changeCycle=0,to_view=114
info|2019-11-22 17:50:01.704171|[g:1][CONSENSUS]addRawPrepare,height=1,reqIdx=2,hash=2de1e56c...
info|2019-11-22 17:50:01.736501|[g:1][CONSENSUS][PBFT]checkTimeout Succ,view=114,toView=115,nodeIdx=0,changeCycle=0,myNode=594c229d...,timecost=23.109
info|2019-11-22 17:50:01.795825|[g:1][CONSENSUS][PBFT]checkAndChangeView: Reach consensus,org_view=114,org_changeCycle=0,cur_changeCycle=0,to_view=115
info|2019-11-22 17:50:02.358025|[P2P][Service] heartBeat,connected count=3
info|2019-11-22 17:50:02.801474|[g:1][CONSENSUS]addRawPrepare,height=1,reqIdx=3,hash=50f44e26...
info|2019-11-22 17:50:02.808850|[g:1][CONSENSUS][PBFT]checkTimeout Succ,view=115,toView=116,nodeIdx=0,changeCycle=0,myNode=594c229d...,timecost=7.251
info|2019-11-22 17:50:02.822617|[g:1][CONSENSUS][PBFT]checkAndChangeView: Reach consensus,org_view=115,org_changeCycle=0,cur_changeCycle=0,to_view=116
info|2019-11-22 17:50:03.822398|[g:1][CONSENSUS][SEALER]++++++++++++++++ Generating seal on,blkNum=1,tx=0,nodeIdx=0,hash=0a709e40...
info|2019-11-22 17:50:03.854480|[g:1][CONSENSUS][PBFT]checkTimeout Succ,view=116,toView=117,nodeIdx=0,changeCycle=0,myNode=594c229d...,timecost=0.844
info|2019-11-22 17:50:03.863171|[g:1][CONSENSUS][PBFT]checkAndChangeView: Reach consensus,org_view=116,org_changeCycle=0,cur_changeCycle=0,to_view=117
info|2019-11-22 17:50:04.894805|[g:1][CONSENSUS]addRawPrepare,height=1,reqIdx=1,hash=513d00ea...
info|2019-11-22 17:50:04.898669|[g:1][CONSENSUS][PBFT]checkTimeout Succ,view=117,toView=118,nodeIdx=0,changeCycle=0,myNode=594c229d...,timecost=3.771
info|2019-11-22 17:50:04.900203|[g:1][CONSENSUS][PBFT]checkAndChangeView: Reach consensus,org_view=117,org_changeCycle=0,cur_changeCycle=0,to_view=118
info|2019-11-22 17:50:05.915926|[g:1][CONSENSUS]addRawPrepare,height=1,reqIdx=2,hash=ae526c1d...
info|2019-11-22 17:50:05.926776|[g:1][CONSENSUS][PBFT]checkTimeout Succ,view=118,toView=119,nodeIdx=0,changeCycle=0,myNode=594c229d...,timecost=4.935
info|2019-11-22 17:50:05.981850|[g:1][CONSENSUS][PBFT]checkAndChangeView: Reach consensus,org_view=118,org_changeCycle=0,cur_changeCycle=0,to_view=119
info|2019-11-22 17:50:06.984329|[g:1][CONSENSUS]addRawPrepare,height=1,reqIdx=3,hash=2339c497...
info|2019-11-22 17:50:06.996701|[g:1][CONSENSUS][PBFT]checkTimeout Succ,view=119,toView=120,nodeIdx=0,changeCycle=0,myNode=594c229d...,timecost=12.049
info|2019-11-22 17:50:07.014752|[g:1][CONSENSUS][PBFT]checkAndChangeView: Reach consensus,org_view=119,org_changeCycle=0,cur_changeCycle=0,to_view=120
info|2019-11-22 17:50:08.019014|[g:1][CONSENSUS][SEALER]++++++++++++++++ Generating seal on,blkNum=1,tx=0,nodeIdx=0,hash=0793fc10...
info|2019-11-22 17:50:08.056786|[g:1][CONSENSUS][PBFT]checkTimeout Succ,view=120,toView=121,nodeIdx=0,changeCycle=0,myNode=594c229d...,timecost=0.702
info|2019-11-22 17:50:08.075387|[g:1][CONSENSUS][PBFT]checkAndChangeView: Reach consensus,org_view=120,org_changeCycle=0,cur_changeCycle=0,to_view=121
info|2019-11-22 17:50:09.087706|[g:1][CONSENSUS]addRawPrepare,height=1,reqIdx=1,hash=2e065ba7...
info|2019-11-22 17:50:09.091444|[g:1][CONSENSUS][PBFT]checkTimeout Succ,view=121,toView=122,nodeIdx=0,changeCycle=0,myNode=594c229d...,timecost=3.507
info|2019-11-22 17:50:09.092722|[g:1][CONSENSUS][PBFT]checkAndChangeView: Reach consensus,org_view=121,org_changeCycle=0,cur_changeCycle=0,to_view=122
info|2019-11-22 17:50:10.125908|[g:1][CONSENSUS]addRawPrepare,height=1,reqIdx=2,hash=ea948bae...
info|2019-11-22 17:50:10.162560|[g:1][CONSENSUS][PBFT]checkTimeout Succ,view=122,toView=123,nodeIdx=0,changeCycle=0,myNode=594c229d...,timecost=27.299
info|2019-11-22 17:50:10.165357|[g:1][CONSENSUS][PBFT]checkAndChangeView: Reach consensus,org_view=122,org_changeCycle=0,cur_changeCycle=0,to_view=123
info|2019-11-22 17:50:11.167736|[g:1][CONSENSUS]addRawPrepare,height=1,reqIdx=3,hash=1ade8b05...
info|2019-11-22 17:50:11.168414|[g:1][CONSENSUS][PBFT]checkTimeout Succ,view=123,toView=124,nodeIdx=0,changeCycle=0,myNode=594c229d...,timecost=0.501
info|2019-11-22 17:50:11.190806|[g:1][CONSENSUS][PBFT]checkAndChangeView: Reach consensus,org_view=123,org_changeCycle=0,cur_changeCycle=0,to_view=124
info|2019-11-22 17:50:12.201526|[g:1][CONSENSUS][SEALER]++++++++++++++++ Generating seal on,blkNum=1,tx=0,nodeIdx=0,hash=7c1c2c2e...
info|2019-11-22 17:50:12.226323|[g:1][CONSENSUS][PBFT]checkTimeout Succ,view=124,toView=125,nodeIdx=0,changeCycle=0,myNode=594c229d...,timecost=0.439
info|2019-11-22 17:50:12.229390|[g:1][CONSENSUS][PBFT]checkAndChangeView: Reach consensus,org_view=124,org_changeCycle=0,cur_changeCycle=0,to_view=125
info|2019-11-22 17:50:12.358288|[P2P][Service] heartBeat,connected count=3
info|2019-11-22 17:50:13.227778|[g:1][CONSENSUS]addRawPrepare,height=1,reqIdx=1,hash=8dc66139...
info|2019-11-22 17:50:13.228139|[g:1][CONSENSUS][PBFT]checkTimeout Succ,view=125,toView=126,nodeIdx=0,changeCycle=0,myNode=594c229d...,timecost=0.33
info|2019-11-22 17:50:13.232323|[g:1][CONSENSUS][PBFT]checkAndChangeView: Reach consensus,org_view=125,org_changeCycle=0,cur_changeCycle=0,to_view=126
info|2019-11-22 17:50:14.236712|[g:1][CONSENSUS]addRawPrepare,height=1,reqIdx=2,hash=68fdfeeb...
info|2019-11-22 17:50:14.237144|[g:1][CONSENSUS][PBFT]checkTimeout Succ,view=126,toView=127,nodeIdx=0,changeCycle=0,myNode=594c229d...,timecost=7.126
info|2019-11-22 17:50:14.256318|[g:1][CONSENSUS][PBFT]checkAndChangeView: Reach consensus,org_view=126,org_changeCycle=0,cur_changeCycle=0,to_view=127
info|2019-11-22 17:50:15.278026|[g:1][CONSENSUS]addRawPrepare,height=1,reqIdx=3,hash=47ef0869...
info|2019-11-22 17:50:15.307442|[g:1][CONSENSUS][PBFT]checkTimeout Succ,view=127,toView=128,nodeIdx=0,changeCycle=0,myNode=594c229d...,timecost=14.962
info|2019-11-22 17:50:15.358033|[g:1][CONSENSUS][PBFT]checkAndChangeView: Reach consensus,org_view=127,org_changeCycle=0,cur_changeCycle=0,to_view=128
info|2019-11-22 17:50:16.360734|[g:1][CONSENSUS][SEALER]++++++++++++++++ Generating seal on,blkNum=1,tx=0,nodeIdx=0,hash=43e69738...
info|2019-11-22 17:50:16.370370|[g:1][CONSENSUS][PBFT]checkTimeout Succ,view=128,toView=129,nodeIdx=0,changeCycle=0,myNode=594c229d...,timecost=0.281
info|2019-11-22 17:50:16.371390|[g:1][CONSENSUS][PBFT]checkAndChangeView: Reach consensus,org_view=128,org_changeCycle=0,cur_changeCycle=0,to_view=129
info|2019-11-22 17:50:17.372381|[g:1][CONSENSUS]addRawPrepare,height=1,reqIdx=1,hash=70b3374b...
info|2019-11-22 17:50:17.378155|[g:1][CONSENSUS][PBFT]checkTimeout Succ,view=129,toView=130,nodeIdx=0,changeCycle=0,myNode=594c229d...,timecost=5.727
info|2019-11-22 17:50:17.379156|[g:1][CONSENSUS][PBFT]checkAndChangeView: Reach consensus,org_view=129,org_changeCycle=0,cur_changeCycle=0,to_view=130
info|2019-11-22 17:50:18.388464|[g:1][CONSENSUS]addRawPrepare,height=1,reqIdx=2,hash=43e1f592...
info|2019-11-22 17:50:18.388755|[g:1][CONSENSUS][PBFT]checkTimeout Succ,view=130,toView=131,nodeIdx=0,changeCycle=0,myNode=594c229d...,timecost=0.265
info|2019-11-22 17:50:18.390447|[g:1][CONSENSUS][PBFT]checkAndChangeView: Reach consensus,org_view=130,org_changeCycle=0,cur_changeCycle=0,to_view=131
info|2019-11-22 17:50:19.391163|[g:1][CONSENSUS]addRawPrepare,height=1,reqIdx=3,hash=133014cd...
info|2019-11-22 17:50:19.391485|[g:1][CONSENSUS][PBFT]checkTimeout Succ,view=131,toView=132,nodeIdx=0,changeCycle=0,myNode=594c229d...,timecost=0.208
info|2019-11-22 17:50:19.400990|[g:1][CONSENSUS][PBFT]checkAndChangeView: Reach consensus,org_view=131,org_changeCycle=0,cur_changeCycle=0,to_view=132
info|2019-11-22 17:50:20.401987|[g:1][CONSENSUS][SEALER]++++++++++++++++ Generating seal on,blkNum=1,tx=0,nodeIdx=0,hash=2d88694a...
info|2019-11-22 17:50:20.417961|[g:1][CONSENSUS][PBFT]checkTimeout Succ,view=132,toView=133,nodeIdx=0,changeCycle=0,myNode=594c229d...,timecost=0.278
info|2019-11-22 17:50:20.418852|[g:1][CONSENSUS][PBFT]checkAndChangeView: Reach consensus,org_view=132,org_changeCycle=0,cur_changeCycle=0,to_view=133
info|2019-11-22 17:50:21.422605|[g:1][CONSENSUS]addRawPrepare,height=1,reqIdx=1,hash=59922c7d...
info|2019-11-22 17:50:21.422912|[g:1][CONSENSUS][PBFT]checkTimeout Succ,view=133,toView=134,nodeIdx=0,changeCycle=0,myNode=594c229d...,timecost=0.238
info|2019-11-22 17:50:21.427832|[g:1][CONSENSUS][PBFT]checkAndChangeView: Reach consensus,org_view=133,org_changeCycle=0,cur_changeCycle=0,to_view=134
info|2019-11-22 17:50:22.358357|[P2P][Service] heartBeat,connected count=3
info|2019-11-22 17:50:22.427703|[g:1][CONSENSUS]addRawPrepare,height=1,reqIdx=2,hash=641305b6...
info|2019-11-22 17:50:22.427946|[g:1][CONSENSUS][PBFT]checkTimeout Succ,view=134,toView=135,nodeIdx=0,changeCycle=0,myNode=594c229d...,timecost=0.215
info|2019-11-22 17:50:22.431691|[g:1][CONSENSUS][PBFT]checkAndChangeView: Reach consensus,org_view=134,org_changeCycle=0,cur_changeCycle=0,to_view=135
info|2019-11-22 17:50:23.433432|[g:1][CONSENSUS]addRawPrepare,height=1,reqIdx=3,hash=a34de325...
info|2019-11-22 17:50:23.433950|[g:1][CONSENSUS][PBFT]checkTimeout Succ,view=135,toView=136,nodeIdx=0,changeCycle=0,myNode=594c229d...,timecost=0.315
info|2019-11-22 17:50:23.440856|[g:1][CONSENSUS][PBFT]checkAndChangeView: Reach consensus,org_view=135,org_changeCycle=0,cur_changeCycle=0,to_view=136
info|2019-11-22 17:50:25.038169|[g:1][CONSENSUS][SEALER]++++++++++++++++ Generating seal on,blkNum=1,tx=0,nodeIdx=0,hash=a3758e9b...
info|2019-11-22 17:50:25.236516|[g:1][CONSENSUS][PBFT]checkTimeout Succ,view=136,toView=137,nodeIdx=0,changeCycle=0,myNode=594c229d...,timecost=4.108
info|2019-11-22 17:50:25.411924|[g:1][CONSENSUS][PBFT]checkAndChangeView: Reach consensus,org_view=136,org_changeCycle=0,cur_changeCycle=0,to_view=137
info|2019-11-22 17:50:26.235718|[g:1][CONSENSUS]addRawPrepare,height=1,reqIdx=1,hash=14f9bc6e...
info|2019-11-22 17:50:26.236068|[g:1][CONSENSUS][PBFT]checkTimeout Succ,view=137,toView=138,nodeIdx=0,changeCycle=0,myNode=594c229d...,timecost=0.314
info|2019-11-22 17:50:26.242410|[g:1][CONSENSUS][PBFT]checkAndChangeView: Reach consensus,org_view=137,org_changeCycle=0,cur_changeCycle=0,to_view=138
info|2019-11-22 17:50:27.248271|[g:1][CONSENSUS]addRawPrepare,height=1,reqIdx=2,hash=8e686fff...
info|2019-11-22 17:50:27.248655|[g:1][CONSENSUS][PBFT]checkTimeout Succ,view=138,toView=139,nodeIdx=0,changeCycle=0,myNode=594c229d...,timecost=0.343
info|2019-11-22 17:50:27.251457|[g:1][CONSENSUS][PBFT]checkAndChangeView: Reach consensus,org_view=138,org_changeCycle=0,cur_changeCycle=0,to_view=139
info|2019-11-22 17:50:28.255963|[g:1][CONSENSUS]addRawPrepare,height=1,reqIdx=3,hash=3344ac85...
info|2019-11-22 17:50:28.256468|[g:1][CONSENSUS][PBFT]checkTimeout Succ,view=139,toView=140,nodeIdx=0,changeCycle=0,myNode=594c229d...,timecost=0.383
info|2019-11-22 17:50:28.263832|[g:1][CONSENSUS][PBFT]checkAndChangeView: Reach consensus,org_view=139,org_changeCycle=0,cur_changeCycle=0,to_view=140
info|2019-11-22 17:50:29.264334|[g:1][CONSENSUS][SEALER]++++++++++++++++ Generating seal on,blkNum=1,tx=0,nodeIdx=0,hash=d8dcb3b2...
info|2019-11-22 17:50:29.276450|[g:1][CONSENSUS][PBFT]checkTimeout Succ,view=140,toView=141,nodeIdx=0,changeCycle=0,myNode=594c229d...,timecost=0.352
info|2019-11-22 17:50:29.278125|[g:1][CONSENSUS][PBFT]checkAndChangeView: Reach consensus,org_view=140,org_changeCycle=0,cur_changeCycle=0,to_view=141
info|2019-11-22 17:50:30.276811|[g:1][CONSENSUS]addRawPrepare,height=1,reqIdx=1,hash=b09e394f...
info|2019-11-22 17:50:30.277166|[g:1][CONSENSUS][PBFT]checkTimeout Succ,view=141,toView=142,nodeIdx=0,changeCycle=0,myNode=594c229d...,timecost=0.315
info|2019-11-22 17:50:30.281608|[g:1][CONSENSUS][PBFT]checkAndChangeView: Reach consensus,org_view=141,org_changeCycle=0,cur_changeCycle=0,to_view=142
info|2019-11-22 17:50:31.284310|[g:1][CONSENSUS]addRawPrepare,height=1,reqIdx=2,hash=d38ce341...
info|2019-11-22 17:50:31.284594|[g:1][CONSENSUS][PBFT]checkTimeout Succ,view=142,toView=143,nodeIdx=0,changeCycle=0,myNode=594c229d...,timecost=0.259
info|2019-11-22 17:50:31.287814|[g:1][CONSENSUS][PBFT]checkAndChangeView: Reach consensus,org_view=142,org_changeCycle=0,cur_changeCycle=0,to_view=143
info|2019-11-22 17:50:32.288918|[g:1][CONSENSUS]addRawPrepare,height=1,reqIdx=3,hash=2e47b2f3...
info|2019-11-22 17:50:32.289210|[g:1][CONSENSUS][PBFT]checkTimeout Succ,view=143,toView=144,nodeIdx=0,changeCycle=0,myNode=594c229d...,timecost=0.206
info|2019-11-22 17:50:32.293209|[g:1][CONSENSUS][PBFT]checkAndChangeView: Reach consensus,org_view=143,org_changeCycle=0,cur_changeCycle=0,to_view=144
info|2019-11-22 17:50:32.358438|[P2P][Service] heartBeat,connected count=3
info|2019-11-22 17:50:33.296476|[g:1][CONSENSUS][SEALER]++++++++++++++++ Generating seal on,blkNum=1,tx=0,nodeIdx=0,hash=2cf2ac55...
info|2019-11-22 17:50:33.308143|[g:1][CONSENSUS][PBFT]checkTimeout Succ,view=144,toView=145,nodeIdx=0,changeCycle=0,myNode=594c229d...,timecost=0.227
info|2019-11-22 17:50:33.309216|[g:1][CONSENSUS][PBFT]checkAndChangeView: Reach consensus,org_view=144,org_changeCycle=0,cur_changeCycle=0,to_view=145
info|2019-11-22 17:50:34.310911|[g:1][CONSENSUS]addRawPrepare,height=1,reqIdx=1,hash=970a5bf4...
info|2019-11-22 17:50:34.311271|[g:1][CONSENSUS][PBFT]checkTimeout Succ,view=145,toView=146,nodeIdx=0,changeCycle=0,myNode=594c229d...,timecost=0.324
info|2019-11-22 17:50:34.315576|[g:1][CONSENSUS][PBFT]checkAndChangeView: Reach consensus,org_view=145,org_changeCycle=0,cur_changeCycle=0,to_view=146
info|2019-11-22 17:50:35.318392|[g:1][CONSENSUS]addRawPrepare,height=1,reqIdx=2,hash=01371e7c...
info|2019-11-22 17:50:35.318683|[g:1][CONSENSUS][PBFT]checkTimeout Succ,view=146,toView=147,nodeIdx=0,changeCycle=0,myNode=594c229d...,timecost=0.267
info|2019-11-22 17:50:35.325400|[g:1][CONSENSUS][PBFT]checkAndChangeView: Reach consensus,org_view=146,org_changeCycle=0,cur_changeCycle=0,to_view=147
info|2019-11-22 17:50:36.326329|[g:1][CONSENSUS]addRawPrepare,height=1,reqIdx=3,hash=bb361a93...
info|2019-11-22 17:50:36.326756|[g:1][CONSENSUS][PBFT]checkTimeout Succ,view=147,toView=148,nodeIdx=0,changeCycle=0,myNode=594c229d...,timecost=0.306
info|2019-11-22 17:50:36.334027|[g:1][CONSENSUS][PBFT]checkAndChangeView: Reach consensus,org_view=147,org_changeCycle=0,cur_changeCycle=0,to_view=148
info|2019-11-22 17:50:37.335407|[g:1][CONSENSUS][SEALER]++++++++++++++++ Generating seal on,blkNum=1,tx=0,nodeIdx=0,hash=02cb4096...
info|2019-11-22 17:50:37.343130|[g:1][CONSENSUS][PBFT]checkTimeout Succ,view=148,toView=149,nodeIdx=0,changeCycle=0,myNode=594c229d...,timecost=0.363
info|2019-11-22 17:50:37.344671|[g:1][CONSENSUS][PBFT]checkAndChangeView: Reach consensus,org_view=148,org_changeCycle=0,cur_changeCycle=0,to_view=149
info|2019-11-22 17:50:38.343439|[g:1][CONSENSUS]addRawPrepare,height=1,reqIdx=1,hash=b673cff3...
info|2019-11-22 17:50:38.343690|[g:1][CONSENSUS][PBFT]checkTimeout Succ,view=149,toView=150,nodeIdx=0,changeCycle=0,myNode=594c229d...,timecost=0.213
info|2019-11-22 17:50:38.346444|[g:1][CONSENSUS][PBFT]checkAndChangeView: Reach consensus,org_view=149,org_changeCycle=0,cur_changeCycle=0,to_view=150
info|2019-11-22 17:50:39.350859|[g:1][CONSENSUS]addRawPrepare,height=1,reqIdx=2,hash=065dd0c4...
info|2019-11-22 17:50:39.351089|[g:1][CONSENSUS][PBFT]checkTimeout Succ,view=150,toView=151,nodeIdx=0,changeCycle=0,myNode=594c229d...,timecost=0.202
info|2019-11-22 17:50:39.353912|[g:1][CONSENSUS][PBFT]checkAndChangeView: Reach consensus,org_view=150,org_changeCycle=0,cur_changeCycle=0,to_view=151
info|2019-11-22 17:50:40.356711|[g:1][CONSENSUS]addRawPrepare,height=1,reqIdx=3,hash=f13c20d6...
info|2019-11-22 17:50:40.357051|[g:1][CONSENSUS][PBFT]checkTimeout Succ,view=151,toView=152,nodeIdx=0,changeCycle=0,myNode=594c229d...,timecost=0.237
info|2019-11-22 17:50:40.361578|[g:1][CONSENSUS][PBFT]checkAndChangeView: Reach consensus,org_view=151,org_changeCycle=0,cur_changeCycle=0,to_view=152
info|2019-11-22 17:50:41.362023|[g:1][CONSENSUS][SEALER]++++++++++++++++ Generating seal on,blkNum=1,tx=0,nodeIdx=0,hash=19bfc83a...
info|2019-11-22 17:50:41.369228|[g:1][CONSENSUS][PBFT]checkTimeout Succ,view=152,toView=153,nodeIdx=0,changeCycle=0,myNode=594c229d...,timecost=0.255
info|2019-11-22 17:50:41.370303|[g:1][CONSENSUS][PBFT]checkAndChangeView: Reach consensus,org_view=152,org_changeCycle=0,cur_changeCycle=0,to_view=153
info|2019-11-22 17:50:42.358496|[P2P][Service] heartBeat,connected count=3
info|2019-11-22 17:50:42.373707|[g:1][CONSENSUS]addRawPrepare,height=1,reqIdx=1,hash=b2bc7502...
info|2019-11-22 17:50:42.374089|[g:1][CONSENSUS][PBFT]checkTimeout Succ,view=153,toView=154,nodeIdx=0,changeCycle=0,myNode=594c229d...,timecost=0.327
info|2019-11-22 17:50:42.379071|[g:1][CONSENSUS][PBFT]checkAndChangeView: Reach consensus,org_view=153,org_changeCycle=0,cur_changeCycle=0,to_view=154
info|2019-11-22 17:50:43.380197|[g:1][CONSENSUS]addRawPrepare,height=1,reqIdx=2,hash=65da6bbf...
info|2019-11-22 17:50:43.380467|[g:1][CONSENSUS][PBFT]checkTimeout Succ,view=154,toView=155,nodeIdx=0,changeCycle=0,myNode=594c229d...,timecost=0.246
info|2019-11-22 17:50:43.382371|[g:1][CONSENSUS][PBFT]checkAndChangeView: Reach consensus,org_view=154,org_changeCycle=0,cur_changeCycle=0,to_view=155
info|2019-11-22 17:50:44.383948|[g:1][CONSENSUS]addRawPrepare,height=1,reqIdx=3,hash=153c90f2...
info|2019-11-22 17:50:44.384220|[g:1][CONSENSUS][PBFT]checkTimeout Succ,view=155,toView=156,nodeIdx=0,changeCycle=0,myNode=594c229d...,timecost=0.2
info|2019-11-22 17:50:44.387508|[g:1][CONSENSUS][PBFT]checkAndChangeView: Reach consensus,org_view=155,org_changeCycle=0,cur_changeCycle=0,to_view=156
info|2019-11-22 17:50:45.388257|[g:1][CONSENSUS][SEALER]++++++++++++++++ Generating seal on,blkNum=1,tx=0,nodeIdx=0,hash=4a564f3e...
info|2019-11-22 17:50:45.395691|[g:1][CONSENSUS][PBFT]checkTimeout Succ,view=156,toView=157,nodeIdx=0,changeCycle=0,myNode=594c229d...,timecost=0.297
info|2019-11-22 17:50:45.396750|[g:1][CONSENSUS][PBFT]checkAndChangeView: Reach consensus,org_view=156,org_changeCycle=0,cur_changeCycle=0,to_view=157
info|2019-11-22 17:50:46.397075|[g:1][CONSENSUS]addRawPrepare,height=1,reqIdx=1,hash=01dfd56c...
info|2019-11-22 17:50:46.397317|[g:1][CONSENSUS][PBFT]checkTimeout Succ,view=157,toView=158,nodeIdx=0,changeCycle=0,myNode=594c229d...,timecost=0.213
info|2019-11-22 17:50:46.399303|[g:1][CONSENSUS][PBFT]checkAndChangeView: Reach consensus,org_view=157,org_changeCycle=0,cur_changeCycle=0,to_view=158
info|2019-11-22 17:50:47.403286|[g:1][CONSENSUS]addRawPrepare,height=1,reqIdx=2,hash=327afb28...
info|2019-11-22 17:50:47.403525|[g:1][CONSENSUS][PBFT]checkTimeout Succ,view=158,toView=159,nodeIdx=0,changeCycle=0,myNode=594c229d...,timecost=0.208
info|2019-11-22 17:50:47.407862|[g:1][CONSENSUS][PBFT]checkAndChangeView: Reach consensus,org_view=158,org_changeCycle=0,cur_changeCycle=0,to_view=159
info|2019-11-22 17:50:48.410108|[g:1][CONSENSUS]addRawPrepare,height=1,reqIdx=3,hash=cd226889...
info|2019-11-22 17:50:48.410391|[g:1][CONSENSUS][PBFT]checkTimeout Succ,view=159,toView=160,nodeIdx=0,changeCycle=0,myNode=594c229d...,timecost=0.204
info|2019-11-22 17:50:48.414501|[g:1][CONSENSUS][PBFT]checkAndChangeView: Reach consensus,org_view=159,org_changeCycle=0,cur_changeCycle=0,to_view=160
info|2019-11-22 17:50:49.417305|[g:1][CONSENSUS][SEALER]++++++++++++++++ Generating seal on,blkNum=1,tx=0,nodeIdx=0,hash=3d41db9c...
info|2019-11-22 17:50:49.427018|[g:1][CONSENSUS][PBFT]checkTimeout Succ,view=160,toView=161,nodeIdx=0,changeCycle=0,myNode=594c229d...,timecost=0.221
info|2019-11-22 17:50:49.428030|[g:1][CONSENSUS][PBFT]checkAndChangeView: Reach consensus,org_view=160,org_changeCycle=0,cur_changeCycle=0,to_view=161
info|2019-11-22 17:50:50.428044|[g:1][CONSENSUS]addRawPrepare,height=1,reqIdx=1,hash=7b13c076...
info|2019-11-22 17:50:50.428450|[g:1][CONSENSUS][PBFT]checkTimeout Succ,view=161,toView=162,nodeIdx=0,changeCycle=0,myNode=594c229d...,timecost=0.355
info|2019-11-22 17:50:50.439524|[g:1][CONSENSUS][PBFT]checkAndChangeView: Reach consensus,org_view=161,org_changeCycle=0,cur_changeCycle=0,to_view=162
info|2019-11-22 17:50:51.445702|[g:1][CONSENSUS]addRawPrepare,height=1,reqIdx=2,hash=45fbd863...
info|2019-11-22 17:50:51.445937|[g:1][CONSENSUS][PBFT]checkTimeout Succ,view=162,toView=163,nodeIdx=0,changeCycle=0,myNode=594c229d...,timecost=0.209
info|2019-11-22 17:50:51.448226|[g:1][CONSENSUS][PBFT]checkAndChangeView: Reach consensus,org_view=162,org_changeCycle=0,cur_changeCycle=0,to_view=163
info|2019-11-22 17:50:52.358564|[P2P][Service] heartBeat,connected count=3
info|2019-11-22 17:50:52.449301|[g:1][CONSENSUS]addRawPrepare,height=1,reqIdx=3,hash=972c8c7c...
info|2019-11-22 17:50:52.449646|[g:1][CONSENSUS][PBFT]checkTimeout Succ,view=163,toView=164,nodeIdx=0,changeCycle=0,myNode=594c229d...,timecost=0.219
info|2019-11-22 17:50:52.454177|[g:1][CONSENSUS][PBFT]checkAndChangeView: Reach consensus,org_view=163,org_changeCycle=0,cur_changeCycle=0,to_view=164
info|2019-11-22 17:50:53.455369|[g:1][CONSENSUS][SEALER]++++++++++++++++ Generating seal on,blkNum=1,tx=0,nodeIdx=0,hash=a169e36b...
info|2019-11-22 17:50:53.463234|[g:1][CONSENSUS][PBFT]checkTimeout Succ,view=164,toView=165,nodeIdx=0,changeCycle=0,myNode=594c229d...,timecost=0.221
info|2019-11-22 17:50:53.464340|[g:1][CONSENSUS][PBFT]checkAndChangeView: Reach consensus,org_view=164,org_changeCycle=0,cur_changeCycle=0,to_view=165
info|2019-11-22 17:50:54.463848|[g:1][CONSENSUS]addRawPrepare,height=1,reqIdx=1,hash=29680493...
info|2019-11-22 17:50:54.464174|[g:1][CONSENSUS][PBFT]checkTimeout Succ,view=165,toView=166,nodeIdx=0,changeCycle=0,myNode=594c229d...,timecost=0.302
info|2019-11-22 17:50:54.466275|[g:1][CONSENSUS][PBFT]checkAndChangeView: Reach consensus,org_view=165,org_changeCycle=0,cur_changeCycle=0,to_view=166
info|2019-11-22 17:50:55.471185|[g:1][CONSENSUS]addRawPrepare,height=1,reqIdx=2,hash=0b80d47b...
info|2019-11-22 17:50:55.471446|[g:1][CONSENSUS][PBFT]checkTimeout Succ,view=166,toView=167,nodeIdx=0,changeCycle=0,myNode=594c229d...,timecost=0.238
info|2019-11-22 17:50:55.472993|[g:1][CONSENSUS][PBFT]checkAndChangeView: Reach consensus,org_view=166,org_changeCycle=0,cur_changeCycle=0,to_view=167
info|2019-11-22 17:50:56.474583|[g:1][CONSENSUS]addRawPrepare,height=1,reqIdx=3,hash=0d55d096...
info|2019-11-22 17:50:56.474932|[g:1][CONSENSUS][PBFT]checkTimeout Succ,view=167,toView=168,nodeIdx=0,changeCycle=0,myNode=594c229d...,timecost=0.221
info|2019-11-22 17:50:56.478057|[g:1][CONSENSUS][PBFT]checkAndChangeView: Reach consensus,org_view=167,org_changeCycle=0,cur_changeCycle=0,to_view=168
info|2019-11-22 17:50:57.483593|[g:1][CONSENSUS][SEALER]++++++++++++++++ Generating seal on,blkNum=1,tx=0,nodeIdx=0,hash=eaaf7417...
info|2019-11-22 17:50:57.490592|[g:1][CONSENSUS][PBFT]checkTimeout Succ,view=168,toView=169,nodeIdx=0,changeCycle=0,myNode=594c229d...,timecost=0.231
info|2019-11-22 17:50:57.491661|[g:1][CONSENSUS][PBFT]checkAndChangeView: Reach consensus,org_view=168,org_changeCycle=0,cur_changeCycle=0,to_view=169
info|2019-11-22 17:50:58.491928|[g:1][CONSENSUS]addRawPrepare,height=1,reqIdx=1,hash=2c70c9a9...
info|2019-11-22 17:50:58.492164|[g:1][CONSENSUS][PBFT]checkTimeout Succ,view=169,toView=170,nodeIdx=0,changeCycle=0,myNode=594c229d...,timecost=0.21
info|2019-11-22 17:50:58.494780|[g:1][CONSENSUS][PBFT]checkAndChangeView: Reach consensus,org_view=169,org_changeCycle=0,cur_changeCycle=0,to_view=170
info|2019-11-22 17:50:59.497542|[g:1][CONSENSUS]addRawPrepare,height=1,reqIdx=2,hash=9fdadf7f...
info|2019-11-22 17:50:59.497802|[g:1][CONSENSUS][PBFT]checkTimeout Succ,view=170,toView=171,nodeIdx=0,changeCycle=0,myNode=594c229d...,timecost=0.203
info|2019-11-22 17:50:59.500524|[g:1][CONSENSUS][PBFT]checkAndChangeView: Reach consensus,org_view=170,org_changeCycle=0,cur_changeCycle=0,to_view=171
info|2019-11-22 17:51:00.501431|[g:1][CONSENSUS]addRawPrepare,height=1,reqIdx=3,hash=051f6410...
info|2019-11-22 17:51:00.501766|[g:1][CONSENSUS][PBFT]checkTimeout Succ,view=171,toView=172,nodeIdx=0,changeCycle=0,myNode=594c229d...,timecost=0.258
info|2019-11-22 17:51:00.505763|[g:1][CONSENSUS][PBFT]checkAndChangeView: Reach consensus,org_view=171,org_changeCycle=0,cur_changeCycle=0,to_view=172
info|2019-11-22 17:51:01.506434|[g:1][CONSENSUS][SEALER]++++++++++++++++ Generating seal on,blkNum=1,tx=0,nodeIdx=0,hash=5c7fce31...
info|2019-11-22 17:51:01.516096|[g:1][CONSENSUS][PBFT]checkTimeout Succ,view=172,toView=173,nodeIdx=0,changeCycle=0,myNode=594c229d...,timecost=0.272
info|2019-11-22 17:51:01.517171|[g:1][CONSENSUS][PBFT]checkAndChangeView: Reach consensus,org_view=172,org_changeCycle=0,cur_changeCycle=0,to_view=173
info|2019-11-22 17:51:02.358645|[P2P][Service] heartBeat,connected count=3
info|2019-11-22 17:51:02.518133|[g:1][CONSENSUS]addRawPrepare,height=1,reqIdx=1,hash=d65e5662...
info|2019-11-22 17:51:02.518369|[g:1][CONSENSUS][PBFT]checkTimeout Succ,view=173,toView=174,nodeIdx=0,changeCycle=0,myNode=594c229d...,timecost=0.211
info|2019-11-22 17:51:02.521652|[g:1][CONSENSUS][PBFT]checkAndChangeView: Reach consensus,org_view=173,org_changeCycle=0,cur_changeCycle=0,to_view=174
info|2019-11-22 17:51:03.525424|[g:1][CONSENSUS]addRawPrepare,height=1,reqIdx=2,hash=699cf64b...
info|2019-11-22 17:51:03.525862|[g:1][CONSENSUS][PBFT]checkTimeout Succ,view=174,toView=175,nodeIdx=0,changeCycle=0,myNode=594c229d...,timecost=0.398
info|2019-11-22 17:51:03.529030|[g:1][CONSENSUS][PBFT]checkAndChangeView: Reach consensus,org_view=174,org_changeCycle=0,cur_changeCycle=0,to_view=175
info|2019-11-22 17:51:04.533217|[g:1][CONSENSUS]addRawPrepare,height=1,reqIdx=3,hash=5c5947d2...
info|2019-11-22 17:51:04.533712|[g:1][CONSENSUS][PBFT]checkTimeout Succ,view=175,toView=176,nodeIdx=0,changeCycle=0,myNode=594c229d...,timecost=0.369
info|2019-11-22 17:51:04.541052|[g:1][CONSENSUS][PBFT]checkAndChangeView: Reach consensus,org_view=175,org_changeCycle=0,cur_changeCycle=0,to_view=176
info|2019-11-22 17:51:05.542020|[g:1][CONSENSUS][SEALER]++++++++++++++++ Generating seal on,blkNum=1,tx=0,nodeIdx=0,hash=88560a1f...
info|2019-11-22 17:51:05.550394|[g:1][CONSENSUS][PBFT]checkTimeout Succ,view=176,toView=177,nodeIdx=0,changeCycle=0,myNode=594c229d...,timecost=0.222
info|2019-11-22 17:51:05.551483|[g:1][CONSENSUS][PBFT]checkAndChangeView: Reach consensus,org_view=176,org_changeCycle=0,cur_changeCycle=0,to_view=177
info|2019-11-22 17:51:06.552348|[g:1][CONSENSUS]addRawPrepare,height=1,reqIdx=1,hash=8ffc4ea0...
info|2019-11-22 17:51:06.552634|[g:1][CONSENSUS][PBFT]checkTimeout Succ,view=177,toView=178,nodeIdx=0,changeCycle=0,myNode=594c229d...,timecost=0.262
info|2019-11-22 17:51:06.555962|[g:1][CONSENSUS][PBFT]checkAndChangeView: Reach consensus,org_view=177,org_changeCycle=0,cur_changeCycle=0,to_view=178
info|2019-11-22 17:51:07.558946|[g:1][CONSENSUS]addRawPrepare,height=1,reqIdx=2,hash=f853c1a7...
info|2019-11-22 17:51:07.559202|[g:1][CONSENSUS][PBFT]checkTimeout Succ,view=178,toView=179,nodeIdx=0,changeCycle=0,myNode=594c229d...,timecost=0.228
info|2019-11-22 17:51:07.565575|[g:1][CONSENSUS][PBFT]checkAndChangeView: Reach consensus,org_view=178,org_changeCycle=0,cur_changeCycle=0,to_view=179
info|2019-11-22 17:51:08.571591|[g:1][CONSENSUS]addRawPrepare,height=1,reqIdx=3,hash=551ac75f...
info|2019-11-22 17:51:08.571880|[g:1][CONSENSUS][PBFT]checkTimeout Succ,view=179,toView=180,nodeIdx=0,changeCycle=0,myNode=594c229d...,timecost=0.203
info|2019-11-22 17:51:08.575938|[g:1][CONSENSUS][PBFT]checkAndChangeView: Reach consensus,org_view=179,org_changeCycle=0,cur_changeCycle=0,to_view=180
info|2019-11-22 17:51:09.576924|[g:1][CONSENSUS][SEALER]++++++++++++++++ Generating seal on,blkNum=1,tx=0,nodeIdx=0,hash=07824b7c...
info|2019-11-22 17:51:09.584119|[g:1][CONSENSUS][PBFT]checkTimeout Succ,view=180,toView=181,nodeIdx=0,changeCycle=0,myNode=594c229d...,timecost=0.218
info|2019-11-22 17:51:09.585182|[g:1][CONSENSUS][PBFT]checkAndChangeView: Reach consensus,org_view=180,org_changeCycle=0,cur_changeCycle=0,to_view=181
info|2019-11-22 17:51:10.585625|[g:1][CONSENSUS]addRawPrepare,height=1,reqIdx=1,hash=781b974a...
info|2019-11-22 17:51:10.586012|[g:1][CONSENSUS][PBFT]checkTimeout Succ,view=181,toView=182,nodeIdx=0,changeCycle=0,myNode=594c229d...,timecost=0.334
info|2019-11-22 17:51:10.590866|[g:1][CONSENSUS][PBFT]checkAndChangeView: Reach consensus,org_view=181,org_changeCycle=0,cur_changeCycle=0,to_view=182
info|2019-11-22 17:51:11.595722|[g:1][CONSENSUS]addRawPrepare,height=1,reqIdx=2,hash=b88a26a1...
info|2019-11-22 17:51:11.596052|[g:1][CONSENSUS][PBFT]checkTimeout Succ,view=182,toView=183,nodeIdx=0,changeCycle=0,myNode=594c229d...,timecost=0.308
info|2019-11-22 17:51:11.602028|[g:1][CONSENSUS][PBFT]checkAndChangeView: Reach consensus,org_view=182,org_changeCycle=0,cur_changeCycle=0,to_view=183
info|2019-11-22 17:51:12.358720|[P2P][Service] heartBeat,connected count=3
info|2019-11-22 17:51:12.608272|[g:1][CONSENSUS]addRawPrepare,height=1,reqIdx=3,hash=45fcf584...
info|2019-11-22 17:51:12.608552|[g:1][CONSENSUS][PBFT]checkTimeout Succ,view=183,toView=184,nodeIdx=0,changeCycle=0,myNode=594c229d...,timecost=0.202
info|2019-11-22 17:51:12.612382|[g:1][CONSENSUS][PBFT]checkAndChangeView: Reach consensus,org_view=183,org_changeCycle=0,cur_changeCycle=0,to_view=184
info|2019-11-22 17:51:13.613719|[g:1][CONSENSUS][SEALER]++++++++++++++++ Generating seal on,blkNum=1,tx=0,nodeIdx=0,hash=2a041a84...
info|2019-11-22 17:51:13.621147|[g:1][CONSENSUS][PBFT]checkTimeout Succ,view=184,toView=185,nodeIdx=0,changeCycle=0,myNode=594c229d...,timecost=0.235
info|2019-11-22 17:51:13.622234|[g:1][CONSENSUS][PBFT]checkAndChangeView: Reach consensus,org_view=184,org_changeCycle=0,cur_changeCycle=0,to_view=185
info|2019-11-22 17:51:14.621716|[g:1][CONSENSUS]addRawPrepare,height=1,reqIdx=1,hash=bd669af3...
info|2019-11-22 17:51:14.621959|[g:1][CONSENSUS][PBFT]checkTimeout Succ,view=185,toView=186,nodeIdx=0,changeCycle=0,myNode=594c229d...,timecost=0.214
info|2019-11-22 17:51:14.625607|[g:1][CONSENSUS][PBFT]checkAndChangeView: Reach consensus,org_view=185,org_changeCycle=0,cur_changeCycle=0,to_view=186
info|2019-11-22 17:51:15.630194|[g:1][CONSENSUS]addRawPrepare,height=1,reqIdx=2,hash=8238745a...
info|2019-11-22 17:51:15.630437|[g:1][CONSENSUS][PBFT]checkTimeout Succ,view=186,toView=187,nodeIdx=0,changeCycle=0,myNode=594c229d...,timecost=0.22
info|2019-11-22 17:51:15.632466|[g:1][CONSENSUS][PBFT]checkAndChangeView: Reach consensus,org_view=186,org_changeCycle=0,cur_changeCycle=0,to_view=187
info|2019-11-22 17:51:16.636715|[g:1][CONSENSUS]addRawPrepare,height=1,reqIdx=3,hash=081abb4a...
info|2019-11-22 17:51:16.637004|[g:1][CONSENSUS][PBFT]checkTimeout Succ,view=187,toView=188,nodeIdx=0,changeCycle=0,myNode=594c229d...,timecost=0.202
info|2019-11-22 17:51:16.642103|[g:1][CONSENSUS][PBFT]checkAndChangeView: Reach consensus,org_view=187,org_changeCycle=0,cur_changeCycle=0,to_view=188
info|2019-11-22 17:51:17.642783|[g:1][CONSENSUS][SEALER]++++++++++++++++ Generating seal on,blkNum=1,tx=0,nodeIdx=0,hash=2a1a2f0a...
info|2019-11-22 17:51:17.651075|[g:1][CONSENSUS][PBFT]checkTimeout Succ,view=188,toView=189,nodeIdx=0,changeCycle=0,myNode=594c229d...,timecost=0.218
info|2019-11-22 17:51:17.652159|[g:1][CONSENSUS][PBFT]checkAndChangeView: Reach consensus,org_view=188,org_changeCycle=0,cur_changeCycle=0,to_view=189
info|2019-11-22 17:51:18.653195|[g:1][CONSENSUS]addRawPrepare,height=1,reqIdx=1,hash=690d05f9...
info|2019-11-22 17:51:18.653465|[g:1][CONSENSUS][PBFT]checkTimeout Succ,view=189,toView=190,nodeIdx=0,changeCycle=0,myNode=594c229d...,timecost=0.243
info|2019-11-22 17:51:18.657076|[g:1][CONSENSUS][PBFT]checkAndChangeView: Reach consensus,org_view=189,org_changeCycle=0,cur_changeCycle=0,to_view=190
info|2019-11-22 17:51:19.660820|[g:1][CONSENSUS]addRawPrepare,height=1,reqIdx=2,hash=7fbb8cb7...
info|2019-11-22 17:51:19.661119|[g:1][CONSENSUS][PBFT]checkTimeout Succ,view=190,toView=191,nodeIdx=0,changeCycle=0,myNode=594c229d...,timecost=0.259
info|2019-11-22 17:51:19.663543|[g:1][CONSENSUS][PBFT]checkAndChangeView: Reach consensus,org_view=190,org_changeCycle=0,cur_changeCycle=0,to_view=191
info|2019-11-22 17:51:20.665051|[g:1][CONSENSUS]addRawPrepare,height=1,reqIdx=3,hash=cb6133a8...
info|2019-11-22 17:51:20.665343|[g:1][CONSENSUS][PBFT]checkTimeout Succ,view=191,toView=192,nodeIdx=0,changeCycle=0,myNode=594c229d...,timecost=0.209
info|2019-11-22 17:51:20.669091|[g:1][CONSENSUS][PBFT]checkAndChangeView: Reach consensus,org_view=191,org_changeCycle=0,cur_changeCycle=0,to_view=192
info|2019-11-22 17:51:21.671075|[g:1][CONSENSUS][SEALER]++++++++++++++++ Generating seal on,blkNum=1,tx=0,nodeIdx=0,hash=b6dd2330...
info|2019-11-22 17:51:21.680676|[g:1][CONSENSUS][PBFT]checkTimeout Succ,view=192,toView=193,nodeIdx=0,changeCycle=0,myNode=594c229d...,timecost=0.354
info|2019-11-22 17:51:21.682209|[g:1][CONSENSUS][PBFT]checkAndChangeView: Reach consensus,org_view=192,org_changeCycle=0,cur_changeCycle=0,to_view=193
info|2019-11-22 17:51:22.358885|[P2P][Service] heartBeat,connected count=3
info|2019-11-22 17:51:22.682798|[g:1][CONSENSUS]addRawPrepare,height=1,reqIdx=1,hash=21fc82f5...
info|2019-11-22 17:51:22.683168|[g:1][CONSENSUS][PBFT]checkTimeout Succ,view=193,toView=194,nodeIdx=0,changeCycle=0,myNode=594c229d...,timecost=0.288
info|2019-11-22 17:51:22.685189|[g:1][CONSENSUS][PBFT]checkAndChangeView: Reach consensus,org_view=193,org_changeCycle=0,cur_changeCycle=0,to_view=194
info|2019-11-22 17:51:23.690286|[g:1][CONSENSUS]addRawPrepare,height=1,reqIdx=2,hash=786b86cd...
info|2019-11-22 17:51:23.690663|[g:1][CONSENSUS][PBFT]checkTimeout Succ,view=194,toView=195,nodeIdx=0,changeCycle=0,myNode=594c229d...,timecost=0.332
info|2019-11-22 17:51:23.695782|[g:1][CONSENSUS][PBFT]checkAndChangeView: Reach consensus,org_view=194,org_changeCycle=0,cur_changeCycle=0,to_view=195
info|2019-11-22 17:51:24.697985|[g:1][CONSENSUS]addRawPrepare,height=1,reqIdx=3,hash=c98f75b7...
info|2019-11-22 17:51:24.698377|[g:1][CONSENSUS][PBFT]checkTimeout Succ,view=195,toView=196,nodeIdx=0,changeCycle=0,myNode=594c229d...,timecost=0.283
info|2019-11-22 17:51:24.704297|[g:1][CONSENSUS][PBFT]checkAndChangeView: Reach consensus,org_view=195,org_changeCycle=0,cur_changeCycle=0,to_view=196
info|2019-11-22 17:51:25.713053|[g:1][CONSENSUS][SEALER]++++++++++++++++ Generating seal on,blkNum=1,tx=0,nodeIdx=0,hash=26c15608...
info|2019-11-22 17:51:25.719849|[g:1][CONSENSUS][PBFT]checkTimeout Succ,view=196,toView=197,nodeIdx=0,changeCycle=0,myNode=594c229d...,timecost=0.224
info|2019-11-22 17:51:25.720962|[g:1][CONSENSUS][PBFT]checkAndChangeView: Reach consensus,org_view=196,org_changeCycle=0,cur_changeCycle=0,to_view=197
info|2019-11-22 17:51:26.722102|[g:1][CONSENSUS]addRawPrepare,height=1,reqIdx=1,hash=c5eb15ba...
info|2019-11-22 17:51:26.722506|[g:1][CONSENSUS][PBFT]checkTimeout Succ,view=197,toView=198,nodeIdx=0,changeCycle=0,myNode=594c229d...,timecost=0.319
info|2019-11-22 17:51:26.727605|[g:1][CONSENSUS][PBFT]checkAndChangeView: Reach consensus,org_view=197,org_changeCycle=0,cur_changeCycle=0,to_view=198
info|2019-11-22 17:51:27.731480|[g:1][CONSENSUS]addRawPrepare,height=1,reqIdx=2,hash=8c59007a...
info|2019-11-22 17:51:27.731887|[g:1][CONSENSUS][PBFT]checkTimeout Succ,view=198,toView=199,nodeIdx=0,changeCycle=0,myNode=594c229d...,timecost=0.347
info|2019-11-22 17:51:27.745190|[g:1][CONSENSUS][PBFT]checkAndChangeView: Reach consensus,org_view=198,org_changeCycle=0,cur_changeCycle=0,to_view=199
info|2019-11-22 17:51:28.742897|[g:1][CONSENSUS]addRawPrepare,height=1,reqIdx=3,hash=38080e21...
info|2019-11-22 17:51:28.743376|[g:1][CONSENSUS][PBFT]checkTimeout Succ,view=199,toView=200,nodeIdx=0,changeCycle=0,myNode=594c229d...,timecost=0.373
info|2019-11-22 17:51:28.749647|[g:1][CONSENSUS][PBFT]checkAndChangeView: Reach consensus,org_view=199,org_changeCycle=0,cur_changeCycle=0,to_view=200
info|2019-11-22 17:51:29.751045|[g:1][CONSENSUS][SEALER]++++++++++++++++ Generating seal on,blkNum=1,tx=0,nodeIdx=0,hash=92b37a5e...
info|2019-11-22 17:51:29.757783|[g:1][CONSENSUS][PBFT]checkTimeout Succ,view=200,toView=201,nodeIdx=0,changeCycle=0,myNode=594c229d...,timecost=0.223
info|2019-11-22 17:51:29.758976|[g:1][CONSENSUS][PBFT]checkAndChangeView: Reach consensus,org_view=200,org_changeCycle=0,cur_changeCycle=0,to_view=201
