info|2019-11-22 17:48:00.828405|[INITIALIZER][initGlobalConfig],enableCompress=true,compatibilityVersion=2.1.0,versionNumber=33619968,chainId=1
info|2019-11-22 17:48:02.317342|[NETWORK][Host]Connecting to node,endpoint=127.0.0.1:30300
info|2019-11-22 17:48:02.318650|[NETWORK][Host]P2P StartAccept,Host=0.0.0.0:30300
info|2019-11-22 17:48:02.351375|[NETWORK][Host]Connecting to node,endpoint=127.0.0.1:30301
info|2019-11-22 17:48:02.351719|[NETWORK][Host]Connecting to node,endpoint=127.0.0.1:30302
info|2019-11-22 17:48:02.353777|[NETWORK][Host]Connecting to node,endpoint=127.0.0.1:30303
info|2019-11-22 17:48:02.353852|[P2P][Service] heartBeat,connected count=0
info|2019-11-22 17:48:02.468786|[CHANNEL]ChannelRPCServer started
info|2019-11-22 17:48:02.468890|[INITIALIZER][RPCInitializer]ChannelRPCHttpServer started.
info|2019-11-22 17:48:02.468931|[LedgerInitializer],groupConfigPath=conf/
info|2019-11-22 17:48:02.495165|[INITIALIZER][initSingleLedger] [GroupId]:  1
info|2019-11-22 17:48:02.495299|[g:1][LEDGER]LedgerConstructor,configPath=conf/group.1.genesis,baseDir=data//group1
info|2019-11-22 17:48:02.495309|[g:1][LEDGER][initGenesisConfig]initConsensusConfig/initDBConfig/initTxConfig,configFile=conf/group.1.genesis
info|2019-11-22 17:48:02.495451|[g:1][LEDGER][initConsensusConfig],it.first=bca00155402b50a6581733343de45b05f6e4864834500298c23c8a35180bc250168d1cb2696e35bbb80c5f8227569deef736f4e0c92ea7020850261c5c51691f
info|2019-11-22 17:48:02.495476|[g:1][LEDGER][initConsensusConfig],it.first=756c09755da663ad493bdd30e36781f07f3af594d6f608f2b6ba733eb5e9a7eafb58eb29b224b8ff5b87c9c9ebe6602be72e2e079d46be1485b9fd8079cab62b
info|2019-11-22 17:48:02.495498|[g:1][LEDGER][initConsensusConfig],it.first=74c27806d97b68e801af45373b2ff4d0ca30d3bca852fe3aaa842c3a5a2744713eb7404274a0b53932c41cc2a587ad89d64de0ba635fc7fd93c9d6896a7c9b8a
info|2019-11-22 17:48:02.495544|[g:1][LEDGER][initConsensusConfig],it.first=594c229d2a1b2051cc49d9d5b28750ce4613002c882fb603784d8cb988e5274564a13288fcdc2243d7ca3765c8075631eeb136eaea61b9a580e5d5122bb8da1e
info|2019-11-22 17:48:02.495587|[g:1][LEDGER][initIniConfig]initTxPoolConfig/initSyncConfig/initTxExecuteConfig,configFile=conf/group.1.ini
info|2019-11-22 17:48:02.354697|[NETWORK][ASIO]asyncResolveConnect,endpoint=127.0.0.1:30300
info|2019-11-22 17:48:02.499508|[NETWORK][ASIO]asyncResolveConnect,endpoint=127.0.0.1:30301
info|2019-11-22 17:48:02.499880|[NETWORK][ASIO]asyncResolveConnect,endpoint=127.0.0.1:30302
info|2019-11-22 17:48:02.499938|[NETWORK][ASIO]asyncResolveConnect,endpoint=127.0.0.1:30303
info|2019-11-22 17:48:02.500080|[NETWORK][Host]P2P Recv Connect, From=127.0.0.1:56388
info|2019-11-22 17:48:02.500293|[NETWORK][Host]P2P StartAccept,Host=0.0.0.0:30300
info|2019-11-22 17:48:02.584269|[NETWORK][Host]P2P Recv Connect, From=127.0.0.1:56390
info|2019-11-22 17:48:02.589834|[NETWORK][Host]P2P StartAccept,Host=0.0.0.0:30300
info|2019-11-22 17:48:02.600742|[NETWORK][Host]P2P Recv Connect, From=127.0.0.1:56392
info|2019-11-22 17:48:02.602046|[NETWORK][Host]P2P StartAccept,Host=0.0.0.0:30300
info|2019-11-22 17:48:02.606481|[g:1][LEDGER][initLedger][DBInitializer]
info|2019-11-22 17:48:02.606503|[g:1][DBINITIALIZER] [initRocksDBStorage]
info|2019-11-22 17:48:02.606690|[g:1][ROCKSDB]open rocksDB handler
info|2019-11-22 17:48:02.652128|[NETWORK][Host]P2P Recv Connect, From=127.0.0.1:56394
info|2019-11-22 17:48:02.652229|[NETWORK][Host]P2P StartAccept,Host=0.0.0.0:30300
info|2019-11-22 17:48:02.723147|[NETWORK][Host]startPeerSession, From=127.0.0.1:56388,nodeID=bca00155...
info|2019-11-22 17:48:02.771666|[NETWORK][Host]startPeerSession, From=127.0.0.1:30300,nodeID=bca00155...
info|2019-11-22 17:48:02.819387|[P2P][Service] Connection established,nodeID=756c0975...,endpoint=127.0.0.1:56390
info|2019-11-22 17:48:02.819470|[NETWORK][Host]startPeerSession, From=127.0.0.1:56390,nodeID=756c0975...
info|2019-11-22 17:48:02.819594|[P2P][Service] Connection established,nodeID=74c27806...,endpoint=127.0.0.1:56392
info|2019-11-22 17:48:02.819630|[NETWORK][Host]startPeerSession, From=127.0.0.1:56392,nodeID=74c27806...
info|2019-11-22 17:48:02.819882|[P2P][Service] Connection established,nodeID=594c229d...,endpoint=127.0.0.1:30303
info|2019-11-22 17:48:02.819953|[NETWORK][Host]startPeerSession, From=127.0.0.1:30303,nodeID=594c229d...
info|2019-11-22 17:48:02.820118|[NETWORK][Host]startPeerSession, From=127.0.0.1:56394,nodeID=594c229d...
info|2019-11-22 17:48:02.832478|[NETWORK][Host]startPeerSession, From=127.0.0.1:30301,nodeID=756c0975...
info|2019-11-22 17:48:02.837267|[NETWORK][Host]startPeerSession, From=127.0.0.1:30302,nodeID=74c27806...
info|2019-11-22 17:48:03.579835|[g:1][g:0][STORAGE][CachedStorage]Init flushStorage thread
info|2019-11-22 17:48:03.657721|[g:1][g:1][STORAGE][CachedStorage]CachedStorage commit: 4 hash: a40b170d8cc74f9ff96611621f4583466e80c949596771591dd97ecaa9f38863 num: 0
info|2019-11-22 17:48:03.664222|[STORAGE]Start commit block: 0 to backend storage
info|2019-11-22 17:48:03.665195|[STORAGE][g:1]
---------------------------------------------------------------------
Commit block: 0 to backend storage finished, current cached block: 0
Flush elapsed time: 0.0010s
---------------------------------------------------------------------

info|2019-11-22 17:48:03.670764|[g:1][STORAGE]Submited block task: 0, current syncd block: 0
info|2019-11-22 17:48:03.672671|[g:1][BLOCKCHAIN][#checkAndBuildGenesisBlock]Insert the 0th block
info|2019-11-22 17:48:03.735193|[g:1][CONSENSUS][PBFT]Register handler for PBFTEngine
info|2019-11-22 17:48:03.745080|[g:1][CONSENSUS][PBFT],minBlockGenerationTime=500
info|2019-11-22 17:48:03.750861|[LedgerInitializer init group succ],groupID=1
info|2019-11-22 17:48:03.751537|[INITIALIZER][RPCInitializer]JsonrpcHttpServer started.
info|2019-11-22 17:48:03.751741|[g:1][LEDGER]startAll...
warning|2019-11-22 17:48:03.756688|[SYNC][id:bca00155...][Status]Peer data not found,nodeId=74c27806...
info|2019-11-22 17:48:03.759833|[g:1][CONSENSUS][PBFT]^^^^^^^^Report,num=0,sealerIdx=0,hash=a40b170d...,next=1,tx=0,nodeIdx=3
warning|2019-11-22 17:48:03.768565|[SYNC][id:bca00155...][Status]Peer data not found,nodeId=756c0975...
warning|2019-11-22 17:48:03.768690|[SYNC][id:bca00155...][Status]Peer data not found,nodeId=74c27806...
info|2019-11-22 17:48:03.911270|[g:1][CONSENSUS][PBFT][PBFT init env successfully]
info|2019-11-22 17:48:03.911339|[g:1][CONSENSUS][ConsensusEngine][Start ConsensusEngineBase]
info|2019-11-22 17:48:03.920265|[g:1][CONSENSUS][PBFT][Start PBFTEngine...]
info|2019-11-22 17:48:03.920327|[g:1][CONSENSUS][SEALER][Start sealer module]
info|2019-11-22 17:48:03.920966|[g:1][CONSENSUS][PBFT]^^^^^^^^Report,num=0,sealerIdx=0,hash=a40b170d...,next=1,tx=0,nodeIdx=3
info|2019-11-22 17:48:03.933460|[g:1][EVENT][EventLogFilterManager]start,m_maxBlockRange=0,m_maxBlockPerLoopFilter=3
info|2019-11-22 17:48:04.905239|[g:1][CONSENSUS]addRawPrepare,height=1,reqIdx=0,hash=a41451e4...
info|2019-11-22 17:48:04.954407|[g:1][CONSENSUS][PBFT]checkTimeout Succ,view=0,toView=1,nodeIdx=3,changeCycle=0,myNode=bca00155...,timecost=32.193
info|2019-11-22 17:48:04.990717|[g:1][CONSENSUS][PBFT]checkAndChangeView: Reach consensus,org_view=0,org_changeCycle=0,cur_changeCycle=0,to_view=1
info|2019-11-22 17:48:06.000545|[g:1][CONSENSUS]addRawPrepare,height=1,reqIdx=1,hash=aea4ef1f...
info|2019-11-22 17:48:06.000955|[g:1][CONSENSUS][PBFT]checkTimeout Succ,view=1,toView=2,nodeIdx=3,changeCycle=0,myNode=bca00155...,timecost=0.353
info|2019-11-22 17:48:06.002155|[g:1][CONSENSUS][PBFT]checkAndChangeView: Reach consensus,org_view=1,org_changeCycle=0,cur_changeCycle=0,to_view=2
info|2019-11-22 17:48:07.008172|[g:1][CONSENSUS]addRawPrepare,height=1,reqIdx=2,hash=fec074ee...
info|2019-11-22 17:48:07.008621|[g:1][CONSENSUS][PBFT]checkTimeout Succ,view=2,toView=3,nodeIdx=3,changeCycle=0,myNode=bca00155...,timecost=0.334
info|2019-11-22 17:48:07.021449|[g:1][CONSENSUS][PBFT]checkAndChangeView: Reach consensus,org_view=2,org_changeCycle=0,cur_changeCycle=0,to_view=3
info|2019-11-22 17:48:08.026775|[g:1][CONSENSUS][SEALER]++++++++++++++++ Generating seal on,blkNum=1,tx=0,nodeIdx=3,hash=284b13b6...
info|2019-11-22 17:48:08.116094|[g:1][CONSENSUS][PBFT]checkTimeout Succ,view=3,toView=4,nodeIdx=3,changeCycle=0,myNode=bca00155...,timecost=1.34
info|2019-11-22 17:48:08.173726|[g:1][CONSENSUS][PBFT]checkAndChangeView: Reach consensus,org_view=3,org_changeCycle=0,cur_changeCycle=0,to_view=4
info|2019-11-22 17:48:09.173500|[g:1][CONSENSUS]addRawPrepare,height=1,reqIdx=0,hash=e16ceea3...
info|2019-11-22 17:48:09.219746|[g:1][CONSENSUS][PBFT]checkTimeout Succ,view=4,toView=5,nodeIdx=3,changeCycle=0,myNode=bca00155...,timecost=28.503
info|2019-11-22 17:48:09.246924|[g:1][CONSENSUS][PBFT]checkAndChangeView: Reach consensus,org_view=4,org_changeCycle=0,cur_changeCycle=0,to_view=5
info|2019-11-22 17:48:10.257120|[g:1][CONSENSUS]addRawPrepare,height=1,reqIdx=1,hash=fd5eda73...
info|2019-11-22 17:48:10.265047|[g:1][CONSENSUS][PBFT]checkTimeout Succ,view=5,toView=6,nodeIdx=3,changeCycle=0,myNode=bca00155...,timecost=7.711
info|2019-11-22 17:48:10.281935|[g:1][CONSENSUS][PBFT]checkAndChangeView: Reach consensus,org_view=5,org_changeCycle=0,cur_changeCycle=0,to_view=6
info|2019-11-22 17:48:11.282772|[g:1][CONSENSUS]addRawPrepare,height=1,reqIdx=2,hash=b05b53a4...
info|2019-11-22 17:48:11.298393|[g:1][CONSENSUS][PBFT]checkTimeout Succ,view=6,toView=7,nodeIdx=3,changeCycle=0,myNode=bca00155...,timecost=15.457
info|2019-11-22 17:48:11.300299|[g:1][CONSENSUS][PBFT]checkAndChangeView: Reach consensus,org_view=6,org_changeCycle=0,cur_changeCycle=0,to_view=7
info|2019-11-22 17:48:12.301404|[g:1][CONSENSUS][SEALER]++++++++++++++++ Generating seal on,blkNum=1,tx=0,nodeIdx=3,hash=8b9bc7a6...
info|2019-11-22 17:48:12.323302|[g:1][CONSENSUS][PBFT]checkTimeout Succ,view=7,toView=8,nodeIdx=3,changeCycle=0,myNode=bca00155...,timecost=0.223
info|2019-11-22 17:48:12.327466|[g:1][CONSENSUS][PBFT]checkAndChangeView: Reach consensus,org_view=7,org_changeCycle=0,cur_changeCycle=0,to_view=8
info|2019-11-22 17:48:12.353990|[P2P][Service] heartBeat,connected count=3
info|2019-11-22 17:48:13.325294|[g:1][CONSENSUS]addRawPrepare,height=1,reqIdx=0,hash=809ec331...
info|2019-11-22 17:48:13.335111|[g:1][CONSENSUS][PBFT]checkTimeout Succ,view=8,toView=9,nodeIdx=3,changeCycle=0,myNode=bca00155...,timecost=9.564
info|2019-11-22 17:48:13.341482|[g:1][CONSENSUS][PBFT]checkAndChangeView: Reach consensus,org_view=8,org_changeCycle=0,cur_changeCycle=0,to_view=9
info|2019-11-22 17:48:14.360876|[g:1][CONSENSUS]addRawPrepare,height=1,reqIdx=1,hash=99b187a6...
info|2019-11-22 17:48:14.361293|[g:1][CONSENSUS][PBFT]checkTimeout Succ,view=9,toView=10,nodeIdx=3,changeCycle=0,myNode=bca00155...,timecost=0.377
info|2019-11-22 17:48:14.370713|[g:1][CONSENSUS][PBFT]checkAndChangeView: Reach consensus,org_view=9,org_changeCycle=0,cur_changeCycle=0,to_view=10
info|2019-11-22 17:48:15.374511|[g:1][CONSENSUS]addRawPrepare,height=1,reqIdx=2,hash=18297041...
info|2019-11-22 17:48:15.374746|[g:1][CONSENSUS][PBFT]checkTimeout Succ,view=10,toView=11,nodeIdx=3,changeCycle=0,myNode=bca00155...,timecost=0.21
info|2019-11-22 17:48:15.377446|[g:1][CONSENSUS][PBFT]checkAndChangeView: Reach consensus,org_view=10,org_changeCycle=0,cur_changeCycle=0,to_view=11
info|2019-11-22 17:48:16.378207|[g:1][CONSENSUS][SEALER]++++++++++++++++ Generating seal on,blkNum=1,tx=0,nodeIdx=3,hash=06a07e4d...
info|2019-11-22 17:48:16.413969|[g:1][CONSENSUS][PBFT]checkTimeout Succ,view=11,toView=12,nodeIdx=3,changeCycle=0,myNode=bca00155...,timecost=4.566
info|2019-11-22 17:48:16.419635|[g:1][CONSENSUS][PBFT]checkAndChangeView: Reach consensus,org_view=11,org_changeCycle=0,cur_changeCycle=0,to_view=12
info|2019-11-22 17:48:17.421906|[g:1][CONSENSUS]addRawPrepare,height=1,reqIdx=0,hash=bd58bdaf...
info|2019-11-22 17:48:17.422308|[g:1][CONSENSUS][PBFT]checkTimeout Succ,view=12,toView=13,nodeIdx=3,changeCycle=0,myNode=bca00155...,timecost=0.252
info|2019-11-22 17:48:17.427091|[g:1][CONSENSUS][PBFT]checkAndChangeView: Reach consensus,org_view=12,org_changeCycle=0,cur_changeCycle=0,to_view=13
info|2019-11-22 17:48:18.431573|[g:1][CONSENSUS][PBFT]Trigger fast-viewchange,view=13,toView=13,minView=14,INFO=,reqNum=0,curNum=0,GenIdx=0,Cview=14,view=13,fromIdx=0,fromNode=594c229d...,fromIp=127.0.0.1:30303,hash=a40b170d...,nodeIdx=3,myNode=bca00155...
info|2019-11-22 17:48:18.431834|[g:1][CONSENSUS][PBFT]checkAndChangeView: Reach consensus,org_view=13,org_changeCycle=0,cur_changeCycle=0,to_view=14
info|2019-11-22 17:48:18.431842|[g:1][CONSENSUS][PBFT]checkTimeout Succ,view=14,toView=14,nodeIdx=3,changeCycle=0,myNode=bca00155...,timecost=0.209
info|2019-11-22 17:48:19.439345|[g:1][CONSENSUS]addRawPrepare,height=1,reqIdx=2,hash=a1ab3533...
info|2019-11-22 17:48:19.439625|[g:1][CONSENSUS][PBFT]checkTimeout Succ,view=14,toView=15,nodeIdx=3,changeCycle=0,myNode=bca00155...,timecost=0.252
info|2019-11-22 17:48:19.439971|[g:1][CONSENSUS][PBFT]checkAndChangeView: Reach consensus,org_view=14,org_changeCycle=0,cur_changeCycle=0,to_view=15
info|2019-11-22 17:48:20.439220|[g:1][CONSENSUS][SEALER]++++++++++++++++ Generating seal on,blkNum=1,tx=0,nodeIdx=3,hash=12567f0c...
info|2019-11-22 17:48:20.451549|[g:1][CONSENSUS][PBFT]checkTimeout Succ,view=15,toView=16,nodeIdx=3,changeCycle=0,myNode=bca00155...,timecost=0.226
info|2019-11-22 17:48:20.452748|[g:1][CONSENSUS][PBFT]checkAndChangeView: Reach consensus,org_view=15,org_changeCycle=0,cur_changeCycle=0,to_view=16
info|2019-11-22 17:48:21.450781|[g:1][CONSENSUS]addRawPrepare,height=1,reqIdx=0,hash=6b2e628c...
info|2019-11-22 17:48:21.451074|[g:1][CONSENSUS][PBFT]checkTimeout Succ,view=16,toView=17,nodeIdx=3,changeCycle=0,myNode=bca00155...,timecost=0.215
info|2019-11-22 17:48:21.456598|[g:1][CONSENSUS][PBFT]checkAndChangeView: Reach consensus,org_view=16,org_changeCycle=0,cur_changeCycle=0,to_view=17
info|2019-11-22 17:48:22.354466|[P2P][Service] heartBeat,connected count=3
info|2019-11-22 17:48:22.462701|[g:1][CONSENSUS]addRawPrepare,height=1,reqIdx=1,hash=d9b5682a...
info|2019-11-22 17:48:22.463040|[g:1][CONSENSUS][PBFT]checkTimeout Succ,view=17,toView=18,nodeIdx=3,changeCycle=0,myNode=bca00155...,timecost=0.302
info|2019-11-22 17:48:22.466641|[g:1][CONSENSUS][PBFT]checkAndChangeView: Reach consensus,org_view=17,org_changeCycle=0,cur_changeCycle=0,to_view=18
info|2019-11-22 17:48:23.475467|[g:1][CONSENSUS]addRawPrepare,height=1,reqIdx=2,hash=1a0c5c00...
info|2019-11-22 17:48:23.475750|[g:1][CONSENSUS][PBFT]checkTimeout Succ,view=18,toView=19,nodeIdx=3,changeCycle=0,myNode=bca00155...,timecost=0.246
info|2019-11-22 17:48:23.478726|[g:1][CONSENSUS][PBFT]checkAndChangeView: Reach consensus,org_view=18,org_changeCycle=0,cur_changeCycle=0,to_view=19
info|2019-11-22 17:48:24.484732|[g:1][CONSENSUS][SEALER]++++++++++++++++ Generating seal on,blkNum=1,tx=0,nodeIdx=3,hash=29030dc6...
info|2019-11-22 17:48:24.493132|[g:1][CONSENSUS][PBFT]checkTimeout Succ,view=19,toView=20,nodeIdx=3,changeCycle=0,myNode=bca00155...,timecost=0.219
info|2019-11-22 17:48:24.494284|[g:1][CONSENSUS][PBFT]checkAndChangeView: Reach consensus,org_view=19,org_changeCycle=0,cur_changeCycle=0,to_view=20
info|2019-11-22 17:48:25.493366|[g:1][CONSENSUS]addRawPrepare,height=1,reqIdx=0,hash=dde545ef...
info|2019-11-22 17:48:25.493642|[g:1][CONSENSUS][PBFT]checkTimeout Succ,view=20,toView=21,nodeIdx=3,changeCycle=0,myNode=bca00155...,timecost=0.204
info|2019-11-22 17:48:25.497579|[g:1][CONSENSUS][PBFT]checkAndChangeView: Reach consensus,org_view=20,org_changeCycle=0,cur_changeCycle=0,to_view=21
info|2019-11-22 17:48:26.509160|[g:1][CONSENSUS]addRawPrepare,height=1,reqIdx=1,hash=626694d5...
info|2019-11-22 17:48:26.544605|[g:1][CONSENSUS][PBFT]checkTimeout Succ,view=21,toView=22,nodeIdx=3,changeCycle=0,myNode=bca00155...,timecost=32.037
info|2019-11-22 17:48:26.574909|[g:1][CONSENSUS][PBFT]checkAndChangeView: Reach consensus,org_view=21,org_changeCycle=0,cur_changeCycle=0,to_view=22
info|2019-11-22 17:48:27.585780|[g:1][CONSENSUS]addRawPrepare,height=1,reqIdx=2,hash=df9f4749...
info|2019-11-22 17:48:27.586057|[g:1][CONSENSUS][PBFT]checkTimeout Succ,view=22,toView=23,nodeIdx=3,changeCycle=0,myNode=bca00155...,timecost=0.245
info|2019-11-22 17:48:27.590645|[g:1][CONSENSUS][PBFT]checkAndChangeView: Reach consensus,org_view=22,org_changeCycle=0,cur_changeCycle=0,to_view=23
info|2019-11-22 17:48:28.594092|[g:1][CONSENSUS][SEALER]++++++++++++++++ Generating seal on,blkNum=1,tx=0,nodeIdx=3,hash=886c6ac3...
info|2019-11-22 17:48:28.616239|[g:1][CONSENSUS][PBFT]checkTimeout Succ,view=23,toView=24,nodeIdx=3,changeCycle=0,myNode=bca00155...,timecost=0.492
info|2019-11-22 17:48:28.621397|[g:1][CONSENSUS][PBFT]checkAndChangeView: Reach consensus,org_view=23,org_changeCycle=0,cur_changeCycle=0,to_view=24
info|2019-11-22 17:48:29.615722|[g:1][CONSENSUS]addRawPrepare,height=1,reqIdx=0,hash=9aa590f7...
info|2019-11-22 17:48:29.616071|[g:1][CONSENSUS][PBFT]checkTimeout Succ,view=24,toView=25,nodeIdx=3,changeCycle=0,myNode=bca00155...,timecost=0.224
info|2019-11-22 17:48:29.624338|[g:1][CONSENSUS][PBFT]checkAndChangeView: Reach consensus,org_view=24,org_changeCycle=0,cur_changeCycle=0,to_view=25
info|2019-11-22 17:48:30.631036|[g:1][CONSENSUS]addRawPrepare,height=1,reqIdx=1,hash=d089a9c0...
info|2019-11-22 17:48:30.631294|[g:1][CONSENSUS][PBFT]checkTimeout Succ,view=25,toView=26,nodeIdx=3,changeCycle=0,myNode=bca00155...,timecost=0.225
info|2019-11-22 17:48:30.638185|[g:1][CONSENSUS][PBFT]checkAndChangeView: Reach consensus,org_view=25,org_changeCycle=0,cur_changeCycle=0,to_view=26
info|2019-11-22 17:48:31.644736|[g:1][CONSENSUS]addRawPrepare,height=1,reqIdx=2,hash=aadeebc4...
info|2019-11-22 17:48:31.645025|[g:1][CONSENSUS][PBFT]checkTimeout Succ,view=26,toView=27,nodeIdx=3,changeCycle=0,myNode=bca00155...,timecost=0.264
info|2019-11-22 17:48:31.650435|[g:1][CONSENSUS][PBFT]checkAndChangeView: Reach consensus,org_view=26,org_changeCycle=0,cur_changeCycle=0,to_view=27
info|2019-11-22 17:48:32.354664|[P2P][Service] heartBeat,connected count=3
info|2019-11-22 17:48:32.657340|[g:1][CONSENSUS][SEALER]++++++++++++++++ Generating seal on,blkNum=1,tx=0,nodeIdx=3,hash=40fe8dca...
info|2019-11-22 17:48:32.727625|[g:1][CONSENSUS][PBFT]checkTimeout Succ,view=27,toView=28,nodeIdx=3,changeCycle=0,myNode=bca00155...,timecost=1.311
info|2019-11-22 17:48:32.755513|[g:1][CONSENSUS][PBFT]checkAndChangeView: Reach consensus,org_view=27,org_changeCycle=0,cur_changeCycle=0,to_view=28
info|2019-11-22 17:48:33.820521|[g:1][CONSENSUS]addRawPrepare,height=1,reqIdx=0,hash=897f6415...
info|2019-11-22 17:48:33.821172|[g:1][CONSENSUS][PBFT]checkTimeout Succ,view=28,toView=29,nodeIdx=3,changeCycle=0,myNode=bca00155...,timecost=0.463
info|2019-11-22 17:48:33.834853|[g:1][CONSENSUS][PBFT]checkAndChangeView: Reach consensus,org_view=28,org_changeCycle=0,cur_changeCycle=0,to_view=29
info|2019-11-22 17:48:34.836926|[g:1][CONSENSUS]addRawPrepare,height=1,reqIdx=1,hash=6f764681...
info|2019-11-22 17:48:34.837393|[g:1][CONSENSUS][PBFT]checkTimeout Succ,view=29,toView=30,nodeIdx=3,changeCycle=0,myNode=bca00155...,timecost=0.411
info|2019-11-22 17:48:34.842143|[g:1][CONSENSUS][PBFT]checkAndChangeView: Reach consensus,org_view=29,org_changeCycle=0,cur_changeCycle=0,to_view=30
info|2019-11-22 17:48:35.845541|[g:1][CONSENSUS]addRawPrepare,height=1,reqIdx=2,hash=63b7cd74...
info|2019-11-22 17:48:35.845801|[g:1][CONSENSUS][PBFT]checkTimeout Succ,view=30,toView=31,nodeIdx=3,changeCycle=0,myNode=bca00155...,timecost=0.227
info|2019-11-22 17:48:35.849850|[g:1][CONSENSUS][PBFT]checkAndChangeView: Reach consensus,org_view=30,org_changeCycle=0,cur_changeCycle=0,to_view=31
info|2019-11-22 17:48:36.854898|[g:1][CONSENSUS][SEALER]++++++++++++++++ Generating seal on,blkNum=1,tx=0,nodeIdx=3,hash=8cd58dc5...
info|2019-11-22 17:48:36.870679|[g:1][CONSENSUS][PBFT]checkTimeout Succ,view=31,toView=32,nodeIdx=3,changeCycle=0,myNode=bca00155...,timecost=0.645
info|2019-11-22 17:48:36.873154|[g:1][CONSENSUS][PBFT]checkAndChangeView: Reach consensus,org_view=31,org_changeCycle=0,cur_changeCycle=0,to_view=32
info|2019-11-22 17:48:37.871876|[g:1][CONSENSUS]addRawPrepare,height=1,reqIdx=0,hash=050754da...
info|2019-11-22 17:48:37.872305|[g:1][CONSENSUS][PBFT]checkTimeout Succ,view=32,toView=33,nodeIdx=3,changeCycle=0,myNode=bca00155...,timecost=0.33
info|2019-11-22 17:48:37.888660|[g:1][CONSENSUS][PBFT]checkAndChangeView: Reach consensus,org_view=32,org_changeCycle=0,cur_changeCycle=0,to_view=33
info|2019-11-22 17:48:38.892578|[g:1][CONSENSUS]addRawPrepare,height=1,reqIdx=1,hash=a81219de...
info|2019-11-22 17:48:38.897200|[g:1][CONSENSUS][PBFT]checkTimeout Succ,view=33,toView=34,nodeIdx=3,changeCycle=0,myNode=bca00155...,timecost=4.566
info|2019-11-22 17:48:38.902821|[g:1][CONSENSUS][PBFT]checkAndChangeView: Reach consensus,org_view=33,org_changeCycle=0,cur_changeCycle=0,to_view=34
info|2019-11-22 17:48:39.905432|[g:1][CONSENSUS]addRawPrepare,height=1,reqIdx=2,hash=173ac78a...
info|2019-11-22 17:48:39.905889|[g:1][CONSENSUS][PBFT]checkTimeout Succ,view=34,toView=35,nodeIdx=3,changeCycle=0,myNode=bca00155...,timecost=0.405
info|2019-11-22 17:48:39.911177|[g:1][CONSENSUS][PBFT]checkAndChangeView: Reach consensus,org_view=34,org_changeCycle=0,cur_changeCycle=0,to_view=35
info|2019-11-22 17:48:40.913061|[g:1][CONSENSUS][SEALER]++++++++++++++++ Generating seal on,blkNum=1,tx=0,nodeIdx=3,hash=b77fb1fa...
info|2019-11-22 17:48:40.931839|[g:1][CONSENSUS][PBFT]checkTimeout Succ,view=35,toView=36,nodeIdx=3,changeCycle=0,myNode=bca00155...,timecost=0.433
info|2019-11-22 17:48:40.934493|[g:1][CONSENSUS][PBFT]checkAndChangeView: Reach consensus,org_view=35,org_changeCycle=0,cur_changeCycle=0,to_view=36
info|2019-11-22 17:48:41.937097|[g:1][CONSENSUS]addRawPrepare,height=1,reqIdx=0,hash=45d4a9fc...
info|2019-11-22 17:48:41.937656|[g:1][CONSENSUS][PBFT]checkTimeout Succ,view=36,toView=37,nodeIdx=3,changeCycle=0,myNode=bca00155...,timecost=0.438
info|2019-11-22 17:48:41.946294|[g:1][CONSENSUS][PBFT]checkAndChangeView: Reach consensus,org_view=36,org_changeCycle=0,cur_changeCycle=0,to_view=37
info|2019-11-22 17:48:42.354851|[P2P][Service] heartBeat,connected count=3
info|2019-11-22 17:48:42.950589|[g:1][CONSENSUS]addRawPrepare,height=1,reqIdx=1,hash=49b09d16...
info|2019-11-22 17:48:42.957357|[g:1][CONSENSUS][PBFT]checkTimeout Succ,view=37,toView=38,nodeIdx=3,changeCycle=0,myNode=bca00155...,timecost=6.636
info|2019-11-22 17:48:42.976370|[g:1][CONSENSUS][PBFT]checkAndChangeView: Reach consensus,org_view=37,org_changeCycle=0,cur_changeCycle=0,to_view=38
info|2019-11-22 17:48:43.981611|[g:1][CONSENSUS]addRawPrepare,height=1,reqIdx=2,hash=9ca7483d...
info|2019-11-22 17:48:43.992563|[g:1][CONSENSUS][PBFT]checkTimeout Succ,view=38,toView=39,nodeIdx=3,changeCycle=0,myNode=bca00155...,timecost=10.871
info|2019-11-22 17:48:43.999054|[g:1][CONSENSUS][PBFT]checkAndChangeView: Reach consensus,org_view=38,org_changeCycle=0,cur_changeCycle=0,to_view=39
info|2019-11-22 17:48:45.001741|[g:1][CONSENSUS][SEALER]++++++++++++++++ Generating seal on,blkNum=1,tx=0,nodeIdx=3,hash=6d43e826...
info|2019-11-22 17:48:45.027715|[g:1][CONSENSUS][PBFT]checkTimeout Succ,view=39,toView=40,nodeIdx=3,changeCycle=0,myNode=bca00155...,timecost=0.328
info|2019-11-22 17:48:45.029358|[g:1][CONSENSUS][PBFT]checkAndChangeView: Reach consensus,org_view=39,org_changeCycle=0,cur_changeCycle=0,to_view=40
info|2019-11-22 17:48:46.028503|[g:1][CONSENSUS]addRawPrepare,height=1,reqIdx=0,hash=6596a5bf...
info|2019-11-22 17:48:46.029129|[g:1][CONSENSUS][PBFT]checkTimeout Succ,view=40,toView=41,nodeIdx=3,changeCycle=0,myNode=bca00155...,timecost=0.477
info|2019-11-22 17:48:46.038912|[g:1][CONSENSUS][PBFT]checkAndChangeView: Reach consensus,org_view=40,org_changeCycle=0,cur_changeCycle=0,to_view=41
info|2019-11-22 17:48:47.041199|[g:1][CONSENSUS]addRawPrepare,height=1,reqIdx=1,hash=a8125fd2...
info|2019-11-22 17:48:47.041518|[g:1][CONSENSUS][PBFT]checkTimeout Succ,view=41,toView=42,nodeIdx=3,changeCycle=0,myNode=bca00155...,timecost=0.291
info|2019-11-22 17:48:47.043825|[g:1][CONSENSUS][PBFT]checkAndChangeView: Reach consensus,org_view=41,org_changeCycle=0,cur_changeCycle=0,to_view=42
info|2019-11-22 17:48:48.057144|[g:1][CONSENSUS]addRawPrepare,height=1,reqIdx=2,hash=8f2c224a...
info|2019-11-22 17:48:48.060650|[g:1][CONSENSUS][PBFT]checkTimeout Succ,view=42,toView=43,nodeIdx=3,changeCycle=0,myNode=bca00155...,timecost=3.455
info|2019-11-22 17:48:48.092679|[g:1][CONSENSUS][PBFT]checkAndChangeView: Reach consensus,org_view=42,org_changeCycle=0,cur_changeCycle=0,to_view=43
info|2019-11-22 17:48:49.099948|[g:1][CONSENSUS][SEALER]++++++++++++++++ Generating seal on,blkNum=1,tx=0,nodeIdx=3,hash=38e49391...
info|2019-11-22 17:48:49.115236|[g:1][CONSENSUS][PBFT]checkTimeout Succ,view=43,toView=44,nodeIdx=3,changeCycle=0,myNode=bca00155...,timecost=0.417
info|2019-11-22 17:48:49.117616|[g:1][CONSENSUS][PBFT]checkAndChangeView: Reach consensus,org_view=43,org_changeCycle=0,cur_changeCycle=0,to_view=44
info|2019-11-22 17:48:50.116044|[g:1][CONSENSUS]addRawPrepare,height=1,reqIdx=0,hash=fd41508e...
info|2019-11-22 17:48:50.116701|[g:1][CONSENSUS][PBFT]checkTimeout Succ,view=44,toView=45,nodeIdx=3,changeCycle=0,myNode=bca00155...,timecost=0.473
info|2019-11-22 17:48:50.136505|[g:1][CONSENSUS][PBFT]checkAndChangeView: Reach consensus,org_view=44,org_changeCycle=0,cur_changeCycle=0,to_view=45
info|2019-11-22 17:48:51.144416|[g:1][CONSENSUS]addRawPrepare,height=1,reqIdx=1,hash=e69683cb...
info|2019-11-22 17:48:51.144832|[g:1][CONSENSUS][PBFT]checkTimeout Succ,view=45,toView=46,nodeIdx=3,changeCycle=0,myNode=bca00155...,timecost=0.379
info|2019-11-22 17:48:51.148688|[g:1][CONSENSUS][PBFT]checkAndChangeView: Reach consensus,org_view=45,org_changeCycle=0,cur_changeCycle=0,to_view=46
info|2019-11-22 17:48:52.154346|[g:1][CONSENSUS]addRawPrepare,height=1,reqIdx=2,hash=bbfc0461...
info|2019-11-22 17:48:52.154746|[g:1][CONSENSUS][PBFT]checkTimeout Succ,view=46,toView=47,nodeIdx=3,changeCycle=0,myNode=bca00155...,timecost=0.333
info|2019-11-22 17:48:52.159354|[g:1][CONSENSUS][PBFT]checkAndChangeView: Reach consensus,org_view=46,org_changeCycle=0,cur_changeCycle=0,to_view=47
info|2019-11-22 17:48:52.355191|[P2P][Service] heartBeat,connected count=3
info|2019-11-22 17:48:53.160996|[g:1][CONSENSUS][SEALER]++++++++++++++++ Generating seal on,blkNum=1,tx=0,nodeIdx=3,hash=8effd0e2...
info|2019-11-22 17:48:53.172687|[g:1][CONSENSUS][PBFT]checkTimeout Succ,view=47,toView=48,nodeIdx=3,changeCycle=0,myNode=bca00155...,timecost=0.349
info|2019-11-22 17:48:53.174400|[g:1][CONSENSUS][PBFT]checkAndChangeView: Reach consensus,org_view=47,org_changeCycle=0,cur_changeCycle=0,to_view=48
info|2019-11-22 17:48:54.177201|[g:1][CONSENSUS]addRawPrepare,height=1,reqIdx=0,hash=b6d247db...
info|2019-11-22 17:48:54.202247|[g:1][CONSENSUS][PBFT]checkTimeout Succ,view=48,toView=49,nodeIdx=3,changeCycle=0,myNode=bca00155...,timecost=12.097
info|2019-11-22 17:48:54.206594|[g:1][CONSENSUS][PBFT]checkAndChangeView: Reach consensus,org_view=48,org_changeCycle=0,cur_changeCycle=0,to_view=49
info|2019-11-22 17:48:55.208350|[g:1][CONSENSUS]addRawPrepare,height=1,reqIdx=1,hash=9768608f...
info|2019-11-22 17:48:55.213126|[g:1][CONSENSUS][PBFT]checkTimeout Succ,view=49,toView=50,nodeIdx=3,changeCycle=0,myNode=bca00155...,timecost=4.695
info|2019-11-22 17:48:55.216764|[g:1][CONSENSUS][PBFT]checkAndChangeView: Reach consensus,org_view=49,org_changeCycle=0,cur_changeCycle=0,to_view=50
info|2019-11-22 17:48:56.223463|[g:1][CONSENSUS]addRawPrepare,height=1,reqIdx=2,hash=e3a73a73...
info|2019-11-22 17:48:56.223913|[g:1][CONSENSUS][PBFT]checkTimeout Succ,view=50,toView=51,nodeIdx=3,changeCycle=0,myNode=bca00155...,timecost=0.398
info|2019-11-22 17:48:56.230033|[g:1][CONSENSUS][PBFT]checkAndChangeView: Reach consensus,org_view=50,org_changeCycle=0,cur_changeCycle=0,to_view=51
info|2019-11-22 17:48:57.231863|[g:1][CONSENSUS][SEALER]++++++++++++++++ Generating seal on,blkNum=1,tx=0,nodeIdx=3,hash=256c4a92...
info|2019-11-22 17:48:57.240913|[g:1][CONSENSUS][PBFT]checkTimeout Succ,view=51,toView=52,nodeIdx=3,changeCycle=0,myNode=bca00155...,timecost=0.269
info|2019-11-22 17:48:57.242231|[g:1][CONSENSUS][PBFT]checkAndChangeView: Reach consensus,org_view=51,org_changeCycle=0,cur_changeCycle=0,to_view=52
info|2019-11-22 17:48:58.243570|[g:1][CONSENSUS]addRawPrepare,height=1,reqIdx=0,hash=ff53e31f...
info|2019-11-22 17:48:58.244087|[g:1][CONSENSUS][PBFT]checkTimeout Succ,view=52,toView=53,nodeIdx=3,changeCycle=0,myNode=bca00155...,timecost=0.355
info|2019-11-22 17:48:58.256119|[g:1][CONSENSUS][PBFT]checkAndChangeView: Reach consensus,org_view=52,org_changeCycle=0,cur_changeCycle=0,to_view=53
info|2019-11-22 17:48:59.264648|[g:1][CONSENSUS]addRawPrepare,height=1,reqIdx=1,hash=6a0f8a19...
info|2019-11-22 17:48:59.265149|[g:1][CONSENSUS][PBFT]checkTimeout Succ,view=53,toView=54,nodeIdx=3,changeCycle=0,myNode=bca00155...,timecost=0.447
info|2019-11-22 17:48:59.270144|[g:1][CONSENSUS][PBFT]checkAndChangeView: Reach consensus,org_view=53,org_changeCycle=0,cur_changeCycle=0,to_view=54
info|2019-11-22 17:49:00.277510|[g:1][CONSENSUS]addRawPrepare,height=1,reqIdx=2,hash=fb06d7d3...
info|2019-11-22 17:49:00.278278|[g:1][CONSENSUS][PBFT]checkTimeout Succ,view=54,toView=55,nodeIdx=3,changeCycle=0,myNode=bca00155...,timecost=0.745
info|2019-11-22 17:49:00.278590|[g:1][CONSENSUS][PBFT]checkAndChangeView: Reach consensus,org_view=54,org_changeCycle=0,cur_changeCycle=0,to_view=55
info|2019-11-22 17:49:01.278388|[g:1][CONSENSUS][SEALER]++++++++++++++++ Generating seal on,blkNum=1,tx=0,nodeIdx=3,hash=3474f33b...
info|2019-11-22 17:49:01.287740|[g:1][CONSENSUS][PBFT]checkTimeout Succ,view=55,toView=56,nodeIdx=3,changeCycle=0,myNode=bca00155...,timecost=0.279
info|2019-11-22 17:49:01.289054|[g:1][CONSENSUS][PBFT]checkAndChangeView: Reach consensus,org_view=55,org_changeCycle=0,cur_changeCycle=0,to_view=56
info|2019-11-22 17:49:02.287125|[g:1][CONSENSUS]addRawPrepare,height=1,reqIdx=0,hash=d6d2fdc1...
info|2019-11-22 17:49:02.287522|[g:1][CONSENSUS][PBFT]checkTimeout Succ,view=56,toView=57,nodeIdx=3,changeCycle=0,myNode=bca00155...,timecost=0.303
info|2019-11-22 17:49:02.325634|[g:1][CONSENSUS][PBFT]checkAndChangeView: Reach consensus,org_view=56,org_changeCycle=0,cur_changeCycle=0,to_view=57
info|2019-11-22 17:49:02.355818|[P2P][Service] heartBeat,connected count=3
info|2019-11-22 17:49:03.332407|[g:1][CONSENSUS]addRawPrepare,height=1,reqIdx=1,hash=2bac5fb7...
info|2019-11-22 17:49:03.332693|[g:1][CONSENSUS][PBFT]checkTimeout Succ,view=57,toView=58,nodeIdx=3,changeCycle=0,myNode=bca00155...,timecost=0.258
info|2019-11-22 17:49:03.338455|[g:1][CONSENSUS][PBFT]checkAndChangeView: Reach consensus,org_view=57,org_changeCycle=0,cur_changeCycle=0,to_view=58
info|2019-11-22 17:49:04.343064|[g:1][CONSENSUS]addRawPrepare,height=1,reqIdx=2,hash=f462111a...
info|2019-11-22 17:49:04.343307|[g:1][CONSENSUS][PBFT]checkTimeout Succ,view=58,toView=59,nodeIdx=3,changeCycle=0,myNode=bca00155...,timecost=0.214
info|2019-11-22 17:49:04.350770|[g:1][CONSENSUS][PBFT]checkAndChangeView: Reach consensus,org_view=58,org_changeCycle=0,cur_changeCycle=0,to_view=59
info|2019-11-22 17:49:05.352371|[g:1][CONSENSUS][SEALER]++++++++++++++++ Generating seal on,blkNum=1,tx=0,nodeIdx=3,hash=f3140873...
info|2019-11-22 17:49:05.364500|[g:1][CONSENSUS][PBFT]checkTimeout Succ,view=59,toView=60,nodeIdx=3,changeCycle=0,myNode=bca00155...,timecost=0.224
info|2019-11-22 17:49:05.365565|[g:1][CONSENSUS][PBFT]checkAndChangeView: Reach consensus,org_view=59,org_changeCycle=0,cur_changeCycle=0,to_view=60
info|2019-11-22 17:49:06.362295|[g:1][CONSENSUS]addRawPrepare,height=1,reqIdx=0,hash=f1b5d392...
info|2019-11-22 17:49:06.362641|[g:1][CONSENSUS][PBFT]checkTimeout Succ,view=60,toView=61,nodeIdx=3,changeCycle=0,myNode=bca00155...,timecost=0.274
info|2019-11-22 17:49:06.369062|[g:1][CONSENSUS][PBFT]checkAndChangeView: Reach consensus,org_view=60,org_changeCycle=0,cur_changeCycle=0,to_view=61
info|2019-11-22 17:49:07.377839|[g:1][CONSENSUS]addRawPrepare,height=1,reqIdx=1,hash=422892e9...
info|2019-11-22 17:49:07.381568|[g:1][CONSENSUS][PBFT]checkTimeout Succ,view=61,toView=62,nodeIdx=3,changeCycle=0,myNode=bca00155...,timecost=1.637
info|2019-11-22 17:49:07.386266|[g:1][CONSENSUS][PBFT]checkAndChangeView: Reach consensus,org_view=61,org_changeCycle=0,cur_changeCycle=0,to_view=62
info|2019-11-22 17:49:08.390543|[g:1][CONSENSUS][PBFT]Trigger fast-viewchange,view=62,toView=62,minView=63,INFO=,reqNum=0,curNum=0,GenIdx=0,Cview=63,view=62,fromIdx=0,fromNode=594c229d...,fromIp=127.0.0.1:30303,hash=a40b170d...,nodeIdx=3,myNode=bca00155...
info|2019-11-22 17:49:08.390862|[g:1][CONSENSUS][PBFT]checkAndChangeView: Reach consensus,org_view=62,org_changeCycle=0,cur_changeCycle=0,to_view=63
info|2019-11-22 17:49:08.390872|[g:1][CONSENSUS][PBFT]checkTimeout Succ,view=63,toView=63,nodeIdx=3,changeCycle=0,myNode=bca00155...,timecost=0.281
info|2019-11-22 17:49:09.390996|[g:1][CONSENSUS][SEALER]++++++++++++++++ Generating seal on,blkNum=1,tx=0,nodeIdx=3,hash=005d05e9...
info|2019-11-22 17:49:09.415296|[g:1][CONSENSUS][PBFT]checkTimeout Succ,view=63,toView=64,nodeIdx=3,changeCycle=0,myNode=bca00155...,timecost=0.325
info|2019-11-22 17:49:09.420776|[g:1][CONSENSUS][PBFT]checkAndChangeView: Reach consensus,org_view=63,org_changeCycle=0,cur_changeCycle=0,to_view=64
info|2019-11-22 17:49:10.414974|[g:1][CONSENSUS]addRawPrepare,height=1,reqIdx=0,hash=5bb4af13...
info|2019-11-22 17:49:10.415286|[g:1][CONSENSUS][PBFT]checkTimeout Succ,view=64,toView=65,nodeIdx=3,changeCycle=0,myNode=bca00155...,timecost=0.206
info|2019-11-22 17:49:10.430830|[g:1][CONSENSUS][PBFT]checkAndChangeView: Reach consensus,org_view=64,org_changeCycle=0,cur_changeCycle=0,to_view=65
info|2019-11-22 17:49:11.438824|[g:1][CONSENSUS]addRawPrepare,height=1,reqIdx=1,hash=4a9a65ff...
info|2019-11-22 17:49:11.439113|[g:1][CONSENSUS][PBFT]checkTimeout Succ,view=65,toView=66,nodeIdx=3,changeCycle=0,myNode=bca00155...,timecost=0.265
info|2019-11-22 17:49:11.446626|[g:1][CONSENSUS][PBFT]checkAndChangeView: Reach consensus,org_view=65,org_changeCycle=0,cur_changeCycle=0,to_view=66
info|2019-11-22 17:49:12.355888|[P2P][Service] heartBeat,connected count=3
info|2019-11-22 17:49:12.449837|[g:1][CONSENSUS]addRawPrepare,height=1,reqIdx=2,hash=cb66df2d...
info|2019-11-22 17:49:12.450067|[g:1][CONSENSUS][PBFT]checkTimeout Succ,view=66,toView=67,nodeIdx=3,changeCycle=0,myNode=bca00155...,timecost=0.201
info|2019-11-22 17:49:12.457118|[g:1][CONSENSUS][PBFT]checkAndChangeView: Reach consensus,org_view=66,org_changeCycle=0,cur_changeCycle=0,to_view=67
info|2019-11-22 17:49:13.457400|[g:1][CONSENSUS][SEALER]++++++++++++++++ Generating seal on,blkNum=1,tx=0,nodeIdx=3,hash=171638d4...
info|2019-11-22 17:49:13.475013|[g:1][CONSENSUS][PBFT]checkTimeout Succ,view=67,toView=68,nodeIdx=3,changeCycle=0,myNode=bca00155...,timecost=0.374
info|2019-11-22 17:49:13.476367|[g:1][CONSENSUS][PBFT]checkAndChangeView: Reach consensus,org_view=67,org_changeCycle=0,cur_changeCycle=0,to_view=68
info|2019-11-22 17:49:14.474898|[g:1][CONSENSUS]addRawPrepare,height=1,reqIdx=0,hash=dfd9937d...
info|2019-11-22 17:49:14.475330|[g:1][CONSENSUS][PBFT]checkTimeout Succ,view=68,toView=69,nodeIdx=3,changeCycle=0,myNode=bca00155...,timecost=0.312
info|2019-11-22 17:49:14.484359|[g:1][CONSENSUS][PBFT]checkAndChangeView: Reach consensus,org_view=68,org_changeCycle=0,cur_changeCycle=0,to_view=69
info|2019-11-22 17:49:15.489643|[g:1][CONSENSUS]addRawPrepare,height=1,reqIdx=1,hash=f6597219...
info|2019-11-22 17:49:15.489989|[g:1][CONSENSUS][PBFT]checkTimeout Succ,view=69,toView=70,nodeIdx=3,changeCycle=0,myNode=bca00155...,timecost=0.303
info|2019-11-22 17:49:15.491300|[g:1][CONSENSUS][PBFT]checkAndChangeView: Reach consensus,org_view=69,org_changeCycle=0,cur_changeCycle=0,to_view=70
info|2019-11-22 17:49:16.499962|[g:1][CONSENSUS]addRawPrepare,height=1,reqIdx=2,hash=813327b2...
info|2019-11-22 17:49:16.500210|[g:1][CONSENSUS][PBFT]checkTimeout Succ,view=70,toView=71,nodeIdx=3,changeCycle=0,myNode=bca00155...,timecost=0.214
info|2019-11-22 17:49:16.512671|[g:1][CONSENSUS][PBFT]checkAndChangeView: Reach consensus,org_view=70,org_changeCycle=0,cur_changeCycle=0,to_view=71
info|2019-11-22 17:49:17.512782|[g:1][CONSENSUS][SEALER]++++++++++++++++ Generating seal on,blkNum=1,tx=0,nodeIdx=3,hash=5f28834b...
info|2019-11-22 17:49:17.536602|[g:1][CONSENSUS][PBFT]checkTimeout Succ,view=71,toView=72,nodeIdx=3,changeCycle=0,myNode=bca00155...,timecost=0.318
info|2019-11-22 17:49:17.540490|[g:1][CONSENSUS][PBFT]checkAndChangeView: Reach consensus,org_view=71,org_changeCycle=0,cur_changeCycle=0,to_view=72
info|2019-11-22 17:49:18.533040|[g:1][CONSENSUS]addRawPrepare,height=1,reqIdx=0,hash=88bfefa1...
info|2019-11-22 17:49:18.533319|[g:1][CONSENSUS][PBFT]checkTimeout Succ,view=72,toView=73,nodeIdx=3,changeCycle=0,myNode=bca00155...,timecost=0.202
info|2019-11-22 17:49:18.539649|[g:1][CONSENSUS][PBFT]checkAndChangeView: Reach consensus,org_view=72,org_changeCycle=0,cur_changeCycle=0,to_view=73
info|2019-11-22 17:49:19.543724|[g:1][CONSENSUS]addRawPrepare,height=1,reqIdx=1,hash=506d8a82...
info|2019-11-22 17:49:19.543983|[g:1][CONSENSUS][PBFT]checkTimeout Succ,view=73,toView=74,nodeIdx=3,changeCycle=0,myNode=bca00155...,timecost=0.229
info|2019-11-22 17:49:19.548543|[g:1][CONSENSUS][PBFT]checkAndChangeView: Reach consensus,org_view=73,org_changeCycle=0,cur_changeCycle=0,to_view=74
info|2019-11-22 17:49:20.556579|[g:1][CONSENSUS]addRawPrepare,height=1,reqIdx=2,hash=24ed2476...
info|2019-11-22 17:49:20.556848|[g:1][CONSENSUS][PBFT]checkTimeout Succ,view=74,toView=75,nodeIdx=3,changeCycle=0,myNode=bca00155...,timecost=0.236
info|2019-11-22 17:49:20.570725|[g:1][CONSENSUS][PBFT]checkAndChangeView: Reach consensus,org_view=74,org_changeCycle=0,cur_changeCycle=0,to_view=75
info|2019-11-22 17:49:21.570178|[g:1][CONSENSUS][SEALER]++++++++++++++++ Generating seal on,blkNum=1,tx=0,nodeIdx=3,hash=8f186293...
info|2019-11-22 17:49:21.578768|[g:1][CONSENSUS][PBFT]checkTimeout Succ,view=75,toView=76,nodeIdx=3,changeCycle=0,myNode=bca00155...,timecost=0.27
info|2019-11-22 17:49:21.580254|[g:1][CONSENSUS][PBFT]checkAndChangeView: Reach consensus,org_view=75,org_changeCycle=0,cur_changeCycle=0,to_view=76
info|2019-11-22 17:49:22.356450|[P2P][Service] heartBeat,connected count=3
info|2019-11-22 17:49:22.577993|[g:1][CONSENSUS]addRawPrepare,height=1,reqIdx=0,hash=62640d20...
info|2019-11-22 17:49:22.578390|[g:1][CONSENSUS][PBFT]checkTimeout Succ,view=76,toView=77,nodeIdx=3,changeCycle=0,myNode=bca00155...,timecost=0.292
info|2019-11-22 17:49:22.591047|[g:1][CONSENSUS][PBFT]checkAndChangeView: Reach consensus,org_view=76,org_changeCycle=0,cur_changeCycle=0,to_view=77
info|2019-11-22 17:49:23.599992|[g:1][CONSENSUS]addRawPrepare,height=1,reqIdx=1,hash=09a87fc3...
info|2019-11-22 17:49:23.617586|[g:1][CONSENSUS][PBFT]checkTimeout Succ,view=77,toView=78,nodeIdx=3,changeCycle=0,myNode=bca00155...,timecost=17.236
info|2019-11-22 17:49:23.653141|[g:1][CONSENSUS][PBFT]checkAndChangeView: Reach consensus,org_view=77,org_changeCycle=0,cur_changeCycle=0,to_view=78
info|2019-11-22 17:49:24.672250|[g:1][CONSENSUS]addRawPrepare,height=1,reqIdx=2,hash=063c80e6...
info|2019-11-22 17:49:24.675656|[g:1][CONSENSUS][PBFT]checkTimeout Succ,view=78,toView=79,nodeIdx=3,changeCycle=0,myNode=bca00155...,timecost=3.349
info|2019-11-22 17:49:24.680981|[g:1][CONSENSUS][PBFT]checkAndChangeView: Reach consensus,org_view=78,org_changeCycle=0,cur_changeCycle=0,to_view=79
info|2019-11-22 17:49:25.684687|[g:1][CONSENSUS][SEALER]++++++++++++++++ Generating seal on,blkNum=1,tx=0,nodeIdx=3,hash=004305a1...
info|2019-11-22 17:49:25.702416|[g:1][CONSENSUS][PBFT]checkTimeout Succ,view=79,toView=80,nodeIdx=3,changeCycle=0,myNode=bca00155...,timecost=3.75
info|2019-11-22 17:49:25.703719|[g:1][CONSENSUS][PBFT]checkAndChangeView: Reach consensus,org_view=79,org_changeCycle=0,cur_changeCycle=0,to_view=80
info|2019-11-22 17:49:26.705456|[g:1][CONSENSUS]addRawPrepare,height=1,reqIdx=0,hash=ec1ebf22...
info|2019-11-22 17:49:26.726204|[g:1][CONSENSUS][PBFT]checkTimeout Succ,view=80,toView=81,nodeIdx=3,changeCycle=0,myNode=bca00155...,timecost=5.626
info|2019-11-22 17:49:26.746003|[g:1][CONSENSUS][PBFT]checkAndChangeView: Reach consensus,org_view=80,org_changeCycle=0,cur_changeCycle=0,to_view=81
info|2019-11-22 17:49:27.754472|[g:1][CONSENSUS]addRawPrepare,height=1,reqIdx=1,hash=770394b5...
info|2019-11-22 17:49:27.765968|[g:1][CONSENSUS][PBFT]checkTimeout Succ,view=81,toView=82,nodeIdx=3,changeCycle=0,myNode=bca00155...,timecost=10.821
info|2019-11-22 17:49:27.780220|[g:1][CONSENSUS][PBFT]checkAndChangeView: Reach consensus,org_view=81,org_changeCycle=0,cur_changeCycle=0,to_view=82
info|2019-11-22 17:49:28.792707|[g:1][CONSENSUS]addRawPrepare,height=1,reqIdx=2,hash=4ee027ae...
info|2019-11-22 17:49:28.804795|[g:1][CONSENSUS][PBFT]checkTimeout Succ,view=82,toView=83,nodeIdx=3,changeCycle=0,myNode=bca00155...,timecost=11.924
info|2019-11-22 17:49:28.830600|[g:1][CONSENSUS][PBFT]checkAndChangeView: Reach consensus,org_view=82,org_changeCycle=0,cur_changeCycle=0,to_view=83
info|2019-11-22 17:49:29.831463|[g:1][CONSENSUS][SEALER]++++++++++++++++ Generating seal on,blkNum=1,tx=0,nodeIdx=3,hash=a7b7d8de...
info|2019-11-22 17:49:29.865445|[g:1][CONSENSUS][PBFT]checkTimeout Succ,view=83,toView=84,nodeIdx=3,changeCycle=0,myNode=bca00155...,timecost=0.685
info|2019-11-22 17:49:29.878465|[g:1][CONSENSUS][PBFT]checkAndChangeView: Reach consensus,org_view=83,org_changeCycle=0,cur_changeCycle=0,to_view=84
info|2019-11-22 17:49:30.890819|[g:1][CONSENSUS]addRawPrepare,height=1,reqIdx=0,hash=33315434...
info|2019-11-22 17:49:30.913130|[g:1][CONSENSUS][PBFT]checkTimeout Succ,view=84,toView=85,nodeIdx=3,changeCycle=0,myNode=bca00155...,timecost=11.732
info|2019-11-22 17:49:30.947407|[g:1][CONSENSUS][PBFT]checkAndChangeView: Reach consensus,org_view=84,org_changeCycle=0,cur_changeCycle=0,to_view=85
info|2019-11-22 17:49:31.959074|[g:1][CONSENSUS]addRawPrepare,height=1,reqIdx=1,hash=1e90e0ee...
info|2019-11-22 17:49:31.968664|[g:1][CONSENSUS][PBFT]checkTimeout Succ,view=85,toView=86,nodeIdx=3,changeCycle=0,myNode=bca00155...,timecost=9.52
info|2019-11-22 17:49:31.980634|[g:1][CONSENSUS][PBFT]checkAndChangeView: Reach consensus,org_view=85,org_changeCycle=0,cur_changeCycle=0,to_view=86
info|2019-11-22 17:49:32.356583|[P2P][Service] heartBeat,connected count=3
info|2019-11-22 17:49:33.003243|[g:1][CONSENSUS][PBFT]Trigger fast-viewchange,view=86,toView=86,minView=87,INFO=,reqNum=0,curNum=0,GenIdx=0,Cview=87,view=86,fromIdx=0,fromNode=594c229d...,fromIp=127.0.0.1:30303,hash=a40b170d...,nodeIdx=3,myNode=bca00155...
info|2019-11-22 17:49:33.005894|[g:1][CONSENSUS][PBFT]checkAndChangeView: Reach consensus,org_view=86,org_changeCycle=0,cur_changeCycle=0,to_view=87
info|2019-11-22 17:49:33.007235|[g:1][CONSENSUS][PBFT]checkTimeout Succ,view=87,toView=87,nodeIdx=3,changeCycle=0,myNode=bca00155...,timecost=2.831
info|2019-11-22 17:49:34.007980|[g:1][CONSENSUS][SEALER]++++++++++++++++ Generating seal on,blkNum=1,tx=0,nodeIdx=3,hash=92bb11e4...
info|2019-11-22 17:49:34.024911|[g:1][CONSENSUS][PBFT]checkTimeout Succ,view=87,toView=88,nodeIdx=3,changeCycle=0,myNode=bca00155...,timecost=0.588
info|2019-11-22 17:49:34.029451|[g:1][CONSENSUS][PBFT]checkAndChangeView: Reach consensus,org_view=87,org_changeCycle=0,cur_changeCycle=0,to_view=88
info|2019-11-22 17:49:35.026581|[g:1][CONSENSUS]addRawPrepare,height=1,reqIdx=0,hash=9bb6d9a3...
info|2019-11-22 17:49:35.035720|[g:1][CONSENSUS][PBFT]checkTimeout Succ,view=88,toView=89,nodeIdx=3,changeCycle=0,myNode=bca00155...,timecost=0.656
info|2019-11-22 17:49:35.059681|[g:1][CONSENSUS][PBFT]checkAndChangeView: Reach consensus,org_view=88,org_changeCycle=0,cur_changeCycle=0,to_view=89
info|2019-11-22 17:49:36.087386|[g:1][CONSENSUS]addRawPrepare,height=1,reqIdx=1,hash=b11dd655...
info|2019-11-22 17:49:36.088299|[g:1][CONSENSUS][PBFT]checkTimeout Succ,view=89,toView=90,nodeIdx=3,changeCycle=0,myNode=bca00155...,timecost=0.815
info|2019-11-22 17:49:36.110877|[g:1][CONSENSUS][PBFT]checkAndChangeView: Reach consensus,org_view=89,org_changeCycle=0,cur_changeCycle=0,to_view=90
info|2019-11-22 17:49:37.131086|[g:1][CONSENSUS]addRawPrepare,height=1,reqIdx=2,hash=85e24d8f...
info|2019-11-22 17:49:37.135491|[g:1][CONSENSUS][PBFT]checkTimeout Succ,view=90,toView=91,nodeIdx=3,changeCycle=0,myNode=bca00155...,timecost=4.343
info|2019-11-22 17:49:37.139182|[g:1][CONSENSUS][PBFT]checkAndChangeView: Reach consensus,org_view=90,org_changeCycle=0,cur_changeCycle=0,to_view=91
info|2019-11-22 17:49:38.139201|[g:1][CONSENSUS][SEALER]++++++++++++++++ Generating seal on,blkNum=1,tx=0,nodeIdx=3,hash=025c702c...
info|2019-11-22 17:49:38.162236|[g:1][CONSENSUS][PBFT]checkTimeout Succ,view=91,toView=92,nodeIdx=3,changeCycle=0,myNode=bca00155...,timecost=0.269
info|2019-11-22 17:49:38.163512|[g:1][CONSENSUS][PBFT]checkAndChangeView: Reach consensus,org_view=91,org_changeCycle=0,cur_changeCycle=0,to_view=92
info|2019-11-22 17:49:39.160575|[g:1][CONSENSUS]addRawPrepare,height=1,reqIdx=0,hash=7fe8cb2c...
info|2019-11-22 17:49:39.161033|[g:1][CONSENSUS][PBFT]checkTimeout Succ,view=92,toView=93,nodeIdx=3,changeCycle=0,myNode=bca00155...,timecost=0.331
info|2019-11-22 17:49:39.170882|[g:1][CONSENSUS][PBFT]checkAndChangeView: Reach consensus,org_view=92,org_changeCycle=0,cur_changeCycle=0,to_view=93
info|2019-11-22 17:49:40.175053|[g:1][CONSENSUS]addRawPrepare,height=1,reqIdx=1,hash=2a04d584...
info|2019-11-22 17:49:40.175545|[g:1][CONSENSUS][PBFT]checkTimeout Succ,view=93,toView=94,nodeIdx=3,changeCycle=0,myNode=bca00155...,timecost=0.45
info|2019-11-22 17:49:40.186020|[g:1][CONSENSUS][PBFT]checkAndChangeView: Reach consensus,org_view=93,org_changeCycle=0,cur_changeCycle=0,to_view=94
info|2019-11-22 17:49:41.194972|[g:1][CONSENSUS]addRawPrepare,height=1,reqIdx=2,hash=ba02d577...
info|2019-11-22 17:49:41.200409|[g:1][CONSENSUS][PBFT]checkTimeout Succ,view=94,toView=95,nodeIdx=3,changeCycle=0,myNode=bca00155...,timecost=5.38
info|2019-11-22 17:49:41.235620|[g:1][CONSENSUS][PBFT]checkAndChangeView: Reach consensus,org_view=94,org_changeCycle=0,cur_changeCycle=0,to_view=95
info|2019-11-22 17:49:42.239533|[g:1][CONSENSUS][SEALER]++++++++++++++++ Generating seal on,blkNum=1,tx=0,nodeIdx=3,hash=7db912a8...
info|2019-11-22 17:49:42.282868|[g:1][CONSENSUS][PBFT]checkTimeout Succ,view=95,toView=96,nodeIdx=3,changeCycle=0,myNode=bca00155...,timecost=1.06
info|2019-11-22 17:49:42.291545|[g:1][CONSENSUS][PBFT]checkAndChangeView: Reach consensus,org_view=95,org_changeCycle=0,cur_changeCycle=0,to_view=96
info|2019-11-22 17:49:42.356676|[P2P][Service] heartBeat,connected count=3
info|2019-11-22 17:49:43.316997|[g:1][CONSENSUS]addRawPrepare,height=1,reqIdx=0,hash=d0612dec...
info|2019-11-22 17:49:43.332401|[g:1][CONSENSUS][PBFT]checkTimeout Succ,view=96,toView=97,nodeIdx=3,changeCycle=0,myNode=bca00155...,timecost=15.208
info|2019-11-22 17:49:43.336902|[g:1][CONSENSUS][PBFT]checkAndChangeView: Reach consensus,org_view=96,org_changeCycle=0,cur_changeCycle=0,to_view=97
info|2019-11-22 17:49:44.346130|[g:1][CONSENSUS]addRawPrepare,height=1,reqIdx=1,hash=77d4bde8...
info|2019-11-22 17:49:44.353723|[g:1][CONSENSUS][PBFT]checkTimeout Succ,view=97,toView=98,nodeIdx=3,changeCycle=0,myNode=bca00155...,timecost=3.086
info|2019-11-22 17:49:44.361566|[g:1][CONSENSUS][PBFT]checkAndChangeView: Reach consensus,org_view=97,org_changeCycle=0,cur_changeCycle=0,to_view=98
info|2019-11-22 17:49:45.372634|[g:1][CONSENSUS]addRawPrepare,height=1,reqIdx=2,hash=f86aebc0...
info|2019-11-22 17:49:45.372955|[g:1][CONSENSUS][PBFT]checkTimeout Succ,view=98,toView=99,nodeIdx=3,changeCycle=0,myNode=bca00155...,timecost=0.278
info|2019-11-22 17:49:45.378322|[g:1][CONSENSUS][PBFT]checkAndChangeView: Reach consensus,org_view=98,org_changeCycle=0,cur_changeCycle=0,to_view=99
info|2019-11-22 17:49:46.379188|[g:1][CONSENSUS][SEALER]++++++++++++++++ Generating seal on,blkNum=1,tx=0,nodeIdx=3,hash=ddb6ba5a...
info|2019-11-22 17:49:46.406658|[g:1][CONSENSUS][PBFT]checkTimeout Succ,view=99,toView=100,nodeIdx=3,changeCycle=0,myNode=bca00155...,timecost=0.509
info|2019-11-22 17:49:46.411720|[g:1][CONSENSUS][PBFT]checkAndChangeView: Reach consensus,org_view=99,org_changeCycle=0,cur_changeCycle=0,to_view=100
info|2019-11-22 17:49:47.406724|[g:1][CONSENSUS]addRawPrepare,height=1,reqIdx=0,hash=3bc1e9e9...
info|2019-11-22 17:49:47.419584|[g:1][CONSENSUS][PBFT]checkTimeout Succ,view=100,toView=101,nodeIdx=3,changeCycle=0,myNode=bca00155...,timecost=6.171
info|2019-11-22 17:49:47.430278|[g:1][CONSENSUS][PBFT]checkAndChangeView: Reach consensus,org_view=100,org_changeCycle=0,cur_changeCycle=0,to_view=101
info|2019-11-22 17:49:48.432458|[g:1][CONSENSUS]addRawPrepare,height=1,reqIdx=1,hash=68833f22...
info|2019-11-22 17:49:48.432957|[g:1][CONSENSUS][PBFT]checkTimeout Succ,view=101,toView=102,nodeIdx=3,changeCycle=0,myNode=bca00155...,timecost=0.375
info|2019-11-22 17:49:48.439157|[g:1][CONSENSUS][PBFT]checkAndChangeView: Reach consensus,org_view=101,org_changeCycle=0,cur_changeCycle=0,to_view=102
info|2019-11-22 17:49:49.453518|[g:1][CONSENSUS]addRawPrepare,height=1,reqIdx=2,hash=b5885826...
info|2019-11-22 17:49:49.453757|[g:1][CONSENSUS][PBFT]checkTimeout Succ,view=102,toView=103,nodeIdx=3,changeCycle=0,myNode=bca00155...,timecost=0.206
info|2019-11-22 17:49:49.458999|[g:1][CONSENSUS][PBFT]checkAndChangeView: Reach consensus,org_view=102,org_changeCycle=0,cur_changeCycle=0,to_view=103
info|2019-11-22 17:49:50.460013|[g:1][CONSENSUS][SEALER]++++++++++++++++ Generating seal on,blkNum=1,tx=0,nodeIdx=3,hash=593394b4...
info|2019-11-22 17:49:50.471527|[g:1][CONSENSUS][PBFT]checkTimeout Succ,view=103,toView=104,nodeIdx=3,changeCycle=0,myNode=bca00155...,timecost=0.225
info|2019-11-22 17:49:50.472691|[g:1][CONSENSUS][PBFT]checkAndChangeView: Reach consensus,org_view=103,org_changeCycle=0,cur_changeCycle=0,to_view=104
info|2019-11-22 17:49:51.469117|[g:1][CONSENSUS]addRawPrepare,height=1,reqIdx=0,hash=a66a4a3a...
info|2019-11-22 17:49:51.469448|[g:1][CONSENSUS][PBFT]checkTimeout Succ,view=104,toView=105,nodeIdx=3,changeCycle=0,myNode=bca00155...,timecost=0.254
info|2019-11-22 17:49:51.477354|[g:1][CONSENSUS][PBFT]checkAndChangeView: Reach consensus,org_view=104,org_changeCycle=0,cur_changeCycle=0,to_view=105
info|2019-11-22 17:49:52.356845|[P2P][Service] heartBeat,connected count=3
info|2019-11-22 17:49:52.487567|[g:1][CONSENSUS]addRawPrepare,height=1,reqIdx=1,hash=b7e9fde7...
info|2019-11-22 17:49:52.487957|[g:1][CONSENSUS][PBFT]checkTimeout Succ,view=105,toView=106,nodeIdx=3,changeCycle=0,myNode=bca00155...,timecost=0.339
info|2019-11-22 17:49:52.492522|[g:1][CONSENSUS][PBFT]checkAndChangeView: Reach consensus,org_view=105,org_changeCycle=0,cur_changeCycle=0,to_view=106
info|2019-11-22 17:49:53.498484|[g:1][CONSENSUS]addRawPrepare,height=1,reqIdx=2,hash=8092c5d8...
info|2019-11-22 17:49:53.498780|[g:1][CONSENSUS][PBFT]checkTimeout Succ,view=106,toView=107,nodeIdx=3,changeCycle=0,myNode=bca00155...,timecost=0.261
info|2019-11-22 17:49:53.503210|[g:1][CONSENSUS][PBFT]checkAndChangeView: Reach consensus,org_view=106,org_changeCycle=0,cur_changeCycle=0,to_view=107
info|2019-11-22 17:49:54.505271|[g:1][CONSENSUS][SEALER]++++++++++++++++ Generating seal on,blkNum=1,tx=0,nodeIdx=3,hash=396d6aa5...
info|2019-11-22 17:49:54.516083|[g:1][CONSENSUS][PBFT]checkTimeout Succ,view=107,toView=108,nodeIdx=3,changeCycle=0,myNode=bca00155...,timecost=0.241
info|2019-11-22 17:49:54.517073|[g:1][CONSENSUS][PBFT]checkAndChangeView: Reach consensus,org_view=107,org_changeCycle=0,cur_changeCycle=0,to_view=108
info|2019-11-22 17:49:55.516214|[g:1][CONSENSUS]addRawPrepare,height=1,reqIdx=0,hash=604a6c42...
info|2019-11-22 17:49:55.523070|[g:1][CONSENSUS][PBFT]checkTimeout Succ,view=108,toView=109,nodeIdx=3,changeCycle=0,myNode=bca00155...,timecost=6.682
info|2019-11-22 17:49:55.525916|[g:1][CONSENSUS][PBFT]checkAndChangeView: Reach consensus,org_view=108,org_changeCycle=0,cur_changeCycle=0,to_view=109
info|2019-11-22 17:49:56.526931|[g:1][CONSENSUS]addRawPrepare,height=1,reqIdx=1,hash=2ab35e23...
info|2019-11-22 17:49:56.527243|[g:1][CONSENSUS][PBFT]checkTimeout Succ,view=109,toView=110,nodeIdx=3,changeCycle=0,myNode=bca00155...,timecost=0.284
info|2019-11-22 17:49:56.537157|[g:1][CONSENSUS][PBFT]checkAndChangeView: Reach consensus,org_view=109,org_changeCycle=0,cur_changeCycle=0,to_view=110
info|2019-11-22 17:49:57.542803|[g:1][CONSENSUS]addRawPrepare,height=1,reqIdx=2,hash=867f3d55...
info|2019-11-22 17:49:57.543085|[g:1][CONSENSUS][PBFT]checkTimeout Succ,view=110,toView=111,nodeIdx=3,changeCycle=0,myNode=bca00155...,timecost=0.242
info|2019-11-22 17:49:57.543558|[g:1][CONSENSUS][PBFT]checkAndChangeView: Reach consensus,org_view=110,org_changeCycle=0,cur_changeCycle=0,to_view=111
info|2019-11-22 17:49:58.554007|[g:1][CONSENSUS][SEALER]++++++++++++++++ Generating seal on,blkNum=1,tx=0,nodeIdx=3,hash=fa50d490...
info|2019-11-22 17:49:58.583194|[g:1][CONSENSUS][PBFT]checkTimeout Succ,view=111,toView=112,nodeIdx=3,changeCycle=0,myNode=bca00155...,timecost=0.92
info|2019-11-22 17:49:58.587619|[g:1][CONSENSUS][PBFT]checkAndChangeView: Reach consensus,org_view=111,org_changeCycle=0,cur_changeCycle=0,to_view=112
info|2019-11-22 17:49:59.589714|[g:1][CONSENSUS]addRawPrepare,height=1,reqIdx=0,hash=10b1a2fa...
info|2019-11-22 17:49:59.590049|[g:1][CONSENSUS][PBFT]checkTimeout Succ,view=112,toView=113,nodeIdx=3,changeCycle=0,myNode=bca00155...,timecost=0.237
info|2019-11-22 17:49:59.593952|[g:1][CONSENSUS][PBFT]checkAndChangeView: Reach consensus,org_view=112,org_changeCycle=0,cur_changeCycle=0,to_view=113
info|2019-11-22 17:50:00.608397|[g:1][CONSENSUS]addRawPrepare,height=1,reqIdx=1,hash=119eb39e...
info|2019-11-22 17:50:00.621799|[g:1][CONSENSUS][PBFT]checkTimeout Succ,view=113,toView=114,nodeIdx=3,changeCycle=0,myNode=bca00155...,timecost=13.125
info|2019-11-22 17:50:00.666531|[g:1][CONSENSUS][PBFT]checkAndChangeView: Reach consensus,org_view=113,org_changeCycle=0,cur_changeCycle=0,to_view=114
info|2019-11-22 17:50:01.689225|[g:1][CONSENSUS]addRawPrepare,height=1,reqIdx=2,hash=2de1e56c...
info|2019-11-22 17:50:01.720110|[g:1][CONSENSUS][PBFT]checkTimeout Succ,view=114,toView=115,nodeIdx=3,changeCycle=0,myNode=bca00155...,timecost=22.768
info|2019-11-22 17:50:01.794921|[g:1][CONSENSUS][PBFT]checkAndChangeView: Reach consensus,org_view=114,org_changeCycle=0,cur_changeCycle=0,to_view=115
info|2019-11-22 17:50:02.357929|[P2P][Service] heartBeat,connected count=3
info|2019-11-22 17:50:02.800191|[g:1][CONSENSUS][SEALER]++++++++++++++++ Generating seal on,blkNum=1,tx=0,nodeIdx=3,hash=50f44e26...
info|2019-11-22 17:50:02.827519|[g:1][CONSENSUS][PBFT]checkTimeout Succ,view=115,toView=116,nodeIdx=3,changeCycle=0,myNode=bca00155...,timecost=0.342
info|2019-11-22 17:50:02.828903|[g:1][CONSENSUS][PBFT]checkAndChangeView: Reach consensus,org_view=115,org_changeCycle=0,cur_changeCycle=0,to_view=116
info|2019-11-22 17:50:03.824978|[g:1][CONSENSUS]addRawPrepare,height=1,reqIdx=0,hash=0a709e40...
info|2019-11-22 17:50:03.841591|[g:1][CONSENSUS][PBFT]checkTimeout Succ,view=116,toView=117,nodeIdx=3,changeCycle=0,myNode=bca00155...,timecost=3.553
info|2019-11-22 17:50:03.884320|[g:1][CONSENSUS][PBFT]checkAndChangeView: Reach consensus,org_view=116,org_changeCycle=0,cur_changeCycle=0,to_view=117
info|2019-11-22 17:50:04.895897|[g:1][CONSENSUS]addRawPrepare,height=1,reqIdx=1,hash=513d00ea...
info|2019-11-22 17:50:04.899193|[g:1][CONSENSUS][PBFT]checkTimeout Succ,view=117,toView=118,nodeIdx=3,changeCycle=0,myNode=bca00155...,timecost=2.77
info|2019-11-22 17:50:04.901075|[g:1][CONSENSUS][PBFT]checkAndChangeView: Reach consensus,org_view=117,org_changeCycle=0,cur_changeCycle=0,to_view=118
info|2019-11-22 17:50:05.912985|[g:1][CONSENSUS]addRawPrepare,height=1,reqIdx=2,hash=ae526c1d...
info|2019-11-22 17:50:05.926226|[g:1][CONSENSUS][PBFT]checkTimeout Succ,view=118,toView=119,nodeIdx=3,changeCycle=0,myNode=bca00155...,timecost=12.899
info|2019-11-22 17:50:05.979016|[g:1][CONSENSUS][PBFT]checkAndChangeView: Reach consensus,org_view=118,org_changeCycle=0,cur_changeCycle=0,to_view=119
info|2019-11-22 17:50:06.982206|[g:1][CONSENSUS][SEALER]++++++++++++++++ Generating seal on,blkNum=1,tx=0,nodeIdx=3,hash=2339c497...
info|2019-11-22 17:50:07.002663|[g:1][CONSENSUS][PBFT]checkTimeout Succ,view=119,toView=120,nodeIdx=3,changeCycle=0,myNode=bca00155...,timecost=1.053
info|2019-11-22 17:50:07.008514|[g:1][CONSENSUS][PBFT]checkAndChangeView: Reach consensus,org_view=119,org_changeCycle=0,cur_changeCycle=0,to_view=120
info|2019-11-22 17:50:08.021817|[g:1][CONSENSUS]addRawPrepare,height=1,reqIdx=0,hash=0793fc10...
info|2019-11-22 17:50:08.045838|[g:1][CONSENSUS][PBFT]checkTimeout Succ,view=120,toView=121,nodeIdx=3,changeCycle=0,myNode=bca00155...,timecost=11.024
info|2019-11-22 17:50:08.077437|[g:1][CONSENSUS][PBFT]checkAndChangeView: Reach consensus,org_view=120,org_changeCycle=0,cur_changeCycle=0,to_view=121
info|2019-11-22 17:50:09.082894|[g:1][CONSENSUS]addRawPrepare,height=1,reqIdx=1,hash=2e065ba7...
info|2019-11-22 17:50:09.088864|[g:1][CONSENSUS][PBFT]checkTimeout Succ,view=121,toView=122,nodeIdx=3,changeCycle=0,myNode=bca00155...,timecost=5.916
info|2019-11-22 17:50:09.093635|[g:1][CONSENSUS][PBFT]checkAndChangeView: Reach consensus,org_view=121,org_changeCycle=0,cur_changeCycle=0,to_view=122
info|2019-11-22 17:50:10.108389|[g:1][CONSENSUS]addRawPrepare,height=1,reqIdx=2,hash=ea948bae...
info|2019-11-22 17:50:10.140577|[g:1][CONSENSUS][PBFT]checkTimeout Succ,view=122,toView=123,nodeIdx=3,changeCycle=0,myNode=bca00155...,timecost=31.752
info|2019-11-22 17:50:10.164462|[g:1][CONSENSUS][PBFT]checkAndChangeView: Reach consensus,org_view=122,org_changeCycle=0,cur_changeCycle=0,to_view=123
info|2019-11-22 17:50:11.165960|[g:1][CONSENSUS][SEALER]++++++++++++++++ Generating seal on,blkNum=1,tx=0,nodeIdx=3,hash=1ade8b05...
info|2019-11-22 17:50:11.194462|[g:1][CONSENSUS][PBFT]checkTimeout Succ,view=123,toView=124,nodeIdx=3,changeCycle=0,myNode=bca00155...,timecost=1.385
info|2019-11-22 17:50:11.200667|[g:1][CONSENSUS][PBFT]checkAndChangeView: Reach consensus,org_view=123,org_changeCycle=0,cur_changeCycle=0,to_view=124
info|2019-11-22 17:50:12.203054|[g:1][CONSENSUS]addRawPrepare,height=1,reqIdx=0,hash=7c1c2c2e...
info|2019-11-22 17:50:12.203662|[g:1][CONSENSUS][PBFT]checkTimeout Succ,view=124,toView=125,nodeIdx=3,changeCycle=0,myNode=bca00155...,timecost=0.47
info|2019-11-22 17:50:12.217520|[g:1][CONSENSUS][PBFT]checkAndChangeView: Reach consensus,org_view=124,org_changeCycle=0,cur_changeCycle=0,to_view=125
info|2019-11-22 17:50:12.358027|[P2P][Service] heartBeat,connected count=3
info|2019-11-22 17:50:13.229354|[g:1][CONSENSUS][PBFT]Trigger fast-viewchange,view=125,toView=125,minView=126,INFO=,reqNum=0,curNum=0,GenIdx=0,Cview=126,view=125,fromIdx=0,fromNode=594c229d...,fromIp=127.0.0.1:30303,hash=a40b170d...,nodeIdx=3,myNode=bca00155...
info|2019-11-22 17:50:13.229664|[g:1][CONSENSUS][PBFT]checkAndChangeView: Reach consensus,org_view=125,org_changeCycle=0,cur_changeCycle=0,to_view=126
info|2019-11-22 17:50:13.229673|[g:1][CONSENSUS][PBFT]checkTimeout Succ,view=126,toView=126,nodeIdx=3,changeCycle=0,myNode=bca00155...,timecost=0.258
info|2019-11-22 17:50:14.242246|[g:1][CONSENSUS]addRawPrepare,height=1,reqIdx=2,hash=68fdfeeb...
info|2019-11-22 17:50:14.250126|[g:1][CONSENSUS][PBFT]checkTimeout Succ,view=126,toView=127,nodeIdx=3,changeCycle=0,myNode=bca00155...,timecost=7.831
info|2019-11-22 17:50:14.262094|[g:1][CONSENSUS][PBFT]checkAndChangeView: Reach consensus,org_view=126,org_changeCycle=0,cur_changeCycle=0,to_view=127
info|2019-11-22 17:50:15.275574|[g:1][CONSENSUS][SEALER]++++++++++++++++ Generating seal on,blkNum=1,tx=0,nodeIdx=3,hash=47ef0869...
info|2019-11-22 17:50:15.322869|[g:1][CONSENSUS][PBFT]checkTimeout Succ,view=127,toView=128,nodeIdx=3,changeCycle=0,myNode=bca00155...,timecost=1.677
info|2019-11-22 17:50:15.340327|[g:1][CONSENSUS][PBFT]checkAndChangeView: Reach consensus,org_view=127,org_changeCycle=0,cur_changeCycle=0,to_view=128
info|2019-11-22 17:50:16.361673|[g:1][CONSENSUS]addRawPrepare,height=1,reqIdx=0,hash=43e69738...
info|2019-11-22 17:50:16.361979|[g:1][CONSENSUS][PBFT]checkTimeout Succ,view=128,toView=129,nodeIdx=3,changeCycle=0,myNode=bca00155...,timecost=0.206
info|2019-11-22 17:50:16.367433|[g:1][CONSENSUS][PBFT]checkAndChangeView: Reach consensus,org_view=128,org_changeCycle=0,cur_changeCycle=0,to_view=129
info|2019-11-22 17:50:17.371624|[g:1][CONSENSUS]addRawPrepare,height=1,reqIdx=1,hash=70b3374b...
info|2019-11-22 17:50:17.374796|[g:1][CONSENSUS][PBFT]checkTimeout Succ,view=129,toView=130,nodeIdx=3,changeCycle=0,myNode=bca00155...,timecost=3.132
info|2019-11-22 17:50:17.384481|[g:1][CONSENSUS][PBFT]checkAndChangeView: Reach consensus,org_view=129,org_changeCycle=0,cur_changeCycle=0,to_view=130
info|2019-11-22 17:50:18.387577|[g:1][CONSENSUS]addRawPrepare,height=1,reqIdx=2,hash=43e1f592...
info|2019-11-22 17:50:18.387858|[g:1][CONSENSUS][PBFT]checkTimeout Succ,view=130,toView=131,nodeIdx=3,changeCycle=0,myNode=bca00155...,timecost=0.256
info|2019-11-22 17:50:18.390132|[g:1][CONSENSUS][PBFT]checkAndChangeView: Reach consensus,org_view=130,org_changeCycle=0,cur_changeCycle=0,to_view=131
info|2019-11-22 17:50:19.390332|[g:1][CONSENSUS][SEALER]++++++++++++++++ Generating seal on,blkNum=1,tx=0,nodeIdx=3,hash=133014cd...
info|2019-11-22 17:50:19.402577|[g:1][CONSENSUS][PBFT]checkTimeout Succ,view=131,toView=132,nodeIdx=3,changeCycle=0,myNode=bca00155...,timecost=0.221
info|2019-11-22 17:50:19.405723|[g:1][CONSENSUS][PBFT]checkAndChangeView: Reach consensus,org_view=131,org_changeCycle=0,cur_changeCycle=0,to_view=132
info|2019-11-22 17:50:20.402667|[g:1][CONSENSUS]addRawPrepare,height=1,reqIdx=0,hash=2d88694a...
info|2019-11-22 17:50:20.402992|[g:1][CONSENSUS][PBFT]checkTimeout Succ,view=132,toView=133,nodeIdx=3,changeCycle=0,myNode=bca00155...,timecost=0.204
info|2019-11-22 17:50:20.406663|[g:1][CONSENSUS][PBFT]checkAndChangeView: Reach consensus,org_view=132,org_changeCycle=0,cur_changeCycle=0,to_view=133
info|2019-11-22 17:50:21.423802|[g:1][CONSENSUS]addRawPrepare,height=1,reqIdx=1,hash=59922c7d...
info|2019-11-22 17:50:21.424047|[g:1][CONSENSUS][PBFT]checkTimeout Succ,view=133,toView=134,nodeIdx=3,changeCycle=0,myNode=bca00155...,timecost=0.215
info|2019-11-22 17:50:21.424385|[g:1][CONSENSUS][PBFT]checkAndChangeView: Reach consensus,org_view=133,org_changeCycle=0,cur_changeCycle=0,to_view=134
info|2019-11-22 17:50:22.358082|[P2P][Service] heartBeat,connected count=3
info|2019-11-22 17:50:22.428759|[g:1][CONSENSUS]addRawPrepare,height=1,reqIdx=2,hash=641305b6...
info|2019-11-22 17:50:22.428987|[g:1][CONSENSUS][PBFT]checkTimeout Succ,view=134,toView=135,nodeIdx=3,changeCycle=0,myNode=bca00155...,timecost=0.204
info|2019-11-22 17:50:22.432757|[g:1][CONSENSUS][PBFT]checkAndChangeView: Reach consensus,org_view=134,org_changeCycle=0,cur_changeCycle=0,to_view=135
info|2019-11-22 17:50:23.432288|[g:1][CONSENSUS][SEALER]++++++++++++++++ Generating seal on,blkNum=1,tx=0,nodeIdx=3,hash=a34de325...
info|2019-11-22 17:50:23.444777|[g:1][CONSENSUS][PBFT]checkTimeout Succ,view=135,toView=136,nodeIdx=3,changeCycle=0,myNode=bca00155...,timecost=0.376
info|2019-11-22 17:50:23.446726|[g:1][CONSENSUS][PBFT]checkAndChangeView: Reach consensus,org_view=135,org_changeCycle=0,cur_changeCycle=0,to_view=136
info|2019-11-22 17:50:25.039256|[g:1][CONSENSUS]addRawPrepare,height=1,reqIdx=0,hash=a3758e9b...
info|2019-11-22 17:50:25.045059|[g:1][CONSENSUS][PBFT]checkTimeout Succ,view=136,toView=137,nodeIdx=3,changeCycle=0,myNode=bca00155...,timecost=4.175
info|2019-11-22 17:50:25.325193|[g:1][CONSENSUS][PBFT]checkAndChangeView: Reach consensus,org_view=136,org_changeCycle=0,cur_changeCycle=0,to_view=137
info|2019-11-22 17:50:26.235239|[g:1][CONSENSUS]addRawPrepare,height=1,reqIdx=1,hash=14f9bc6e...
info|2019-11-22 17:50:26.237123|[g:1][CONSENSUS][PBFT]checkTimeout Succ,view=137,toView=138,nodeIdx=3,changeCycle=0,myNode=bca00155...,timecost=1.843
info|2019-11-22 17:50:26.241573|[g:1][CONSENSUS][PBFT]checkAndChangeView: Reach consensus,org_view=137,org_changeCycle=0,cur_changeCycle=0,to_view=138
info|2019-11-22 17:50:27.249277|[g:1][CONSENSUS]addRawPrepare,height=1,reqIdx=2,hash=8e686fff...
info|2019-11-22 17:50:27.249657|[g:1][CONSENSUS][PBFT]checkTimeout Succ,view=138,toView=139,nodeIdx=3,changeCycle=0,myNode=bca00155...,timecost=0.341
info|2019-11-22 17:50:27.252765|[g:1][CONSENSUS][PBFT]checkAndChangeView: Reach consensus,org_view=138,org_changeCycle=0,cur_changeCycle=0,to_view=139
info|2019-11-22 17:50:28.254278|[g:1][CONSENSUS][SEALER]++++++++++++++++ Generating seal on,blkNum=1,tx=0,nodeIdx=3,hash=3344ac85...
info|2019-11-22 17:50:28.265536|[g:1][CONSENSUS][PBFT]checkTimeout Succ,view=139,toView=140,nodeIdx=3,changeCycle=0,myNode=bca00155...,timecost=0.424
info|2019-11-22 17:50:28.267642|[g:1][CONSENSUS][PBFT]checkAndChangeView: Reach consensus,org_view=139,org_changeCycle=0,cur_changeCycle=0,to_view=140
info|2019-11-22 17:50:29.265423|[g:1][CONSENSUS]addRawPrepare,height=1,reqIdx=0,hash=d8dcb3b2...
info|2019-11-22 17:50:29.269612|[g:1][CONSENSUS][PBFT]checkTimeout Succ,view=140,toView=141,nodeIdx=3,changeCycle=0,myNode=bca00155...,timecost=4.067
info|2019-11-22 17:50:29.274004|[g:1][CONSENSUS][PBFT]checkAndChangeView: Reach consensus,org_view=140,org_changeCycle=0,cur_changeCycle=0,to_view=141
info|2019-11-22 17:50:30.277879|[g:1][CONSENSUS]addRawPrepare,height=1,reqIdx=1,hash=b09e394f...
info|2019-11-22 17:50:30.278264|[g:1][CONSENSUS][PBFT]checkTimeout Succ,view=141,toView=142,nodeIdx=3,changeCycle=0,myNode=bca00155...,timecost=0.347
info|2019-11-22 17:50:30.282288|[g:1][CONSENSUS][PBFT]checkAndChangeView: Reach consensus,org_view=141,org_changeCycle=0,cur_changeCycle=0,to_view=142
info|2019-11-22 17:50:31.285398|[g:1][CONSENSUS]addRawPrepare,height=1,reqIdx=2,hash=d38ce341...
info|2019-11-22 17:50:31.285668|[g:1][CONSENSUS][PBFT]checkTimeout Succ,view=142,toView=143,nodeIdx=3,changeCycle=0,myNode=bca00155...,timecost=0.247
info|2019-11-22 17:50:31.287422|[g:1][CONSENSUS][PBFT]checkAndChangeView: Reach consensus,org_view=142,org_changeCycle=0,cur_changeCycle=0,to_view=143
info|2019-11-22 17:50:32.288143|[g:1][CONSENSUS][SEALER]++++++++++++++++ Generating seal on,blkNum=1,tx=0,nodeIdx=3,hash=2e47b2f3...
info|2019-11-22 17:50:32.295373|[g:1][CONSENSUS][PBFT]checkTimeout Succ,view=143,toView=144,nodeIdx=3,changeCycle=0,myNode=bca00155...,timecost=0.224
info|2019-11-22 17:50:32.296452|[g:1][CONSENSUS][PBFT]checkAndChangeView: Reach consensus,org_view=143,org_changeCycle=0,cur_changeCycle=0,to_view=144
info|2019-11-22 17:50:32.358189|[P2P][Service] heartBeat,connected count=3
info|2019-11-22 17:50:33.297215|[g:1][CONSENSUS]addRawPrepare,height=1,reqIdx=0,hash=2cf2ac55...
info|2019-11-22 17:50:33.297509|[g:1][CONSENSUS][PBFT]checkTimeout Succ,view=144,toView=145,nodeIdx=3,changeCycle=0,myNode=bca00155...,timecost=0.218
info|2019-11-22 17:50:33.304136|[g:1][CONSENSUS][PBFT]checkAndChangeView: Reach consensus,org_view=144,org_changeCycle=0,cur_changeCycle=0,to_view=145
info|2019-11-22 17:50:34.310084|[g:1][CONSENSUS]addRawPrepare,height=1,reqIdx=1,hash=970a5bf4...
info|2019-11-22 17:50:34.310411|[g:1][CONSENSUS][PBFT]checkTimeout Succ,view=145,toView=146,nodeIdx=3,changeCycle=0,myNode=bca00155...,timecost=0.3
info|2019-11-22 17:50:34.314783|[g:1][CONSENSUS][PBFT]checkAndChangeView: Reach consensus,org_view=145,org_changeCycle=0,cur_changeCycle=0,to_view=146
info|2019-11-22 17:50:35.319111|[g:1][CONSENSUS]addRawPrepare,height=1,reqIdx=2,hash=01371e7c...
info|2019-11-22 17:50:35.319346|[g:1][CONSENSUS][PBFT]checkTimeout Succ,view=146,toView=147,nodeIdx=3,changeCycle=0,myNode=bca00155...,timecost=0.21
info|2019-11-22 17:50:35.324601|[g:1][CONSENSUS][PBFT]checkAndChangeView: Reach consensus,org_view=146,org_changeCycle=0,cur_changeCycle=0,to_view=147
info|2019-11-22 17:50:36.325216|[g:1][CONSENSUS][SEALER]++++++++++++++++ Generating seal on,blkNum=1,tx=0,nodeIdx=3,hash=bb361a93...
info|2019-11-22 17:50:36.336487|[g:1][CONSENSUS][PBFT]checkTimeout Succ,view=147,toView=148,nodeIdx=3,changeCycle=0,myNode=bca00155...,timecost=0.331
info|2019-11-22 17:50:36.338067|[g:1][CONSENSUS][PBFT]checkAndChangeView: Reach consensus,org_view=147,org_changeCycle=0,cur_changeCycle=0,to_view=148
info|2019-11-22 17:50:37.336184|[g:1][CONSENSUS]addRawPrepare,height=1,reqIdx=0,hash=02cb4096...
info|2019-11-22 17:50:37.336482|[g:1][CONSENSUS][PBFT]checkTimeout Succ,view=148,toView=149,nodeIdx=3,changeCycle=0,myNode=bca00155...,timecost=0.217
info|2019-11-22 17:50:37.341083|[g:1][CONSENSUS][PBFT]checkAndChangeView: Reach consensus,org_view=148,org_changeCycle=0,cur_changeCycle=0,to_view=149
info|2019-11-22 17:50:38.344040|[g:1][CONSENSUS]addRawPrepare,height=1,reqIdx=1,hash=b673cff3...
info|2019-11-22 17:50:38.344275|[g:1][CONSENSUS][PBFT]checkTimeout Succ,view=149,toView=150,nodeIdx=3,changeCycle=0,myNode=bca00155...,timecost=0.209
info|2019-11-22 17:50:38.345717|[g:1][CONSENSUS][PBFT]checkAndChangeView: Reach consensus,org_view=149,org_changeCycle=0,cur_changeCycle=0,to_view=150
info|2019-11-22 17:50:39.351823|[g:1][CONSENSUS]addRawPrepare,height=1,reqIdx=2,hash=065dd0c4...
info|2019-11-22 17:50:39.352050|[g:1][CONSENSUS][PBFT]checkTimeout Succ,view=150,toView=151,nodeIdx=3,changeCycle=0,myNode=bca00155...,timecost=0.201
info|2019-11-22 17:50:39.354193|[g:1][CONSENSUS][PBFT]checkAndChangeView: Reach consensus,org_view=150,org_changeCycle=0,cur_changeCycle=0,to_view=151
info|2019-11-22 17:50:40.355719|[g:1][CONSENSUS][SEALER]++++++++++++++++ Generating seal on,blkNum=1,tx=0,nodeIdx=3,hash=f13c20d6...
info|2019-11-22 17:50:40.362991|[g:1][CONSENSUS][PBFT]checkTimeout Succ,view=151,toView=152,nodeIdx=3,changeCycle=0,myNode=bca00155...,timecost=0.248
info|2019-11-22 17:50:40.364110|[g:1][CONSENSUS][PBFT]checkAndChangeView: Reach consensus,org_view=151,org_changeCycle=0,cur_changeCycle=0,to_view=152
info|2019-11-22 17:50:41.362772|[g:1][CONSENSUS]addRawPrepare,height=1,reqIdx=0,hash=19bfc83a...
info|2019-11-22 17:50:41.363055|[g:1][CONSENSUS][PBFT]checkTimeout Succ,view=152,toView=153,nodeIdx=3,changeCycle=0,myNode=bca00155...,timecost=0.201
info|2019-11-22 17:50:41.366901|[g:1][CONSENSUS][PBFT]checkAndChangeView: Reach consensus,org_view=152,org_changeCycle=0,cur_changeCycle=0,to_view=153
info|2019-11-22 17:50:42.358265|[P2P][Service] heartBeat,connected count=3
info|2019-11-22 17:50:42.372597|[g:1][CONSENSUS]addRawPrepare,height=1,reqIdx=1,hash=b2bc7502...
info|2019-11-22 17:50:42.372980|[g:1][CONSENSUS][PBFT]checkTimeout Succ,view=153,toView=154,nodeIdx=3,changeCycle=0,myNode=bca00155...,timecost=0.325
info|2019-11-22 17:50:42.379303|[g:1][CONSENSUS][PBFT]checkAndChangeView: Reach consensus,org_view=153,org_changeCycle=0,cur_changeCycle=0,to_view=154
info|2019-11-22 17:50:43.379623|[g:1][CONSENSUS]addRawPrepare,height=1,reqIdx=2,hash=65da6bbf...
info|2019-11-22 17:50:43.379857|[g:1][CONSENSUS][PBFT]checkTimeout Succ,view=154,toView=155,nodeIdx=3,changeCycle=0,myNode=bca00155...,timecost=0.209
info|2019-11-22 17:50:43.381714|[g:1][CONSENSUS][PBFT]checkAndChangeView: Reach consensus,org_view=154,org_changeCycle=0,cur_changeCycle=0,to_view=155
info|2019-11-22 17:50:44.383137|[g:1][CONSENSUS][SEALER]++++++++++++++++ Generating seal on,blkNum=1,tx=0,nodeIdx=3,hash=153c90f2...
info|2019-11-22 17:50:44.390653|[g:1][CONSENSUS][PBFT]checkTimeout Succ,view=155,toView=156,nodeIdx=3,changeCycle=0,myNode=bca00155...,timecost=0.238
info|2019-11-22 17:50:44.391818|[g:1][CONSENSUS][PBFT]checkAndChangeView: Reach consensus,org_view=155,org_changeCycle=0,cur_changeCycle=0,to_view=156
info|2019-11-22 17:50:45.388940|[g:1][CONSENSUS]addRawPrepare,height=1,reqIdx=0,hash=4a564f3e...
info|2019-11-22 17:50:45.389212|[g:1][CONSENSUS][PBFT]checkTimeout Succ,view=156,toView=157,nodeIdx=3,changeCycle=0,myNode=bca00155...,timecost=0.2
info|2019-11-22 17:50:45.392806|[g:1][CONSENSUS][PBFT]checkAndChangeView: Reach consensus,org_view=156,org_changeCycle=0,cur_changeCycle=0,to_view=157
info|2019-11-22 17:50:46.396400|[g:1][CONSENSUS]addRawPrepare,height=1,reqIdx=1,hash=01dfd56c...
info|2019-11-22 17:50:46.396643|[g:1][CONSENSUS][PBFT]checkTimeout Succ,view=157,toView=158,nodeIdx=3,changeCycle=0,myNode=bca00155...,timecost=0.218
info|2019-11-22 17:50:46.399574|[g:1][CONSENSUS][PBFT]checkAndChangeView: Reach consensus,org_view=157,org_changeCycle=0,cur_changeCycle=0,to_view=158
info|2019-11-22 17:50:47.404362|[g:1][CONSENSUS]addRawPrepare,height=1,reqIdx=2,hash=327afb28...
info|2019-11-22 17:50:47.407275|[g:1][CONSENSUS][PBFT]checkTimeout Succ,view=158,toView=159,nodeIdx=3,changeCycle=0,myNode=bca00155...,timecost=2.888
info|2019-11-22 17:50:47.408960|[g:1][CONSENSUS][PBFT]checkAndChangeView: Reach consensus,org_view=158,org_changeCycle=0,cur_changeCycle=0,to_view=159
info|2019-11-22 17:50:48.409218|[g:1][CONSENSUS][SEALER]++++++++++++++++ Generating seal on,blkNum=1,tx=0,nodeIdx=3,hash=cd226889...
info|2019-11-22 17:50:48.416059|[g:1][CONSENSUS][PBFT]checkTimeout Succ,view=159,toView=160,nodeIdx=3,changeCycle=0,myNode=bca00155...,timecost=0.219
info|2019-11-22 17:50:48.417421|[g:1][CONSENSUS][PBFT]checkAndChangeView: Reach consensus,org_view=159,org_changeCycle=0,cur_changeCycle=0,to_view=160
info|2019-11-22 17:50:49.418229|[g:1][CONSENSUS]addRawPrepare,height=1,reqIdx=0,hash=3d41db9c...
info|2019-11-22 17:50:49.418680|[g:1][CONSENSUS][PBFT]checkTimeout Succ,view=160,toView=161,nodeIdx=3,changeCycle=0,myNode=bca00155...,timecost=0.303
info|2019-11-22 17:50:49.425180|[g:1][CONSENSUS][PBFT]checkAndChangeView: Reach consensus,org_view=160,org_changeCycle=0,cur_changeCycle=0,to_view=161
info|2019-11-22 17:50:50.429914|[g:1][CONSENSUS]addRawPrepare,height=1,reqIdx=1,hash=7b13c076...
info|2019-11-22 17:50:50.438923|[g:1][CONSENSUS][PBFT]checkTimeout Succ,view=161,toView=162,nodeIdx=3,changeCycle=0,myNode=bca00155...,timecost=4.541
info|2019-11-22 17:50:50.440278|[g:1][CONSENSUS][PBFT]checkAndChangeView: Reach consensus,org_view=161,org_changeCycle=0,cur_changeCycle=0,to_view=162
info|2019-11-22 17:50:51.444794|[g:1][CONSENSUS]addRawPrepare,height=1,reqIdx=2,hash=45fbd863...
info|2019-11-22 17:50:51.445030|[g:1][CONSENSUS][PBFT]checkTimeout Succ,view=162,toView=163,nodeIdx=3,changeCycle=0,myNode=bca00155...,timecost=0.21
info|2019-11-22 17:50:51.447893|[g:1][CONSENSUS][PBFT]checkAndChangeView: Reach consensus,org_view=162,org_changeCycle=0,cur_changeCycle=0,to_view=163
info|2019-11-22 17:50:52.358334|[P2P][Service] heartBeat,connected count=3
info|2019-11-22 17:50:52.448295|[g:1][CONSENSUS][SEALER]++++++++++++++++ Generating seal on,blkNum=1,tx=0,nodeIdx=3,hash=972c8c7c...
info|2019-11-22 17:50:52.456450|[g:1][CONSENSUS][PBFT]checkTimeout Succ,view=163,toView=164,nodeIdx=3,changeCycle=0,myNode=bca00155...,timecost=0.252
info|2019-11-22 17:50:52.457565|[g:1][CONSENSUS][PBFT]checkAndChangeView: Reach consensus,org_view=163,org_changeCycle=0,cur_changeCycle=0,to_view=164
info|2019-11-22 17:50:53.456233|[g:1][CONSENSUS]addRawPrepare,height=1,reqIdx=0,hash=a169e36b...
info|2019-11-22 17:50:53.456516|[g:1][CONSENSUS][PBFT]checkTimeout Succ,view=164,toView=165,nodeIdx=3,changeCycle=0,myNode=bca00155...,timecost=0.204
info|2019-11-22 17:50:53.461338|[g:1][CONSENSUS][PBFT]checkAndChangeView: Reach consensus,org_view=164,org_changeCycle=0,cur_changeCycle=0,to_view=165
info|2019-11-22 17:50:54.463264|[g:1][CONSENSUS]addRawPrepare,height=1,reqIdx=1,hash=29680493...
info|2019-11-22 17:50:54.463516|[g:1][CONSENSUS][PBFT]checkTimeout Succ,view=165,toView=166,nodeIdx=3,changeCycle=0,myNode=bca00155...,timecost=0.218
info|2019-11-22 17:50:54.465549|[g:1][CONSENSUS][PBFT]checkAndChangeView: Reach consensus,org_view=165,org_changeCycle=0,cur_changeCycle=0,to_view=166
info|2019-11-22 17:50:55.469726|[g:1][CONSENSUS]addRawPrepare,height=1,reqIdx=2,hash=0b80d47b...
info|2019-11-22 17:50:55.470029|[g:1][CONSENSUS][PBFT]checkTimeout Succ,view=166,toView=167,nodeIdx=3,changeCycle=0,myNode=bca00155...,timecost=0.274
info|2019-11-22 17:50:55.473324|[g:1][CONSENSUS][PBFT]checkAndChangeView: Reach consensus,org_view=166,org_changeCycle=0,cur_changeCycle=0,to_view=167
info|2019-11-22 17:50:56.473838|[g:1][CONSENSUS][SEALER]++++++++++++++++ Generating seal on,blkNum=1,tx=0,nodeIdx=3,hash=0d55d096...
info|2019-11-22 17:50:56.484594|[g:1][CONSENSUS][PBFT]checkTimeout Succ,view=167,toView=168,nodeIdx=3,changeCycle=0,myNode=bca00155...,timecost=0.275
info|2019-11-22 17:50:56.486063|[g:1][CONSENSUS][PBFT]checkAndChangeView: Reach consensus,org_view=167,org_changeCycle=0,cur_changeCycle=0,to_view=168
info|2019-11-22 17:50:57.484295|[g:1][CONSENSUS]addRawPrepare,height=1,reqIdx=0,hash=eaaf7417...
info|2019-11-22 17:50:57.484580|[g:1][CONSENSUS][PBFT]checkTimeout Succ,view=168,toView=169,nodeIdx=3,changeCycle=0,myNode=bca00155...,timecost=0.2
info|2019-11-22 17:50:57.488801|[g:1][CONSENSUS][PBFT]checkAndChangeView: Reach consensus,org_view=168,org_changeCycle=0,cur_changeCycle=0,to_view=169
info|2019-11-22 17:50:58.493055|[g:1][CONSENSUS][PBFT]Trigger fast-viewchange,view=169,toView=169,minView=170,INFO=,reqNum=0,curNum=0,GenIdx=0,Cview=170,view=169,fromIdx=0,fromNode=594c229d...,fromIp=127.0.0.1:30303,hash=a40b170d...,nodeIdx=3,myNode=bca00155...
info|2019-11-22 17:50:58.493325|[g:1][CONSENSUS][PBFT]checkAndChangeView: Reach consensus,org_view=169,org_changeCycle=0,cur_changeCycle=0,to_view=170
info|2019-11-22 17:50:58.493335|[g:1][CONSENSUS][PBFT]checkTimeout Succ,view=170,toView=170,nodeIdx=3,changeCycle=0,myNode=bca00155...,timecost=0.238
info|2019-11-22 17:50:59.498462|[g:1][CONSENSUS]addRawPrepare,height=1,reqIdx=2,hash=9fdadf7f...
info|2019-11-22 17:50:59.498732|[g:1][CONSENSUS][PBFT]checkTimeout Succ,view=170,toView=171,nodeIdx=3,changeCycle=0,myNode=bca00155...,timecost=0.248
info|2019-11-22 17:50:59.500808|[g:1][CONSENSUS][PBFT]checkAndChangeView: Reach consensus,org_view=170,org_changeCycle=0,cur_changeCycle=0,to_view=171
info|2019-11-22 17:51:00.500616|[g:1][CONSENSUS][SEALER]++++++++++++++++ Generating seal on,blkNum=1,tx=0,nodeIdx=3,hash=051f6410...
info|2019-11-22 17:51:00.508041|[g:1][CONSENSUS][PBFT]checkTimeout Succ,view=171,toView=172,nodeIdx=3,changeCycle=0,myNode=bca00155...,timecost=0.376
info|2019-11-22 17:51:00.509105|[g:1][CONSENSUS][PBFT]checkAndChangeView: Reach consensus,org_view=171,org_changeCycle=0,cur_changeCycle=0,to_view=172
info|2019-11-22 17:51:01.507418|[g:1][CONSENSUS]addRawPrepare,height=1,reqIdx=0,hash=5c7fce31...
info|2019-11-22 17:51:01.507855|[g:1][CONSENSUS][PBFT]checkTimeout Succ,view=172,toView=173,nodeIdx=3,changeCycle=0,myNode=bca00155...,timecost=0.331
info|2019-11-22 17:51:01.514286|[g:1][CONSENSUS][PBFT]checkAndChangeView: Reach consensus,org_view=172,org_changeCycle=0,cur_changeCycle=0,to_view=173
info|2019-11-22 17:51:02.358411|[P2P][Service] heartBeat,connected count=3
info|2019-11-22 17:51:02.519615|[g:1][CONSENSUS]addRawPrepare,height=1,reqIdx=1,hash=d65e5662...
info|2019-11-22 17:51:02.519858|[g:1][CONSENSUS][PBFT]checkTimeout Succ,view=173,toView=174,nodeIdx=3,changeCycle=0,myNode=bca00155...,timecost=0.209
info|2019-11-22 17:51:02.521857|[g:1][CONSENSUS][PBFT]checkAndChangeView: Reach consensus,org_view=173,org_changeCycle=0,cur_changeCycle=0,to_view=174
info|2019-11-22 17:51:03.526885|[g:1][CONSENSUS]addRawPrepare,height=1,reqIdx=2,hash=699cf64b...
info|2019-11-22 17:51:03.527253|[g:1][CONSENSUS][PBFT]checkTimeout Succ,view=174,toView=175,nodeIdx=3,changeCycle=0,myNode=bca00155...,timecost=0.321
info|2019-11-22 17:51:03.529353|[g:1][CONSENSUS][PBFT]checkAndChangeView: Reach consensus,org_view=174,org_changeCycle=0,cur_changeCycle=0,to_view=175
info|2019-11-22 17:51:04.531660|[g:1][CONSENSUS][SEALER]++++++++++++++++ Generating seal on,blkNum=1,tx=0,nodeIdx=3,hash=5c5947d2...
info|2019-11-22 17:51:04.542390|[g:1][CONSENSUS][PBFT]checkTimeout Succ,view=175,toView=176,nodeIdx=3,changeCycle=0,myNode=bca00155...,timecost=0.224
info|2019-11-22 17:51:04.543860|[g:1][CONSENSUS][PBFT]checkAndChangeView: Reach consensus,org_view=175,org_changeCycle=0,cur_changeCycle=0,to_view=176
info|2019-11-22 17:51:05.542797|[g:1][CONSENSUS]addRawPrepare,height=1,reqIdx=0,hash=88560a1f...
info|2019-11-22 17:51:05.543076|[g:1][CONSENSUS][PBFT]checkTimeout Succ,view=176,toView=177,nodeIdx=3,changeCycle=0,myNode=bca00155...,timecost=0.203
info|2019-11-22 17:51:05.548109|[g:1][CONSENSUS][PBFT]checkAndChangeView: Reach consensus,org_view=176,org_changeCycle=0,cur_changeCycle=0,to_view=177
info|2019-11-22 17:51:06.553403|[g:1][CONSENSUS]addRawPrepare,height=1,reqIdx=1,hash=8ffc4ea0...
info|2019-11-22 17:51:06.553666|[g:1][CONSENSUS][PBFT]checkTimeout Succ,view=177,toView=178,nodeIdx=3,changeCycle=0,myNode=bca00155...,timecost=0.24
info|2019-11-22 17:51:06.555423|[g:1][CONSENSUS][PBFT]checkAndChangeView: Reach consensus,org_view=177,org_changeCycle=0,cur_changeCycle=0,to_view=178
info|2019-11-22 17:51:07.564594|[g:1][CONSENSUS]addRawPrepare,height=1,reqIdx=2,hash=f853c1a7...
info|2019-11-22 17:51:07.567899|[g:1][CONSENSUS][PBFT]checkTimeout Succ,view=178,toView=179,nodeIdx=3,changeCycle=0,myNode=bca00155...,timecost=3.275
info|2019-11-22 17:51:07.569188|[g:1][CONSENSUS][PBFT]checkAndChangeView: Reach consensus,org_view=178,org_changeCycle=0,cur_changeCycle=0,to_view=179
info|2019-11-22 17:51:08.570629|[g:1][CONSENSUS][SEALER]++++++++++++++++ Generating seal on,blkNum=1,tx=0,nodeIdx=3,hash=551ac75f...
info|2019-11-22 17:51:08.577525|[g:1][CONSENSUS][PBFT]checkTimeout Succ,view=179,toView=180,nodeIdx=3,changeCycle=0,myNode=bca00155...,timecost=0.223
info|2019-11-22 17:51:08.578514|[g:1][CONSENSUS][PBFT]checkAndChangeView: Reach consensus,org_view=179,org_changeCycle=0,cur_changeCycle=0,to_view=180
info|2019-11-22 17:51:09.577702|[g:1][CONSENSUS]addRawPrepare,height=1,reqIdx=0,hash=07824b7c...
info|2019-11-22 17:51:09.578048|[g:1][CONSENSUS][PBFT]checkTimeout Succ,view=180,toView=181,nodeIdx=3,changeCycle=0,myNode=bca00155...,timecost=0.265
info|2019-11-22 17:51:09.581680|[g:1][CONSENSUS][PBFT]checkAndChangeView: Reach consensus,org_view=180,org_changeCycle=0,cur_changeCycle=0,to_view=181
info|2019-11-22 17:51:10.587296|[g:1][CONSENSUS]addRawPrepare,height=1,reqIdx=1,hash=781b974a...
info|2019-11-22 17:51:10.587666|[g:1][CONSENSUS][PBFT]checkTimeout Succ,view=181,toView=182,nodeIdx=3,changeCycle=0,myNode=bca00155...,timecost=0.328
info|2019-11-22 17:51:10.588997|[g:1][CONSENSUS][PBFT]checkAndChangeView: Reach consensus,org_view=181,org_changeCycle=0,cur_changeCycle=0,to_view=182
info|2019-11-22 17:51:11.597239|[g:1][CONSENSUS]addRawPrepare,height=1,reqIdx=2,hash=b88a26a1...
info|2019-11-22 17:51:11.597629|[g:1][CONSENSUS][PBFT]checkTimeout Succ,view=182,toView=183,nodeIdx=3,changeCycle=0,myNode=bca00155...,timecost=0.35
info|2019-11-22 17:51:11.605326|[g:1][CONSENSUS][PBFT]checkAndChangeView: Reach consensus,org_view=182,org_changeCycle=0,cur_changeCycle=0,to_view=183
info|2019-11-22 17:51:12.358491|[P2P][Service] heartBeat,connected count=3
info|2019-11-22 17:51:12.607499|[g:1][CONSENSUS][SEALER]++++++++++++++++ Generating seal on,blkNum=1,tx=0,nodeIdx=3,hash=45fcf584...
info|2019-11-22 17:51:12.614778|[g:1][CONSENSUS][PBFT]checkTimeout Succ,view=183,toView=184,nodeIdx=3,changeCycle=0,myNode=bca00155...,timecost=0.246
info|2019-11-22 17:51:12.616025|[g:1][CONSENSUS][PBFT]checkAndChangeView: Reach consensus,org_view=183,org_changeCycle=0,cur_changeCycle=0,to_view=184
info|2019-11-22 17:51:13.614528|[g:1][CONSENSUS]addRawPrepare,height=1,reqIdx=0,hash=2a041a84...
info|2019-11-22 17:51:13.614919|[g:1][CONSENSUS][PBFT]checkTimeout Succ,view=184,toView=185,nodeIdx=3,changeCycle=0,myNode=bca00155...,timecost=0.282
info|2019-11-22 17:51:13.619406|[g:1][CONSENSUS][PBFT]checkAndChangeView: Reach consensus,org_view=184,org_changeCycle=0,cur_changeCycle=0,to_view=185
info|2019-11-22 17:51:14.621051|[g:1][CONSENSUS]addRawPrepare,height=1,reqIdx=1,hash=bd669af3...
info|2019-11-22 17:51:14.621353|[g:1][CONSENSUS][PBFT]checkTimeout Succ,view=185,toView=186,nodeIdx=3,changeCycle=0,myNode=bca00155...,timecost=0.244
info|2019-11-22 17:51:14.624205|[g:1][CONSENSUS][PBFT]checkAndChangeView: Reach consensus,org_view=185,org_changeCycle=0,cur_changeCycle=0,to_view=186
info|2019-11-22 17:51:15.628889|[g:1][CONSENSUS]addRawPrepare,height=1,reqIdx=2,hash=8238745a...
info|2019-11-22 17:51:15.629129|[g:1][CONSENSUS][PBFT]checkTimeout Succ,view=186,toView=187,nodeIdx=3,changeCycle=0,myNode=bca00155...,timecost=0.211
info|2019-11-22 17:51:15.632115|[g:1][CONSENSUS][PBFT]checkAndChangeView: Reach consensus,org_view=186,org_changeCycle=0,cur_changeCycle=0,to_view=187
info|2019-11-22 17:51:16.635908|[g:1][CONSENSUS][SEALER]++++++++++++++++ Generating seal on,blkNum=1,tx=0,nodeIdx=3,hash=081abb4a...
info|2019-11-22 17:51:16.643167|[g:1][CONSENSUS][PBFT]checkTimeout Succ,view=187,toView=188,nodeIdx=3,changeCycle=0,myNode=bca00155...,timecost=0.245
info|2019-11-22 17:51:16.644287|[g:1][CONSENSUS][PBFT]checkAndChangeView: Reach consensus,org_view=187,org_changeCycle=0,cur_changeCycle=0,to_view=188
info|2019-11-22 17:51:17.643500|[g:1][CONSENSUS]addRawPrepare,height=1,reqIdx=0,hash=2a1a2f0a...
info|2019-11-22 17:51:17.643787|[g:1][CONSENSUS][PBFT]checkTimeout Succ,view=188,toView=189,nodeIdx=3,changeCycle=0,myNode=bca00155...,timecost=0.204
info|2019-11-22 17:51:17.648888|[g:1][CONSENSUS][PBFT]checkAndChangeView: Reach consensus,org_view=188,org_changeCycle=0,cur_changeCycle=0,to_view=189
info|2019-11-22 17:51:18.652427|[g:1][CONSENSUS]addRawPrepare,height=1,reqIdx=1,hash=690d05f9...
info|2019-11-22 17:51:18.652665|[g:1][CONSENSUS][PBFT]checkTimeout Succ,view=189,toView=190,nodeIdx=3,changeCycle=0,myNode=bca00155...,timecost=0.211
info|2019-11-22 17:51:18.655360|[g:1][CONSENSUS][PBFT]checkAndChangeView: Reach consensus,org_view=189,org_changeCycle=0,cur_changeCycle=0,to_view=190
info|2019-11-22 17:51:19.659704|[g:1][CONSENSUS]addRawPrepare,height=1,reqIdx=2,hash=7fbb8cb7...
info|2019-11-22 17:51:19.659937|[g:1][CONSENSUS][PBFT]checkTimeout Succ,view=190,toView=191,nodeIdx=3,changeCycle=0,myNode=bca00155...,timecost=0.208
info|2019-11-22 17:51:19.663230|[g:1][CONSENSUS][PBFT]checkAndChangeView: Reach consensus,org_view=190,org_changeCycle=0,cur_changeCycle=0,to_view=191
info|2019-11-22 17:51:20.663934|[g:1][CONSENSUS][SEALER]++++++++++++++++ Generating seal on,blkNum=1,tx=0,nodeIdx=3,hash=cb6133a8...
info|2019-11-22 17:51:20.671500|[g:1][CONSENSUS][PBFT]checkTimeout Succ,view=191,toView=192,nodeIdx=3,changeCycle=0,myNode=bca00155...,timecost=0.224
info|2019-11-22 17:51:20.672618|[g:1][CONSENSUS][PBFT]checkAndChangeView: Reach consensus,org_view=191,org_changeCycle=0,cur_changeCycle=0,to_view=192
info|2019-11-22 17:51:21.672476|[g:1][CONSENSUS]addRawPrepare,height=1,reqIdx=0,hash=b6dd2330...
info|2019-11-22 17:51:21.674832|[g:1][CONSENSUS][PBFT]checkTimeout Succ,view=192,toView=193,nodeIdx=3,changeCycle=0,myNode=bca00155...,timecost=0.371
info|2019-11-22 17:51:21.679172|[g:1][CONSENSUS][PBFT]checkAndChangeView: Reach consensus,org_view=192,org_changeCycle=0,cur_changeCycle=0,to_view=193
info|2019-11-22 17:51:22.358555|[P2P][Service] heartBeat,connected count=3
info|2019-11-22 17:51:22.680938|[g:1][CONSENSUS]addRawPrepare,height=1,reqIdx=1,hash=21fc82f5...
info|2019-11-22 17:51:22.681277|[g:1][CONSENSUS][PBFT]checkTimeout Succ,view=193,toView=194,nodeIdx=3,changeCycle=0,myNode=bca00155...,timecost=0.292
info|2019-11-22 17:51:22.684214|[g:1][CONSENSUS][PBFT]checkAndChangeView: Reach consensus,org_view=193,org_changeCycle=0,cur_changeCycle=0,to_view=194
info|2019-11-22 17:51:23.692203|[g:1][CONSENSUS][PBFT]Trigger fast-viewchange,view=194,toView=194,minView=195,INFO=,reqNum=0,curNum=0,GenIdx=0,Cview=195,view=194,fromIdx=0,fromNode=594c229d...,fromIp=127.0.0.1:30303,hash=a40b170d...,nodeIdx=3,myNode=bca00155...
info|2019-11-22 17:51:23.695966|[g:1][CONSENSUS][PBFT]checkAndChangeView: Reach consensus,org_view=194,org_changeCycle=0,cur_changeCycle=0,to_view=195
info|2019-11-22 17:51:23.697031|[g:1][CONSENSUS][PBFT]checkTimeout Succ,view=195,toView=195,nodeIdx=3,changeCycle=0,myNode=bca00155...,timecost=3.604
info|2019-11-22 17:51:24.696867|[g:1][CONSENSUS][SEALER]++++++++++++++++ Generating seal on,blkNum=1,tx=0,nodeIdx=3,hash=c98f75b7...
info|2019-11-22 17:51:24.708427|[g:1][CONSENSUS][PBFT]checkTimeout Succ,view=195,toView=196,nodeIdx=3,changeCycle=0,myNode=bca00155...,timecost=0.376
info|2019-11-22 17:51:24.710551|[g:1][CONSENSUS][PBFT]checkAndChangeView: Reach consensus,org_view=195,org_changeCycle=0,cur_changeCycle=0,to_view=196
info|2019-11-22 17:51:25.713784|[g:1][CONSENSUS]addRawPrepare,height=1,reqIdx=0,hash=26c15608...
info|2019-11-22 17:51:25.714062|[g:1][CONSENSUS][PBFT]checkTimeout Succ,view=196,toView=197,nodeIdx=3,changeCycle=0,myNode=bca00155...,timecost=0.201
info|2019-11-22 17:51:25.717505|[g:1][CONSENSUS][PBFT]checkAndChangeView: Reach consensus,org_view=196,org_changeCycle=0,cur_changeCycle=0,to_view=197
info|2019-11-22 17:51:26.723856|[g:1][CONSENSUS]addRawPrepare,height=1,reqIdx=1,hash=c5eb15ba...
info|2019-11-22 17:51:26.724179|[g:1][CONSENSUS][PBFT]checkTimeout Succ,view=197,toView=198,nodeIdx=3,changeCycle=0,myNode=bca00155...,timecost=0.28
info|2019-11-22 17:51:26.726525|[g:1][CONSENSUS][PBFT]checkAndChangeView: Reach consensus,org_view=197,org_changeCycle=0,cur_changeCycle=0,to_view=198
info|2019-11-22 17:51:27.733566|[g:1][CONSENSUS]addRawPrepare,height=1,reqIdx=2,hash=8c59007a...
info|2019-11-22 17:51:27.734249|[g:1][CONSENSUS][PBFT]checkTimeout Succ,view=198,toView=199,nodeIdx=3,changeCycle=0,myNode=bca00155...,timecost=0.505
info|2019-11-22 17:51:27.739734|[g:1][CONSENSUS][PBFT]checkAndChangeView: Reach consensus,org_view=198,org_changeCycle=0,cur_changeCycle=0,to_view=199
info|2019-11-22 17:51:28.741588|[g:1][CONSENSUS][SEALER]++++++++++++++++ Generating seal on,blkNum=1,tx=0,nodeIdx=3,hash=38080e21...
info|2019-11-22 17:51:28.752647|[g:1][CONSENSUS][PBFT]checkTimeout Succ,view=199,toView=200,nodeIdx=3,changeCycle=0,myNode=bca00155...,timecost=0.312
info|2019-11-22 17:51:28.754386|[g:1][CONSENSUS][PBFT]checkAndChangeView: Reach consensus,org_view=199,org_changeCycle=0,cur_changeCycle=0,to_view=200
info|2019-11-22 17:51:29.751722|[g:1][CONSENSUS]addRawPrepare,height=1,reqIdx=0,hash=92b37a5e...
info|2019-11-22 17:51:29.751997|[g:1][CONSENSUS][PBFT]checkTimeout Succ,view=200,toView=201,nodeIdx=3,changeCycle=0,myNode=bca00155...,timecost=0.2
info|2019-11-22 17:51:29.755682|[g:1][CONSENSUS][PBFT]checkAndChangeView: Reach consensus,org_view=200,org_changeCycle=0,cur_changeCycle=0,to_view=201
