info|2019-11-22 17:48:00.832205|[INITIALIZER][initGlobalConfig],enableCompress=true,compatibilityVersion=2.1.0,versionNumber=33619968,chainId=1
info|2019-11-22 17:48:02.317644|[NETWORK][Host]Connecting to node,endpoint=127.0.0.1:30300
info|2019-11-22 17:48:02.318553|[NETWORK][Host]P2P StartAccept,Host=0.0.0.0:30301
info|2019-11-22 17:48:02.351823|[NETWORK][Host]Connecting to node,endpoint=127.0.0.1:30301
info|2019-11-22 17:48:02.351905|[NETWORK][Host]Connecting to node,endpoint=127.0.0.1:30302
info|2019-11-22 17:48:02.351961|[NETWORK][Host]Connecting to node,endpoint=127.0.0.1:30303
info|2019-11-22 17:48:02.352018|[P2P][Service] heartBeat,connected count=0
info|2019-11-22 17:48:02.470278|[CHANNEL]ChannelRPCServer started
info|2019-11-22 17:48:02.470316|[INITIALIZER][RPCInitializer]ChannelRPCHttpServer started.
info|2019-11-22 17:48:02.470339|[LedgerInitializer],groupConfigPath=conf/
info|2019-11-22 17:48:02.496225|[INITIALIZER][initSingleLedger] [GroupId]:  1
info|2019-11-22 17:48:02.496257|[g:1][LEDGER]LedgerConstructor,configPath=conf/group.1.genesis,baseDir=data//group1
info|2019-11-22 17:48:02.496276|[g:1][LEDGER][initGenesisConfig]initConsensusConfig/initDBConfig/initTxConfig,configFile=conf/group.1.genesis
info|2019-11-22 17:48:02.496374|[g:1][LEDGER][initConsensusConfig],it.first=bca00155402b50a6581733343de45b05f6e4864834500298c23c8a35180bc250168d1cb2696e35bbb80c5f8227569deef736f4e0c92ea7020850261c5c51691f
info|2019-11-22 17:48:02.496408|[g:1][LEDGER][initConsensusConfig],it.first=756c09755da663ad493bdd30e36781f07f3af594d6f608f2b6ba733eb5e9a7eafb58eb29b224b8ff5b87c9c9ebe6602be72e2e079d46be1485b9fd8079cab62b
info|2019-11-22 17:48:02.496436|[g:1][LEDGER][initConsensusConfig],it.first=74c27806d97b68e801af45373b2ff4d0ca30d3bca852fe3aaa842c3a5a2744713eb7404274a0b53932c41cc2a587ad89d64de0ba635fc7fd93c9d6896a7c9b8a
info|2019-11-22 17:48:02.496478|[g:1][LEDGER][initConsensusConfig],it.first=594c229d2a1b2051cc49d9d5b28750ce4613002c882fb603784d8cb988e5274564a13288fcdc2243d7ca3765c8075631eeb136eaea61b9a580e5d5122bb8da1e
info|2019-11-22 17:48:02.496612|[g:1][LEDGER][initIniConfig]initTxPoolConfig/initSyncConfig/initTxExecuteConfig,configFile=conf/group.1.ini
info|2019-11-22 17:48:02.354810|[NETWORK][ASIO]asyncResolveConnect,endpoint=127.0.0.1:30300
info|2019-11-22 17:48:02.496827|[NETWORK][ASIO]asyncResolveConnect,endpoint=127.0.0.1:30301
info|2019-11-22 17:48:02.497434|[NETWORK][ASIO]asyncResolveConnect,endpoint=127.0.0.1:30302
info|2019-11-22 17:48:02.499597|[NETWORK][ASIO]asyncResolveConnect,endpoint=127.0.0.1:30303
info|2019-11-22 17:48:02.499820|[NETWORK][Host]P2P Recv Connect, From=127.0.0.1:57698
info|2019-11-22 17:48:02.500140|[NETWORK][Host]P2P StartAccept,Host=0.0.0.0:30301
info|2019-11-22 17:48:02.551428|[g:1][LEDGER][initLedger][DBInitializer]
info|2019-11-22 17:48:02.551497|[g:1][DBINITIALIZER] [initRocksDBStorage]
info|2019-11-22 17:48:02.576784|[g:1][ROCKSDB]open rocksDB handler
info|2019-11-22 17:48:02.585720|[NETWORK][Host]P2P Recv Connect, From=127.0.0.1:57700
info|2019-11-22 17:48:02.586655|[NETWORK][Host]P2P StartAccept,Host=0.0.0.0:30301
info|2019-11-22 17:48:02.589001|[NETWORK][Host]P2P Recv Connect, From=127.0.0.1:57704
info|2019-11-22 17:48:02.600831|[NETWORK][Host]P2P StartAccept,Host=0.0.0.0:30301
info|2019-11-22 17:48:02.636306|[NETWORK][Host]P2P Recv Connect, From=127.0.0.1:57714
info|2019-11-22 17:48:02.653785|[NETWORK][Host]P2P StartAccept,Host=0.0.0.0:30301
info|2019-11-22 17:48:02.726354|[NETWORK][Host]startPeerSession, From=127.0.0.1:57698,nodeID=756c0975...
info|2019-11-22 17:48:02.743269|[NETWORK][Host]startPeerSession, From=127.0.0.1:30301,nodeID=756c0975...
info|2019-11-22 17:48:02.787143|[P2P][Service] Connection established,nodeID=74c27806...,endpoint=127.0.0.1:57700
info|2019-11-22 17:48:02.787206|[NETWORK][Host]startPeerSession, From=127.0.0.1:57700,nodeID=74c27806...
info|2019-11-22 17:48:02.787474|[NETWORK][Host]startPeerSession, From=127.0.0.1:30302,nodeID=74c27806...
info|2019-11-22 17:48:02.787605|[P2P][Service] Connection established,nodeID=594c229d...,endpoint=127.0.0.1:57704
info|2019-11-22 17:48:02.787641|[NETWORK][Host]startPeerSession, From=127.0.0.1:57704,nodeID=594c229d...
info|2019-11-22 17:48:02.824314|[NETWORK][Host]startPeerSession, From=127.0.0.1:30300,nodeID=bca00155...
warning|2019-11-22 17:48:02.824369|[NETWORK][Session]doRead error,endpoint=127.0.0.1:57700,message=stream truncated
info|2019-11-22 17:48:02.824382|[NETWORK][Session]drop, call and erase all callbackFunc in this session!,endpoint=127.0.0.1:57700
warning|2019-11-22 17:48:02.824395|[NETWORK][Session][drop] closing remote 0.0.0.0:0,reason=Low-level TCP communication error.,endpoint=127.0.0.1:57700
info|2019-11-22 17:48:02.825062|[P2P][Service] Connection established,nodeID=bca00155...,endpoint=127.0.0.1:30300
warning|2019-11-22 17:48:02.825080|[P2P][Service] disconnect error P2PSession,nodeID=74c27806...,endpoint=127.0.0.1:57700,errorCode=3,what=Disconnect
warning|2019-11-22 17:48:02.825093|[P2P][Service] onDisconnect,errorCode=3,what=Dynamic exception type: dev::network::NetworkException
std::exception::what: Disconnect

info|2019-11-22 17:48:02.832682|[NETWORK][Host]startPeerSession, From=127.0.0.1:30303,nodeID=594c229d...
info|2019-11-22 17:48:02.833258|[NETWORK][Host]startPeerSession, From=127.0.0.1:57714,nodeID=bca00155...
warning|2019-11-22 17:48:02.837430|[NETWORK][Session][drop] shutdown failed ,errorValue=9,message=Bad file descriptor
info|2019-11-22 17:48:03.581245|[g:1][g:0][STORAGE][CachedStorage]Init flushStorage thread
info|2019-11-22 17:48:03.656360|[g:1][g:1][STORAGE][CachedStorage]CachedStorage commit: 4 hash: a40b170d8cc74f9ff96611621f4583466e80c949596771591dd97ecaa9f38863 num: 0
info|2019-11-22 17:48:03.668126|[STORAGE]Start commit block: 0 to backend storage
info|2019-11-22 17:48:03.672798|[g:1][STORAGE]Submited block task: 0, current syncd block: 0
info|2019-11-22 17:48:03.672952|[g:1][BLOCKCHAIN][#checkAndBuildGenesisBlock]Insert the 0th block
info|2019-11-22 17:48:03.734898|[g:1][CONSENSUS][PBFT]Register handler for PBFTEngine
info|2019-11-22 17:48:03.744636|[g:1][CONSENSUS][PBFT],minBlockGenerationTime=500
info|2019-11-22 17:48:03.746098|[STORAGE][g:1]
---------------------------------------------------------------------
Commit block: 0 to backend storage finished, current cached block: 0
Flush elapsed time: 0.0780s
---------------------------------------------------------------------

info|2019-11-22 17:48:03.747202|[LedgerInitializer init group succ],groupID=1
info|2019-11-22 17:48:03.750439|[INITIALIZER][RPCInitializer]JsonrpcHttpServer started.
info|2019-11-22 17:48:03.750554|[g:1][LEDGER]startAll...
info|2019-11-22 17:48:03.763877|[g:1][CONSENSUS][PBFT]^^^^^^^^Report,num=0,sealerIdx=0,hash=a40b170d...,next=1,tx=0,nodeIdx=2
info|2019-11-22 17:48:03.906536|[g:1][CONSENSUS][PBFT][PBFT init env successfully]
info|2019-11-22 17:48:03.906609|[g:1][CONSENSUS][ConsensusEngine][Start ConsensusEngineBase]
info|2019-11-22 17:48:03.922101|[g:1][CONSENSUS][PBFT][Start PBFTEngine...]
info|2019-11-22 17:48:03.922155|[g:1][CONSENSUS][SEALER][Start sealer module]
info|2019-11-22 17:48:03.927558|[g:1][CONSENSUS][PBFT]^^^^^^^^Report,num=0,sealerIdx=0,hash=a40b170d...,next=1,tx=0,nodeIdx=2
info|2019-11-22 17:48:03.932795|[g:1][EVENT][EventLogFilterManager]start,m_maxBlockRange=0,m_maxBlockPerLoopFilter=3
info|2019-11-22 17:48:04.910672|[g:1][CONSENSUS]addRawPrepare,height=1,reqIdx=0,hash=a41451e4...
info|2019-11-22 17:48:04.927427|[g:1][CONSENSUS][PBFT]checkTimeout Succ,view=0,toView=1,nodeIdx=2,changeCycle=0,myNode=756c0975...,timecost=16.588
info|2019-11-22 17:48:04.970745|[g:1][CONSENSUS][PBFT]checkAndChangeView: Reach consensus,org_view=0,org_changeCycle=0,cur_changeCycle=0,to_view=1
info|2019-11-22 17:48:05.998881|[g:1][CONSENSUS]addRawPrepare,height=1,reqIdx=1,hash=aea4ef1f...
info|2019-11-22 17:48:05.999243|[g:1][CONSENSUS][PBFT]checkTimeout Succ,view=1,toView=2,nodeIdx=2,changeCycle=0,myNode=756c0975...,timecost=0.318
info|2019-11-22 17:48:06.005852|[g:1][CONSENSUS][PBFT]checkAndChangeView: Reach consensus,org_view=1,org_changeCycle=0,cur_changeCycle=0,to_view=2
info|2019-11-22 17:48:07.006972|[g:1][CONSENSUS][SEALER]++++++++++++++++ Generating seal on,blkNum=1,tx=0,nodeIdx=2,hash=fec074ee...
info|2019-11-22 17:48:07.027069|[g:1][CONSENSUS][PBFT]checkTimeout Succ,view=2,toView=3,nodeIdx=2,changeCycle=0,myNode=756c0975...,timecost=0.36
info|2019-11-22 17:48:07.028755|[g:1][CONSENSUS][PBFT]checkAndChangeView: Reach consensus,org_view=2,org_changeCycle=0,cur_changeCycle=0,to_view=3
info|2019-11-22 17:48:08.031928|[g:1][CONSENSUS]addRawPrepare,height=1,reqIdx=3,hash=284b13b6...
info|2019-11-22 17:48:08.048110|[g:1][CONSENSUS][PBFT]checkTimeout Succ,view=3,toView=4,nodeIdx=2,changeCycle=0,myNode=756c0975...,timecost=16.042
info|2019-11-22 17:48:08.164192|[g:1][CONSENSUS][PBFT]checkAndChangeView: Reach consensus,org_view=3,org_changeCycle=0,cur_changeCycle=0,to_view=4
info|2019-11-22 17:48:09.176575|[g:1][CONSENSUS]addRawPrepare,height=1,reqIdx=0,hash=e16ceea3...
info|2019-11-22 17:48:09.215848|[g:1][CONSENSUS][PBFT]checkTimeout Succ,view=4,toView=5,nodeIdx=2,changeCycle=0,myNode=756c0975...,timecost=39.035
info|2019-11-22 17:48:09.239286|[g:1][CONSENSUS][PBFT]checkAndChangeView: Reach consensus,org_view=4,org_changeCycle=0,cur_changeCycle=0,to_view=5
info|2019-11-22 17:48:10.259627|[g:1][CONSENSUS]addRawPrepare,height=1,reqIdx=1,hash=fd5eda73...
info|2019-11-22 17:48:10.263111|[g:1][CONSENSUS][PBFT]checkTimeout Succ,view=5,toView=6,nodeIdx=2,changeCycle=0,myNode=756c0975...,timecost=3.294
info|2019-11-22 17:48:10.271839|[g:1][CONSENSUS][PBFT]checkAndChangeView: Reach consensus,org_view=5,org_changeCycle=0,cur_changeCycle=0,to_view=6
info|2019-11-22 17:48:11.281402|[g:1][CONSENSUS][SEALER]++++++++++++++++ Generating seal on,blkNum=1,tx=0,nodeIdx=2,hash=b05b53a4...
info|2019-11-22 17:48:11.301391|[g:1][CONSENSUS][PBFT]checkTimeout Succ,view=6,toView=7,nodeIdx=2,changeCycle=0,myNode=756c0975...,timecost=0.27
info|2019-11-22 17:48:11.304525|[g:1][CONSENSUS][PBFT]checkAndChangeView: Reach consensus,org_view=6,org_changeCycle=0,cur_changeCycle=0,to_view=7
info|2019-11-22 17:48:12.303940|[g:1][CONSENSUS]addRawPrepare,height=1,reqIdx=3,hash=8b9bc7a6...
info|2019-11-22 17:48:12.304418|[g:1][CONSENSUS][PBFT]checkTimeout Succ,view=7,toView=8,nodeIdx=2,changeCycle=0,myNode=756c0975...,timecost=0.44
info|2019-11-22 17:48:12.350440|[g:1][CONSENSUS][PBFT]checkAndChangeView: Reach consensus,org_view=7,org_changeCycle=0,cur_changeCycle=0,to_view=8
info|2019-11-22 17:48:12.352943|[NETWORK][Host]Connecting to node,endpoint=127.0.0.1:30302
info|2019-11-22 17:48:12.353004|[P2P][Service] heartBeat,connected count=2
info|2019-11-22 17:48:12.353127|[NETWORK][ASIO]asyncResolveConnect,endpoint=127.0.0.1:30302
info|2019-11-22 17:48:12.373163|[NETWORK][Host]P2P Recv Connect, From=127.0.0.1:57726
info|2019-11-22 17:48:12.373218|[NETWORK][Host]P2P StartAccept,Host=0.0.0.0:30301
info|2019-11-22 17:48:12.373504|[P2P][Service] Connection established,nodeID=74c27806...,endpoint=127.0.0.1:30302
info|2019-11-22 17:48:12.373534|[NETWORK][Host]startPeerSession, From=127.0.0.1:30302,nodeID=74c27806...
info|2019-11-22 17:48:12.394410|[NETWORK][Host]startPeerSession, From=127.0.0.1:57726,nodeID=74c27806...
warning|2019-11-22 17:48:12.526972|[SYNC][id:756c0975...][Status]Peer data not found,nodeId=74c27806...
info|2019-11-22 17:48:13.327514|[g:1][CONSENSUS]addRawPrepare,height=1,reqIdx=0,hash=809ec331...
info|2019-11-22 17:48:13.335002|[g:1][CONSENSUS][PBFT]checkTimeout Succ,view=8,toView=9,nodeIdx=2,changeCycle=0,myNode=756c0975...,timecost=7.422
info|2019-11-22 17:48:13.340534|[g:1][CONSENSUS][PBFT]checkAndChangeView: Reach consensus,org_view=8,org_changeCycle=0,cur_changeCycle=0,to_view=9
info|2019-11-22 17:48:14.356198|[g:1][CONSENSUS]addRawPrepare,height=1,reqIdx=1,hash=99b187a6...
info|2019-11-22 17:48:14.356652|[g:1][CONSENSUS][PBFT]checkTimeout Succ,view=9,toView=10,nodeIdx=2,changeCycle=0,myNode=756c0975...,timecost=0.316
info|2019-11-22 17:48:14.370313|[g:1][CONSENSUS][PBFT]checkAndChangeView: Reach consensus,org_view=9,org_changeCycle=0,cur_changeCycle=0,to_view=10
info|2019-11-22 17:48:15.371583|[g:1][CONSENSUS][SEALER]++++++++++++++++ Generating seal on,blkNum=1,tx=0,nodeIdx=2,hash=18297041...
info|2019-11-22 17:48:15.378407|[g:1][CONSENSUS][PBFT]checkTimeout Succ,view=10,toView=11,nodeIdx=2,changeCycle=0,myNode=756c0975...,timecost=0.239
info|2019-11-22 17:48:15.379442|[g:1][CONSENSUS][PBFT]checkAndChangeView: Reach consensus,org_view=10,org_changeCycle=0,cur_changeCycle=0,to_view=11
info|2019-11-22 17:48:16.393169|[g:1][CONSENSUS]addRawPrepare,height=1,reqIdx=3,hash=06a07e4d...
info|2019-11-22 17:48:16.404333|[g:1][CONSENSUS][PBFT]checkTimeout Succ,view=11,toView=12,nodeIdx=2,changeCycle=0,myNode=756c0975...,timecost=10.808
info|2019-11-22 17:48:16.421349|[g:1][CONSENSUS][PBFT]checkAndChangeView: Reach consensus,org_view=11,org_changeCycle=0,cur_changeCycle=0,to_view=12
info|2019-11-22 17:48:17.423163|[g:1][CONSENSUS]addRawPrepare,height=1,reqIdx=0,hash=bd58bdaf...
info|2019-11-22 17:48:17.423419|[g:1][CONSENSUS][PBFT]checkTimeout Succ,view=12,toView=13,nodeIdx=2,changeCycle=0,myNode=756c0975...,timecost=0.223
info|2019-11-22 17:48:17.427771|[g:1][CONSENSUS][PBFT]checkAndChangeView: Reach consensus,org_view=12,org_changeCycle=0,cur_changeCycle=0,to_view=13
info|2019-11-22 17:48:18.428636|[g:1][CONSENSUS]addRawPrepare,height=1,reqIdx=1,hash=3cbde658...
info|2019-11-22 17:48:18.429057|[g:1][CONSENSUS][PBFT]checkTimeout Succ,view=13,toView=14,nodeIdx=2,changeCycle=0,myNode=756c0975...,timecost=0.302
info|2019-11-22 17:48:18.434393|[g:1][CONSENSUS][PBFT]checkAndChangeView: Reach consensus,org_view=13,org_changeCycle=0,cur_changeCycle=0,to_view=14
info|2019-11-22 17:48:19.435194|[g:1][CONSENSUS][SEALER]++++++++++++++++ Generating seal on,blkNum=1,tx=0,nodeIdx=2,hash=a1ab3533...
info|2019-11-22 17:48:19.443177|[g:1][CONSENSUS][PBFT]checkTimeout Succ,view=14,toView=15,nodeIdx=2,changeCycle=0,myNode=756c0975...,timecost=0.243
info|2019-11-22 17:48:19.444331|[g:1][CONSENSUS][PBFT]checkAndChangeView: Reach consensus,org_view=14,org_changeCycle=0,cur_changeCycle=0,to_view=15
info|2019-11-22 17:48:20.440885|[g:1][CONSENSUS]addRawPrepare,height=1,reqIdx=3,hash=12567f0c...
info|2019-11-22 17:48:20.441189|[g:1][CONSENSUS][PBFT]checkTimeout Succ,view=15,toView=16,nodeIdx=2,changeCycle=0,myNode=756c0975...,timecost=0.281
info|2019-11-22 17:48:20.447290|[g:1][CONSENSUS][PBFT]checkAndChangeView: Reach consensus,org_view=15,org_changeCycle=0,cur_changeCycle=0,to_view=16
info|2019-11-22 17:48:21.451920|[g:1][CONSENSUS]addRawPrepare,height=1,reqIdx=0,hash=6b2e628c...
info|2019-11-22 17:48:21.452183|[g:1][CONSENSUS][PBFT]checkTimeout Succ,view=16,toView=17,nodeIdx=2,changeCycle=0,myNode=756c0975...,timecost=0.233
info|2019-11-22 17:48:21.456232|[g:1][CONSENSUS][PBFT]checkAndChangeView: Reach consensus,org_view=16,org_changeCycle=0,cur_changeCycle=0,to_view=17
info|2019-11-22 17:48:22.353300|[P2P][Service] heartBeat,connected count=3
info|2019-11-22 17:48:22.459755|[g:1][CONSENSUS]addRawPrepare,height=1,reqIdx=1,hash=d9b5682a...
info|2019-11-22 17:48:22.460159|[g:1][CONSENSUS][PBFT]checkTimeout Succ,view=17,toView=18,nodeIdx=2,changeCycle=0,myNode=756c0975...,timecost=0.302
info|2019-11-22 17:48:22.467659|[g:1][CONSENSUS][PBFT]checkAndChangeView: Reach consensus,org_view=17,org_changeCycle=0,cur_changeCycle=0,to_view=18
info|2019-11-22 17:48:23.469571|[g:1][CONSENSUS][SEALER]++++++++++++++++ Generating seal on,blkNum=1,tx=0,nodeIdx=2,hash=1a0c5c00...
info|2019-11-22 17:48:23.484948|[g:1][CONSENSUS][PBFT]checkTimeout Succ,view=18,toView=19,nodeIdx=2,changeCycle=0,myNode=756c0975...,timecost=0.338
info|2019-11-22 17:48:23.489226|[g:1][CONSENSUS][PBFT]checkAndChangeView: Reach consensus,org_view=18,org_changeCycle=0,cur_changeCycle=0,to_view=19
info|2019-11-22 17:48:24.487388|[g:1][CONSENSUS]addRawPrepare,height=1,reqIdx=3,hash=29030dc6...
info|2019-11-22 17:48:24.487687|[g:1][CONSENSUS][PBFT]checkTimeout Succ,view=19,toView=20,nodeIdx=2,changeCycle=0,myNode=756c0975...,timecost=0.246
info|2019-11-22 17:48:24.491482|[g:1][CONSENSUS][PBFT]checkAndChangeView: Reach consensus,org_view=19,org_changeCycle=0,cur_changeCycle=0,to_view=20
info|2019-11-22 17:48:25.494422|[g:1][CONSENSUS]addRawPrepare,height=1,reqIdx=0,hash=dde545ef...
info|2019-11-22 17:48:25.494656|[g:1][CONSENSUS][PBFT]checkTimeout Succ,view=20,toView=21,nodeIdx=2,changeCycle=0,myNode=756c0975...,timecost=0.209
info|2019-11-22 17:48:25.498959|[g:1][CONSENSUS][PBFT]checkAndChangeView: Reach consensus,org_view=20,org_changeCycle=0,cur_changeCycle=0,to_view=21
info|2019-11-22 17:48:26.502787|[g:1][CONSENSUS]addRawPrepare,height=1,reqIdx=1,hash=626694d5...
info|2019-11-22 17:48:26.531632|[g:1][CONSENSUS][PBFT]checkTimeout Succ,view=21,toView=22,nodeIdx=2,changeCycle=0,myNode=756c0975...,timecost=13.631
info|2019-11-22 17:48:26.579291|[g:1][CONSENSUS][PBFT]checkAndChangeView: Reach consensus,org_view=21,org_changeCycle=0,cur_changeCycle=0,to_view=22
info|2019-11-22 17:48:27.583792|[g:1][CONSENSUS][SEALER]++++++++++++++++ Generating seal on,blkNum=1,tx=0,nodeIdx=2,hash=df9f4749...
info|2019-11-22 17:48:27.593676|[g:1][CONSENSUS][PBFT]checkTimeout Succ,view=22,toView=23,nodeIdx=2,changeCycle=0,myNode=756c0975...,timecost=0.26
info|2019-11-22 17:48:27.595064|[g:1][CONSENSUS][PBFT]checkAndChangeView: Reach consensus,org_view=22,org_changeCycle=0,cur_changeCycle=0,to_view=23
info|2019-11-22 17:48:28.597253|[g:1][CONSENSUS]addRawPrepare,height=1,reqIdx=3,hash=886c6ac3...
info|2019-11-22 17:48:28.597712|[g:1][CONSENSUS][PBFT]checkTimeout Succ,view=23,toView=24,nodeIdx=2,changeCycle=0,myNode=756c0975...,timecost=8.575
info|2019-11-22 17:48:28.611180|[g:1][CONSENSUS][PBFT]checkAndChangeView: Reach consensus,org_view=23,org_changeCycle=0,cur_changeCycle=0,to_view=24
info|2019-11-22 17:48:29.622673|[g:1][CONSENSUS]addRawPrepare,height=1,reqIdx=0,hash=9aa590f7...
info|2019-11-22 17:48:29.622935|[g:1][CONSENSUS][PBFT]checkTimeout Succ,view=24,toView=25,nodeIdx=2,changeCycle=0,myNode=756c0975...,timecost=0.228
info|2019-11-22 17:48:29.623417|[g:1][CONSENSUS][PBFT]checkAndChangeView: Reach consensus,org_view=24,org_changeCycle=0,cur_changeCycle=0,to_view=25
info|2019-11-22 17:48:30.629823|[g:1][CONSENSUS]addRawPrepare,height=1,reqIdx=1,hash=d089a9c0...
info|2019-11-22 17:48:30.630248|[g:1][CONSENSUS][PBFT]checkTimeout Succ,view=25,toView=26,nodeIdx=2,changeCycle=0,myNode=756c0975...,timecost=0.244
info|2019-11-22 17:48:30.636882|[g:1][CONSENSUS][PBFT]checkAndChangeView: Reach consensus,org_view=25,org_changeCycle=0,cur_changeCycle=0,to_view=26
info|2019-11-22 17:48:31.641268|[g:1][CONSENSUS][SEALER]++++++++++++++++ Generating seal on,blkNum=1,tx=0,nodeIdx=2,hash=aadeebc4...
info|2019-11-22 17:48:31.662904|[g:1][CONSENSUS][PBFT]checkTimeout Succ,view=26,toView=27,nodeIdx=2,changeCycle=0,myNode=756c0975...,timecost=3.105
info|2019-11-22 17:48:31.663903|[g:1][CONSENSUS][PBFT]checkAndChangeView: Reach consensus,org_view=26,org_changeCycle=0,cur_changeCycle=0,to_view=27
info|2019-11-22 17:48:32.353695|[P2P][Service] heartBeat,connected count=3
info|2019-11-22 17:48:32.675152|[g:1][CONSENSUS]addRawPrepare,height=1,reqIdx=3,hash=40fe8dca...
info|2019-11-22 17:48:32.704238|[g:1][CONSENSUS][PBFT]checkTimeout Succ,view=27,toView=28,nodeIdx=2,changeCycle=0,myNode=756c0975...,timecost=23.252
info|2019-11-22 17:48:32.775816|[g:1][CONSENSUS][PBFT]checkAndChangeView: Reach consensus,org_view=27,org_changeCycle=0,cur_changeCycle=0,to_view=28
info|2019-11-22 17:48:33.826376|[g:1][CONSENSUS]addRawPrepare,height=1,reqIdx=0,hash=897f6415...
info|2019-11-22 17:48:33.830171|[g:1][CONSENSUS][PBFT]checkTimeout Succ,view=28,toView=29,nodeIdx=2,changeCycle=0,myNode=756c0975...,timecost=3.737
info|2019-11-22 17:48:33.833554|[g:1][CONSENSUS][PBFT]checkAndChangeView: Reach consensus,org_view=28,org_changeCycle=0,cur_changeCycle=0,to_view=29
info|2019-11-22 17:48:34.835501|[g:1][CONSENSUS]addRawPrepare,height=1,reqIdx=1,hash=6f764681...
info|2019-11-22 17:48:34.835890|[g:1][CONSENSUS][PBFT]checkTimeout Succ,view=29,toView=30,nodeIdx=2,changeCycle=0,myNode=756c0975...,timecost=0.29
info|2019-11-22 17:48:34.840927|[g:1][CONSENSUS][PBFT]checkAndChangeView: Reach consensus,org_view=29,org_changeCycle=0,cur_changeCycle=0,to_view=30
info|2019-11-22 17:48:35.842201|[g:1][CONSENSUS][SEALER]++++++++++++++++ Generating seal on,blkNum=1,tx=0,nodeIdx=2,hash=63b7cd74...
info|2019-11-22 17:48:35.855642|[g:1][CONSENSUS][PBFT]checkTimeout Succ,view=30,toView=31,nodeIdx=2,changeCycle=0,myNode=756c0975...,timecost=0.24
info|2019-11-22 17:48:35.856874|[g:1][CONSENSUS][PBFT]checkAndChangeView: Reach consensus,org_view=30,org_changeCycle=0,cur_changeCycle=0,to_view=31
info|2019-11-22 17:48:36.860382|[g:1][CONSENSUS]addRawPrepare,height=1,reqIdx=3,hash=8cd58dc5...
info|2019-11-22 17:48:36.862184|[g:1][CONSENSUS][PBFT]checkTimeout Succ,view=31,toView=32,nodeIdx=2,changeCycle=0,myNode=756c0975...,timecost=1.742
info|2019-11-22 17:48:36.867058|[g:1][CONSENSUS][PBFT]checkAndChangeView: Reach consensus,org_view=31,org_changeCycle=0,cur_changeCycle=0,to_view=32
info|2019-11-22 17:48:37.876034|[g:1][CONSENSUS]addRawPrepare,height=1,reqIdx=0,hash=050754da...
info|2019-11-22 17:48:37.876447|[g:1][CONSENSUS][PBFT]checkTimeout Succ,view=32,toView=33,nodeIdx=2,changeCycle=0,myNode=756c0975...,timecost=0.376
info|2019-11-22 17:48:37.884645|[g:1][CONSENSUS][PBFT]checkAndChangeView: Reach consensus,org_view=32,org_changeCycle=0,cur_changeCycle=0,to_view=33
info|2019-11-22 17:48:38.890153|[g:1][CONSENSUS]addRawPrepare,height=1,reqIdx=1,hash=a81219de...
info|2019-11-22 17:48:38.890780|[g:1][CONSENSUS][PBFT]checkTimeout Succ,view=33,toView=34,nodeIdx=2,changeCycle=0,myNode=756c0975...,timecost=0.403
info|2019-11-22 17:48:38.901689|[g:1][CONSENSUS][PBFT]checkAndChangeView: Reach consensus,org_view=33,org_changeCycle=0,cur_changeCycle=0,to_view=34
info|2019-11-22 17:48:39.902266|[g:1][CONSENSUS][SEALER]++++++++++++++++ Generating seal on,blkNum=1,tx=0,nodeIdx=2,hash=173ac78a...
info|2019-11-22 17:48:39.916097|[g:1][CONSENSUS][PBFT]checkTimeout Succ,view=34,toView=35,nodeIdx=2,changeCycle=0,myNode=756c0975...,timecost=0.479
info|2019-11-22 17:48:39.918567|[g:1][CONSENSUS][PBFT]checkAndChangeView: Reach consensus,org_view=34,org_changeCycle=0,cur_changeCycle=0,to_view=35
info|2019-11-22 17:48:40.918634|[g:1][CONSENSUS]addRawPrepare,height=1,reqIdx=3,hash=b77fb1fa...
info|2019-11-22 17:48:40.922545|[g:1][CONSENSUS][PBFT]checkTimeout Succ,view=35,toView=36,nodeIdx=2,changeCycle=0,myNode=756c0975...,timecost=3.85
info|2019-11-22 17:48:40.930025|[g:1][CONSENSUS][PBFT]checkAndChangeView: Reach consensus,org_view=35,org_changeCycle=0,cur_changeCycle=0,to_view=36
info|2019-11-22 17:48:41.939690|[g:1][CONSENSUS]addRawPrepare,height=1,reqIdx=0,hash=45d4a9fc...
info|2019-11-22 17:48:41.943802|[g:1][CONSENSUS][PBFT]checkTimeout Succ,view=36,toView=37,nodeIdx=2,changeCycle=0,myNode=756c0975...,timecost=1.721
info|2019-11-22 17:48:41.945564|[g:1][CONSENSUS][PBFT]checkAndChangeView: Reach consensus,org_view=36,org_changeCycle=0,cur_changeCycle=0,to_view=37
info|2019-11-22 17:48:42.353894|[P2P][Service] heartBeat,connected count=3
info|2019-11-22 17:48:42.948582|[g:1][CONSENSUS]addRawPrepare,height=1,reqIdx=1,hash=49b09d16...
info|2019-11-22 17:48:42.960722|[g:1][CONSENSUS][PBFT]checkTimeout Succ,view=37,toView=38,nodeIdx=2,changeCycle=0,myNode=756c0975...,timecost=6.447
info|2019-11-22 17:48:42.975964|[g:1][CONSENSUS][PBFT]checkAndChangeView: Reach consensus,org_view=37,org_changeCycle=0,cur_changeCycle=0,to_view=38
info|2019-11-22 17:48:43.978433|[g:1][CONSENSUS][SEALER]++++++++++++++++ Generating seal on,blkNum=1,tx=0,nodeIdx=2,hash=9ca7483d...
info|2019-11-22 17:48:44.004730|[g:1][CONSENSUS][PBFT]checkTimeout Succ,view=38,toView=39,nodeIdx=2,changeCycle=0,myNode=756c0975...,timecost=0.397
info|2019-11-22 17:48:44.009291|[g:1][CONSENSUS][PBFT]checkAndChangeView: Reach consensus,org_view=38,org_changeCycle=0,cur_changeCycle=0,to_view=39
info|2019-11-22 17:48:45.004683|[g:1][CONSENSUS]addRawPrepare,height=1,reqIdx=3,hash=6d43e826...
info|2019-11-22 17:48:45.005057|[g:1][CONSENSUS][PBFT]checkTimeout Succ,view=39,toView=40,nodeIdx=2,changeCycle=0,myNode=756c0975...,timecost=0.329
info|2019-11-22 17:48:45.034020|[g:1][CONSENSUS][PBFT]checkAndChangeView: Reach consensus,org_view=39,org_changeCycle=0,cur_changeCycle=0,to_view=40
info|2019-11-22 17:48:46.030426|[g:1][CONSENSUS]addRawPrepare,height=1,reqIdx=0,hash=6596a5bf...
info|2019-11-22 17:48:46.030948|[g:1][CONSENSUS][PBFT]checkTimeout Succ,view=40,toView=41,nodeIdx=2,changeCycle=0,myNode=756c0975...,timecost=0.468
info|2019-11-22 17:48:46.038469|[g:1][CONSENSUS][PBFT]checkAndChangeView: Reach consensus,org_view=40,org_changeCycle=0,cur_changeCycle=0,to_view=41
info|2019-11-22 17:48:47.040040|[g:1][CONSENSUS]addRawPrepare,height=1,reqIdx=1,hash=a8125fd2...
info|2019-11-22 17:48:47.040427|[g:1][CONSENSUS][PBFT]checkTimeout Succ,view=41,toView=42,nodeIdx=2,changeCycle=0,myNode=756c0975...,timecost=0.29
info|2019-11-22 17:48:47.051546|[g:1][CONSENSUS][PBFT]checkAndChangeView: Reach consensus,org_view=41,org_changeCycle=0,cur_changeCycle=0,to_view=42
info|2019-11-22 17:48:48.053186|[g:1][CONSENSUS][SEALER]++++++++++++++++ Generating seal on,blkNum=1,tx=0,nodeIdx=2,hash=8f2c224a...
info|2019-11-22 17:48:48.088848|[g:1][CONSENSUS][PBFT]checkTimeout Succ,view=42,toView=43,nodeIdx=2,changeCycle=0,myNode=756c0975...,timecost=0.878
info|2019-11-22 17:48:48.099895|[g:1][CONSENSUS][PBFT]checkAndChangeView: Reach consensus,org_view=42,org_changeCycle=0,cur_changeCycle=0,to_view=43
info|2019-11-22 17:48:49.102791|[g:1][CONSENSUS]addRawPrepare,height=1,reqIdx=3,hash=38e49391...
info|2019-11-22 17:48:49.103327|[g:1][CONSENSUS][PBFT]checkTimeout Succ,view=43,toView=44,nodeIdx=2,changeCycle=0,myNode=756c0975...,timecost=0.417
info|2019-11-22 17:48:49.111279|[g:1][CONSENSUS][PBFT]checkAndChangeView: Reach consensus,org_view=43,org_changeCycle=0,cur_changeCycle=0,to_view=44
info|2019-11-22 17:48:50.120679|[g:1][CONSENSUS]addRawPrepare,height=1,reqIdx=0,hash=fd41508e...
info|2019-11-22 17:48:50.128250|[g:1][CONSENSUS][PBFT]checkTimeout Succ,view=44,toView=45,nodeIdx=2,changeCycle=0,myNode=756c0975...,timecost=7.516
info|2019-11-22 17:48:50.141097|[g:1][CONSENSUS][PBFT]checkAndChangeView: Reach consensus,org_view=44,org_changeCycle=0,cur_changeCycle=0,to_view=45
info|2019-11-22 17:48:51.142711|[g:1][CONSENSUS]addRawPrepare,height=1,reqIdx=1,hash=e69683cb...
info|2019-11-22 17:48:51.143196|[g:1][CONSENSUS][PBFT]checkTimeout Succ,view=45,toView=46,nodeIdx=2,changeCycle=0,myNode=756c0975...,timecost=0.318
info|2019-11-22 17:48:51.149444|[g:1][CONSENSUS][PBFT]checkAndChangeView: Reach consensus,org_view=45,org_changeCycle=0,cur_changeCycle=0,to_view=46
info|2019-11-22 17:48:52.151673|[g:1][CONSENSUS][SEALER]++++++++++++++++ Generating seal on,blkNum=1,tx=0,nodeIdx=2,hash=bbfc0461...
info|2019-11-22 17:48:52.162648|[g:1][CONSENSUS][PBFT]checkTimeout Succ,view=46,toView=47,nodeIdx=2,changeCycle=0,myNode=756c0975...,timecost=0.33
info|2019-11-22 17:48:52.164371|[g:1][CONSENSUS][PBFT]checkAndChangeView: Reach consensus,org_view=46,org_changeCycle=0,cur_changeCycle=0,to_view=47
info|2019-11-22 17:48:52.354129|[P2P][Service] heartBeat,connected count=3
info|2019-11-22 17:48:53.164829|[g:1][CONSENSUS]addRawPrepare,height=1,reqIdx=3,hash=8effd0e2...
info|2019-11-22 17:48:53.165241|[g:1][CONSENSUS][PBFT]checkTimeout Succ,view=47,toView=48,nodeIdx=2,changeCycle=0,myNode=756c0975...,timecost=0.372
info|2019-11-22 17:48:53.168658|[g:1][CONSENSUS][PBFT]checkAndChangeView: Reach consensus,org_view=47,org_changeCycle=0,cur_changeCycle=0,to_view=48
info|2019-11-22 17:48:54.183012|[g:1][CONSENSUS]addRawPrepare,height=1,reqIdx=0,hash=b6d247db...
info|2019-11-22 17:48:54.195434|[g:1][CONSENSUS][PBFT]checkTimeout Succ,view=48,toView=49,nodeIdx=2,changeCycle=0,myNode=756c0975...,timecost=11.994
info|2019-11-22 17:48:54.204739|[g:1][CONSENSUS][PBFT]checkAndChangeView: Reach consensus,org_view=48,org_changeCycle=0,cur_changeCycle=0,to_view=49
info|2019-11-22 17:48:55.206554|[g:1][CONSENSUS]addRawPrepare,height=1,reqIdx=1,hash=9768608f...
info|2019-11-22 17:48:55.213672|[g:1][CONSENSUS][PBFT]checkTimeout Succ,view=49,toView=50,nodeIdx=2,changeCycle=0,myNode=756c0975...,timecost=6.92
info|2019-11-22 17:48:55.217686|[g:1][CONSENSUS][PBFT]checkAndChangeView: Reach consensus,org_view=49,org_changeCycle=0,cur_changeCycle=0,to_view=50
info|2019-11-22 17:48:56.219826|[g:1][CONSENSUS][SEALER]++++++++++++++++ Generating seal on,blkNum=1,tx=0,nodeIdx=2,hash=e3a73a73...
info|2019-11-22 17:48:56.234358|[g:1][CONSENSUS][PBFT]checkTimeout Succ,view=50,toView=51,nodeIdx=2,changeCycle=0,myNode=756c0975...,timecost=0.544
info|2019-11-22 17:48:56.236536|[g:1][CONSENSUS][PBFT]checkAndChangeView: Reach consensus,org_view=50,org_changeCycle=0,cur_changeCycle=0,to_view=51
info|2019-11-22 17:48:57.234364|[g:1][CONSENSUS]addRawPrepare,height=1,reqIdx=3,hash=256c4a92...
info|2019-11-22 17:48:57.234674|[g:1][CONSENSUS][PBFT]checkTimeout Succ,view=51,toView=52,nodeIdx=2,changeCycle=0,myNode=756c0975...,timecost=0.271
info|2019-11-22 17:48:57.238976|[g:1][CONSENSUS][PBFT]checkAndChangeView: Reach consensus,org_view=51,org_changeCycle=0,cur_changeCycle=0,to_view=52
info|2019-11-22 17:48:58.246507|[g:1][CONSENSUS]addRawPrepare,height=1,reqIdx=0,hash=ff53e31f...
info|2019-11-22 17:48:58.249639|[g:1][CONSENSUS][PBFT]checkTimeout Succ,view=52,toView=53,nodeIdx=2,changeCycle=0,myNode=756c0975...,timecost=1.96
info|2019-11-22 17:48:58.261180|[g:1][CONSENSUS][PBFT]checkAndChangeView: Reach consensus,org_view=52,org_changeCycle=0,cur_changeCycle=0,to_view=53
info|2019-11-22 17:48:59.262737|[g:1][CONSENSUS]addRawPrepare,height=1,reqIdx=1,hash=6a0f8a19...
info|2019-11-22 17:48:59.263271|[g:1][CONSENSUS][PBFT]checkTimeout Succ,view=53,toView=54,nodeIdx=2,changeCycle=0,myNode=756c0975...,timecost=0.372
info|2019-11-22 17:48:59.271708|[g:1][CONSENSUS][PBFT]checkAndChangeView: Reach consensus,org_view=53,org_changeCycle=0,cur_changeCycle=0,to_view=54
info|2019-11-22 17:49:00.274051|[g:1][CONSENSUS][SEALER]++++++++++++++++ Generating seal on,blkNum=1,tx=0,nodeIdx=2,hash=fb06d7d3...
info|2019-11-22 17:49:00.281532|[g:1][CONSENSUS][PBFT]checkTimeout Succ,view=54,toView=55,nodeIdx=2,changeCycle=0,myNode=756c0975...,timecost=0.215
info|2019-11-22 17:49:00.282712|[g:1][CONSENSUS][PBFT]checkAndChangeView: Reach consensus,org_view=54,org_changeCycle=0,cur_changeCycle=0,to_view=55
info|2019-11-22 17:49:01.280704|[g:1][CONSENSUS]addRawPrepare,height=1,reqIdx=3,hash=3474f33b...
info|2019-11-22 17:49:01.281067|[g:1][CONSENSUS][PBFT]checkTimeout Succ,view=55,toView=56,nodeIdx=2,changeCycle=0,myNode=756c0975...,timecost=0.373
info|2019-11-22 17:49:01.285598|[g:1][CONSENSUS][PBFT]checkAndChangeView: Reach consensus,org_view=55,org_changeCycle=0,cur_changeCycle=0,to_view=56
info|2019-11-22 17:49:02.296261|[g:1][CONSENSUS]addRawPrepare,height=1,reqIdx=0,hash=d6d2fdc1...
info|2019-11-22 17:49:02.328432|[g:1][CONSENSUS][PBFT]checkTimeout Succ,view=56,toView=57,nodeIdx=2,changeCycle=0,myNode=756c0975...,timecost=25.467
info|2019-11-22 17:49:02.329129|[g:1][CONSENSUS][PBFT]checkAndChangeView: Reach consensus,org_view=56,org_changeCycle=0,cur_changeCycle=0,to_view=57
info|2019-11-22 17:49:02.354823|[P2P][Service] heartBeat,connected count=3
info|2019-11-22 17:49:03.330553|[g:1][CONSENSUS]addRawPrepare,height=1,reqIdx=1,hash=2bac5fb7...
info|2019-11-22 17:49:03.330931|[g:1][CONSENSUS][PBFT]checkTimeout Succ,view=57,toView=58,nodeIdx=2,changeCycle=0,myNode=756c0975...,timecost=0.293
info|2019-11-22 17:49:03.340241|[g:1][CONSENSUS][PBFT]checkAndChangeView: Reach consensus,org_view=57,org_changeCycle=0,cur_changeCycle=0,to_view=58
info|2019-11-22 17:49:04.341261|[g:1][CONSENSUS][SEALER]++++++++++++++++ Generating seal on,blkNum=1,tx=0,nodeIdx=2,hash=f462111a...
info|2019-11-22 17:49:04.355634|[g:1][CONSENSUS][PBFT]checkTimeout Succ,view=58,toView=59,nodeIdx=2,changeCycle=0,myNode=756c0975...,timecost=0.222
info|2019-11-22 17:49:04.357025|[g:1][CONSENSUS][PBFT]checkAndChangeView: Reach consensus,org_view=58,org_changeCycle=0,cur_changeCycle=0,to_view=59
info|2019-11-22 17:49:05.354107|[g:1][CONSENSUS]addRawPrepare,height=1,reqIdx=3,hash=f3140873...
info|2019-11-22 17:49:05.355771|[g:1][CONSENSUS][PBFT]checkTimeout Succ,view=59,toView=60,nodeIdx=2,changeCycle=0,myNode=756c0975...,timecost=1.639
info|2019-11-22 17:49:05.356345|[g:1][CONSENSUS][PBFT]checkAndChangeView: Reach consensus,org_view=59,org_changeCycle=0,cur_changeCycle=0,to_view=60
info|2019-11-22 17:49:06.363330|[g:1][CONSENSUS]addRawPrepare,height=1,reqIdx=0,hash=f1b5d392...
info|2019-11-22 17:49:06.363641|[g:1][CONSENSUS][PBFT]checkTimeout Succ,view=60,toView=61,nodeIdx=2,changeCycle=0,myNode=756c0975...,timecost=0.287
info|2019-11-22 17:49:06.369793|[g:1][CONSENSUS][PBFT]checkAndChangeView: Reach consensus,org_view=60,org_changeCycle=0,cur_changeCycle=0,to_view=61
info|2019-11-22 17:49:07.371311|[g:1][CONSENSUS]addRawPrepare,height=1,reqIdx=1,hash=422892e9...
info|2019-11-22 17:49:07.371794|[g:1][CONSENSUS][PBFT]checkTimeout Succ,view=61,toView=62,nodeIdx=2,changeCycle=0,myNode=756c0975...,timecost=0.367
info|2019-11-22 17:49:07.387038|[g:1][CONSENSUS][PBFT]checkAndChangeView: Reach consensus,org_view=61,org_changeCycle=0,cur_changeCycle=0,to_view=62
info|2019-11-22 17:49:08.387177|[g:1][CONSENSUS][SEALER]++++++++++++++++ Generating seal on,blkNum=1,tx=0,nodeIdx=2,hash=0e5d0f6e...
info|2019-11-22 17:49:08.393773|[g:1][CONSENSUS][PBFT]checkTimeout Succ,view=62,toView=63,nodeIdx=2,changeCycle=0,myNode=756c0975...,timecost=0.308
info|2019-11-22 17:49:08.398413|[g:1][CONSENSUS][PBFT]checkAndChangeView: Reach consensus,org_view=62,org_changeCycle=0,cur_changeCycle=0,to_view=63
info|2019-11-22 17:49:09.395850|[g:1][CONSENSUS]addRawPrepare,height=1,reqIdx=3,hash=005d05e9...
info|2019-11-22 17:49:09.396206|[g:1][CONSENSUS][PBFT]checkTimeout Succ,view=63,toView=64,nodeIdx=2,changeCycle=0,myNode=756c0975...,timecost=0.317
info|2019-11-22 17:49:09.408351|[g:1][CONSENSUS][PBFT]checkAndChangeView: Reach consensus,org_view=63,org_changeCycle=0,cur_changeCycle=0,to_view=64
info|2019-11-22 17:49:10.416162|[g:1][CONSENSUS]addRawPrepare,height=1,reqIdx=0,hash=5bb4af13...
info|2019-11-22 17:49:10.416566|[g:1][CONSENSUS][PBFT]checkTimeout Succ,view=64,toView=65,nodeIdx=2,changeCycle=0,myNode=756c0975...,timecost=0.363
info|2019-11-22 17:49:10.434220|[g:1][CONSENSUS][PBFT]checkAndChangeView: Reach consensus,org_view=64,org_changeCycle=0,cur_changeCycle=0,to_view=65
info|2019-11-22 17:49:11.437793|[g:1][CONSENSUS]addRawPrepare,height=1,reqIdx=1,hash=4a9a65ff...
info|2019-11-22 17:49:11.438121|[g:1][CONSENSUS][PBFT]checkTimeout Succ,view=65,toView=66,nodeIdx=2,changeCycle=0,myNode=756c0975...,timecost=0.258
info|2019-11-22 17:49:11.441517|[g:1][CONSENSUS][PBFT]checkAndChangeView: Reach consensus,org_view=65,org_changeCycle=0,cur_changeCycle=0,to_view=66
info|2019-11-22 17:49:12.355610|[P2P][Service] heartBeat,connected count=3
info|2019-11-22 17:49:12.447473|[g:1][CONSENSUS][SEALER]++++++++++++++++ Generating seal on,blkNum=1,tx=0,nodeIdx=2,hash=cb66df2d...
info|2019-11-22 17:49:12.459408|[g:1][CONSENSUS][PBFT]checkTimeout Succ,view=66,toView=67,nodeIdx=2,changeCycle=0,myNode=756c0975...,timecost=0.281
info|2019-11-22 17:49:12.464087|[g:1][CONSENSUS][PBFT]checkAndChangeView: Reach consensus,org_view=66,org_changeCycle=0,cur_changeCycle=0,to_view=67
info|2019-11-22 17:49:13.467796|[g:1][CONSENSUS]addRawPrepare,height=1,reqIdx=3,hash=171638d4...
info|2019-11-22 17:49:13.468201|[g:1][CONSENSUS][PBFT]checkTimeout Succ,view=67,toView=68,nodeIdx=2,changeCycle=0,myNode=756c0975...,timecost=0.364
info|2019-11-22 17:49:13.471073|[g:1][CONSENSUS][PBFT]checkAndChangeView: Reach consensus,org_view=67,org_changeCycle=0,cur_changeCycle=0,to_view=68
info|2019-11-22 17:49:14.478481|[g:1][CONSENSUS]addRawPrepare,height=1,reqIdx=0,hash=dfd9937d...
info|2019-11-22 17:49:14.478795|[g:1][CONSENSUS][PBFT]checkTimeout Succ,view=68,toView=69,nodeIdx=2,changeCycle=0,myNode=756c0975...,timecost=0.276
info|2019-11-22 17:49:14.482957|[g:1][CONSENSUS][PBFT]checkAndChangeView: Reach consensus,org_view=68,org_changeCycle=0,cur_changeCycle=0,to_view=69
info|2019-11-22 17:49:15.486190|[g:1][CONSENSUS]addRawPrepare,height=1,reqIdx=1,hash=f6597219...
info|2019-11-22 17:49:15.486638|[g:1][CONSENSUS][PBFT]checkTimeout Succ,view=69,toView=70,nodeIdx=2,changeCycle=0,myNode=756c0975...,timecost=0.424
info|2019-11-22 17:49:15.493647|[g:1][CONSENSUS][PBFT]checkAndChangeView: Reach consensus,org_view=69,org_changeCycle=0,cur_changeCycle=0,to_view=70
info|2019-11-22 17:49:16.498145|[g:1][CONSENSUS][SEALER]++++++++++++++++ Generating seal on,blkNum=1,tx=0,nodeIdx=2,hash=813327b2...
info|2019-11-22 17:49:16.517142|[g:1][CONSENSUS][PBFT]checkTimeout Succ,view=70,toView=71,nodeIdx=2,changeCycle=0,myNode=756c0975...,timecost=0.305
info|2019-11-22 17:49:16.520943|[g:1][CONSENSUS][PBFT]checkAndChangeView: Reach consensus,org_view=70,org_changeCycle=0,cur_changeCycle=0,to_view=71
info|2019-11-22 17:49:17.522361|[g:1][CONSENSUS]addRawPrepare,height=1,reqIdx=3,hash=5f28834b...
info|2019-11-22 17:49:17.522833|[g:1][CONSENSUS][PBFT]checkTimeout Succ,view=71,toView=72,nodeIdx=2,changeCycle=0,myNode=756c0975...,timecost=0.414
info|2019-11-22 17:49:17.527915|[g:1][CONSENSUS][PBFT]checkAndChangeView: Reach consensus,org_view=71,org_changeCycle=0,cur_changeCycle=0,to_view=72
info|2019-11-22 17:49:18.534128|[g:1][CONSENSUS]addRawPrepare,height=1,reqIdx=0,hash=88bfefa1...
info|2019-11-22 17:49:18.534438|[g:1][CONSENSUS][PBFT]checkTimeout Succ,view=72,toView=73,nodeIdx=2,changeCycle=0,myNode=756c0975...,timecost=0.266
info|2019-11-22 17:49:18.540373|[g:1][CONSENSUS][PBFT]checkAndChangeView: Reach consensus,org_view=72,org_changeCycle=0,cur_changeCycle=0,to_view=73
info|2019-11-22 17:49:19.542443|[g:1][CONSENSUS]addRawPrepare,height=1,reqIdx=1,hash=506d8a82...
info|2019-11-22 17:49:19.542789|[g:1][CONSENSUS][PBFT]checkTimeout Succ,view=73,toView=74,nodeIdx=2,changeCycle=0,myNode=756c0975...,timecost=0.223
info|2019-11-22 17:49:19.550120|[g:1][CONSENSUS][PBFT]checkAndChangeView: Reach consensus,org_view=73,org_changeCycle=0,cur_changeCycle=0,to_view=74
info|2019-11-22 17:49:20.554544|[g:1][CONSENSUS][SEALER]++++++++++++++++ Generating seal on,blkNum=1,tx=0,nodeIdx=2,hash=24ed2476...
info|2019-11-22 17:49:20.572606|[g:1][CONSENSUS][PBFT]checkTimeout Succ,view=74,toView=75,nodeIdx=2,changeCycle=0,myNode=756c0975...,timecost=0.237
info|2019-11-22 17:49:20.573842|[g:1][CONSENSUS][PBFT]checkAndChangeView: Reach consensus,org_view=74,org_changeCycle=0,cur_changeCycle=0,to_view=75
info|2019-11-22 17:49:21.572196|[g:1][CONSENSUS]addRawPrepare,height=1,reqIdx=3,hash=8f186293...
info|2019-11-22 17:49:21.572565|[g:1][CONSENSUS][PBFT]checkTimeout Succ,view=75,toView=76,nodeIdx=2,changeCycle=0,myNode=756c0975...,timecost=0.34
info|2019-11-22 17:49:21.575574|[g:1][CONSENSUS][PBFT]checkAndChangeView: Reach consensus,org_view=75,org_changeCycle=0,cur_changeCycle=0,to_view=76
info|2019-11-22 17:49:22.356334|[P2P][Service] heartBeat,connected count=3
info|2019-11-22 17:49:22.579457|[g:1][CONSENSUS]addRawPrepare,height=1,reqIdx=0,hash=62640d20...
info|2019-11-22 17:49:22.580077|[g:1][CONSENSUS][PBFT]checkTimeout Succ,view=76,toView=77,nodeIdx=2,changeCycle=0,myNode=756c0975...,timecost=0.587
info|2019-11-22 17:49:22.591841|[g:1][CONSENSUS][PBFT]checkAndChangeView: Reach consensus,org_view=76,org_changeCycle=0,cur_changeCycle=0,to_view=77
info|2019-11-22 17:49:23.594381|[g:1][CONSENSUS]addRawPrepare,height=1,reqIdx=1,hash=09a87fc3...
info|2019-11-22 17:49:23.621498|[g:1][CONSENSUS][PBFT]checkTimeout Succ,view=77,toView=78,nodeIdx=2,changeCycle=0,myNode=756c0975...,timecost=14.777
info|2019-11-22 17:49:23.660654|[g:1][CONSENSUS][PBFT]checkAndChangeView: Reach consensus,org_view=77,org_changeCycle=0,cur_changeCycle=0,to_view=78
info|2019-11-22 17:49:24.668679|[g:1][CONSENSUS][SEALER]++++++++++++++++ Generating seal on,blkNum=1,tx=0,nodeIdx=2,hash=063c80e6...
info|2019-11-22 17:49:24.686130|[g:1][CONSENSUS][PBFT]checkTimeout Succ,view=78,toView=79,nodeIdx=2,changeCycle=0,myNode=756c0975...,timecost=0.681
info|2019-11-22 17:49:24.690435|[g:1][CONSENSUS][PBFT]checkAndChangeView: Reach consensus,org_view=78,org_changeCycle=0,cur_changeCycle=0,to_view=79
info|2019-11-22 17:49:25.687119|[g:1][CONSENSUS]addRawPrepare,height=1,reqIdx=3,hash=004305a1...
info|2019-11-22 17:49:25.687414|[g:1][CONSENSUS][PBFT]checkTimeout Succ,view=79,toView=80,nodeIdx=2,changeCycle=0,myNode=756c0975...,timecost=0.263
info|2019-11-22 17:49:25.693026|[g:1][CONSENSUS][PBFT]checkAndChangeView: Reach consensus,org_view=79,org_changeCycle=0,cur_changeCycle=0,to_view=80
info|2019-11-22 17:49:26.712053|[g:1][CONSENSUS]addRawPrepare,height=1,reqIdx=0,hash=ec1ebf22...
info|2019-11-22 17:49:26.728780|[g:1][CONSENSUS][PBFT]checkTimeout Succ,view=80,toView=81,nodeIdx=2,changeCycle=0,myNode=756c0975...,timecost=16.351
info|2019-11-22 17:49:26.747682|[g:1][CONSENSUS][PBFT]checkAndChangeView: Reach consensus,org_view=80,org_changeCycle=0,cur_changeCycle=0,to_view=81
info|2019-11-22 17:49:27.750372|[g:1][CONSENSUS]addRawPrepare,height=1,reqIdx=1,hash=770394b5...
info|2019-11-22 17:49:27.765281|[g:1][CONSENSUS][PBFT]checkTimeout Succ,view=81,toView=82,nodeIdx=2,changeCycle=0,myNode=756c0975...,timecost=3.443
info|2019-11-22 17:49:27.777564|[g:1][CONSENSUS][PBFT]checkAndChangeView: Reach consensus,org_view=81,org_changeCycle=0,cur_changeCycle=0,to_view=82
info|2019-11-22 17:49:28.781292|[g:1][CONSENSUS][SEALER]++++++++++++++++ Generating seal on,blkNum=1,tx=0,nodeIdx=2,hash=4ee027ae...
info|2019-11-22 17:49:28.817256|[g:1][CONSENSUS][PBFT]checkTimeout Succ,view=82,toView=83,nodeIdx=2,changeCycle=0,myNode=756c0975...,timecost=1.14
info|2019-11-22 17:49:28.823714|[g:1][CONSENSUS][PBFT]checkAndChangeView: Reach consensus,org_view=82,org_changeCycle=0,cur_changeCycle=0,to_view=83
info|2019-11-22 17:49:29.836317|[g:1][CONSENSUS]addRawPrepare,height=1,reqIdx=3,hash=a7b7d8de...
info|2019-11-22 17:49:29.852945|[g:1][CONSENSUS][PBFT]checkTimeout Succ,view=83,toView=84,nodeIdx=2,changeCycle=0,myNode=756c0975...,timecost=8.441
info|2019-11-22 17:49:29.888961|[g:1][CONSENSUS][PBFT]checkAndChangeView: Reach consensus,org_view=83,org_changeCycle=0,cur_changeCycle=0,to_view=84
info|2019-11-22 17:49:30.892744|[g:1][CONSENSUS]addRawPrepare,height=1,reqIdx=0,hash=33315434...
info|2019-11-22 17:49:30.907787|[g:1][CONSENSUS][PBFT]checkTimeout Succ,view=84,toView=85,nodeIdx=2,changeCycle=0,myNode=756c0975...,timecost=14.583
info|2019-11-22 17:49:30.948506|[g:1][CONSENSUS][PBFT]checkAndChangeView: Reach consensus,org_view=84,org_changeCycle=0,cur_changeCycle=0,to_view=85
info|2019-11-22 17:49:31.953236|[g:1][CONSENSUS]addRawPrepare,height=1,reqIdx=1,hash=1e90e0ee...
info|2019-11-22 17:49:31.974991|[g:1][CONSENSUS][PBFT]checkTimeout Succ,view=85,toView=86,nodeIdx=2,changeCycle=0,myNode=756c0975...,timecost=21.516
info|2019-11-22 17:49:31.984468|[g:1][CONSENSUS][PBFT]checkAndChangeView: Reach consensus,org_view=85,org_changeCycle=0,cur_changeCycle=0,to_view=86
info|2019-11-22 17:49:32.356457|[P2P][Service] heartBeat,connected count=3
info|2019-11-22 17:49:32.997355|[g:1][CONSENSUS][SEALER]++++++++++++++++ Generating seal on,blkNum=1,tx=0,nodeIdx=2,hash=783e0e22...
info|2019-11-22 17:49:33.017160|[g:1][CONSENSUS][PBFT]checkTimeout Succ,view=86,toView=87,nodeIdx=2,changeCycle=0,myNode=756c0975...,timecost=6.044
info|2019-11-22 17:49:33.021555|[g:1][CONSENSUS][PBFT]checkAndChangeView: Reach consensus,org_view=86,org_changeCycle=0,cur_changeCycle=0,to_view=87
info|2019-11-22 17:49:34.012158|[g:1][CONSENSUS]addRawPrepare,height=1,reqIdx=3,hash=92bb11e4...
info|2019-11-22 17:49:34.015070|[g:1][CONSENSUS][PBFT]checkTimeout Succ,view=87,toView=88,nodeIdx=2,changeCycle=0,myNode=756c0975...,timecost=2.852
info|2019-11-22 17:49:34.019850|[g:1][CONSENSUS][PBFT]checkAndChangeView: Reach consensus,org_view=87,org_changeCycle=0,cur_changeCycle=0,to_view=88
info|2019-11-22 17:49:35.034258|[g:1][CONSENSUS]addRawPrepare,height=1,reqIdx=0,hash=9bb6d9a3...
info|2019-11-22 17:49:35.052576|[g:1][CONSENSUS][PBFT]checkTimeout Succ,view=88,toView=89,nodeIdx=2,changeCycle=0,myNode=756c0975...,timecost=18.155
info|2019-11-22 17:49:35.079375|[g:1][CONSENSUS][PBFT]checkAndChangeView: Reach consensus,org_view=88,org_changeCycle=0,cur_changeCycle=0,to_view=89
info|2019-11-22 17:49:36.080899|[g:1][CONSENSUS]addRawPrepare,height=1,reqIdx=1,hash=b11dd655...
info|2019-11-22 17:49:36.098052|[g:1][CONSENSUS][PBFT]checkTimeout Succ,view=89,toView=90,nodeIdx=2,changeCycle=0,myNode=756c0975...,timecost=16.945
info|2019-11-22 17:49:36.109696|[g:1][CONSENSUS][PBFT]checkAndChangeView: Reach consensus,org_view=89,org_changeCycle=0,cur_changeCycle=0,to_view=90
info|2019-11-22 17:49:37.126929|[g:1][CONSENSUS][SEALER]++++++++++++++++ Generating seal on,blkNum=1,tx=0,nodeIdx=2,hash=85e24d8f...
info|2019-11-22 17:49:37.142231|[g:1][CONSENSUS][PBFT]checkTimeout Succ,view=90,toView=91,nodeIdx=2,changeCycle=0,myNode=756c0975...,timecost=0.378
info|2019-11-22 17:49:37.143944|[g:1][CONSENSUS][PBFT]checkAndChangeView: Reach consensus,org_view=90,org_changeCycle=0,cur_changeCycle=0,to_view=91
info|2019-11-22 17:49:38.149562|[g:1][CONSENSUS][PBFT]Trigger fast-viewchange,view=91,toView=91,minView=92,INFO=,reqNum=0,curNum=0,GenIdx=1,Cview=92,view=91,fromIdx=1,fromNode=74c27806...,fromIp=127.0.0.1:30302,hash=a40b170d...,nodeIdx=2,myNode=756c0975...
info|2019-11-22 17:49:38.153318|[g:1][CONSENSUS][PBFT]checkAndChangeView: Reach consensus,org_view=91,org_changeCycle=0,cur_changeCycle=0,to_view=92
info|2019-11-22 17:49:38.153478|[g:1][CONSENSUS][PBFT]checkTimeout Succ,view=92,toView=92,nodeIdx=2,changeCycle=0,myNode=756c0975...,timecost=1.138
info|2019-11-22 17:49:39.162421|[g:1][CONSENSUS]addRawPrepare,height=1,reqIdx=0,hash=7fe8cb2c...
info|2019-11-22 17:49:39.162808|[g:1][CONSENSUS][PBFT]checkTimeout Succ,view=92,toView=93,nodeIdx=2,changeCycle=0,myNode=756c0975...,timecost=0.341
info|2019-11-22 17:49:39.170247|[g:1][CONSENSUS][PBFT]checkAndChangeView: Reach consensus,org_view=92,org_changeCycle=0,cur_changeCycle=0,to_view=93
info|2019-11-22 17:49:40.173192|[g:1][CONSENSUS]addRawPrepare,height=1,reqIdx=1,hash=2a04d584...
info|2019-11-22 17:49:40.173774|[g:1][CONSENSUS][PBFT]checkTimeout Succ,view=93,toView=94,nodeIdx=2,changeCycle=0,myNode=756c0975...,timecost=0.459
info|2019-11-22 17:49:40.189889|[g:1][CONSENSUS][PBFT]checkAndChangeView: Reach consensus,org_view=93,org_changeCycle=0,cur_changeCycle=0,to_view=94
info|2019-11-22 17:49:41.191325|[g:1][CONSENSUS][SEALER]++++++++++++++++ Generating seal on,blkNum=1,tx=0,nodeIdx=2,hash=ba02d577...
info|2019-11-22 17:49:41.234358|[g:1][CONSENSUS][PBFT]checkTimeout Succ,view=94,toView=95,nodeIdx=2,changeCycle=0,myNode=756c0975...,timecost=0.772
info|2019-11-22 17:49:41.237472|[g:1][CONSENSUS][PBFT]checkAndChangeView: Reach consensus,org_view=94,org_changeCycle=0,cur_changeCycle=0,to_view=95
info|2019-11-22 17:49:42.249662|[g:1][CONSENSUS]addRawPrepare,height=1,reqIdx=3,hash=7db912a8...
info|2019-11-22 17:49:42.266969|[g:1][CONSENSUS][PBFT]checkTimeout Succ,view=95,toView=96,nodeIdx=2,changeCycle=0,myNode=756c0975...,timecost=16.332
info|2019-11-22 17:49:42.301295|[g:1][CONSENSUS][PBFT]checkAndChangeView: Reach consensus,org_view=95,org_changeCycle=0,cur_changeCycle=0,to_view=96
info|2019-11-22 17:49:42.356541|[P2P][Service] heartBeat,connected count=3
info|2019-11-22 17:49:43.326071|[g:1][CONSENSUS]addRawPrepare,height=1,reqIdx=0,hash=d0612dec...
info|2019-11-22 17:49:43.333140|[g:1][CONSENSUS][PBFT]checkTimeout Succ,view=96,toView=97,nodeIdx=2,changeCycle=0,myNode=756c0975...,timecost=6.99
info|2019-11-22 17:49:43.337883|[g:1][CONSENSUS][PBFT]checkAndChangeView: Reach consensus,org_view=96,org_changeCycle=0,cur_changeCycle=0,to_view=97
info|2019-11-22 17:49:44.340319|[g:1][CONSENSUS]addRawPrepare,height=1,reqIdx=1,hash=77d4bde8...
info|2019-11-22 17:49:44.354271|[g:1][CONSENSUS][PBFT]checkTimeout Succ,view=97,toView=98,nodeIdx=2,changeCycle=0,myNode=756c0975...,timecost=13.679
info|2019-11-22 17:49:44.362994|[g:1][CONSENSUS][PBFT]checkAndChangeView: Reach consensus,org_view=97,org_changeCycle=0,cur_changeCycle=0,to_view=98
info|2019-11-22 17:49:45.370772|[g:1][CONSENSUS][SEALER]++++++++++++++++ Generating seal on,blkNum=1,tx=0,nodeIdx=2,hash=f86aebc0...
info|2019-11-22 17:49:45.382531|[g:1][CONSENSUS][PBFT]checkTimeout Succ,view=98,toView=99,nodeIdx=2,changeCycle=0,myNode=756c0975...,timecost=0.287
info|2019-11-22 17:49:45.383680|[g:1][CONSENSUS][PBFT]checkAndChangeView: Reach consensus,org_view=98,org_changeCycle=0,cur_changeCycle=0,to_view=99
info|2019-11-22 17:49:46.386583|[g:1][CONSENSUS]addRawPrepare,height=1,reqIdx=3,hash=ddb6ba5a...
info|2019-11-22 17:49:46.387107|[g:1][CONSENSUS][PBFT]checkTimeout Succ,view=99,toView=100,nodeIdx=2,changeCycle=0,myNode=756c0975...,timecost=0.473
info|2019-11-22 17:49:46.397824|[g:1][CONSENSUS][PBFT]checkAndChangeView: Reach consensus,org_view=99,org_changeCycle=0,cur_changeCycle=0,to_view=100
info|2019-11-22 17:49:47.408477|[g:1][CONSENSUS]addRawPrepare,height=1,reqIdx=0,hash=3bc1e9e9...
info|2019-11-22 17:49:47.414773|[g:1][CONSENSUS][PBFT]checkTimeout Succ,view=100,toView=101,nodeIdx=2,changeCycle=0,myNode=756c0975...,timecost=6.091
info|2019-11-22 17:49:47.428579|[g:1][CONSENSUS][PBFT]checkAndChangeView: Reach consensus,org_view=100,org_changeCycle=0,cur_changeCycle=0,to_view=101
info|2019-11-22 17:49:48.430450|[g:1][CONSENSUS]addRawPrepare,height=1,reqIdx=1,hash=68833f22...
info|2019-11-22 17:49:48.430826|[g:1][CONSENSUS][PBFT]checkTimeout Succ,view=101,toView=102,nodeIdx=2,changeCycle=0,myNode=756c0975...,timecost=0.309
info|2019-11-22 17:49:48.438558|[g:1][CONSENSUS][PBFT]checkAndChangeView: Reach consensus,org_view=101,org_changeCycle=0,cur_changeCycle=0,to_view=102
info|2019-11-22 17:49:49.443956|[g:1][CONSENSUS][SEALER]++++++++++++++++ Generating seal on,blkNum=1,tx=0,nodeIdx=2,hash=b5885826...
info|2019-11-22 17:49:49.462591|[g:1][CONSENSUS][PBFT]checkTimeout Succ,view=102,toView=103,nodeIdx=2,changeCycle=0,myNode=756c0975...,timecost=0.473
info|2019-11-22 17:49:49.463906|[g:1][CONSENSUS][PBFT]checkAndChangeView: Reach consensus,org_view=102,org_changeCycle=0,cur_changeCycle=0,to_view=103
info|2019-11-22 17:49:50.462627|[g:1][CONSENSUS]addRawPrepare,height=1,reqIdx=3,hash=593394b4...
info|2019-11-22 17:49:50.462974|[g:1][CONSENSUS][PBFT]checkTimeout Succ,view=103,toView=104,nodeIdx=2,changeCycle=0,myNode=756c0975...,timecost=0.31
info|2019-11-22 17:49:50.467821|[g:1][CONSENSUS][PBFT]checkAndChangeView: Reach consensus,org_view=103,org_changeCycle=0,cur_changeCycle=0,to_view=104
info|2019-11-22 17:49:51.473772|[g:1][CONSENSUS]addRawPrepare,height=1,reqIdx=0,hash=a66a4a3a...
info|2019-11-22 17:49:51.474043|[g:1][CONSENSUS][PBFT]checkTimeout Succ,view=104,toView=105,nodeIdx=2,changeCycle=0,myNode=756c0975...,timecost=0.22
info|2019-11-22 17:49:51.478004|[g:1][CONSENSUS][PBFT]checkAndChangeView: Reach consensus,org_view=104,org_changeCycle=0,cur_changeCycle=0,to_view=105
info|2019-11-22 17:49:52.356782|[P2P][Service] heartBeat,connected count=3
info|2019-11-22 17:49:52.482096|[g:1][CONSENSUS]addRawPrepare,height=1,reqIdx=1,hash=b7e9fde7...
info|2019-11-22 17:49:52.482614|[g:1][CONSENSUS][PBFT]checkTimeout Succ,view=105,toView=106,nodeIdx=2,changeCycle=0,myNode=756c0975...,timecost=0.381
info|2019-11-22 17:49:52.495186|[g:1][CONSENSUS][PBFT]checkAndChangeView: Reach consensus,org_view=105,org_changeCycle=0,cur_changeCycle=0,to_view=106
info|2019-11-22 17:49:53.496086|[g:1][CONSENSUS][SEALER]++++++++++++++++ Generating seal on,blkNum=1,tx=0,nodeIdx=2,hash=8092c5d8...
info|2019-11-22 17:49:53.506008|[g:1][CONSENSUS][PBFT]checkTimeout Succ,view=106,toView=107,nodeIdx=2,changeCycle=0,myNode=756c0975...,timecost=0.656
info|2019-11-22 17:49:53.507165|[g:1][CONSENSUS][PBFT]checkAndChangeView: Reach consensus,org_view=106,org_changeCycle=0,cur_changeCycle=0,to_view=107
info|2019-11-22 17:49:54.506863|[g:1][CONSENSUS]addRawPrepare,height=1,reqIdx=3,hash=396d6aa5...
info|2019-11-22 17:49:54.507161|[g:1][CONSENSUS][PBFT]checkTimeout Succ,view=107,toView=108,nodeIdx=2,changeCycle=0,myNode=756c0975...,timecost=0.257
info|2019-11-22 17:49:54.514094|[g:1][CONSENSUS][PBFT]checkAndChangeView: Reach consensus,org_view=107,org_changeCycle=0,cur_changeCycle=0,to_view=108
info|2019-11-22 17:49:55.517359|[g:1][CONSENSUS]addRawPrepare,height=1,reqIdx=0,hash=604a6c42...
info|2019-11-22 17:49:55.517628|[g:1][CONSENSUS][PBFT]checkTimeout Succ,view=108,toView=109,nodeIdx=2,changeCycle=0,myNode=756c0975...,timecost=0.234
info|2019-11-22 17:49:55.524121|[g:1][CONSENSUS][PBFT]checkAndChangeView: Reach consensus,org_view=108,org_changeCycle=0,cur_changeCycle=0,to_view=109
info|2019-11-22 17:49:56.525729|[g:1][CONSENSUS]addRawPrepare,height=1,reqIdx=1,hash=2ab35e23...
info|2019-11-22 17:49:56.526186|[g:1][CONSENSUS][PBFT]checkTimeout Succ,view=109,toView=110,nodeIdx=2,changeCycle=0,myNode=756c0975...,timecost=0.282
info|2019-11-22 17:49:56.533596|[g:1][CONSENSUS][PBFT]checkAndChangeView: Reach consensus,org_view=109,org_changeCycle=0,cur_changeCycle=0,to_view=110
info|2019-11-22 17:49:57.538159|[g:1][CONSENSUS][SEALER]++++++++++++++++ Generating seal on,blkNum=1,tx=0,nodeIdx=2,hash=867f3d55...
info|2019-11-22 17:49:57.553647|[g:1][CONSENSUS][PBFT]checkTimeout Succ,view=110,toView=111,nodeIdx=2,changeCycle=0,myNode=756c0975...,timecost=0.302
info|2019-11-22 17:49:57.555405|[g:1][CONSENSUS][PBFT]checkAndChangeView: Reach consensus,org_view=110,org_changeCycle=0,cur_changeCycle=0,to_view=111
info|2019-11-22 17:49:58.560167|[g:1][CONSENSUS]addRawPrepare,height=1,reqIdx=3,hash=fa50d490...
info|2019-11-22 17:49:58.566490|[g:1][CONSENSUS][PBFT]checkTimeout Succ,view=111,toView=112,nodeIdx=2,changeCycle=0,myNode=756c0975...,timecost=6.23
info|2019-11-22 17:49:58.603744|[g:1][CONSENSUS][PBFT]checkAndChangeView: Reach consensus,org_view=111,org_changeCycle=0,cur_changeCycle=0,to_view=112
info|2019-11-22 17:49:59.590838|[g:1][CONSENSUS]addRawPrepare,height=1,reqIdx=0,hash=10b1a2fa...
info|2019-11-22 17:49:59.591135|[g:1][CONSENSUS][PBFT]checkTimeout Succ,view=112,toView=113,nodeIdx=2,changeCycle=0,myNode=756c0975...,timecost=0.269
info|2019-11-22 17:49:59.594468|[g:1][CONSENSUS][PBFT]checkAndChangeView: Reach consensus,org_view=112,org_changeCycle=0,cur_changeCycle=0,to_view=113
info|2019-11-22 17:50:00.604043|[g:1][CONSENSUS]addRawPrepare,height=1,reqIdx=1,hash=119eb39e...
info|2019-11-22 17:50:00.630530|[g:1][CONSENSUS][PBFT]checkTimeout Succ,view=113,toView=114,nodeIdx=2,changeCycle=0,myNode=756c0975...,timecost=14.695
info|2019-11-22 17:50:00.683112|[g:1][CONSENSUS][PBFT]checkAndChangeView: Reach consensus,org_view=113,org_changeCycle=0,cur_changeCycle=0,to_view=114
info|2019-11-22 17:50:01.684743|[g:1][CONSENSUS][SEALER]++++++++++++++++ Generating seal on,blkNum=1,tx=0,nodeIdx=2,hash=2de1e56c...
info|2019-11-22 17:50:01.737818|[g:1][CONSENSUS][PBFT]checkTimeout Succ,view=114,toView=115,nodeIdx=2,changeCycle=0,myNode=756c0975...,timecost=0.95
info|2019-11-22 17:50:01.754694|[g:1][CONSENSUS][PBFT]checkAndChangeView: Reach consensus,org_view=114,org_changeCycle=0,cur_changeCycle=0,to_view=115
info|2019-11-22 17:50:02.356926|[P2P][Service] heartBeat,connected count=3
info|2019-11-22 17:50:02.807552|[g:1][CONSENSUS]addRawPrepare,height=1,reqIdx=3,hash=50f44e26...
info|2019-11-22 17:50:02.808039|[g:1][CONSENSUS][PBFT]checkTimeout Succ,view=115,toView=116,nodeIdx=2,changeCycle=0,myNode=756c0975...,timecost=0.445
info|2019-11-22 17:50:02.817199|[g:1][CONSENSUS][PBFT]checkAndChangeView: Reach consensus,org_view=115,org_changeCycle=0,cur_changeCycle=0,to_view=116
info|2019-11-22 17:50:03.831936|[g:1][CONSENSUS]addRawPrepare,height=1,reqIdx=0,hash=0a709e40...
info|2019-11-22 17:50:03.844547|[g:1][CONSENSUS][PBFT]checkTimeout Succ,view=116,toView=117,nodeIdx=2,changeCycle=0,myNode=756c0975...,timecost=12.411
info|2019-11-22 17:50:03.876549|[g:1][CONSENSUS][PBFT]checkAndChangeView: Reach consensus,org_view=116,org_changeCycle=0,cur_changeCycle=0,to_view=117
info|2019-11-22 17:50:04.891652|[g:1][CONSENSUS]addRawPrepare,height=1,reqIdx=1,hash=513d00ea...
info|2019-11-22 17:50:04.892222|[g:1][CONSENSUS][PBFT]checkTimeout Succ,view=117,toView=118,nodeIdx=2,changeCycle=0,myNode=756c0975...,timecost=0.372
info|2019-11-22 17:50:04.902690|[g:1][CONSENSUS][PBFT]checkAndChangeView: Reach consensus,org_view=117,org_changeCycle=0,cur_changeCycle=0,to_view=118
info|2019-11-22 17:50:05.903340|[g:1][CONSENSUS][SEALER]++++++++++++++++ Generating seal on,blkNum=1,tx=0,nodeIdx=2,hash=ae526c1d...
info|2019-11-22 17:50:05.958539|[g:1][CONSENSUS][PBFT]checkTimeout Succ,view=118,toView=119,nodeIdx=2,changeCycle=0,myNode=756c0975...,timecost=1.782
info|2019-11-22 17:50:05.972075|[g:1][CONSENSUS][PBFT]checkAndChangeView: Reach consensus,org_view=118,org_changeCycle=0,cur_changeCycle=0,to_view=119
info|2019-11-22 17:50:06.986380|[g:1][CONSENSUS]addRawPrepare,height=1,reqIdx=3,hash=2339c497...
info|2019-11-22 17:50:06.991152|[g:1][CONSENSUS][PBFT]checkTimeout Succ,view=119,toView=120,nodeIdx=2,changeCycle=0,myNode=756c0975...,timecost=4.695
info|2019-11-22 17:50:07.013235|[g:1][CONSENSUS][PBFT]checkAndChangeView: Reach consensus,org_view=119,org_changeCycle=0,cur_changeCycle=0,to_view=120
info|2019-11-22 17:50:08.028951|[g:1][CONSENSUS]addRawPrepare,height=1,reqIdx=0,hash=0793fc10...
info|2019-11-22 17:50:08.047277|[g:1][CONSENSUS][PBFT]checkTimeout Succ,view=120,toView=121,nodeIdx=2,changeCycle=0,myNode=756c0975...,timecost=18.143
info|2019-11-22 17:50:08.079446|[g:1][CONSENSUS][PBFT]checkAndChangeView: Reach consensus,org_view=120,org_changeCycle=0,cur_changeCycle=0,to_view=121
info|2019-11-22 17:50:09.080684|[g:1][CONSENSUS]addRawPrepare,height=1,reqIdx=1,hash=2e065ba7...
info|2019-11-22 17:50:09.081427|[g:1][CONSENSUS][PBFT]checkTimeout Succ,view=121,toView=122,nodeIdx=2,changeCycle=0,myNode=756c0975...,timecost=0.519
info|2019-11-22 17:50:09.093428|[g:1][CONSENSUS][PBFT]checkAndChangeView: Reach consensus,org_view=121,org_changeCycle=0,cur_changeCycle=0,to_view=122
info|2019-11-22 17:50:10.095383|[g:1][CONSENSUS][SEALER]++++++++++++++++ Generating seal on,blkNum=1,tx=0,nodeIdx=2,hash=ea948bae...
info|2019-11-22 17:50:10.136696|[g:1][CONSENSUS][PBFT]checkTimeout Succ,view=122,toView=123,nodeIdx=2,changeCycle=0,myNode=756c0975...,timecost=1.084
info|2019-11-22 17:50:10.154316|[g:1][CONSENSUS][PBFT]checkAndChangeView: Reach consensus,org_view=122,org_changeCycle=0,cur_changeCycle=0,to_view=123
info|2019-11-22 17:50:11.176152|[g:1][CONSENSUS]addRawPrepare,height=1,reqIdx=3,hash=1ade8b05...
info|2019-11-22 17:50:11.186212|[g:1][CONSENSUS][PBFT]checkTimeout Succ,view=123,toView=124,nodeIdx=2,changeCycle=0,myNode=756c0975...,timecost=5.873
info|2019-11-22 17:50:11.188346|[g:1][CONSENSUS][PBFT]checkAndChangeView: Reach consensus,org_view=123,org_changeCycle=0,cur_changeCycle=0,to_view=124
info|2019-11-22 17:50:12.209661|[g:1][CONSENSUS]addRawPrepare,height=1,reqIdx=0,hash=7c1c2c2e...
info|2019-11-22 17:50:12.210715|[g:1][CONSENSUS][PBFT]checkTimeout Succ,view=124,toView=125,nodeIdx=2,changeCycle=0,myNode=756c0975...,timecost=0.996
info|2019-11-22 17:50:12.221335|[g:1][CONSENSUS][PBFT]checkAndChangeView: Reach consensus,org_view=124,org_changeCycle=0,cur_changeCycle=0,to_view=125
info|2019-11-22 17:50:12.357040|[P2P][Service] heartBeat,connected count=3
info|2019-11-22 17:50:13.226484|[g:1][CONSENSUS]addRawPrepare,height=1,reqIdx=1,hash=8dc66139...
info|2019-11-22 17:50:13.226827|[g:1][CONSENSUS][PBFT]checkTimeout Succ,view=125,toView=126,nodeIdx=2,changeCycle=0,myNode=756c0975...,timecost=0.252
info|2019-11-22 17:50:13.233215|[g:1][CONSENSUS][PBFT]checkAndChangeView: Reach consensus,org_view=125,org_changeCycle=0,cur_changeCycle=0,to_view=126
info|2019-11-22 17:50:14.233287|[g:1][CONSENSUS][SEALER]++++++++++++++++ Generating seal on,blkNum=1,tx=0,nodeIdx=2,hash=68fdfeeb...
info|2019-11-22 17:50:14.266877|[g:1][CONSENSUS][PBFT]checkTimeout Succ,view=126,toView=127,nodeIdx=2,changeCycle=0,myNode=756c0975...,timecost=3.907
info|2019-11-22 17:50:14.275820|[g:1][CONSENSUS][PBFT]checkAndChangeView: Reach consensus,org_view=126,org_changeCycle=0,cur_changeCycle=0,to_view=127
info|2019-11-22 17:50:15.279739|[g:1][CONSENSUS]addRawPrepare,height=1,reqIdx=3,hash=47ef0869...
info|2019-11-22 17:50:15.299068|[g:1][CONSENSUS][PBFT]checkTimeout Succ,view=127,toView=128,nodeIdx=2,changeCycle=0,myNode=756c0975...,timecost=16.217
info|2019-11-22 17:50:15.351623|[g:1][CONSENSUS][PBFT]checkAndChangeView: Reach consensus,org_view=127,org_changeCycle=0,cur_changeCycle=0,to_view=128
info|2019-11-22 17:50:16.362870|[g:1][CONSENSUS]addRawPrepare,height=1,reqIdx=0,hash=43e69738...
info|2019-11-22 17:50:16.363164|[g:1][CONSENSUS][PBFT]checkTimeout Succ,view=128,toView=129,nodeIdx=2,changeCycle=0,myNode=756c0975...,timecost=0.206
info|2019-11-22 17:50:16.366340|[g:1][CONSENSUS][PBFT]checkAndChangeView: Reach consensus,org_view=128,org_changeCycle=0,cur_changeCycle=0,to_view=129
info|2019-11-22 17:50:17.370074|[g:1][CONSENSUS]addRawPrepare,height=1,reqIdx=1,hash=70b3374b...
info|2019-11-22 17:50:17.373017|[g:1][CONSENSUS][PBFT]checkTimeout Succ,view=129,toView=130,nodeIdx=2,changeCycle=0,myNode=756c0975...,timecost=2.852
info|2019-11-22 17:50:17.380725|[g:1][CONSENSUS][PBFT]checkAndChangeView: Reach consensus,org_view=129,org_changeCycle=0,cur_changeCycle=0,to_view=130
info|2019-11-22 17:50:18.384928|[g:1][CONSENSUS][SEALER]++++++++++++++++ Generating seal on,blkNum=1,tx=0,nodeIdx=2,hash=43e1f592...
info|2019-11-22 17:50:18.392188|[g:1][CONSENSUS][PBFT]checkTimeout Succ,view=130,toView=131,nodeIdx=2,changeCycle=0,myNode=756c0975...,timecost=0.265
info|2019-11-22 17:50:18.393173|[g:1][CONSENSUS][PBFT]checkAndChangeView: Reach consensus,org_view=130,org_changeCycle=0,cur_changeCycle=0,to_view=131
info|2019-11-22 17:50:19.392212|[g:1][CONSENSUS]addRawPrepare,height=1,reqIdx=3,hash=133014cd...
info|2019-11-22 17:50:19.392462|[g:1][CONSENSUS][PBFT]checkTimeout Succ,view=131,toView=132,nodeIdx=2,changeCycle=0,myNode=756c0975...,timecost=0.219
info|2019-11-22 17:50:19.396780|[g:1][CONSENSUS][PBFT]checkAndChangeView: Reach consensus,org_view=131,org_changeCycle=0,cur_changeCycle=0,to_view=132
info|2019-11-22 17:50:20.405160|[g:1][CONSENSUS]addRawPrepare,height=1,reqIdx=0,hash=2d88694a...
info|2019-11-22 17:50:20.405434|[g:1][CONSENSUS][PBFT]checkTimeout Succ,view=132,toView=133,nodeIdx=2,changeCycle=0,myNode=756c0975...,timecost=0.252
info|2019-11-22 17:50:20.407120|[g:1][CONSENSUS][PBFT]checkAndChangeView: Reach consensus,org_view=132,org_changeCycle=0,cur_changeCycle=0,to_view=133
info|2019-11-22 17:50:21.425296|[g:1][CONSENSUS][PBFT]Trigger fast-viewchange,view=133,toView=133,minView=134,INFO=,reqNum=0,curNum=0,GenIdx=0,Cview=134,view=133,fromIdx=0,fromNode=594c229d...,fromIp=127.0.0.1:57704,hash=a40b170d...,nodeIdx=2,myNode=756c0975...
info|2019-11-22 17:50:21.425547|[g:1][CONSENSUS][PBFT]checkAndChangeView: Reach consensus,org_view=133,org_changeCycle=0,cur_changeCycle=0,to_view=134
info|2019-11-22 17:50:21.425554|[g:1][CONSENSUS][PBFT]checkTimeout Succ,view=134,toView=134,nodeIdx=2,changeCycle=0,myNode=756c0975...,timecost=0.206
info|2019-11-22 17:50:22.357242|[P2P][Service] heartBeat,connected count=3
info|2019-11-22 17:50:22.425892|[g:1][CONSENSUS][SEALER]++++++++++++++++ Generating seal on,blkNum=1,tx=0,nodeIdx=2,hash=641305b6...
info|2019-11-22 17:50:22.434494|[g:1][CONSENSUS][PBFT]checkTimeout Succ,view=134,toView=135,nodeIdx=2,changeCycle=0,myNode=756c0975...,timecost=0.224
info|2019-11-22 17:50:22.435684|[g:1][CONSENSUS][PBFT]checkAndChangeView: Reach consensus,org_view=134,org_changeCycle=0,cur_changeCycle=0,to_view=135
info|2019-11-22 17:50:23.436901|[g:1][CONSENSUS]addRawPrepare,height=1,reqIdx=3,hash=a34de325...
info|2019-11-22 17:50:23.437322|[g:1][CONSENSUS][PBFT]checkTimeout Succ,view=135,toView=136,nodeIdx=2,changeCycle=0,myNode=756c0975...,timecost=0.383
info|2019-11-22 17:50:23.438977|[g:1][CONSENSUS][PBFT]checkAndChangeView: Reach consensus,org_view=135,org_changeCycle=0,cur_changeCycle=0,to_view=136
info|2019-11-22 17:50:25.040057|[g:1][CONSENSUS]addRawPrepare,height=1,reqIdx=0,hash=a3758e9b...
info|2019-11-22 17:50:25.045448|[g:1][CONSENSUS][PBFT]checkTimeout Succ,view=136,toView=137,nodeIdx=2,changeCycle=0,myNode=756c0975...,timecost=5.316
info|2019-11-22 17:50:25.413221|[g:1][CONSENSUS][PBFT]checkAndChangeView: Reach consensus,org_view=136,org_changeCycle=0,cur_changeCycle=0,to_view=137
info|2019-11-22 17:50:26.233820|[g:1][CONSENSUS]addRawPrepare,height=1,reqIdx=1,hash=14f9bc6e...
info|2019-11-22 17:50:26.238622|[g:1][CONSENSUS][PBFT]checkTimeout Succ,view=137,toView=138,nodeIdx=2,changeCycle=0,myNode=756c0975...,timecost=4.709
info|2019-11-22 17:50:26.243709|[g:1][CONSENSUS][PBFT]checkAndChangeView: Reach consensus,org_view=137,org_changeCycle=0,cur_changeCycle=0,to_view=138
info|2019-11-22 17:50:27.245052|[g:1][CONSENSUS][SEALER]++++++++++++++++ Generating seal on,blkNum=1,tx=0,nodeIdx=2,hash=8e686fff...
info|2019-11-22 17:50:27.256268|[g:1][CONSENSUS][PBFT]checkTimeout Succ,view=138,toView=139,nodeIdx=2,changeCycle=0,myNode=756c0975...,timecost=0.33
info|2019-11-22 17:50:27.258509|[g:1][CONSENSUS][PBFT]checkAndChangeView: Reach consensus,org_view=138,org_changeCycle=0,cur_changeCycle=0,to_view=139
info|2019-11-22 17:50:28.259518|[g:1][CONSENSUS][PBFT]Trigger fast-viewchange,view=139,toView=139,minView=140,INFO=,reqNum=0,curNum=0,GenIdx=1,Cview=140,view=139,fromIdx=1,fromNode=74c27806...,fromIp=127.0.0.1:30302,hash=a40b170d...,nodeIdx=2,myNode=756c0975...
info|2019-11-22 17:50:28.260153|[g:1][CONSENSUS][PBFT]checkAndChangeView: Reach consensus,org_view=139,org_changeCycle=0,cur_changeCycle=0,to_view=140
info|2019-11-22 17:50:28.261766|[g:1][CONSENSUS][PBFT]checkTimeout Succ,view=140,toView=140,nodeIdx=2,changeCycle=0,myNode=756c0975...,timecost=2.147
info|2019-11-22 17:50:29.266642|[g:1][CONSENSUS]addRawPrepare,height=1,reqIdx=0,hash=d8dcb3b2...
info|2019-11-22 17:50:29.267099|[g:1][CONSENSUS][PBFT]checkTimeout Succ,view=140,toView=141,nodeIdx=2,changeCycle=0,myNode=756c0975...,timecost=0.41
info|2019-11-22 17:50:29.272499|[g:1][CONSENSUS][PBFT]checkAndChangeView: Reach consensus,org_view=140,org_changeCycle=0,cur_changeCycle=0,to_view=141
info|2019-11-22 17:50:30.275460|[g:1][CONSENSUS]addRawPrepare,height=1,reqIdx=1,hash=b09e394f...
info|2019-11-22 17:50:30.275753|[g:1][CONSENSUS][PBFT]checkTimeout Succ,view=141,toView=142,nodeIdx=2,changeCycle=0,myNode=756c0975...,timecost=0.209
info|2019-11-22 17:50:30.281018|[g:1][CONSENSUS][PBFT]checkAndChangeView: Reach consensus,org_view=141,org_changeCycle=0,cur_changeCycle=0,to_view=142
info|2019-11-22 17:50:31.282250|[g:1][CONSENSUS][SEALER]++++++++++++++++ Generating seal on,blkNum=1,tx=0,nodeIdx=2,hash=d38ce341...
info|2019-11-22 17:50:31.289617|[g:1][CONSENSUS][PBFT]checkTimeout Succ,view=142,toView=143,nodeIdx=2,changeCycle=0,myNode=756c0975...,timecost=0.305
info|2019-11-22 17:50:31.290782|[g:1][CONSENSUS][PBFT]checkAndChangeView: Reach consensus,org_view=142,org_changeCycle=0,cur_changeCycle=0,to_view=143
info|2019-11-22 17:50:32.290153|[g:1][CONSENSUS]addRawPrepare,height=1,reqIdx=3,hash=2e47b2f3...
info|2019-11-22 17:50:32.290400|[g:1][CONSENSUS][PBFT]checkTimeout Succ,view=143,toView=144,nodeIdx=2,changeCycle=0,myNode=756c0975...,timecost=0.219
info|2019-11-22 17:50:32.293695|[g:1][CONSENSUS][PBFT]checkAndChangeView: Reach consensus,org_view=143,org_changeCycle=0,cur_changeCycle=0,to_view=144
info|2019-11-22 17:50:32.357341|[P2P][Service] heartBeat,connected count=3
info|2019-11-22 17:50:33.298217|[g:1][CONSENSUS]addRawPrepare,height=1,reqIdx=0,hash=2cf2ac55...
info|2019-11-22 17:50:33.298471|[g:1][CONSENSUS][PBFT]checkTimeout Succ,view=144,toView=145,nodeIdx=2,changeCycle=0,myNode=756c0975...,timecost=0.221
info|2019-11-22 17:50:33.303495|[g:1][CONSENSUS][PBFT]checkAndChangeView: Reach consensus,org_view=144,org_changeCycle=0,cur_changeCycle=0,to_view=145
info|2019-11-22 17:50:34.309051|[g:1][CONSENSUS]addRawPrepare,height=1,reqIdx=1,hash=970a5bf4...
info|2019-11-22 17:50:34.309390|[g:1][CONSENSUS][PBFT]checkTimeout Succ,view=145,toView=146,nodeIdx=2,changeCycle=0,myNode=756c0975...,timecost=0.266
info|2019-11-22 17:50:34.313178|[g:1][CONSENSUS][PBFT]checkAndChangeView: Reach consensus,org_view=145,org_changeCycle=0,cur_changeCycle=0,to_view=146
info|2019-11-22 17:50:35.316804|[g:1][CONSENSUS][SEALER]++++++++++++++++ Generating seal on,blkNum=1,tx=0,nodeIdx=2,hash=01371e7c...
info|2019-11-22 17:50:35.327171|[g:1][CONSENSUS][PBFT]checkTimeout Succ,view=146,toView=147,nodeIdx=2,changeCycle=0,myNode=756c0975...,timecost=0.219
info|2019-11-22 17:50:35.328257|[g:1][CONSENSUS][PBFT]checkAndChangeView: Reach consensus,org_view=146,org_changeCycle=0,cur_changeCycle=0,to_view=147
info|2019-11-22 17:50:36.327871|[g:1][CONSENSUS]addRawPrepare,height=1,reqIdx=3,hash=bb361a93...
info|2019-11-22 17:50:36.328243|[g:1][CONSENSUS][PBFT]checkTimeout Succ,view=147,toView=148,nodeIdx=2,changeCycle=0,myNode=756c0975...,timecost=0.322
info|2019-11-22 17:50:36.333095|[g:1][CONSENSUS][PBFT]checkAndChangeView: Reach consensus,org_view=147,org_changeCycle=0,cur_changeCycle=0,to_view=148
info|2019-11-22 17:50:37.338657|[g:1][CONSENSUS]addRawPrepare,height=1,reqIdx=0,hash=02cb4096...
info|2019-11-22 17:50:37.338891|[g:1][CONSENSUS][PBFT]checkTimeout Succ,view=148,toView=149,nodeIdx=2,changeCycle=0,myNode=756c0975...,timecost=0.209
info|2019-11-22 17:50:37.340783|[g:1][CONSENSUS][PBFT]checkAndChangeView: Reach consensus,org_view=148,org_changeCycle=0,cur_changeCycle=0,to_view=149
info|2019-11-22 17:50:38.342424|[g:1][CONSENSUS]addRawPrepare,height=1,reqIdx=1,hash=b673cff3...
info|2019-11-22 17:50:38.342765|[g:1][CONSENSUS][PBFT]checkTimeout Succ,view=149,toView=150,nodeIdx=2,changeCycle=0,myNode=756c0975...,timecost=0.205
info|2019-11-22 17:50:38.347162|[g:1][CONSENSUS][PBFT]checkAndChangeView: Reach consensus,org_view=149,org_changeCycle=0,cur_changeCycle=0,to_view=150
info|2019-11-22 17:50:39.348380|[g:1][CONSENSUS][SEALER]++++++++++++++++ Generating seal on,blkNum=1,tx=0,nodeIdx=2,hash=065dd0c4...
info|2019-11-22 17:50:39.355965|[g:1][CONSENSUS][PBFT]checkTimeout Succ,view=150,toView=151,nodeIdx=2,changeCycle=0,myNode=756c0975...,timecost=0.221
info|2019-11-22 17:50:39.357000|[g:1][CONSENSUS][PBFT]checkAndChangeView: Reach consensus,org_view=150,org_changeCycle=0,cur_changeCycle=0,to_view=151
info|2019-11-22 17:50:40.357863|[g:1][CONSENSUS]addRawPrepare,height=1,reqIdx=3,hash=f13c20d6...
info|2019-11-22 17:50:40.358182|[g:1][CONSENSUS][PBFT]checkTimeout Succ,view=151,toView=152,nodeIdx=2,changeCycle=0,myNode=756c0975...,timecost=0.286
info|2019-11-22 17:50:40.360974|[g:1][CONSENSUS][PBFT]checkAndChangeView: Reach consensus,org_view=151,org_changeCycle=0,cur_changeCycle=0,to_view=152
info|2019-11-22 17:50:41.364104|[g:1][CONSENSUS]addRawPrepare,height=1,reqIdx=0,hash=19bfc83a...
info|2019-11-22 17:50:41.364426|[g:1][CONSENSUS][PBFT]checkTimeout Succ,view=152,toView=153,nodeIdx=2,changeCycle=0,myNode=756c0975...,timecost=0.293
info|2019-11-22 17:50:41.367602|[g:1][CONSENSUS][PBFT]checkAndChangeView: Reach consensus,org_view=152,org_changeCycle=0,cur_changeCycle=0,to_view=153
info|2019-11-22 17:50:42.357432|[P2P][Service] heartBeat,connected count=3
info|2019-11-22 17:50:42.368537|[g:1][CONSENSUS]addRawPrepare,height=1,reqIdx=1,hash=b2bc7502...
info|2019-11-22 17:50:42.375302|[g:1][CONSENSUS][PBFT]checkTimeout Succ,view=153,toView=154,nodeIdx=2,changeCycle=0,myNode=756c0975...,timecost=6.697
info|2019-11-22 17:50:42.376289|[g:1][CONSENSUS][PBFT]checkAndChangeView: Reach consensus,org_view=153,org_changeCycle=0,cur_changeCycle=0,to_view=154
info|2019-11-22 17:50:43.377602|[g:1][CONSENSUS][SEALER]++++++++++++++++ Generating seal on,blkNum=1,tx=0,nodeIdx=2,hash=65da6bbf...
info|2019-11-22 17:50:43.384696|[g:1][CONSENSUS][PBFT]checkTimeout Succ,view=154,toView=155,nodeIdx=2,changeCycle=0,myNode=756c0975...,timecost=0.216
info|2019-11-22 17:50:43.385768|[g:1][CONSENSUS][PBFT]checkAndChangeView: Reach consensus,org_view=154,org_changeCycle=0,cur_changeCycle=0,to_view=155
info|2019-11-22 17:50:44.384935|[g:1][CONSENSUS]addRawPrepare,height=1,reqIdx=3,hash=153c90f2...
info|2019-11-22 17:50:44.385180|[g:1][CONSENSUS][PBFT]checkTimeout Succ,view=155,toView=156,nodeIdx=2,changeCycle=0,myNode=756c0975...,timecost=0.216
info|2019-11-22 17:50:44.388680|[g:1][CONSENSUS][PBFT]checkAndChangeView: Reach consensus,org_view=155,org_changeCycle=0,cur_changeCycle=0,to_view=156
info|2019-11-22 17:50:45.391405|[g:1][CONSENSUS]addRawPrepare,height=1,reqIdx=0,hash=4a564f3e...
info|2019-11-22 17:50:45.391676|[g:1][CONSENSUS][PBFT]checkTimeout Succ,view=156,toView=157,nodeIdx=2,changeCycle=0,myNode=756c0975...,timecost=0.249
info|2019-11-22 17:50:45.393275|[g:1][CONSENSUS][PBFT]checkAndChangeView: Reach consensus,org_view=156,org_changeCycle=0,cur_changeCycle=0,to_view=157
info|2019-11-22 17:50:46.394956|[g:1][CONSENSUS]addRawPrepare,height=1,reqIdx=1,hash=01dfd56c...
info|2019-11-22 17:50:46.395249|[g:1][CONSENSUS][PBFT]checkTimeout Succ,view=157,toView=158,nodeIdx=2,changeCycle=0,myNode=756c0975...,timecost=0.204
info|2019-11-22 17:50:46.398952|[g:1][CONSENSUS][PBFT]checkAndChangeView: Reach consensus,org_view=157,org_changeCycle=0,cur_changeCycle=0,to_view=158
info|2019-11-22 17:50:47.401130|[g:1][CONSENSUS][SEALER]++++++++++++++++ Generating seal on,blkNum=1,tx=0,nodeIdx=2,hash=327afb28...
info|2019-11-22 17:50:47.410781|[g:1][CONSENSUS][PBFT]checkTimeout Succ,view=158,toView=159,nodeIdx=2,changeCycle=0,myNode=756c0975...,timecost=0.223
info|2019-11-22 17:50:47.411927|[g:1][CONSENSUS][PBFT]checkAndChangeView: Reach consensus,org_view=158,org_changeCycle=0,cur_changeCycle=0,to_view=159
info|2019-11-22 17:50:48.411683|[g:1][CONSENSUS]addRawPrepare,height=1,reqIdx=3,hash=cd226889...
info|2019-11-22 17:50:48.411922|[g:1][CONSENSUS][PBFT]checkTimeout Succ,view=159,toView=160,nodeIdx=2,changeCycle=0,myNode=756c0975...,timecost=0.21
info|2019-11-22 17:50:48.413815|[g:1][CONSENSUS][PBFT]checkAndChangeView: Reach consensus,org_view=159,org_changeCycle=0,cur_changeCycle=0,to_view=160
info|2019-11-22 17:50:49.422119|[g:1][CONSENSUS]addRawPrepare,height=1,reqIdx=0,hash=3d41db9c...
info|2019-11-22 17:50:49.422459|[g:1][CONSENSUS][PBFT]checkTimeout Succ,view=160,toView=161,nodeIdx=2,changeCycle=0,myNode=756c0975...,timecost=0.301
info|2019-11-22 17:50:49.423721|[g:1][CONSENSUS][PBFT]checkAndChangeView: Reach consensus,org_view=160,org_changeCycle=0,cur_changeCycle=0,to_view=161
info|2019-11-22 17:50:50.426475|[g:1][CONSENSUS]addRawPrepare,height=1,reqIdx=1,hash=7b13c076...
info|2019-11-22 17:50:50.426917|[g:1][CONSENSUS][PBFT]checkTimeout Succ,view=161,toView=162,nodeIdx=2,changeCycle=0,myNode=756c0975...,timecost=0.316
info|2019-11-22 17:50:50.441818|[g:1][CONSENSUS][PBFT]checkAndChangeView: Reach consensus,org_view=161,org_changeCycle=0,cur_changeCycle=0,to_view=162
info|2019-11-22 17:50:51.442763|[g:1][CONSENSUS][SEALER]++++++++++++++++ Generating seal on,blkNum=1,tx=0,nodeIdx=2,hash=45fbd863...
info|2019-11-22 17:50:51.449831|[g:1][CONSENSUS][PBFT]checkTimeout Succ,view=162,toView=163,nodeIdx=2,changeCycle=0,myNode=756c0975...,timecost=0.215
info|2019-11-22 17:50:51.450857|[g:1][CONSENSUS][PBFT]checkAndChangeView: Reach consensus,org_view=162,org_changeCycle=0,cur_changeCycle=0,to_view=163
info|2019-11-22 17:50:52.357527|[P2P][Service] heartBeat,connected count=3
info|2019-11-22 17:50:52.450424|[g:1][CONSENSUS]addRawPrepare,height=1,reqIdx=3,hash=972c8c7c...
info|2019-11-22 17:50:52.450750|[g:1][CONSENSUS][PBFT]checkTimeout Succ,view=163,toView=164,nodeIdx=2,changeCycle=0,myNode=756c0975...,timecost=0.297
info|2019-11-22 17:50:52.454749|[g:1][CONSENSUS][PBFT]checkAndChangeView: Reach consensus,org_view=163,org_changeCycle=0,cur_changeCycle=0,to_view=164
info|2019-11-22 17:50:53.457482|[g:1][CONSENSUS]addRawPrepare,height=1,reqIdx=0,hash=a169e36b...
info|2019-11-22 17:50:53.457762|[g:1][CONSENSUS][PBFT]checkTimeout Succ,view=164,toView=165,nodeIdx=2,changeCycle=0,myNode=756c0975...,timecost=0.256
info|2019-11-22 17:50:53.460293|[g:1][CONSENSUS][PBFT]checkAndChangeView: Reach consensus,org_view=164,org_changeCycle=0,cur_changeCycle=0,to_view=165
info|2019-11-22 17:50:54.462129|[g:1][CONSENSUS]addRawPrepare,height=1,reqIdx=1,hash=29680493...
info|2019-11-22 17:50:54.462444|[g:1][CONSENSUS][PBFT]checkTimeout Succ,view=165,toView=166,nodeIdx=2,changeCycle=0,myNode=756c0975...,timecost=0.204
info|2019-11-22 17:50:54.467088|[g:1][CONSENSUS][PBFT]checkAndChangeView: Reach consensus,org_view=165,org_changeCycle=0,cur_changeCycle=0,to_view=166
info|2019-11-22 17:50:55.468005|[g:1][CONSENSUS][SEALER]++++++++++++++++ Generating seal on,blkNum=1,tx=0,nodeIdx=2,hash=0b80d47b...
info|2019-11-22 17:50:55.475163|[g:1][CONSENSUS][PBFT]checkTimeout Succ,view=166,toView=167,nodeIdx=2,changeCycle=0,myNode=756c0975...,timecost=0.254
info|2019-11-22 17:50:55.476442|[g:1][CONSENSUS][PBFT]checkAndChangeView: Reach consensus,org_view=166,org_changeCycle=0,cur_changeCycle=0,to_view=167
info|2019-11-22 17:50:56.475686|[g:1][CONSENSUS]addRawPrepare,height=1,reqIdx=3,hash=0d55d096...
info|2019-11-22 17:50:56.476019|[g:1][CONSENSUS][PBFT]checkTimeout Succ,view=167,toView=168,nodeIdx=2,changeCycle=0,myNode=756c0975...,timecost=0.281
info|2019-11-22 17:50:56.482990|[g:1][CONSENSUS][PBFT]checkAndChangeView: Reach consensus,org_view=167,org_changeCycle=0,cur_changeCycle=0,to_view=168
info|2019-11-22 17:50:57.487163|[g:1][CONSENSUS]addRawPrepare,height=1,reqIdx=0,hash=eaaf7417...
info|2019-11-22 17:50:57.487397|[g:1][CONSENSUS][PBFT]checkTimeout Succ,view=168,toView=169,nodeIdx=2,changeCycle=0,myNode=756c0975...,timecost=0.209
info|2019-11-22 17:50:57.487706|[g:1][CONSENSUS][PBFT]checkAndChangeView: Reach consensus,org_view=168,org_changeCycle=0,cur_changeCycle=0,to_view=169
info|2019-11-22 17:50:58.490848|[g:1][CONSENSUS]addRawPrepare,height=1,reqIdx=1,hash=2c70c9a9...
info|2019-11-22 17:50:58.491143|[g:1][CONSENSUS][PBFT]checkTimeout Succ,view=169,toView=170,nodeIdx=2,changeCycle=0,myNode=756c0975...,timecost=0.204
info|2019-11-22 17:50:58.495315|[g:1][CONSENSUS][PBFT]checkAndChangeView: Reach consensus,org_view=169,org_changeCycle=0,cur_changeCycle=0,to_view=170
info|2019-11-22 17:50:59.495257|[g:1][CONSENSUS][SEALER]++++++++++++++++ Generating seal on,blkNum=1,tx=0,nodeIdx=2,hash=9fdadf7f...
info|2019-11-22 17:50:59.502544|[g:1][CONSENSUS][PBFT]checkTimeout Succ,view=170,toView=171,nodeIdx=2,changeCycle=0,myNode=756c0975...,timecost=0.255
info|2019-11-22 17:50:59.503434|[g:1][CONSENSUS][PBFT]checkAndChangeView: Reach consensus,org_view=170,org_changeCycle=0,cur_changeCycle=0,to_view=171
info|2019-11-22 17:51:00.502500|[g:1][CONSENSUS]addRawPrepare,height=1,reqIdx=3,hash=051f6410...
info|2019-11-22 17:51:00.502738|[g:1][CONSENSUS][PBFT]checkTimeout Succ,view=171,toView=172,nodeIdx=2,changeCycle=0,myNode=756c0975...,timecost=0.213
info|2019-11-22 17:51:00.504998|[g:1][CONSENSUS][PBFT]checkAndChangeView: Reach consensus,org_view=171,org_changeCycle=0,cur_changeCycle=0,to_view=172
info|2019-11-22 17:51:01.508940|[g:1][CONSENSUS]addRawPrepare,height=1,reqIdx=0,hash=5c7fce31...
info|2019-11-22 17:51:01.509311|[g:1][CONSENSUS][PBFT]checkTimeout Succ,view=172,toView=173,nodeIdx=2,changeCycle=0,myNode=756c0975...,timecost=0.335
info|2019-11-22 17:51:01.513907|[g:1][CONSENSUS][PBFT]checkAndChangeView: Reach consensus,org_view=172,org_changeCycle=0,cur_changeCycle=0,to_view=173
info|2019-11-22 17:51:02.357620|[P2P][Service] heartBeat,connected count=3
info|2019-11-22 17:51:02.517139|[g:1][CONSENSUS]addRawPrepare,height=1,reqIdx=1,hash=d65e5662...
info|2019-11-22 17:51:02.517419|[g:1][CONSENSUS][PBFT]checkTimeout Succ,view=173,toView=174,nodeIdx=2,changeCycle=0,myNode=756c0975...,timecost=0.203
info|2019-11-22 17:51:02.521127|[g:1][CONSENSUS][PBFT]checkAndChangeView: Reach consensus,org_view=173,org_changeCycle=0,cur_changeCycle=0,to_view=174
info|2019-11-22 17:51:03.522375|[g:1][CONSENSUS][SEALER]++++++++++++++++ Generating seal on,blkNum=1,tx=0,nodeIdx=2,hash=699cf64b...
info|2019-11-22 17:51:03.531133|[g:1][CONSENSUS][PBFT]checkTimeout Succ,view=174,toView=175,nodeIdx=2,changeCycle=0,myNode=756c0975...,timecost=0.22
info|2019-11-22 17:51:03.532201|[g:1][CONSENSUS][PBFT]checkAndChangeView: Reach consensus,org_view=174,org_changeCycle=0,cur_changeCycle=0,to_view=175
info|2019-11-22 17:51:04.535567|[g:1][CONSENSUS]addRawPrepare,height=1,reqIdx=3,hash=5c5947d2...
info|2019-11-22 17:51:04.536001|[g:1][CONSENSUS][PBFT]checkTimeout Succ,view=175,toView=176,nodeIdx=2,changeCycle=0,myNode=756c0975...,timecost=0.394
info|2019-11-22 17:51:04.540211|[g:1][CONSENSUS][PBFT]checkAndChangeView: Reach consensus,org_view=175,org_changeCycle=0,cur_changeCycle=0,to_view=176
info|2019-11-22 17:51:05.545831|[g:1][CONSENSUS]addRawPrepare,height=1,reqIdx=0,hash=88560a1f...
info|2019-11-22 17:51:05.547586|[g:1][CONSENSUS][PBFT]checkTimeout Succ,view=176,toView=177,nodeIdx=2,changeCycle=0,myNode=756c0975...,timecost=1.718
info|2019-11-22 17:51:05.548645|[g:1][CONSENSUS][PBFT]checkAndChangeView: Reach consensus,org_view=176,org_changeCycle=0,cur_changeCycle=0,to_view=177
info|2019-11-22 17:51:06.551430|[g:1][CONSENSUS]addRawPrepare,height=1,reqIdx=1,hash=8ffc4ea0...
info|2019-11-22 17:51:06.551742|[g:1][CONSENSUS][PBFT]checkTimeout Succ,view=177,toView=178,nodeIdx=2,changeCycle=0,myNode=756c0975...,timecost=0.243
info|2019-11-22 17:51:06.555098|[g:1][CONSENSUS][PBFT]checkAndChangeView: Reach consensus,org_view=177,org_changeCycle=0,cur_changeCycle=0,to_view=178
info|2019-11-22 17:51:07.557073|[g:1][CONSENSUS][SEALER]++++++++++++++++ Generating seal on,blkNum=1,tx=0,nodeIdx=2,hash=f853c1a7...
info|2019-11-22 17:51:07.570471|[g:1][CONSENSUS][PBFT]checkTimeout Succ,view=178,toView=179,nodeIdx=2,changeCycle=0,myNode=756c0975...,timecost=0.218
info|2019-11-22 17:51:07.575565|[g:1][CONSENSUS][PBFT]checkAndChangeView: Reach consensus,org_view=178,org_changeCycle=0,cur_changeCycle=0,to_view=179
info|2019-11-22 17:51:08.573151|[g:1][CONSENSUS]addRawPrepare,height=1,reqIdx=3,hash=551ac75f...
info|2019-11-22 17:51:08.573389|[g:1][CONSENSUS][PBFT]checkTimeout Succ,view=179,toView=180,nodeIdx=2,changeCycle=0,myNode=756c0975...,timecost=0.211
info|2019-11-22 17:51:08.575252|[g:1][CONSENSUS][PBFT]checkAndChangeView: Reach consensus,org_view=179,org_changeCycle=0,cur_changeCycle=0,to_view=180
info|2019-11-22 17:51:09.579963|[g:1][CONSENSUS]addRawPrepare,height=1,reqIdx=0,hash=07824b7c...
info|2019-11-22 17:51:09.580198|[g:1][CONSENSUS][PBFT]checkTimeout Succ,view=180,toView=181,nodeIdx=2,changeCycle=0,myNode=756c0975...,timecost=0.211
info|2019-11-22 17:51:09.582128|[g:1][CONSENSUS][PBFT]checkAndChangeView: Reach consensus,org_view=180,org_changeCycle=0,cur_changeCycle=0,to_view=181
info|2019-11-22 17:51:10.583943|[g:1][CONSENSUS]addRawPrepare,height=1,reqIdx=1,hash=781b974a...
info|2019-11-22 17:51:10.584441|[g:1][CONSENSUS][PBFT]checkTimeout Succ,view=181,toView=182,nodeIdx=2,changeCycle=0,myNode=756c0975...,timecost=0.365
info|2019-11-22 17:51:10.591507|[g:1][CONSENSUS][PBFT]checkAndChangeView: Reach consensus,org_view=181,org_changeCycle=0,cur_changeCycle=0,to_view=182
info|2019-11-22 17:51:11.594007|[g:1][CONSENSUS][SEALER]++++++++++++++++ Generating seal on,blkNum=1,tx=0,nodeIdx=2,hash=b88a26a1...
info|2019-11-22 17:51:11.607200|[g:1][CONSENSUS][PBFT]checkTimeout Succ,view=182,toView=183,nodeIdx=2,changeCycle=0,myNode=756c0975...,timecost=0.228
info|2019-11-22 17:51:11.609307|[g:1][CONSENSUS][PBFT]checkAndChangeView: Reach consensus,org_view=182,org_changeCycle=0,cur_changeCycle=0,to_view=183
info|2019-11-22 17:51:12.357729|[P2P][Service] heartBeat,connected count=3
info|2019-11-22 17:51:12.609797|[g:1][CONSENSUS]addRawPrepare,height=1,reqIdx=3,hash=45fcf584...
info|2019-11-22 17:51:12.610596|[g:1][CONSENSUS][PBFT]checkTimeout Succ,view=183,toView=184,nodeIdx=2,changeCycle=0,myNode=756c0975...,timecost=0.775
info|2019-11-22 17:51:12.612775|[g:1][CONSENSUS][PBFT]checkAndChangeView: Reach consensus,org_view=183,org_changeCycle=0,cur_changeCycle=0,to_view=184
info|2019-11-22 17:51:13.616589|[g:1][CONSENSUS]addRawPrepare,height=1,reqIdx=0,hash=2a041a84...
info|2019-11-22 17:51:13.616835|[g:1][CONSENSUS][PBFT]checkTimeout Succ,view=184,toView=185,nodeIdx=2,changeCycle=0,myNode=756c0975...,timecost=0.219
info|2019-11-22 17:51:13.618731|[g:1][CONSENSUS][PBFT]checkAndChangeView: Reach consensus,org_view=184,org_changeCycle=0,cur_changeCycle=0,to_view=185
info|2019-11-22 17:51:14.620064|[g:1][CONSENSUS]addRawPrepare,height=1,reqIdx=1,hash=bd669af3...
info|2019-11-22 17:51:14.620379|[g:1][CONSENSUS][PBFT]checkTimeout Succ,view=185,toView=186,nodeIdx=2,changeCycle=0,myNode=756c0975...,timecost=0.245
info|2019-11-22 17:51:14.625292|[g:1][CONSENSUS][PBFT]checkAndChangeView: Reach consensus,org_view=185,org_changeCycle=0,cur_changeCycle=0,to_view=186
info|2019-11-22 17:51:15.627062|[g:1][CONSENSUS][SEALER]++++++++++++++++ Generating seal on,blkNum=1,tx=0,nodeIdx=2,hash=8238745a...
info|2019-11-22 17:51:15.639773|[g:1][CONSENSUS][PBFT]checkTimeout Succ,view=186,toView=187,nodeIdx=2,changeCycle=0,myNode=756c0975...,timecost=0.277
info|2019-11-22 17:51:15.641219|[g:1][CONSENSUS][PBFT]checkAndChangeView: Reach consensus,org_view=186,org_changeCycle=0,cur_changeCycle=0,to_view=187
info|2019-11-22 17:51:16.637703|[g:1][CONSENSUS]addRawPrepare,height=1,reqIdx=3,hash=081abb4a...
info|2019-11-22 17:51:16.637955|[g:1][CONSENSUS][PBFT]checkTimeout Succ,view=187,toView=188,nodeIdx=2,changeCycle=0,myNode=756c0975...,timecost=0.222
info|2019-11-22 17:51:16.641441|[g:1][CONSENSUS][PBFT]checkAndChangeView: Reach consensus,org_view=187,org_changeCycle=0,cur_changeCycle=0,to_view=188
info|2019-11-22 17:51:17.645068|[g:1][CONSENSUS]addRawPrepare,height=1,reqIdx=0,hash=2a1a2f0a...
info|2019-11-22 17:51:17.645296|[g:1][CONSENSUS][PBFT]checkTimeout Succ,view=188,toView=189,nodeIdx=2,changeCycle=0,myNode=756c0975...,timecost=0.203
info|2019-11-22 17:51:17.649503|[g:1][CONSENSUS][PBFT]checkAndChangeView: Reach consensus,org_view=188,org_changeCycle=0,cur_changeCycle=0,to_view=189
info|2019-11-22 17:51:18.651094|[g:1][CONSENSUS]addRawPrepare,height=1,reqIdx=1,hash=690d05f9...
info|2019-11-22 17:51:18.651442|[g:1][CONSENSUS][PBFT]checkTimeout Succ,view=189,toView=190,nodeIdx=2,changeCycle=0,myNode=756c0975...,timecost=0.256
info|2019-11-22 17:51:18.656420|[g:1][CONSENSUS][PBFT]checkAndChangeView: Reach consensus,org_view=189,org_changeCycle=0,cur_changeCycle=0,to_view=190
info|2019-11-22 17:51:19.657681|[g:1][CONSENSUS][SEALER]++++++++++++++++ Generating seal on,blkNum=1,tx=0,nodeIdx=2,hash=7fbb8cb7...
info|2019-11-22 17:51:19.665155|[g:1][CONSENSUS][PBFT]checkTimeout Succ,view=190,toView=191,nodeIdx=2,changeCycle=0,myNode=756c0975...,timecost=0.221
info|2019-11-22 17:51:19.666286|[g:1][CONSENSUS][PBFT]checkAndChangeView: Reach consensus,org_view=190,org_changeCycle=0,cur_changeCycle=0,to_view=191
info|2019-11-22 17:51:20.667241|[g:1][CONSENSUS]addRawPrepare,height=1,reqIdx=3,hash=cb6133a8...
info|2019-11-22 17:51:20.667512|[g:1][CONSENSUS][PBFT]checkTimeout Succ,view=191,toView=192,nodeIdx=2,changeCycle=0,myNode=756c0975...,timecost=0.247
info|2019-11-22 17:51:20.669698|[g:1][CONSENSUS][PBFT]checkAndChangeView: Reach consensus,org_view=191,org_changeCycle=0,cur_changeCycle=0,to_view=192
info|2019-11-22 17:51:21.673111|[g:1][CONSENSUS]addRawPrepare,height=1,reqIdx=0,hash=b6dd2330...
info|2019-11-22 17:51:21.673373|[g:1][CONSENSUS][PBFT]checkTimeout Succ,view=192,toView=193,nodeIdx=2,changeCycle=0,myNode=756c0975...,timecost=0.235
info|2019-11-22 17:51:21.678310|[g:1][CONSENSUS][PBFT]checkAndChangeView: Reach consensus,org_view=192,org_changeCycle=0,cur_changeCycle=0,to_view=193
info|2019-11-22 17:51:22.358282|[P2P][Service] heartBeat,connected count=3
info|2019-11-22 17:51:22.678672|[g:1][CONSENSUS]addRawPrepare,height=1,reqIdx=1,hash=21fc82f5...
info|2019-11-22 17:51:22.679169|[g:1][CONSENSUS][PBFT]checkTimeout Succ,view=193,toView=194,nodeIdx=2,changeCycle=0,myNode=756c0975...,timecost=0.371
info|2019-11-22 17:51:22.686814|[g:1][CONSENSUS][PBFT]checkAndChangeView: Reach consensus,org_view=193,org_changeCycle=0,cur_changeCycle=0,to_view=194
info|2019-11-22 17:51:23.687430|[g:1][CONSENSUS][SEALER]++++++++++++++++ Generating seal on,blkNum=1,tx=0,nodeIdx=2,hash=786b86cd...
info|2019-11-22 17:51:23.699562|[g:1][CONSENSUS][PBFT]checkTimeout Succ,view=194,toView=195,nodeIdx=2,changeCycle=0,myNode=756c0975...,timecost=0.382
info|2019-11-22 17:51:23.701270|[g:1][CONSENSUS][PBFT]checkAndChangeView: Reach consensus,org_view=194,org_changeCycle=0,cur_changeCycle=0,to_view=195
info|2019-11-22 17:51:24.700891|[g:1][CONSENSUS]addRawPrepare,height=1,reqIdx=3,hash=c98f75b7...
info|2019-11-22 17:51:24.701269|[g:1][CONSENSUS][PBFT]checkTimeout Succ,view=195,toView=196,nodeIdx=2,changeCycle=0,myNode=756c0975...,timecost=0.319
info|2019-11-22 17:51:24.706018|[g:1][CONSENSUS][PBFT]checkAndChangeView: Reach consensus,org_view=195,org_changeCycle=0,cur_changeCycle=0,to_view=196
info|2019-11-22 17:51:25.714838|[g:1][CONSENSUS]addRawPrepare,height=1,reqIdx=0,hash=26c15608...
info|2019-11-22 17:51:25.715078|[g:1][CONSENSUS][PBFT]checkTimeout Succ,view=196,toView=197,nodeIdx=2,changeCycle=0,myNode=756c0975...,timecost=0.213
info|2019-11-22 17:51:25.717981|[g:1][CONSENSUS][PBFT]checkAndChangeView: Reach consensus,org_view=196,org_changeCycle=0,cur_changeCycle=0,to_view=197
info|2019-11-22 17:51:26.720507|[g:1][CONSENSUS]addRawPrepare,height=1,reqIdx=1,hash=c5eb15ba...
info|2019-11-22 17:51:26.720950|[g:1][CONSENSUS][PBFT]checkTimeout Succ,view=197,toView=198,nodeIdx=2,changeCycle=0,myNode=756c0975...,timecost=0.339
info|2019-11-22 17:51:26.728201|[g:1][CONSENSUS][PBFT]checkAndChangeView: Reach consensus,org_view=197,org_changeCycle=0,cur_changeCycle=0,to_view=198
info|2019-11-22 17:51:27.728328|[g:1][CONSENSUS][SEALER]++++++++++++++++ Generating seal on,blkNum=1,tx=0,nodeIdx=2,hash=8c59007a...
info|2019-11-22 17:51:27.742032|[g:1][CONSENSUS][PBFT]checkTimeout Succ,view=198,toView=199,nodeIdx=2,changeCycle=0,myNode=756c0975...,timecost=0.383
info|2019-11-22 17:51:27.743681|[g:1][CONSENSUS][PBFT]checkAndChangeView: Reach consensus,org_view=198,org_changeCycle=0,cur_changeCycle=0,to_view=199
info|2019-11-22 17:51:28.745274|[g:1][CONSENSUS]addRawPrepare,height=1,reqIdx=3,hash=38080e21...
info|2019-11-22 17:51:28.746804|[g:1][CONSENSUS][PBFT]checkTimeout Succ,view=199,toView=200,nodeIdx=2,changeCycle=0,myNode=756c0975...,timecost=1.487
info|2019-11-22 17:51:28.750373|[g:1][CONSENSUS][PBFT]checkAndChangeView: Reach consensus,org_view=199,org_changeCycle=0,cur_changeCycle=0,to_view=200
info|2019-11-22 17:51:29.754060|[g:1][CONSENSUS]addRawPrepare,height=1,reqIdx=0,hash=92b37a5e...
info|2019-11-22 17:51:29.754296|[g:1][CONSENSUS][PBFT]checkTimeout Succ,view=200,toView=201,nodeIdx=2,changeCycle=0,myNode=756c0975...,timecost=0.207
info|2019-11-22 17:51:29.756502|[g:1][CONSENSUS][PBFT]checkAndChangeView: Reach consensus,org_view=200,org_changeCycle=0,cur_changeCycle=0,to_view=201
