info|2019-11-22 17:48:00.832316|[INITIALIZER][initGlobalConfig],enableCompress=true,compatibilityVersion=2.1.0,versionNumber=33619968,chainId=1
info|2019-11-22 17:48:02.316887|[NETWORK][Host]Connecting to node,endpoint=127.0.0.1:30300
info|2019-11-22 17:48:02.319048|[NETWORK][Host]P2P StartAccept,Host=0.0.0.0:30302
info|2019-11-22 17:48:02.351539|[NETWORK][Host]Connecting to node,endpoint=127.0.0.1:30301
info|2019-11-22 17:48:02.351639|[NETWORK][Host]Connecting to node,endpoint=127.0.0.1:30302
info|2019-11-22 17:48:02.353463|[NETWORK][Host]Connecting to node,endpoint=127.0.0.1:30303
info|2019-11-22 17:48:02.353574|[P2P][Service] heartBeat,connected count=0
info|2019-11-22 17:48:02.469629|[CHANNEL]ChannelRPCServer started
info|2019-11-22 17:48:02.469675|[INITIALIZER][RPCInitializer]ChannelRPCHttpServer started.
info|2019-11-22 17:48:02.469700|[LedgerInitializer],groupConfigPath=conf/
info|2019-11-22 17:48:02.495830|[INITIALIZER][initSingleLedger] [GroupId]:  1
info|2019-11-22 17:48:02.495849|[g:1][LEDGER]LedgerConstructor,configPath=conf/group.1.genesis,baseDir=data//group1
info|2019-11-22 17:48:02.495855|[g:1][LEDGER][initGenesisConfig]initConsensusConfig/initDBConfig/initTxConfig,configFile=conf/group.1.genesis
info|2019-11-22 17:48:02.495945|[g:1][LEDGER][initConsensusConfig],it.first=bca00155402b50a6581733343de45b05f6e4864834500298c23c8a35180bc250168d1cb2696e35bbb80c5f8227569deef736f4e0c92ea7020850261c5c51691f
info|2019-11-22 17:48:02.495964|[g:1][LEDGER][initConsensusConfig],it.first=756c09755da663ad493bdd30e36781f07f3af594d6f608f2b6ba733eb5e9a7eafb58eb29b224b8ff5b87c9c9ebe6602be72e2e079d46be1485b9fd8079cab62b
info|2019-11-22 17:48:02.495980|[g:1][LEDGER][initConsensusConfig],it.first=74c27806d97b68e801af45373b2ff4d0ca30d3bca852fe3aaa842c3a5a2744713eb7404274a0b53932c41cc2a587ad89d64de0ba635fc7fd93c9d6896a7c9b8a
info|2019-11-22 17:48:02.496002|[g:1][LEDGER][initConsensusConfig],it.first=594c229d2a1b2051cc49d9d5b28750ce4613002c882fb603784d8cb988e5274564a13288fcdc2243d7ca3765c8075631eeb136eaea61b9a580e5d5122bb8da1e
info|2019-11-22 17:48:02.496036|[g:1][LEDGER][initIniConfig]initTxPoolConfig/initSyncConfig/initTxExecuteConfig,configFile=conf/group.1.ini
info|2019-11-22 17:48:02.354907|[NETWORK][ASIO]asyncResolveConnect,endpoint=127.0.0.1:30300
info|2019-11-22 17:48:02.496895|[NETWORK][ASIO]asyncResolveConnect,endpoint=127.0.0.1:30301
info|2019-11-22 17:48:02.497197|[NETWORK][ASIO]asyncResolveConnect,endpoint=127.0.0.1:30302
info|2019-11-22 17:48:02.497534|[NETWORK][ASIO]asyncResolveConnect,endpoint=127.0.0.1:30303
info|2019-11-22 17:48:02.497974|[NETWORK][Host]P2P Recv Connect, From=127.0.0.1:39954
info|2019-11-22 17:48:02.500708|[NETWORK][Host]P2P StartAccept,Host=0.0.0.0:30302
info|2019-11-22 17:48:02.586547|[NETWORK][Host]P2P Recv Connect, From=127.0.0.1:39958
info|2019-11-22 17:48:02.586724|[NETWORK][Host]P2P StartAccept,Host=0.0.0.0:30302
info|2019-11-22 17:48:02.593390|[g:1][LEDGER][initLedger][DBInitializer]
info|2019-11-22 17:48:02.593423|[g:1][DBINITIALIZER] [initRocksDBStorage]
info|2019-11-22 17:48:02.593696|[g:1][ROCKSDB]open rocksDB handler
info|2019-11-22 17:48:02.600271|[NETWORK][Host]P2P Recv Connect, From=127.0.0.1:39962
info|2019-11-22 17:48:02.605908|[NETWORK][Host]P2P StartAccept,Host=0.0.0.0:30302
info|2019-11-22 17:48:02.674204|[NETWORK][Host]P2P Recv Connect, From=127.0.0.1:39970
info|2019-11-22 17:48:02.674416|[NETWORK][Host]P2P StartAccept,Host=0.0.0.0:30302
info|2019-11-22 17:48:02.738162|[NETWORK][Host]startPeerSession, From=127.0.0.1:39954,nodeID=74c27806...
info|2019-11-22 17:48:02.775246|[NETWORK][Host]startPeerSession, From=127.0.0.1:30302,nodeID=74c27806...
info|2019-11-22 17:48:02.775563|[P2P][Service] Connection established,nodeID=756c0975...,endpoint=127.0.0.1:39958
info|2019-11-22 17:48:02.775603|[NETWORK][Host]startPeerSession, From=127.0.0.1:39958,nodeID=756c0975...
info|2019-11-22 17:48:02.775883|[NETWORK][Host]startPeerSession, From=127.0.0.1:30301,nodeID=756c0975...
warning|2019-11-22 17:48:02.821399|[NETWORK][Session]doRead error,endpoint=127.0.0.1:39958,message=stream truncated
info|2019-11-22 17:48:02.821453|[NETWORK][Session]drop, call and erase all callbackFunc in this session!,endpoint=127.0.0.1:39958
warning|2019-11-22 17:48:02.821481|[NETWORK][Session][drop] closing remote 0.0.0.0:0,reason=Low-level TCP communication error.,endpoint=127.0.0.1:39958
warning|2019-11-22 17:48:02.822671|[P2P][Service] disconnect error P2PSession,nodeID=756c0975...,endpoint=127.0.0.1:39958,errorCode=3,what=Disconnect
warning|2019-11-22 17:48:02.822715|[P2P][Service] onDisconnect,errorCode=3,what=Dynamic exception type: dev::network::NetworkException
std::exception::what: Disconnect

info|2019-11-22 17:48:02.833016|[P2P][Service] Connection established,nodeID=bca00155...,endpoint=127.0.0.1:30300
info|2019-11-22 17:48:02.833213|[NETWORK][Host]startPeerSession, From=127.0.0.1:30300,nodeID=bca00155...
info|2019-11-22 17:48:02.833430|[P2P][Service] Connection established,nodeID=594c229d...,endpoint=127.0.0.1:30303
info|2019-11-22 17:48:02.833744|[NETWORK][Host]startPeerSession, From=127.0.0.1:30303,nodeID=594c229d...
info|2019-11-22 17:48:02.837633|[NETWORK][Host]startPeerSession, From=127.0.0.1:39962,nodeID=594c229d...
info|2019-11-22 17:48:02.837989|[NETWORK][Host]startPeerSession, From=127.0.0.1:39970,nodeID=bca00155...
warning|2019-11-22 17:48:02.838102|[NETWORK][Session][drop] shutdown failed ,errorValue=9,message=Bad file descriptor
info|2019-11-22 17:48:03.613534|[g:1][g:0][STORAGE][CachedStorage]Init flushStorage thread
info|2019-11-22 17:48:03.663827|[g:1][g:1][STORAGE][CachedStorage]CachedStorage commit: 4 hash: a40b170d8cc74f9ff96611621f4583466e80c949596771591dd97ecaa9f38863 num: 0
info|2019-11-22 17:48:03.675098|[STORAGE]Start commit block: 0 to backend storage
info|2019-11-22 17:48:03.677023|[g:1][STORAGE]Submited block task: 0, current syncd block: 0
info|2019-11-22 17:48:03.677656|[g:1][BLOCKCHAIN][#checkAndBuildGenesisBlock]Insert the 0th block
info|2019-11-22 17:48:03.734405|[g:1][CONSENSUS][PBFT]Register handler for PBFTEngine
info|2019-11-22 17:48:03.744937|[g:1][CONSENSUS][PBFT],minBlockGenerationTime=500
info|2019-11-22 17:48:03.746952|[STORAGE][g:1]
---------------------------------------------------------------------
Commit block: 0 to backend storage finished, current cached block: 0
Flush elapsed time: 0.0719s
---------------------------------------------------------------------

info|2019-11-22 17:48:03.747319|[LedgerInitializer init group succ],groupID=1
info|2019-11-22 17:48:03.748200|[INITIALIZER][RPCInitializer]JsonrpcHttpServer started.
info|2019-11-22 17:48:03.748324|[g:1][LEDGER]startAll...
info|2019-11-22 17:48:03.757678|[g:1][CONSENSUS][PBFT]^^^^^^^^Report,num=0,sealerIdx=0,hash=a40b170d...,next=1,tx=0,nodeIdx=1
info|2019-11-22 17:48:03.910406|[g:1][CONSENSUS][PBFT][PBFT init env successfully]
info|2019-11-22 17:48:03.910478|[g:1][CONSENSUS][ConsensusEngine][Start ConsensusEngineBase]
info|2019-11-22 17:48:03.918506|[g:1][CONSENSUS][PBFT][Start PBFTEngine...]
info|2019-11-22 17:48:03.918593|[g:1][CONSENSUS][SEALER][Start sealer module]
info|2019-11-22 17:48:03.919140|[g:1][CONSENSUS][PBFT]^^^^^^^^Report,num=0,sealerIdx=0,hash=a40b170d...,next=1,tx=0,nodeIdx=1
info|2019-11-22 17:48:03.933832|[g:1][EVENT][EventLogFilterManager]start,m_maxBlockRange=0,m_maxBlockPerLoopFilter=3
info|2019-11-22 17:48:04.917802|[g:1][CONSENSUS]addRawPrepare,height=1,reqIdx=0,hash=a41451e4...
info|2019-11-22 17:48:04.929061|[g:1][CONSENSUS][PBFT]checkTimeout Succ,view=0,toView=1,nodeIdx=1,changeCycle=0,myNode=74c27806...,timecost=10.96
info|2019-11-22 17:48:04.991468|[g:1][CONSENSUS][PBFT]checkAndChangeView: Reach consensus,org_view=0,org_changeCycle=0,cur_changeCycle=0,to_view=1
info|2019-11-22 17:48:05.994645|[g:1][CONSENSUS][SEALER]++++++++++++++++ Generating seal on,blkNum=1,tx=0,nodeIdx=1,hash=aea4ef1f...
info|2019-11-22 17:48:06.008025|[g:1][CONSENSUS][PBFT]checkTimeout Succ,view=1,toView=2,nodeIdx=1,changeCycle=0,myNode=74c27806...,timecost=0.288
info|2019-11-22 17:48:06.009214|[g:1][CONSENSUS][PBFT]checkAndChangeView: Reach consensus,org_view=1,org_changeCycle=0,cur_changeCycle=0,to_view=2
info|2019-11-22 17:48:07.015616|[g:1][CONSENSUS]addRawPrepare,height=1,reqIdx=2,hash=fec074ee...
info|2019-11-22 17:48:07.016057|[g:1][CONSENSUS][PBFT]checkTimeout Succ,view=2,toView=3,nodeIdx=1,changeCycle=0,myNode=74c27806...,timecost=0.386
info|2019-11-22 17:48:07.022093|[g:1][CONSENSUS][PBFT]checkAndChangeView: Reach consensus,org_view=2,org_changeCycle=0,cur_changeCycle=0,to_view=3
info|2019-11-22 17:48:08.035193|[g:1][CONSENSUS]addRawPrepare,height=1,reqIdx=3,hash=284b13b6...
info|2019-11-22 17:48:08.053421|[g:1][CONSENSUS][PBFT]checkTimeout Succ,view=3,toView=4,nodeIdx=1,changeCycle=0,myNode=74c27806...,timecost=18.054
info|2019-11-22 17:48:08.158965|[g:1][CONSENSUS][PBFT]checkAndChangeView: Reach consensus,org_view=3,org_changeCycle=0,cur_changeCycle=0,to_view=4
info|2019-11-22 17:48:09.188737|[g:1][CONSENSUS]addRawPrepare,height=1,reqIdx=0,hash=e16ceea3...
info|2019-11-22 17:48:09.216847|[g:1][CONSENSUS][PBFT]checkTimeout Succ,view=4,toView=5,nodeIdx=1,changeCycle=0,myNode=74c27806...,timecost=27.623
info|2019-11-22 17:48:09.250356|[g:1][CONSENSUS][PBFT]checkAndChangeView: Reach consensus,org_view=4,org_changeCycle=0,cur_changeCycle=0,to_view=5
info|2019-11-22 17:48:10.250797|[g:1][CONSENSUS][SEALER]++++++++++++++++ Generating seal on,blkNum=1,tx=0,nodeIdx=1,hash=fd5eda73...
info|2019-11-22 17:48:10.269852|[g:1][CONSENSUS][PBFT]checkTimeout Succ,view=5,toView=6,nodeIdx=1,changeCycle=0,myNode=74c27806...,timecost=0.714
info|2019-11-22 17:48:10.274825|[g:1][CONSENSUS][PBFT]checkAndChangeView: Reach consensus,org_view=5,org_changeCycle=0,cur_changeCycle=0,to_view=6
info|2019-11-22 17:48:11.286982|[g:1][CONSENSUS]addRawPrepare,height=1,reqIdx=2,hash=b05b53a4...
info|2019-11-22 17:48:11.287361|[g:1][CONSENSUS][PBFT]checkTimeout Succ,view=6,toView=7,nodeIdx=1,changeCycle=0,myNode=74c27806...,timecost=0.313
info|2019-11-22 17:48:11.298258|[g:1][CONSENSUS][PBFT]checkAndChangeView: Reach consensus,org_view=6,org_changeCycle=0,cur_changeCycle=0,to_view=7
info|2019-11-22 17:48:12.305085|[g:1][CONSENSUS]addRawPrepare,height=1,reqIdx=3,hash=8b9bc7a6...
info|2019-11-22 17:48:12.305431|[g:1][CONSENSUS][PBFT]checkTimeout Succ,view=7,toView=8,nodeIdx=1,changeCycle=0,myNode=74c27806...,timecost=0.301
info|2019-11-22 17:48:12.326310|[g:1][CONSENSUS][PBFT]checkAndChangeView: Reach consensus,org_view=7,org_changeCycle=0,cur_changeCycle=0,to_view=8
info|2019-11-22 17:48:12.353269|[NETWORK][Host]P2P Recv Connect, From=127.0.0.1:39976
info|2019-11-22 17:48:12.353306|[NETWORK][Host]P2P StartAccept,Host=0.0.0.0:30302
info|2019-11-22 17:48:12.361846|[NETWORK][Host]Connecting to node,endpoint=127.0.0.1:30301
info|2019-11-22 17:48:12.361952|[P2P][Service] heartBeat,connected count=2
info|2019-11-22 17:48:12.362050|[NETWORK][ASIO]asyncResolveConnect,endpoint=127.0.0.1:30301
info|2019-11-22 17:48:12.372956|[P2P][Service] Connection established,nodeID=756c0975...,endpoint=127.0.0.1:39976
info|2019-11-22 17:48:12.373006|[NETWORK][Host]startPeerSession, From=127.0.0.1:39976,nodeID=756c0975...
info|2019-11-22 17:48:12.394240|[NETWORK][Host]startPeerSession, From=127.0.0.1:30301,nodeID=756c0975...
info|2019-11-22 17:48:13.328774|[g:1][CONSENSUS]addRawPrepare,height=1,reqIdx=0,hash=809ec331...
info|2019-11-22 17:48:13.337546|[g:1][CONSENSUS][PBFT]checkTimeout Succ,view=8,toView=9,nodeIdx=1,changeCycle=0,myNode=74c27806...,timecost=4.969
info|2019-11-22 17:48:13.352108|[g:1][CONSENSUS][PBFT]checkAndChangeView: Reach consensus,org_view=8,org_changeCycle=0,cur_changeCycle=0,to_view=9
info|2019-11-22 17:48:14.354961|[g:1][CONSENSUS][SEALER]++++++++++++++++ Generating seal on,blkNum=1,tx=0,nodeIdx=1,hash=99b187a6...
info|2019-11-22 17:48:14.375095|[g:1][CONSENSUS][PBFT]checkTimeout Succ,view=9,toView=10,nodeIdx=1,changeCycle=0,myNode=74c27806...,timecost=0.256
info|2019-11-22 17:48:14.376397|[g:1][CONSENSUS][PBFT]checkAndChangeView: Reach consensus,org_view=9,org_changeCycle=0,cur_changeCycle=0,to_view=10
info|2019-11-22 17:48:15.372321|[g:1][CONSENSUS]addRawPrepare,height=1,reqIdx=2,hash=18297041...
info|2019-11-22 17:48:15.372653|[g:1][CONSENSUS][PBFT]checkTimeout Succ,view=10,toView=11,nodeIdx=1,changeCycle=0,myNode=74c27806...,timecost=0.235
info|2019-11-22 17:48:15.376221|[g:1][CONSENSUS][PBFT]checkAndChangeView: Reach consensus,org_view=10,org_changeCycle=0,cur_changeCycle=0,to_view=11
info|2019-11-22 17:48:16.395571|[g:1][CONSENSUS]addRawPrepare,height=1,reqIdx=3,hash=06a07e4d...
info|2019-11-22 17:48:16.401935|[g:1][CONSENSUS][PBFT]checkTimeout Succ,view=11,toView=12,nodeIdx=1,changeCycle=0,myNode=74c27806...,timecost=6.302
info|2019-11-22 17:48:16.407437|[g:1][CONSENSUS][PBFT]checkAndChangeView: Reach consensus,org_view=11,org_changeCycle=0,cur_changeCycle=0,to_view=12
info|2019-11-22 17:48:17.425583|[g:1][CONSENSUS]addRawPrepare,height=1,reqIdx=0,hash=bd58bdaf...
info|2019-11-22 17:48:17.425819|[g:1][CONSENSUS][PBFT]checkTimeout Succ,view=12,toView=13,nodeIdx=1,changeCycle=0,myNode=74c27806...,timecost=0.208
info|2019-11-22 17:48:17.427476|[g:1][CONSENSUS][PBFT]checkAndChangeView: Reach consensus,org_view=12,org_changeCycle=0,cur_changeCycle=0,to_view=13
info|2019-11-22 17:48:18.427660|[g:1][CONSENSUS][SEALER]++++++++++++++++ Generating seal on,blkNum=1,tx=0,nodeIdx=1,hash=3cbde658...
info|2019-11-22 17:48:18.436501|[g:1][CONSENSUS][PBFT]checkTimeout Succ,view=13,toView=14,nodeIdx=1,changeCycle=0,myNode=74c27806...,timecost=0.227
info|2019-11-22 17:48:18.437811|[g:1][CONSENSUS][PBFT]checkAndChangeView: Reach consensus,org_view=13,org_changeCycle=0,cur_changeCycle=0,to_view=14
info|2019-11-22 17:48:19.436316|[g:1][CONSENSUS]addRawPrepare,height=1,reqIdx=2,hash=a1ab3533...
info|2019-11-22 17:48:19.436813|[g:1][CONSENSUS][PBFT]checkTimeout Succ,view=14,toView=15,nodeIdx=1,changeCycle=0,myNode=74c27806...,timecost=0.369
info|2019-11-22 17:48:19.441898|[g:1][CONSENSUS][PBFT]checkAndChangeView: Reach consensus,org_view=14,org_changeCycle=0,cur_changeCycle=0,to_view=15
info|2019-11-22 17:48:20.441673|[g:1][CONSENSUS]addRawPrepare,height=1,reqIdx=3,hash=12567f0c...
info|2019-11-22 17:48:20.441916|[g:1][CONSENSUS][PBFT]checkTimeout Succ,view=15,toView=16,nodeIdx=1,changeCycle=0,myNode=74c27806...,timecost=0.217
info|2019-11-22 17:48:20.443056|[g:1][CONSENSUS][PBFT]checkAndChangeView: Reach consensus,org_view=15,org_changeCycle=0,cur_changeCycle=0,to_view=16
info|2019-11-22 17:48:21.453215|[g:1][CONSENSUS]addRawPrepare,height=1,reqIdx=0,hash=6b2e628c...
info|2019-11-22 17:48:21.453619|[g:1][CONSENSUS][PBFT]checkTimeout Succ,view=16,toView=17,nodeIdx=1,changeCycle=0,myNode=74c27806...,timecost=0.345
info|2019-11-22 17:48:21.457223|[g:1][CONSENSUS][PBFT]checkAndChangeView: Reach consensus,org_view=16,org_changeCycle=0,cur_changeCycle=0,to_view=17
info|2019-11-22 17:48:22.362154|[P2P][Service] heartBeat,connected count=3
info|2019-11-22 17:48:22.458729|[g:1][CONSENSUS][SEALER]++++++++++++++++ Generating seal on,blkNum=1,tx=0,nodeIdx=1,hash=d9b5682a...
info|2019-11-22 17:48:22.470023|[g:1][CONSENSUS][PBFT]checkTimeout Succ,view=17,toView=18,nodeIdx=1,changeCycle=0,myNode=74c27806...,timecost=0.463
info|2019-11-22 17:48:22.471470|[g:1][CONSENSUS][PBFT]checkAndChangeView: Reach consensus,org_view=17,org_changeCycle=0,cur_changeCycle=0,to_view=18
info|2019-11-22 17:48:23.470306|[g:1][CONSENSUS]addRawPrepare,height=1,reqIdx=2,hash=1a0c5c00...
info|2019-11-22 17:48:23.470703|[g:1][CONSENSUS][PBFT]checkTimeout Succ,view=18,toView=19,nodeIdx=1,changeCycle=0,myNode=74c27806...,timecost=0.231
info|2019-11-22 17:48:23.480388|[g:1][CONSENSUS][PBFT]checkAndChangeView: Reach consensus,org_view=18,org_changeCycle=0,cur_changeCycle=0,to_view=19
info|2019-11-22 17:48:24.486584|[g:1][CONSENSUS]addRawPrepare,height=1,reqIdx=3,hash=29030dc6...
info|2019-11-22 17:48:24.486837|[g:1][CONSENSUS][PBFT]checkTimeout Succ,view=19,toView=20,nodeIdx=1,changeCycle=0,myNode=74c27806...,timecost=0.219
info|2019-11-22 17:48:24.491086|[g:1][CONSENSUS][PBFT]checkAndChangeView: Reach consensus,org_view=19,org_changeCycle=0,cur_changeCycle=0,to_view=20
info|2019-11-22 17:48:25.495749|[g:1][CONSENSUS]addRawPrepare,height=1,reqIdx=0,hash=dde545ef...
info|2019-11-22 17:48:25.496019|[g:1][CONSENSUS][PBFT]checkTimeout Succ,view=20,toView=21,nodeIdx=1,changeCycle=0,myNode=74c27806...,timecost=0.248
info|2019-11-22 17:48:25.498222|[g:1][CONSENSUS][PBFT]checkAndChangeView: Reach consensus,org_view=20,org_changeCycle=0,cur_changeCycle=0,to_view=21
info|2019-11-22 17:48:26.499807|[g:1][CONSENSUS][SEALER]++++++++++++++++ Generating seal on,blkNum=1,tx=0,nodeIdx=1,hash=626694d5...
info|2019-11-22 17:48:26.540404|[g:1][CONSENSUS][PBFT]checkTimeout Succ,view=21,toView=22,nodeIdx=1,changeCycle=0,myNode=74c27806...,timecost=0.957
info|2019-11-22 17:48:26.578097|[g:1][CONSENSUS][PBFT]checkAndChangeView: Reach consensus,org_view=21,org_changeCycle=0,cur_changeCycle=0,to_view=22
info|2019-11-22 17:48:27.584595|[g:1][CONSENSUS]addRawPrepare,height=1,reqIdx=2,hash=df9f4749...
info|2019-11-22 17:48:27.584933|[g:1][CONSENSUS][PBFT]checkTimeout Succ,view=22,toView=23,nodeIdx=1,changeCycle=0,myNode=74c27806...,timecost=0.235
info|2019-11-22 17:48:27.590088|[g:1][CONSENSUS][PBFT]checkAndChangeView: Reach consensus,org_view=22,org_changeCycle=0,cur_changeCycle=0,to_view=23
info|2019-11-22 17:48:28.601226|[g:1][CONSENSUS]addRawPrepare,height=1,reqIdx=3,hash=886c6ac3...
info|2019-11-22 17:48:28.602179|[g:1][CONSENSUS][PBFT]checkTimeout Succ,view=23,toView=24,nodeIdx=1,changeCycle=0,myNode=74c27806...,timecost=0.904
info|2019-11-22 17:48:28.613730|[g:1][CONSENSUS][PBFT]checkAndChangeView: Reach consensus,org_view=23,org_changeCycle=0,cur_changeCycle=0,to_view=24
info|2019-11-22 17:48:29.616835|[g:1][CONSENSUS]addRawPrepare,height=1,reqIdx=0,hash=9aa590f7...
info|2019-11-22 17:48:29.617098|[g:1][CONSENSUS][PBFT]checkTimeout Succ,view=24,toView=25,nodeIdx=1,changeCycle=0,myNode=74c27806...,timecost=0.233
info|2019-11-22 17:48:29.629237|[g:1][CONSENSUS][PBFT]checkAndChangeView: Reach consensus,org_view=24,org_changeCycle=0,cur_changeCycle=0,to_view=25
info|2019-11-22 17:48:30.629105|[g:1][CONSENSUS][SEALER]++++++++++++++++ Generating seal on,blkNum=1,tx=0,nodeIdx=1,hash=d089a9c0...
info|2019-11-22 17:48:30.644456|[g:1][CONSENSUS][PBFT]checkTimeout Succ,view=25,toView=26,nodeIdx=1,changeCycle=0,myNode=74c27806...,timecost=0.253
info|2019-11-22 17:48:30.646445|[g:1][CONSENSUS][PBFT]checkAndChangeView: Reach consensus,org_view=25,org_changeCycle=0,cur_changeCycle=0,to_view=26
info|2019-11-22 17:48:31.641981|[g:1][CONSENSUS]addRawPrepare,height=1,reqIdx=2,hash=aadeebc4...
info|2019-11-22 17:48:31.642482|[g:1][CONSENSUS][PBFT]checkTimeout Succ,view=26,toView=27,nodeIdx=1,changeCycle=0,myNode=74c27806...,timecost=0.275
info|2019-11-22 17:48:31.656512|[g:1][CONSENSUS][PBFT]checkAndChangeView: Reach consensus,org_view=26,org_changeCycle=0,cur_changeCycle=0,to_view=27
info|2019-11-22 17:48:32.362282|[P2P][Service] heartBeat,connected count=3
info|2019-11-22 17:48:32.692973|[g:1][CONSENSUS]addRawPrepare,height=1,reqIdx=3,hash=40fe8dca...
info|2019-11-22 17:48:32.705865|[g:1][CONSENSUS][PBFT]checkTimeout Succ,view=27,toView=28,nodeIdx=1,changeCycle=0,myNode=74c27806...,timecost=12.339
info|2019-11-22 17:48:32.769489|[g:1][CONSENSUS][PBFT]checkAndChangeView: Reach consensus,org_view=27,org_changeCycle=0,cur_changeCycle=0,to_view=28
info|2019-11-22 17:48:33.822336|[g:1][CONSENSUS]addRawPrepare,height=1,reqIdx=0,hash=897f6415...
info|2019-11-22 17:48:33.822757|[g:1][CONSENSUS][PBFT]checkTimeout Succ,view=28,toView=29,nodeIdx=1,changeCycle=0,myNode=74c27806...,timecost=0.376
info|2019-11-22 17:48:33.832534|[g:1][CONSENSUS][PBFT]checkAndChangeView: Reach consensus,org_view=28,org_changeCycle=0,cur_changeCycle=0,to_view=29
info|2019-11-22 17:48:34.834549|[g:1][CONSENSUS][SEALER]++++++++++++++++ Generating seal on,blkNum=1,tx=0,nodeIdx=1,hash=6f764681...
info|2019-11-22 17:48:34.844809|[g:1][CONSENSUS][PBFT]checkTimeout Succ,view=29,toView=30,nodeIdx=1,changeCycle=0,myNode=74c27806...,timecost=0.579
info|2019-11-22 17:48:34.847046|[g:1][CONSENSUS][PBFT]checkAndChangeView: Reach consensus,org_view=29,org_changeCycle=0,cur_changeCycle=0,to_view=30
info|2019-11-22 17:48:35.842929|[g:1][CONSENSUS]addRawPrepare,height=1,reqIdx=2,hash=63b7cd74...
info|2019-11-22 17:48:35.843289|[g:1][CONSENSUS][PBFT]checkTimeout Succ,view=30,toView=31,nodeIdx=1,changeCycle=0,myNode=74c27806...,timecost=0.283
info|2019-11-22 17:48:35.850303|[g:1][CONSENSUS][PBFT]checkAndChangeView: Reach consensus,org_view=30,org_changeCycle=0,cur_changeCycle=0,to_view=31
info|2019-11-22 17:48:36.859230|[g:1][CONSENSUS]addRawPrepare,height=1,reqIdx=3,hash=8cd58dc5...
info|2019-11-22 17:48:36.864650|[g:1][CONSENSUS][PBFT]checkTimeout Succ,view=31,toView=32,nodeIdx=1,changeCycle=0,myNode=74c27806...,timecost=1.532
info|2019-11-22 17:48:36.866466|[g:1][CONSENSUS][PBFT]checkAndChangeView: Reach consensus,org_view=31,org_changeCycle=0,cur_changeCycle=0,to_view=32
info|2019-11-22 17:48:37.876921|[g:1][CONSENSUS]addRawPrepare,height=1,reqIdx=0,hash=050754da...
info|2019-11-22 17:48:37.877311|[g:1][CONSENSUS][PBFT]checkTimeout Succ,view=32,toView=33,nodeIdx=1,changeCycle=0,myNode=74c27806...,timecost=0.357
info|2019-11-22 17:48:37.885384|[g:1][CONSENSUS][PBFT]checkAndChangeView: Reach consensus,org_view=32,org_changeCycle=0,cur_changeCycle=0,to_view=33
info|2019-11-22 17:48:38.888852|[g:1][CONSENSUS][SEALER]++++++++++++++++ Generating seal on,blkNum=1,tx=0,nodeIdx=1,hash=a81219de...
info|2019-11-22 17:48:38.905860|[g:1][CONSENSUS][PBFT]checkTimeout Succ,view=33,toView=34,nodeIdx=1,changeCycle=0,myNode=74c27806...,timecost=0.696
info|2019-11-22 17:48:38.912016|[g:1][CONSENSUS][PBFT]checkAndChangeView: Reach consensus,org_view=33,org_changeCycle=0,cur_changeCycle=0,to_view=34
info|2019-11-22 17:48:39.903582|[g:1][CONSENSUS]addRawPrepare,height=1,reqIdx=2,hash=173ac78a...
info|2019-11-22 17:48:39.904107|[g:1][CONSENSUS][PBFT]checkTimeout Succ,view=34,toView=35,nodeIdx=1,changeCycle=0,myNode=74c27806...,timecost=0.385
info|2019-11-22 17:48:39.912190|[g:1][CONSENSUS][PBFT]checkAndChangeView: Reach consensus,org_view=34,org_changeCycle=0,cur_changeCycle=0,to_view=35
info|2019-11-22 17:48:40.922377|[g:1][CONSENSUS]addRawPrepare,height=1,reqIdx=3,hash=b77fb1fa...
info|2019-11-22 17:48:40.926678|[g:1][CONSENSUS][PBFT]checkTimeout Succ,view=35,toView=36,nodeIdx=1,changeCycle=0,myNode=74c27806...,timecost=3.124
info|2019-11-22 17:48:40.927777|[g:1][CONSENSUS][PBFT]checkAndChangeView: Reach consensus,org_view=35,org_changeCycle=0,cur_changeCycle=0,to_view=36
info|2019-11-22 17:48:41.940796|[g:1][CONSENSUS]addRawPrepare,height=1,reqIdx=0,hash=45d4a9fc...
info|2019-11-22 17:48:41.941707|[g:1][CONSENSUS][PBFT]checkTimeout Succ,view=36,toView=37,nodeIdx=1,changeCycle=0,myNode=74c27806...,timecost=0.81
info|2019-11-22 17:48:41.944745|[g:1][CONSENSUS][PBFT]checkAndChangeView: Reach consensus,org_view=36,org_changeCycle=0,cur_changeCycle=0,to_view=37
info|2019-11-22 17:48:42.362423|[P2P][Service] heartBeat,connected count=3
info|2019-11-22 17:48:42.946375|[g:1][CONSENSUS][SEALER]++++++++++++++++ Generating seal on,blkNum=1,tx=0,nodeIdx=1,hash=49b09d16...
info|2019-11-22 17:48:42.963982|[g:1][CONSENSUS][PBFT]checkTimeout Succ,view=37,toView=38,nodeIdx=1,changeCycle=0,myNode=74c27806...,timecost=0.793
info|2019-11-22 17:48:42.972073|[g:1][CONSENSUS][PBFT]checkAndChangeView: Reach consensus,org_view=37,org_changeCycle=0,cur_changeCycle=0,to_view=38
info|2019-11-22 17:48:43.979855|[g:1][CONSENSUS]addRawPrepare,height=1,reqIdx=2,hash=9ca7483d...
info|2019-11-22 17:48:43.980362|[g:1][CONSENSUS][PBFT]checkTimeout Succ,view=38,toView=39,nodeIdx=1,changeCycle=0,myNode=74c27806...,timecost=0.37
info|2019-11-22 17:48:43.995189|[g:1][CONSENSUS][PBFT]checkAndChangeView: Reach consensus,org_view=38,org_changeCycle=0,cur_changeCycle=0,to_view=39
info|2019-11-22 17:48:45.005611|[g:1][CONSENSUS]addRawPrepare,height=1,reqIdx=3,hash=6d43e826...
info|2019-11-22 17:48:45.005983|[g:1][CONSENSUS][PBFT]checkTimeout Succ,view=39,toView=40,nodeIdx=1,changeCycle=0,myNode=74c27806...,timecost=0.328
info|2019-11-22 17:48:45.022262|[g:1][CONSENSUS][PBFT]checkAndChangeView: Reach consensus,org_view=39,org_changeCycle=0,cur_changeCycle=0,to_view=40
info|2019-11-22 17:48:46.033194|[g:1][CONSENSUS]addRawPrepare,height=1,reqIdx=0,hash=6596a5bf...
info|2019-11-22 17:48:46.035282|[g:1][CONSENSUS][PBFT]checkTimeout Succ,view=40,toView=41,nodeIdx=1,changeCycle=0,myNode=74c27806...,timecost=1.997
info|2019-11-22 17:48:46.036372|[g:1][CONSENSUS][PBFT]checkAndChangeView: Reach consensus,org_view=40,org_changeCycle=0,cur_changeCycle=0,to_view=41
info|2019-11-22 17:48:47.039057|[g:1][CONSENSUS][SEALER]++++++++++++++++ Generating seal on,blkNum=1,tx=0,nodeIdx=1,hash=a8125fd2...
info|2019-11-22 17:48:47.056238|[g:1][CONSENSUS][PBFT]checkTimeout Succ,view=41,toView=42,nodeIdx=1,changeCycle=0,myNode=74c27806...,timecost=2.844
info|2019-11-22 17:48:47.057495|[g:1][CONSENSUS][PBFT]checkAndChangeView: Reach consensus,org_view=41,org_changeCycle=0,cur_changeCycle=0,to_view=42
info|2019-11-22 17:48:48.055567|[g:1][CONSENSUS]addRawPrepare,height=1,reqIdx=2,hash=8f2c224a...
info|2019-11-22 17:48:48.073654|[g:1][CONSENSUS][PBFT]checkTimeout Succ,view=42,toView=43,nodeIdx=1,changeCycle=0,myNode=74c27806...,timecost=17.926
info|2019-11-22 17:48:48.080466|[g:1][CONSENSUS][PBFT]checkAndChangeView: Reach consensus,org_view=42,org_changeCycle=0,cur_changeCycle=0,to_view=43
info|2019-11-22 17:48:49.104621|[g:1][CONSENSUS]addRawPrepare,height=1,reqIdx=3,hash=38e49391...
info|2019-11-22 17:48:49.105155|[g:1][CONSENSUS][PBFT]checkTimeout Succ,view=43,toView=44,nodeIdx=1,changeCycle=0,myNode=74c27806...,timecost=0.489
info|2019-11-22 17:48:49.111641|[g:1][CONSENSUS][PBFT]checkAndChangeView: Reach consensus,org_view=43,org_changeCycle=0,cur_changeCycle=0,to_view=44
info|2019-11-22 17:48:50.123025|[g:1][CONSENSUS]addRawPrepare,height=1,reqIdx=0,hash=fd41508e...
info|2019-11-22 17:48:50.134393|[g:1][CONSENSUS][PBFT]checkTimeout Succ,view=44,toView=45,nodeIdx=1,changeCycle=0,myNode=74c27806...,timecost=7.191
info|2019-11-22 17:48:50.140196|[g:1][CONSENSUS][PBFT]checkAndChangeView: Reach consensus,org_view=44,org_changeCycle=0,cur_changeCycle=0,to_view=45
info|2019-11-22 17:48:51.141481|[g:1][CONSENSUS][SEALER]++++++++++++++++ Generating seal on,blkNum=1,tx=0,nodeIdx=1,hash=e69683cb...
info|2019-11-22 17:48:51.152860|[g:1][CONSENSUS][PBFT]checkTimeout Succ,view=45,toView=46,nodeIdx=1,changeCycle=0,myNode=74c27806...,timecost=0.426
info|2019-11-22 17:48:51.154786|[g:1][CONSENSUS][PBFT]checkAndChangeView: Reach consensus,org_view=45,org_changeCycle=0,cur_changeCycle=0,to_view=46
info|2019-11-22 17:48:52.152756|[g:1][CONSENSUS]addRawPrepare,height=1,reqIdx=2,hash=bbfc0461...
info|2019-11-22 17:48:52.153269|[g:1][CONSENSUS][PBFT]checkTimeout Succ,view=46,toView=47,nodeIdx=1,changeCycle=0,myNode=74c27806...,timecost=0.403
info|2019-11-22 17:48:52.160007|[g:1][CONSENSUS][PBFT]checkAndChangeView: Reach consensus,org_view=46,org_changeCycle=0,cur_changeCycle=0,to_view=47
info|2019-11-22 17:48:52.362525|[P2P][Service] heartBeat,connected count=3
info|2019-11-22 17:48:53.163856|[g:1][CONSENSUS]addRawPrepare,height=1,reqIdx=3,hash=8effd0e2...
info|2019-11-22 17:48:53.164275|[g:1][CONSENSUS][PBFT]checkTimeout Succ,view=47,toView=48,nodeIdx=1,changeCycle=0,myNode=74c27806...,timecost=0.379
info|2019-11-22 17:48:53.169362|[g:1][CONSENSUS][PBFT]checkAndChangeView: Reach consensus,org_view=47,org_changeCycle=0,cur_changeCycle=0,to_view=48
info|2019-11-22 17:48:54.186985|[g:1][CONSENSUS]addRawPrepare,height=1,reqIdx=0,hash=b6d247db...
info|2019-11-22 17:48:54.189011|[g:1][CONSENSUS][PBFT]checkTimeout Succ,view=48,toView=49,nodeIdx=1,changeCycle=0,myNode=74c27806...,timecost=1.825
info|2019-11-22 17:48:54.201111|[g:1][CONSENSUS][PBFT]checkAndChangeView: Reach consensus,org_view=48,org_changeCycle=0,cur_changeCycle=0,to_view=49
info|2019-11-22 17:48:55.204461|[g:1][CONSENSUS][SEALER]++++++++++++++++ Generating seal on,blkNum=1,tx=0,nodeIdx=1,hash=9768608f...
info|2019-11-22 17:48:55.220330|[g:1][CONSENSUS][PBFT]checkTimeout Succ,view=49,toView=50,nodeIdx=1,changeCycle=0,myNode=74c27806...,timecost=0.42
info|2019-11-22 17:48:55.222552|[g:1][CONSENSUS][PBFT]checkAndChangeView: Reach consensus,org_view=49,org_changeCycle=0,cur_changeCycle=0,to_view=50
info|2019-11-22 17:48:56.221247|[g:1][CONSENSUS]addRawPrepare,height=1,reqIdx=2,hash=e3a73a73...
info|2019-11-22 17:48:56.226289|[g:1][CONSENSUS][PBFT]checkTimeout Succ,view=50,toView=51,nodeIdx=1,changeCycle=0,myNode=74c27806...,timecost=4.898
info|2019-11-22 17:48:56.230915|[g:1][CONSENSUS][PBFT]checkAndChangeView: Reach consensus,org_view=50,org_changeCycle=0,cur_changeCycle=0,to_view=51
info|2019-11-22 17:48:57.235197|[g:1][CONSENSUS]addRawPrepare,height=1,reqIdx=3,hash=256c4a92...
info|2019-11-22 17:48:57.235548|[g:1][CONSENSUS][PBFT]checkTimeout Succ,view=51,toView=52,nodeIdx=1,changeCycle=0,myNode=74c27806...,timecost=0.319
info|2019-11-22 17:48:57.238594|[g:1][CONSENSUS][PBFT]checkAndChangeView: Reach consensus,org_view=51,org_changeCycle=0,cur_changeCycle=0,to_view=52
info|2019-11-22 17:48:58.245449|[g:1][CONSENSUS]addRawPrepare,height=1,reqIdx=0,hash=ff53e31f...
info|2019-11-22 17:48:58.248672|[g:1][CONSENSUS][PBFT]checkTimeout Succ,view=52,toView=53,nodeIdx=1,changeCycle=0,myNode=74c27806...,timecost=3.178
info|2019-11-22 17:48:58.260812|[g:1][CONSENSUS][PBFT]checkAndChangeView: Reach consensus,org_view=52,org_changeCycle=0,cur_changeCycle=0,to_view=53
info|2019-11-22 17:48:59.261316|[g:1][CONSENSUS][SEALER]++++++++++++++++ Generating seal on,blkNum=1,tx=0,nodeIdx=1,hash=6a0f8a19...
info|2019-11-22 17:48:59.274680|[g:1][CONSENSUS][PBFT]checkTimeout Succ,view=53,toView=54,nodeIdx=1,changeCycle=0,myNode=74c27806...,timecost=0.49
info|2019-11-22 17:48:59.276730|[g:1][CONSENSUS][PBFT]checkAndChangeView: Reach consensus,org_view=53,org_changeCycle=0,cur_changeCycle=0,to_view=54
info|2019-11-22 17:49:00.274877|[g:1][CONSENSUS]addRawPrepare,height=1,reqIdx=2,hash=fb06d7d3...
info|2019-11-22 17:49:00.275189|[g:1][CONSENSUS][PBFT]checkTimeout Succ,view=54,toView=55,nodeIdx=1,changeCycle=0,myNode=74c27806...,timecost=0.206
info|2019-11-22 17:49:00.279706|[g:1][CONSENSUS][PBFT]checkAndChangeView: Reach consensus,org_view=54,org_changeCycle=0,cur_changeCycle=0,to_view=55
info|2019-11-22 17:49:01.281567|[g:1][CONSENSUS]addRawPrepare,height=1,reqIdx=3,hash=3474f33b...
info|2019-11-22 17:49:01.281876|[g:1][CONSENSUS][PBFT]checkTimeout Succ,view=55,toView=56,nodeIdx=1,changeCycle=0,myNode=74c27806...,timecost=0.276
info|2019-11-22 17:49:01.283670|[g:1][CONSENSUS][PBFT]checkAndChangeView: Reach consensus,org_view=55,org_changeCycle=0,cur_changeCycle=0,to_view=56
info|2019-11-22 17:49:02.289326|[g:1][CONSENSUS]addRawPrepare,height=1,reqIdx=0,hash=d6d2fdc1...
info|2019-11-22 17:49:02.323924|[g:1][CONSENSUS][PBFT]checkTimeout Succ,view=56,toView=57,nodeIdx=1,changeCycle=0,myNode=74c27806...,timecost=27.549
info|2019-11-22 17:49:02.324925|[g:1][CONSENSUS][PBFT]checkAndChangeView: Reach consensus,org_view=56,org_changeCycle=0,cur_changeCycle=0,to_view=57
info|2019-11-22 17:49:02.362652|[P2P][Service] heartBeat,connected count=3
info|2019-11-22 17:49:03.329730|[g:1][CONSENSUS][SEALER]++++++++++++++++ Generating seal on,blkNum=1,tx=0,nodeIdx=1,hash=2bac5fb7...
info|2019-11-22 17:49:03.345017|[g:1][CONSENSUS][PBFT]checkTimeout Succ,view=57,toView=58,nodeIdx=1,changeCycle=0,myNode=74c27806...,timecost=0.278
info|2019-11-22 17:49:03.347277|[g:1][CONSENSUS][PBFT]checkAndChangeView: Reach consensus,org_view=57,org_changeCycle=0,cur_changeCycle=0,to_view=58
info|2019-11-22 17:49:04.342060|[g:1][CONSENSUS]addRawPrepare,height=1,reqIdx=2,hash=f462111a...
info|2019-11-22 17:49:04.342348|[g:1][CONSENSUS][PBFT]checkTimeout Succ,view=58,toView=59,nodeIdx=1,changeCycle=0,myNode=74c27806...,timecost=0.205
info|2019-11-22 17:49:04.351817|[g:1][CONSENSUS][PBFT]checkAndChangeView: Reach consensus,org_view=58,org_changeCycle=0,cur_changeCycle=0,to_view=59
info|2019-11-22 17:49:05.354907|[g:1][CONSENSUS]addRawPrepare,height=1,reqIdx=3,hash=f3140873...
info|2019-11-22 17:49:05.355130|[g:1][CONSENSUS][PBFT]checkTimeout Succ,view=59,toView=60,nodeIdx=1,changeCycle=0,myNode=74c27806...,timecost=0.2
info|2019-11-22 17:49:05.360572|[g:1][CONSENSUS][PBFT]checkAndChangeView: Reach consensus,org_view=59,org_changeCycle=0,cur_changeCycle=0,to_view=60
info|2019-11-22 17:49:06.364257|[g:1][CONSENSUS]addRawPrepare,height=1,reqIdx=0,hash=f1b5d392...
info|2019-11-22 17:49:06.364533|[g:1][CONSENSUS][PBFT]checkTimeout Succ,view=60,toView=61,nodeIdx=1,changeCycle=0,myNode=74c27806...,timecost=0.252
info|2019-11-22 17:49:06.369509|[g:1][CONSENSUS][PBFT]checkAndChangeView: Reach consensus,org_view=60,org_changeCycle=0,cur_changeCycle=0,to_view=61
info|2019-11-22 17:49:07.370121|[g:1][CONSENSUS][SEALER]++++++++++++++++ Generating seal on,blkNum=1,tx=0,nodeIdx=1,hash=422892e9...
info|2019-11-22 17:49:07.390146|[g:1][CONSENSUS][PBFT]checkTimeout Succ,view=61,toView=62,nodeIdx=1,changeCycle=0,myNode=74c27806...,timecost=0.229
info|2019-11-22 17:49:07.393727|[g:1][CONSENSUS][PBFT]checkAndChangeView: Reach consensus,org_view=61,org_changeCycle=0,cur_changeCycle=0,to_view=62
info|2019-11-22 17:49:08.388010|[g:1][CONSENSUS]addRawPrepare,height=1,reqIdx=2,hash=0e5d0f6e...
info|2019-11-22 17:49:08.388331|[g:1][CONSENSUS][PBFT]checkTimeout Succ,view=62,toView=63,nodeIdx=1,changeCycle=0,myNode=74c27806...,timecost=0.232
info|2019-11-22 17:49:08.394373|[g:1][CONSENSUS][PBFT]checkAndChangeView: Reach consensus,org_view=62,org_changeCycle=0,cur_changeCycle=0,to_view=63
info|2019-11-22 17:49:09.404211|[g:1][CONSENSUS]addRawPrepare,height=1,reqIdx=3,hash=005d05e9...
info|2019-11-22 17:49:09.408608|[g:1][CONSENSUS][PBFT]checkTimeout Succ,view=63,toView=64,nodeIdx=1,changeCycle=0,myNode=74c27806...,timecost=3.649
info|2019-11-22 17:49:09.409182|[g:1][CONSENSUS][PBFT]checkAndChangeView: Reach consensus,org_view=63,org_changeCycle=0,cur_changeCycle=0,to_view=64
info|2019-11-22 17:49:10.434930|[g:1][CONSENSUS]addRawPrepare,height=1,reqIdx=0,hash=5bb4af13...
info|2019-11-22 17:49:10.435636|[g:1][CONSENSUS][PBFT]checkTimeout Succ,view=64,toView=65,nodeIdx=1,changeCycle=0,myNode=74c27806...,timecost=0.657
info|2019-11-22 17:49:10.436556|[g:1][CONSENSUS][PBFT]checkAndChangeView: Reach consensus,org_view=64,org_changeCycle=0,cur_changeCycle=0,to_view=65
info|2019-11-22 17:49:11.437121|[g:1][CONSENSUS][SEALER]++++++++++++++++ Generating seal on,blkNum=1,tx=0,nodeIdx=1,hash=4a9a65ff...
info|2019-11-22 17:49:11.448306|[g:1][CONSENSUS][PBFT]checkTimeout Succ,view=65,toView=66,nodeIdx=1,changeCycle=0,myNode=74c27806...,timecost=0.216
info|2019-11-22 17:49:11.449460|[g:1][CONSENSUS][PBFT]checkAndChangeView: Reach consensus,org_view=65,org_changeCycle=0,cur_changeCycle=0,to_view=66
info|2019-11-22 17:49:12.362735|[P2P][Service] heartBeat,connected count=3
info|2019-11-22 17:49:12.448157|[g:1][CONSENSUS]addRawPrepare,height=1,reqIdx=2,hash=cb66df2d...
info|2019-11-22 17:49:12.448489|[g:1][CONSENSUS][PBFT]checkTimeout Succ,view=66,toView=67,nodeIdx=1,changeCycle=0,myNode=74c27806...,timecost=0.208
info|2019-11-22 17:49:12.455590|[g:1][CONSENSUS][PBFT]checkAndChangeView: Reach consensus,org_view=66,org_changeCycle=0,cur_changeCycle=0,to_view=67
info|2019-11-22 17:49:13.463976|[g:1][CONSENSUS]addRawPrepare,height=1,reqIdx=3,hash=171638d4...
info|2019-11-22 17:49:13.464386|[g:1][CONSENSUS][PBFT]checkTimeout Succ,view=67,toView=68,nodeIdx=1,changeCycle=0,myNode=74c27806...,timecost=0.371
info|2019-11-22 17:49:13.471784|[g:1][CONSENSUS][PBFT]checkAndChangeView: Reach consensus,org_view=67,org_changeCycle=0,cur_changeCycle=0,to_view=68
info|2019-11-22 17:49:14.476396|[g:1][CONSENSUS]addRawPrepare,height=1,reqIdx=0,hash=dfd9937d...
info|2019-11-22 17:49:14.476809|[g:1][CONSENSUS][PBFT]checkTimeout Succ,view=68,toView=69,nodeIdx=1,changeCycle=0,myNode=74c27806...,timecost=0.336
info|2019-11-22 17:49:14.483860|[g:1][CONSENSUS][PBFT]checkAndChangeView: Reach consensus,org_view=68,org_changeCycle=0,cur_changeCycle=0,to_view=69
info|2019-11-22 17:49:15.485014|[g:1][CONSENSUS][SEALER]++++++++++++++++ Generating seal on,blkNum=1,tx=0,nodeIdx=1,hash=f6597219...
info|2019-11-22 17:49:15.499088|[g:1][CONSENSUS][PBFT]checkTimeout Succ,view=69,toView=70,nodeIdx=1,changeCycle=0,myNode=74c27806...,timecost=0.647
info|2019-11-22 17:49:15.503637|[g:1][CONSENSUS][PBFT]checkAndChangeView: Reach consensus,org_view=69,org_changeCycle=0,cur_changeCycle=0,to_view=70
info|2019-11-22 17:49:16.498875|[g:1][CONSENSUS]addRawPrepare,height=1,reqIdx=2,hash=813327b2...
info|2019-11-22 17:49:16.499181|[g:1][CONSENSUS][PBFT]checkTimeout Succ,view=70,toView=71,nodeIdx=1,changeCycle=0,myNode=74c27806...,timecost=0.208
info|2019-11-22 17:49:16.509188|[g:1][CONSENSUS][PBFT]checkAndChangeView: Reach consensus,org_view=70,org_changeCycle=0,cur_changeCycle=0,to_view=71
info|2019-11-22 17:49:17.518853|[g:1][CONSENSUS]addRawPrepare,height=1,reqIdx=3,hash=5f28834b...
info|2019-11-22 17:49:17.519231|[g:1][CONSENSUS][PBFT]checkTimeout Succ,view=71,toView=72,nodeIdx=1,changeCycle=0,myNode=74c27806...,timecost=0.334
info|2019-11-22 17:49:17.532816|[g:1][CONSENSUS][PBFT]checkAndChangeView: Reach consensus,org_view=71,org_changeCycle=0,cur_changeCycle=0,to_view=72
info|2019-11-22 17:49:18.534773|[g:1][CONSENSUS]addRawPrepare,height=1,reqIdx=0,hash=88bfefa1...
info|2019-11-22 17:49:18.535075|[g:1][CONSENSUS][PBFT]checkTimeout Succ,view=72,toView=73,nodeIdx=1,changeCycle=0,myNode=74c27806...,timecost=0.278
info|2019-11-22 17:49:18.536486|[g:1][CONSENSUS][PBFT]checkAndChangeView: Reach consensus,org_view=72,org_changeCycle=0,cur_changeCycle=0,to_view=73
info|2019-11-22 17:49:19.541587|[g:1][CONSENSUS][SEALER]++++++++++++++++ Generating seal on,blkNum=1,tx=0,nodeIdx=1,hash=506d8a82...
info|2019-11-22 17:49:19.555070|[g:1][CONSENSUS][PBFT]checkTimeout Succ,view=73,toView=74,nodeIdx=1,changeCycle=0,myNode=74c27806...,timecost=0.279
info|2019-11-22 17:49:19.558605|[g:1][CONSENSUS][PBFT]checkAndChangeView: Reach consensus,org_view=73,org_changeCycle=0,cur_changeCycle=0,to_view=74
info|2019-11-22 17:49:20.555281|[g:1][CONSENSUS]addRawPrepare,height=1,reqIdx=2,hash=24ed2476...
info|2019-11-22 17:49:20.555657|[g:1][CONSENSUS][PBFT]checkTimeout Succ,view=74,toView=75,nodeIdx=1,changeCycle=0,myNode=74c27806...,timecost=0.23
info|2019-11-22 17:49:20.561800|[g:1][CONSENSUS][PBFT]checkAndChangeView: Reach consensus,org_view=74,org_changeCycle=0,cur_changeCycle=0,to_view=75
info|2019-11-22 17:49:21.572992|[g:1][CONSENSUS]addRawPrepare,height=1,reqIdx=3,hash=8f186293...
info|2019-11-22 17:49:21.573280|[g:1][CONSENSUS][PBFT]checkTimeout Succ,view=75,toView=76,nodeIdx=1,changeCycle=0,myNode=74c27806...,timecost=0.259
info|2019-11-22 17:49:21.574773|[g:1][CONSENSUS][PBFT]checkAndChangeView: Reach consensus,org_view=75,org_changeCycle=0,cur_changeCycle=0,to_view=76
info|2019-11-22 17:49:22.363220|[P2P][Service] heartBeat,connected count=3
info|2019-11-22 17:49:22.580583|[g:1][CONSENSUS]addRawPrepare,height=1,reqIdx=0,hash=62640d20...
info|2019-11-22 17:49:22.580879|[g:1][CONSENSUS][PBFT]checkTimeout Succ,view=76,toView=77,nodeIdx=1,changeCycle=0,myNode=74c27806...,timecost=0.265
info|2019-11-22 17:49:22.591519|[g:1][CONSENSUS][PBFT]checkAndChangeView: Reach consensus,org_view=76,org_changeCycle=0,cur_changeCycle=0,to_view=77
info|2019-11-22 17:49:23.591381|[g:1][CONSENSUS][SEALER]++++++++++++++++ Generating seal on,blkNum=1,tx=0,nodeIdx=1,hash=09a87fc3...
info|2019-11-22 17:49:23.637139|[g:1][CONSENSUS][PBFT]checkTimeout Succ,view=77,toView=78,nodeIdx=1,changeCycle=0,myNode=74c27806...,timecost=9.362
info|2019-11-22 17:49:23.660747|[g:1][CONSENSUS][PBFT]checkAndChangeView: Reach consensus,org_view=77,org_changeCycle=0,cur_changeCycle=0,to_view=78
info|2019-11-22 17:49:24.670488|[g:1][CONSENSUS]addRawPrepare,height=1,reqIdx=2,hash=063c80e6...
info|2019-11-22 17:49:24.678608|[g:1][CONSENSUS][PBFT]checkTimeout Succ,view=78,toView=79,nodeIdx=1,changeCycle=0,myNode=74c27806...,timecost=7.936
info|2019-11-22 17:49:24.683531|[g:1][CONSENSUS][PBFT]checkAndChangeView: Reach consensus,org_view=78,org_changeCycle=0,cur_changeCycle=0,to_view=79
info|2019-11-22 17:49:25.688635|[g:1][CONSENSUS]addRawPrepare,height=1,reqIdx=3,hash=004305a1...
info|2019-11-22 17:49:25.688921|[g:1][CONSENSUS][PBFT]checkTimeout Succ,view=79,toView=80,nodeIdx=1,changeCycle=0,myNode=74c27806...,timecost=0.252
info|2019-11-22 17:49:25.691949|[g:1][CONSENSUS][PBFT]checkAndChangeView: Reach consensus,org_view=79,org_changeCycle=0,cur_changeCycle=0,to_view=80
info|2019-11-22 17:49:26.719309|[g:1][CONSENSUS]addRawPrepare,height=1,reqIdx=0,hash=ec1ebf22...
info|2019-11-22 17:49:26.723055|[g:1][CONSENSUS][PBFT]checkTimeout Succ,view=80,toView=81,nodeIdx=1,changeCycle=0,myNode=74c27806...,timecost=3.639
info|2019-11-22 17:49:26.743778|[g:1][CONSENSUS][PBFT]checkAndChangeView: Reach consensus,org_view=80,org_changeCycle=0,cur_changeCycle=0,to_view=81
info|2019-11-22 17:49:27.747766|[g:1][CONSENSUS][SEALER]++++++++++++++++ Generating seal on,blkNum=1,tx=0,nodeIdx=1,hash=770394b5...
info|2019-11-22 17:49:27.772968|[g:1][CONSENSUS][PBFT]checkTimeout Succ,view=81,toView=82,nodeIdx=1,changeCycle=0,myNode=74c27806...,timecost=0.617
info|2019-11-22 17:49:27.775520|[g:1][CONSENSUS][PBFT]checkAndChangeView: Reach consensus,org_view=81,org_changeCycle=0,cur_changeCycle=0,to_view=82
info|2019-11-22 17:49:28.783281|[g:1][CONSENSUS]addRawPrepare,height=1,reqIdx=2,hash=4ee027ae...
info|2019-11-22 17:49:28.801888|[g:1][CONSENSUS][PBFT]checkTimeout Succ,view=82,toView=83,nodeIdx=1,changeCycle=0,myNode=74c27806...,timecost=18.417
info|2019-11-22 17:49:28.830915|[g:1][CONSENSUS][PBFT]checkAndChangeView: Reach consensus,org_view=82,org_changeCycle=0,cur_changeCycle=0,to_view=83
info|2019-11-22 17:49:29.843038|[g:1][CONSENSUS]addRawPrepare,height=1,reqIdx=3,hash=a7b7d8de...
info|2019-11-22 17:49:29.845100|[g:1][CONSENSUS][PBFT]checkTimeout Succ,view=83,toView=84,nodeIdx=1,changeCycle=0,myNode=74c27806...,timecost=1.985
info|2019-11-22 17:49:29.863564|[g:1][CONSENSUS][PBFT]checkAndChangeView: Reach consensus,org_view=83,org_changeCycle=0,cur_changeCycle=0,to_view=84
info|2019-11-22 17:49:30.900234|[g:1][CONSENSUS]addRawPrepare,height=1,reqIdx=0,hash=33315434...
info|2019-11-22 17:49:30.917996|[g:1][CONSENSUS][PBFT]checkTimeout Succ,view=84,toView=85,nodeIdx=1,changeCycle=0,myNode=74c27806...,timecost=17.499
info|2019-11-22 17:49:30.949594|[g:1][CONSENSUS][PBFT]checkAndChangeView: Reach consensus,org_view=84,org_changeCycle=0,cur_changeCycle=0,to_view=85
info|2019-11-22 17:49:31.951544|[g:1][CONSENSUS][SEALER]++++++++++++++++ Generating seal on,blkNum=1,tx=0,nodeIdx=1,hash=1e90e0ee...
info|2019-11-22 17:49:31.989732|[g:1][CONSENSUS][PBFT]checkTimeout Succ,view=85,toView=86,nodeIdx=1,changeCycle=0,myNode=74c27806...,timecost=3.763
info|2019-11-22 17:49:31.996514|[g:1][CONSENSUS][PBFT]checkAndChangeView: Reach consensus,org_view=85,org_changeCycle=0,cur_changeCycle=0,to_view=86
info|2019-11-22 17:49:32.363374|[P2P][Service] heartBeat,connected count=3
info|2019-11-22 17:49:32.998606|[g:1][CONSENSUS]addRawPrepare,height=1,reqIdx=2,hash=783e0e22...
info|2019-11-22 17:49:32.999143|[g:1][CONSENSUS][PBFT]checkTimeout Succ,view=86,toView=87,nodeIdx=1,changeCycle=0,myNode=74c27806...,timecost=0.336
info|2019-11-22 17:49:33.006946|[g:1][CONSENSUS][PBFT]checkAndChangeView: Reach consensus,org_view=86,org_changeCycle=0,cur_changeCycle=0,to_view=87
info|2019-11-22 17:49:34.013496|[g:1][CONSENSUS]addRawPrepare,height=1,reqIdx=3,hash=92bb11e4...
info|2019-11-22 17:49:34.016962|[g:1][CONSENSUS][PBFT]checkTimeout Succ,view=87,toView=88,nodeIdx=1,changeCycle=0,myNode=74c27806...,timecost=3.39
info|2019-11-22 17:49:34.020878|[g:1][CONSENSUS][PBFT]checkAndChangeView: Reach consensus,org_view=87,org_changeCycle=0,cur_changeCycle=0,to_view=88
info|2019-11-22 17:49:35.037081|[g:1][CONSENSUS]addRawPrepare,height=1,reqIdx=0,hash=9bb6d9a3...
info|2019-11-22 17:49:35.043900|[g:1][CONSENSUS][PBFT]checkTimeout Succ,view=88,toView=89,nodeIdx=1,changeCycle=0,myNode=74c27806...,timecost=6.747
info|2019-11-22 17:49:35.077953|[g:1][CONSENSUS][PBFT]checkAndChangeView: Reach consensus,org_view=88,org_changeCycle=0,cur_changeCycle=0,to_view=89
info|2019-11-22 17:49:36.078908|[g:1][CONSENSUS][SEALER]++++++++++++++++ Generating seal on,blkNum=1,tx=0,nodeIdx=1,hash=b11dd655...
info|2019-11-22 17:49:36.115488|[g:1][CONSENSUS][PBFT]checkTimeout Succ,view=89,toView=90,nodeIdx=1,changeCycle=0,myNode=74c27806...,timecost=0.624
info|2019-11-22 17:49:36.121170|[g:1][CONSENSUS][PBFT]checkAndChangeView: Reach consensus,org_view=89,org_changeCycle=0,cur_changeCycle=0,to_view=90
info|2019-11-22 17:49:37.128580|[g:1][CONSENSUS]addRawPrepare,height=1,reqIdx=2,hash=85e24d8f...
info|2019-11-22 17:49:37.129273|[g:1][CONSENSUS][PBFT]checkTimeout Succ,view=90,toView=91,nodeIdx=1,changeCycle=0,myNode=74c27806...,timecost=0.456
info|2019-11-22 17:49:37.137702|[g:1][CONSENSUS][PBFT]checkAndChangeView: Reach consensus,org_view=90,org_changeCycle=0,cur_changeCycle=0,to_view=91
info|2019-11-22 17:49:38.142463|[g:1][CONSENSUS]addRawPrepare,height=1,reqIdx=3,hash=025c702c...
info|2019-11-22 17:49:38.142982|[g:1][CONSENSUS][PBFT]checkTimeout Succ,view=91,toView=92,nodeIdx=1,changeCycle=0,myNode=74c27806...,timecost=0.473
info|2019-11-22 17:49:38.157925|[g:1][CONSENSUS][PBFT]checkAndChangeView: Reach consensus,org_view=91,org_changeCycle=0,cur_changeCycle=0,to_view=92
info|2019-11-22 17:49:39.167349|[g:1][CONSENSUS]addRawPrepare,height=1,reqIdx=0,hash=7fe8cb2c...
info|2019-11-22 17:49:39.167736|[g:1][CONSENSUS][PBFT]checkTimeout Succ,view=92,toView=93,nodeIdx=1,changeCycle=0,myNode=74c27806...,timecost=0.338
info|2019-11-22 17:49:39.169198|[g:1][CONSENSUS][PBFT]checkAndChangeView: Reach consensus,org_view=92,org_changeCycle=0,cur_changeCycle=0,to_view=93
info|2019-11-22 17:49:40.171883|[g:1][CONSENSUS][SEALER]++++++++++++++++ Generating seal on,blkNum=1,tx=0,nodeIdx=1,hash=2a04d584...
info|2019-11-22 17:49:40.196529|[g:1][CONSENSUS][PBFT]checkTimeout Succ,view=93,toView=94,nodeIdx=1,changeCycle=0,myNode=74c27806...,timecost=0.395
info|2019-11-22 17:49:40.202735|[g:1][CONSENSUS][PBFT]checkAndChangeView: Reach consensus,org_view=93,org_changeCycle=0,cur_changeCycle=0,to_view=94
info|2019-11-22 17:49:41.192766|[g:1][CONSENSUS]addRawPrepare,height=1,reqIdx=2,hash=ba02d577...
info|2019-11-22 17:49:41.203827|[g:1][CONSENSUS][PBFT]checkTimeout Succ,view=94,toView=95,nodeIdx=1,changeCycle=0,myNode=74c27806...,timecost=10.862
info|2019-11-22 17:49:41.231464|[g:1][CONSENSUS][PBFT]checkAndChangeView: Reach consensus,org_view=94,org_changeCycle=0,cur_changeCycle=0,to_view=95
info|2019-11-22 17:49:42.255097|[g:1][CONSENSUS]addRawPrepare,height=1,reqIdx=3,hash=7db912a8...
info|2019-11-22 17:49:42.277145|[g:1][CONSENSUS][PBFT]checkTimeout Succ,view=95,toView=96,nodeIdx=1,changeCycle=0,myNode=74c27806...,timecost=15.35
info|2019-11-22 17:49:42.309722|[g:1][CONSENSUS][PBFT]checkAndChangeView: Reach consensus,org_view=95,org_changeCycle=0,cur_changeCycle=0,to_view=96
info|2019-11-22 17:49:42.363456|[P2P][Service] heartBeat,connected count=3
info|2019-11-22 17:49:43.320929|[g:1][CONSENSUS]addRawPrepare,height=1,reqIdx=0,hash=d0612dec...
info|2019-11-22 17:49:43.331870|[g:1][CONSENSUS][PBFT]checkTimeout Succ,view=96,toView=97,nodeIdx=1,changeCycle=0,myNode=74c27806...,timecost=10.864
info|2019-11-22 17:49:43.336141|[g:1][CONSENSUS][PBFT]checkAndChangeView: Reach consensus,org_view=96,org_changeCycle=0,cur_changeCycle=0,to_view=97
info|2019-11-22 17:49:44.338260|[g:1][CONSENSUS][SEALER]++++++++++++++++ Generating seal on,blkNum=1,tx=0,nodeIdx=1,hash=77d4bde8...
info|2019-11-22 17:49:44.366113|[g:1][CONSENSUS][PBFT]checkTimeout Succ,view=97,toView=98,nodeIdx=1,changeCycle=0,myNode=74c27806...,timecost=0.63
info|2019-11-22 17:49:44.369249|[g:1][CONSENSUS][PBFT]checkAndChangeView: Reach consensus,org_view=97,org_changeCycle=0,cur_changeCycle=0,to_view=98
info|2019-11-22 17:49:45.371496|[g:1][CONSENSUS]addRawPrepare,height=1,reqIdx=2,hash=f86aebc0...
info|2019-11-22 17:49:45.371831|[g:1][CONSENSUS][PBFT]checkTimeout Succ,view=98,toView=99,nodeIdx=1,changeCycle=0,myNode=74c27806...,timecost=0.21
info|2019-11-22 17:49:45.377663|[g:1][CONSENSUS][PBFT]checkAndChangeView: Reach consensus,org_view=98,org_changeCycle=0,cur_changeCycle=0,to_view=99
info|2019-11-22 17:49:46.382466|[g:1][CONSENSUS]addRawPrepare,height=1,reqIdx=3,hash=ddb6ba5a...
info|2019-11-22 17:49:46.382981|[g:1][CONSENSUS][PBFT]checkTimeout Succ,view=99,toView=100,nodeIdx=1,changeCycle=0,myNode=74c27806...,timecost=0.47
info|2019-11-22 17:49:46.396131|[g:1][CONSENSUS][PBFT]checkAndChangeView: Reach consensus,org_view=99,org_changeCycle=0,cur_changeCycle=0,to_view=100
info|2019-11-22 17:49:47.413139|[g:1][CONSENSUS]addRawPrepare,height=1,reqIdx=0,hash=3bc1e9e9...
info|2019-11-22 17:49:47.426264|[g:1][CONSENSUS][PBFT]checkTimeout Succ,view=100,toView=101,nodeIdx=1,changeCycle=0,myNode=74c27806...,timecost=10.93
info|2019-11-22 17:49:47.427507|[g:1][CONSENSUS][PBFT]checkAndChangeView: Reach consensus,org_view=100,org_changeCycle=0,cur_changeCycle=0,to_view=101
info|2019-11-22 17:49:48.429767|[g:1][CONSENSUS][SEALER]++++++++++++++++ Generating seal on,blkNum=1,tx=0,nodeIdx=1,hash=68833f22...
info|2019-11-22 17:49:48.449685|[g:1][CONSENSUS][PBFT]checkTimeout Succ,view=101,toView=102,nodeIdx=1,changeCycle=0,myNode=74c27806...,timecost=0.309
info|2019-11-22 17:49:48.455373|[g:1][CONSENSUS][PBFT]checkAndChangeView: Reach consensus,org_view=101,org_changeCycle=0,cur_changeCycle=0,to_view=102
info|2019-11-22 17:49:49.444963|[g:1][CONSENSUS]addRawPrepare,height=1,reqIdx=2,hash=b5885826...
info|2019-11-22 17:49:49.449933|[g:1][CONSENSUS][PBFT]checkTimeout Succ,view=102,toView=103,nodeIdx=1,changeCycle=0,myNode=74c27806...,timecost=0.383
info|2019-11-22 17:49:49.460629|[g:1][CONSENSUS][PBFT]checkAndChangeView: Reach consensus,org_view=102,org_changeCycle=0,cur_changeCycle=0,to_view=103
info|2019-11-22 17:49:50.463509|[g:1][CONSENSUS]addRawPrepare,height=1,reqIdx=3,hash=593394b4...
info|2019-11-22 17:49:50.463887|[g:1][CONSENSUS][PBFT]checkTimeout Succ,view=103,toView=104,nodeIdx=1,changeCycle=0,myNode=74c27806...,timecost=0.338
info|2019-11-22 17:49:50.468493|[g:1][CONSENSUS][PBFT]checkAndChangeView: Reach consensus,org_view=103,org_changeCycle=0,cur_changeCycle=0,to_view=104
info|2019-11-22 17:49:51.470225|[g:1][CONSENSUS]addRawPrepare,height=1,reqIdx=0,hash=a66a4a3a...
info|2019-11-22 17:49:51.470505|[g:1][CONSENSUS][PBFT]checkTimeout Succ,view=104,toView=105,nodeIdx=1,changeCycle=0,myNode=74c27806...,timecost=0.254
info|2019-11-22 17:49:51.479750|[g:1][CONSENSUS][PBFT]checkAndChangeView: Reach consensus,org_view=104,org_changeCycle=0,cur_changeCycle=0,to_view=105
info|2019-11-22 17:49:52.363570|[P2P][Service] heartBeat,connected count=3
info|2019-11-22 17:49:52.480813|[g:1][CONSENSUS][SEALER]++++++++++++++++ Generating seal on,blkNum=1,tx=0,nodeIdx=1,hash=b7e9fde7...
info|2019-11-22 17:49:52.496598|[g:1][CONSENSUS][PBFT]checkTimeout Succ,view=105,toView=106,nodeIdx=1,changeCycle=0,myNode=74c27806...,timecost=0.222
info|2019-11-22 17:49:52.503025|[g:1][CONSENSUS][PBFT]checkAndChangeView: Reach consensus,org_view=105,org_changeCycle=0,cur_changeCycle=0,to_view=106
info|2019-11-22 17:49:53.497271|[g:1][CONSENSUS]addRawPrepare,height=1,reqIdx=2,hash=8092c5d8...
info|2019-11-22 17:49:53.497565|[g:1][CONSENSUS][PBFT]checkTimeout Succ,view=106,toView=107,nodeIdx=1,changeCycle=0,myNode=74c27806...,timecost=0.216
info|2019-11-22 17:49:53.502387|[g:1][CONSENSUS][PBFT]checkAndChangeView: Reach consensus,org_view=106,org_changeCycle=0,cur_changeCycle=0,to_view=107
info|2019-11-22 17:49:54.507970|[g:1][CONSENSUS]addRawPrepare,height=1,reqIdx=3,hash=396d6aa5...
info|2019-11-22 17:49:54.508240|[g:1][CONSENSUS][PBFT]checkTimeout Succ,view=107,toView=108,nodeIdx=1,changeCycle=0,myNode=74c27806...,timecost=0.248
info|2019-11-22 17:49:54.513749|[g:1][CONSENSUS][PBFT]checkAndChangeView: Reach consensus,org_view=107,org_changeCycle=0,cur_changeCycle=0,to_view=108
info|2019-11-22 17:49:55.518006|[g:1][CONSENSUS]addRawPrepare,height=1,reqIdx=0,hash=604a6c42...
info|2019-11-22 17:49:55.518324|[g:1][CONSENSUS][PBFT]checkTimeout Succ,view=108,toView=109,nodeIdx=1,changeCycle=0,myNode=74c27806...,timecost=0.294
info|2019-11-22 17:49:55.523650|[g:1][CONSENSUS][PBFT]checkAndChangeView: Reach consensus,org_view=108,org_changeCycle=0,cur_changeCycle=0,to_view=109
info|2019-11-22 17:49:56.524851|[g:1][CONSENSUS][SEALER]++++++++++++++++ Generating seal on,blkNum=1,tx=0,nodeIdx=1,hash=2ab35e23...
info|2019-11-22 17:49:56.539322|[g:1][CONSENSUS][PBFT]checkTimeout Succ,view=109,toView=110,nodeIdx=1,changeCycle=0,myNode=74c27806...,timecost=0.248
info|2019-11-22 17:49:56.540366|[g:1][CONSENSUS][PBFT]checkAndChangeView: Reach consensus,org_view=109,org_changeCycle=0,cur_changeCycle=0,to_view=110
info|2019-11-22 17:49:57.538946|[g:1][CONSENSUS]addRawPrepare,height=1,reqIdx=2,hash=867f3d55...
info|2019-11-22 17:49:57.539291|[g:1][CONSENSUS][PBFT]checkTimeout Succ,view=110,toView=111,nodeIdx=1,changeCycle=0,myNode=74c27806...,timecost=0.263
info|2019-11-22 17:49:57.549057|[g:1][CONSENSUS][PBFT]checkAndChangeView: Reach consensus,org_view=110,org_changeCycle=0,cur_changeCycle=0,to_view=111
info|2019-11-22 17:49:58.563963|[g:1][CONSENSUS]addRawPrepare,height=1,reqIdx=3,hash=fa50d490...
info|2019-11-22 17:49:58.571145|[g:1][CONSENSUS][PBFT]checkTimeout Succ,view=111,toView=112,nodeIdx=1,changeCycle=0,myNode=74c27806...,timecost=7.132
info|2019-11-22 17:49:58.603286|[g:1][CONSENSUS][PBFT]checkAndChangeView: Reach consensus,org_view=111,org_changeCycle=0,cur_changeCycle=0,to_view=112
info|2019-11-22 17:49:59.591805|[g:1][CONSENSUS]addRawPrepare,height=1,reqIdx=0,hash=10b1a2fa...
info|2019-11-22 17:49:59.592121|[g:1][CONSENSUS][PBFT]checkTimeout Succ,view=112,toView=113,nodeIdx=1,changeCycle=0,myNode=74c27806...,timecost=0.289
info|2019-11-22 17:49:59.594800|[g:1][CONSENSUS][PBFT]checkAndChangeView: Reach consensus,org_view=112,org_changeCycle=0,cur_changeCycle=0,to_view=113
info|2019-11-22 17:50:00.597091|[g:1][CONSENSUS][SEALER]++++++++++++++++ Generating seal on,blkNum=1,tx=0,nodeIdx=1,hash=119eb39e...
info|2019-11-22 17:50:00.642918|[g:1][CONSENSUS][PBFT]checkTimeout Succ,view=113,toView=114,nodeIdx=1,changeCycle=0,myNode=74c27806...,timecost=8.145
info|2019-11-22 17:50:00.647878|[g:1][CONSENSUS][PBFT]checkAndChangeView: Reach consensus,org_view=113,org_changeCycle=0,cur_changeCycle=0,to_view=114
info|2019-11-22 17:50:01.687547|[g:1][CONSENSUS]addRawPrepare,height=1,reqIdx=2,hash=2de1e56c...
info|2019-11-22 17:50:01.729035|[g:1][CONSENSUS][PBFT]checkTimeout Succ,view=114,toView=115,nodeIdx=1,changeCycle=0,myNode=74c27806...,timecost=30.316
info|2019-11-22 17:50:01.785055|[g:1][CONSENSUS][PBFT]checkAndChangeView: Reach consensus,org_view=114,org_changeCycle=0,cur_changeCycle=0,to_view=115
info|2019-11-22 17:50:02.363785|[P2P][Service] heartBeat,connected count=3
info|2019-11-22 17:50:02.803240|[g:1][CONSENSUS]addRawPrepare,height=1,reqIdx=3,hash=50f44e26...
info|2019-11-22 17:50:02.803687|[g:1][CONSENSUS][PBFT]checkTimeout Succ,view=115,toView=116,nodeIdx=1,changeCycle=0,myNode=74c27806...,timecost=0.396
info|2019-11-22 17:50:02.817767|[g:1][CONSENSUS][PBFT]checkAndChangeView: Reach consensus,org_view=115,org_changeCycle=0,cur_changeCycle=0,to_view=116
info|2019-11-22 17:50:03.837404|[g:1][CONSENSUS]addRawPrepare,height=1,reqIdx=0,hash=0a709e40...
info|2019-11-22 17:50:03.851993|[g:1][CONSENSUS][PBFT]checkTimeout Succ,view=116,toView=117,nodeIdx=1,changeCycle=0,myNode=74c27806...,timecost=12.259
info|2019-11-22 17:50:03.885221|[g:1][CONSENSUS][PBFT]checkAndChangeView: Reach consensus,org_view=116,org_changeCycle=0,cur_changeCycle=0,to_view=117
info|2019-11-22 17:50:04.890383|[g:1][CONSENSUS][SEALER]++++++++++++++++ Generating seal on,blkNum=1,tx=0,nodeIdx=1,hash=513d00ea...
info|2019-11-22 17:50:04.906544|[g:1][CONSENSUS][PBFT]checkTimeout Succ,view=117,toView=118,nodeIdx=1,changeCycle=0,myNode=74c27806...,timecost=0.679
info|2019-11-22 17:50:04.910513|[g:1][CONSENSUS][PBFT]checkAndChangeView: Reach consensus,org_view=117,org_changeCycle=0,cur_changeCycle=0,to_view=118
info|2019-11-22 17:50:05.905711|[g:1][CONSENSUS]addRawPrepare,height=1,reqIdx=2,hash=ae526c1d...
info|2019-11-22 17:50:05.932655|[g:1][CONSENSUS][PBFT]checkTimeout Succ,view=118,toView=119,nodeIdx=1,changeCycle=0,myNode=74c27806...,timecost=18.293
info|2019-11-22 17:50:05.987744|[g:1][CONSENSUS][PBFT]checkAndChangeView: Reach consensus,org_view=118,org_changeCycle=0,cur_changeCycle=0,to_view=119
info|2019-11-22 17:50:06.987990|[g:1][CONSENSUS]addRawPrepare,height=1,reqIdx=3,hash=2339c497...
info|2019-11-22 17:50:06.990930|[g:1][CONSENSUS][PBFT]checkTimeout Succ,view=119,toView=120,nodeIdx=1,changeCycle=0,myNode=74c27806...,timecost=2.869
info|2019-11-22 17:50:07.016276|[g:1][CONSENSUS][PBFT]checkAndChangeView: Reach consensus,org_view=119,org_changeCycle=0,cur_changeCycle=0,to_view=120
info|2019-11-22 17:50:08.034070|[g:1][CONSENSUS]addRawPrepare,height=1,reqIdx=0,hash=0793fc10...
info|2019-11-22 17:50:08.039104|[g:1][CONSENSUS][PBFT]checkTimeout Succ,view=120,toView=121,nodeIdx=1,changeCycle=0,myNode=74c27806...,timecost=4.932
info|2019-11-22 17:50:08.055077|[g:1][CONSENSUS][PBFT]checkAndChangeView: Reach consensus,org_view=120,org_changeCycle=0,cur_changeCycle=0,to_view=121
info|2019-11-22 17:50:09.079040|[g:1][CONSENSUS][SEALER]++++++++++++++++ Generating seal on,blkNum=1,tx=0,nodeIdx=1,hash=2e065ba7...
info|2019-11-22 17:50:09.097680|[g:1][CONSENSUS][PBFT]checkTimeout Succ,view=121,toView=122,nodeIdx=1,changeCycle=0,myNode=74c27806...,timecost=0.745
info|2019-11-22 17:50:09.099245|[g:1][CONSENSUS][PBFT]checkAndChangeView: Reach consensus,org_view=121,org_changeCycle=0,cur_changeCycle=0,to_view=122
info|2019-11-22 17:50:10.100294|[g:1][CONSENSUS]addRawPrepare,height=1,reqIdx=2,hash=ea948bae...
info|2019-11-22 17:50:10.155542|[g:1][CONSENSUS][PBFT]checkTimeout Succ,view=122,toView=123,nodeIdx=1,changeCycle=0,myNode=74c27806...,timecost=28.514
info|2019-11-22 17:50:10.157133|[g:1][CONSENSUS][PBFT]checkAndChangeView: Reach consensus,org_view=122,org_changeCycle=0,cur_changeCycle=0,to_view=123
info|2019-11-22 17:50:11.174712|[g:1][CONSENSUS]addRawPrepare,height=1,reqIdx=3,hash=1ade8b05...
info|2019-11-22 17:50:11.179612|[g:1][CONSENSUS][PBFT]checkTimeout Succ,view=123,toView=124,nodeIdx=1,changeCycle=0,myNode=74c27806...,timecost=4.838
info|2019-11-22 17:50:11.187440|[g:1][CONSENSUS][PBFT]checkAndChangeView: Reach consensus,org_view=123,org_changeCycle=0,cur_changeCycle=0,to_view=124
info|2019-11-22 17:50:12.211370|[g:1][CONSENSUS]addRawPrepare,height=1,reqIdx=0,hash=7c1c2c2e...
info|2019-11-22 17:50:12.216803|[g:1][CONSENSUS][PBFT]checkTimeout Succ,view=124,toView=125,nodeIdx=1,changeCycle=0,myNode=74c27806...,timecost=1.125
info|2019-11-22 17:50:12.222681|[g:1][CONSENSUS][PBFT]checkAndChangeView: Reach consensus,org_view=124,org_changeCycle=0,cur_changeCycle=0,to_view=125
info|2019-11-22 17:50:12.363899|[P2P][Service] heartBeat,connected count=3
info|2019-11-22 17:50:13.225572|[g:1][CONSENSUS][SEALER]++++++++++++++++ Generating seal on,blkNum=1,tx=0,nodeIdx=1,hash=8dc66139...
info|2019-11-22 17:50:13.234833|[g:1][CONSENSUS][PBFT]checkTimeout Succ,view=125,toView=126,nodeIdx=1,changeCycle=0,myNode=74c27806...,timecost=0.379
info|2019-11-22 17:50:13.237014|[g:1][CONSENSUS][PBFT]checkAndChangeView: Reach consensus,org_view=125,org_changeCycle=0,cur_changeCycle=0,to_view=126
info|2019-11-22 17:50:14.234595|[g:1][CONSENSUS]addRawPrepare,height=1,reqIdx=2,hash=68fdfeeb...
info|2019-11-22 17:50:14.235189|[g:1][CONSENSUS][PBFT]checkTimeout Succ,view=126,toView=127,nodeIdx=1,changeCycle=0,myNode=74c27806...,timecost=0.371
info|2019-11-22 17:50:14.257295|[g:1][CONSENSUS][PBFT]checkAndChangeView: Reach consensus,org_view=126,org_changeCycle=0,cur_changeCycle=0,to_view=127
info|2019-11-22 17:50:15.289152|[g:1][CONSENSUS]addRawPrepare,height=1,reqIdx=3,hash=47ef0869...
info|2019-11-22 17:50:15.310724|[g:1][CONSENSUS][PBFT]checkTimeout Succ,view=127,toView=128,nodeIdx=1,changeCycle=0,myNode=74c27806...,timecost=16.724
info|2019-11-22 17:50:15.360899|[g:1][CONSENSUS][PBFT]checkAndChangeView: Reach consensus,org_view=127,org_changeCycle=0,cur_changeCycle=0,to_view=128
info|2019-11-22 17:50:16.363962|[g:1][CONSENSUS]addRawPrepare,height=1,reqIdx=0,hash=43e69738...
info|2019-11-22 17:50:16.364319|[g:1][CONSENSUS][PBFT]checkTimeout Succ,view=128,toView=129,nodeIdx=1,changeCycle=0,myNode=74c27806...,timecost=0.312
info|2019-11-22 17:50:16.368192|[g:1][CONSENSUS][PBFT]checkAndChangeView: Reach consensus,org_view=128,org_changeCycle=0,cur_changeCycle=0,to_view=129
info|2019-11-22 17:50:17.369390|[g:1][CONSENSUS][SEALER]++++++++++++++++ Generating seal on,blkNum=1,tx=0,nodeIdx=1,hash=70b3374b...
info|2019-11-22 17:50:17.388929|[g:1][CONSENSUS][PBFT]checkTimeout Succ,view=129,toView=130,nodeIdx=1,changeCycle=0,myNode=74c27806...,timecost=0.417
info|2019-11-22 17:50:17.392411|[g:1][CONSENSUS][PBFT]checkAndChangeView: Reach consensus,org_view=129,org_changeCycle=0,cur_changeCycle=0,to_view=130
info|2019-11-22 17:50:18.385606|[g:1][CONSENSUS]addRawPrepare,height=1,reqIdx=2,hash=43e1f592...
info|2019-11-22 17:50:18.385969|[g:1][CONSENSUS][PBFT]checkTimeout Succ,view=130,toView=131,nodeIdx=1,changeCycle=0,myNode=74c27806...,timecost=0.21
info|2019-11-22 17:50:18.389757|[g:1][CONSENSUS][PBFT]checkAndChangeView: Reach consensus,org_view=130,org_changeCycle=0,cur_changeCycle=0,to_view=131
info|2019-11-22 17:50:19.393342|[g:1][CONSENSUS]addRawPrepare,height=1,reqIdx=3,hash=133014cd...
info|2019-11-22 17:50:19.393600|[g:1][CONSENSUS][PBFT]checkTimeout Succ,view=131,toView=132,nodeIdx=1,changeCycle=0,myNode=74c27806...,timecost=0.235
info|2019-11-22 17:50:19.397789|[g:1][CONSENSUS][PBFT]checkAndChangeView: Reach consensus,org_view=131,org_changeCycle=0,cur_changeCycle=0,to_view=132
info|2019-11-22 17:50:20.403880|[g:1][CONSENSUS]addRawPrepare,height=1,reqIdx=0,hash=2d88694a...
info|2019-11-22 17:50:20.404126|[g:1][CONSENSUS][PBFT]checkTimeout Succ,view=132,toView=133,nodeIdx=1,changeCycle=0,myNode=74c27806...,timecost=0.216
info|2019-11-22 17:50:20.416853|[g:1][CONSENSUS][PBFT]checkAndChangeView: Reach consensus,org_view=132,org_changeCycle=0,cur_changeCycle=0,to_view=133
info|2019-11-22 17:50:21.418430|[g:1][CONSENSUS][SEALER]++++++++++++++++ Generating seal on,blkNum=1,tx=0,nodeIdx=1,hash=59922c7d...
info|2019-11-22 17:50:21.419110|[g:1][CONSENSUS][PBFT]checkTimeout Succ,view=133,toView=134,nodeIdx=1,changeCycle=0,myNode=74c27806...,timecost=0.219
info|2019-11-22 17:50:21.427031|[g:1][CONSENSUS][PBFT]checkAndChangeView: Reach consensus,org_view=133,org_changeCycle=0,cur_changeCycle=0,to_view=134
info|2019-11-22 17:50:22.364078|[P2P][Service] heartBeat,connected count=3
info|2019-11-22 17:50:22.426696|[g:1][CONSENSUS]addRawPrepare,height=1,reqIdx=2,hash=641305b6...
info|2019-11-22 17:50:22.426975|[g:1][CONSENSUS][PBFT]checkTimeout Succ,view=134,toView=135,nodeIdx=1,changeCycle=0,myNode=74c27806...,timecost=0.207
info|2019-11-22 17:50:22.432361|[g:1][CONSENSUS][PBFT]checkAndChangeView: Reach consensus,org_view=134,org_changeCycle=0,cur_changeCycle=0,to_view=135
info|2019-11-22 17:50:23.435272|[g:1][CONSENSUS]addRawPrepare,height=1,reqIdx=3,hash=a34de325...
info|2019-11-22 17:50:23.435750|[g:1][CONSENSUS][PBFT]checkTimeout Succ,view=135,toView=136,nodeIdx=1,changeCycle=0,myNode=74c27806...,timecost=0.434
info|2019-11-22 17:50:23.441571|[g:1][CONSENSUS][PBFT]checkAndChangeView: Reach consensus,org_view=135,org_changeCycle=0,cur_changeCycle=0,to_view=136
info|2019-11-22 17:50:25.040893|[g:1][CONSENSUS]addRawPrepare,height=1,reqIdx=0,hash=a3758e9b...
info|2019-11-22 17:50:25.046231|[g:1][CONSENSUS][PBFT]checkTimeout Succ,view=136,toView=137,nodeIdx=1,changeCycle=0,myNode=74c27806...,timecost=5.247
info|2019-11-22 17:50:25.230788|[g:1][CONSENSUS][PBFT]checkAndChangeView: Reach consensus,org_view=136,org_changeCycle=0,cur_changeCycle=0,to_view=137
info|2019-11-22 17:50:26.232636|[g:1][CONSENSUS][SEALER]++++++++++++++++ Generating seal on,blkNum=1,tx=0,nodeIdx=1,hash=14f9bc6e...
info|2019-11-22 17:50:26.246535|[g:1][CONSENSUS][PBFT]checkTimeout Succ,view=137,toView=138,nodeIdx=1,changeCycle=0,myNode=74c27806...,timecost=0.346
info|2019-11-22 17:50:26.248502|[g:1][CONSENSUS][PBFT]checkAndChangeView: Reach consensus,org_view=137,org_changeCycle=0,cur_changeCycle=0,to_view=138
info|2019-11-22 17:50:27.246136|[g:1][CONSENSUS]addRawPrepare,height=1,reqIdx=2,hash=8e686fff...
info|2019-11-22 17:50:27.246624|[g:1][CONSENSUS][PBFT]checkTimeout Succ,view=138,toView=139,nodeIdx=1,changeCycle=0,myNode=74c27806...,timecost=0.383
info|2019-11-22 17:50:27.253536|[g:1][CONSENSUS][PBFT]checkAndChangeView: Reach consensus,org_view=138,org_changeCycle=0,cur_changeCycle=0,to_view=139
info|2019-11-22 17:50:28.257719|[g:1][CONSENSUS]addRawPrepare,height=1,reqIdx=3,hash=3344ac85...
info|2019-11-22 17:50:28.258190|[g:1][CONSENSUS][PBFT]checkTimeout Succ,view=139,toView=140,nodeIdx=1,changeCycle=0,myNode=74c27806...,timecost=0.33
info|2019-11-22 17:50:28.262862|[g:1][CONSENSUS][PBFT]checkAndChangeView: Reach consensus,org_view=139,org_changeCycle=0,cur_changeCycle=0,to_view=140
info|2019-11-22 17:50:29.267646|[g:1][CONSENSUS]addRawPrepare,height=1,reqIdx=0,hash=d8dcb3b2...
info|2019-11-22 17:50:29.268103|[g:1][CONSENSUS][PBFT]checkTimeout Succ,view=140,toView=141,nodeIdx=1,changeCycle=0,myNode=74c27806...,timecost=0.414
info|2019-11-22 17:50:29.273108|[g:1][CONSENSUS][PBFT]checkAndChangeView: Reach consensus,org_view=140,org_changeCycle=0,cur_changeCycle=0,to_view=141
info|2019-11-22 17:50:30.274566|[g:1][CONSENSUS][SEALER]++++++++++++++++ Generating seal on,blkNum=1,tx=0,nodeIdx=1,hash=b09e394f...
info|2019-11-22 17:50:30.284774|[g:1][CONSENSUS][PBFT]checkTimeout Succ,view=141,toView=142,nodeIdx=1,changeCycle=0,myNode=74c27806...,timecost=0.341
info|2019-11-22 17:50:30.286482|[g:1][CONSENSUS][PBFT]checkAndChangeView: Reach consensus,org_view=141,org_changeCycle=0,cur_changeCycle=0,to_view=142
info|2019-11-22 17:50:31.283172|[g:1][CONSENSUS]addRawPrepare,height=1,reqIdx=2,hash=d38ce341...
info|2019-11-22 17:50:31.283492|[g:1][CONSENSUS][PBFT]checkTimeout Succ,view=142,toView=143,nodeIdx=1,changeCycle=0,myNode=74c27806...,timecost=0.211
info|2019-11-22 17:50:31.287046|[g:1][CONSENSUS][PBFT]checkAndChangeView: Reach consensus,org_view=142,org_changeCycle=0,cur_changeCycle=0,to_view=143
info|2019-11-22 17:50:32.291351|[g:1][CONSENSUS]addRawPrepare,height=1,reqIdx=3,hash=2e47b2f3...
info|2019-11-22 17:50:32.291592|[g:1][CONSENSUS][PBFT]checkTimeout Succ,view=143,toView=144,nodeIdx=1,changeCycle=0,myNode=74c27806...,timecost=0.214
info|2019-11-22 17:50:32.292198|[g:1][CONSENSUS][PBFT]checkAndChangeView: Reach consensus,org_view=143,org_changeCycle=0,cur_changeCycle=0,to_view=144
info|2019-11-22 17:50:32.364155|[P2P][Service] heartBeat,connected count=3
info|2019-11-22 17:50:33.298822|[g:1][CONSENSUS]addRawPrepare,height=1,reqIdx=0,hash=2cf2ac55...
info|2019-11-22 17:50:33.299174|[g:1][CONSENSUS][PBFT]checkTimeout Succ,view=144,toView=145,nodeIdx=1,changeCycle=0,myNode=74c27806...,timecost=0.321
info|2019-11-22 17:50:33.304821|[g:1][CONSENSUS][PBFT]checkAndChangeView: Reach consensus,org_view=144,org_changeCycle=0,cur_changeCycle=0,to_view=145
info|2019-11-22 17:50:34.308143|[g:1][CONSENSUS][SEALER]++++++++++++++++ Generating seal on,blkNum=1,tx=0,nodeIdx=1,hash=970a5bf4...
info|2019-11-22 17:50:34.317871|[g:1][CONSENSUS][PBFT]checkTimeout Succ,view=145,toView=146,nodeIdx=1,changeCycle=0,myNode=74c27806...,timecost=0.373
info|2019-11-22 17:50:34.319303|[g:1][CONSENSUS][PBFT]checkAndChangeView: Reach consensus,org_view=145,org_changeCycle=0,cur_changeCycle=0,to_view=146
info|2019-11-22 17:50:35.317481|[g:1][CONSENSUS]addRawPrepare,height=1,reqIdx=2,hash=01371e7c...
info|2019-11-22 17:50:35.320133|[g:1][CONSENSUS][PBFT]checkTimeout Succ,view=146,toView=147,nodeIdx=1,changeCycle=0,myNode=74c27806...,timecost=2.573
info|2019-11-22 17:50:35.320787|[g:1][CONSENSUS][PBFT]checkAndChangeView: Reach consensus,org_view=146,org_changeCycle=0,cur_changeCycle=0,to_view=147
info|2019-11-22 17:50:36.328859|[g:1][CONSENSUS]addRawPrepare,height=1,reqIdx=3,hash=bb361a93...
info|2019-11-22 17:50:36.329239|[g:1][CONSENSUS][PBFT]checkTimeout Succ,view=147,toView=148,nodeIdx=1,changeCycle=0,myNode=74c27806...,timecost=0.333
info|2019-11-22 17:50:36.332587|[g:1][CONSENSUS][PBFT]checkAndChangeView: Reach consensus,org_view=147,org_changeCycle=0,cur_changeCycle=0,to_view=148
info|2019-11-22 17:50:37.337807|[g:1][CONSENSUS]addRawPrepare,height=1,reqIdx=0,hash=02cb4096...
info|2019-11-22 17:50:37.339881|[g:1][CONSENSUS][PBFT]checkTimeout Succ,view=148,toView=149,nodeIdx=1,changeCycle=0,myNode=74c27806...,timecost=2.049
info|2019-11-22 17:50:37.340223|[g:1][CONSENSUS][PBFT]checkAndChangeView: Reach consensus,org_view=148,org_changeCycle=0,cur_changeCycle=0,to_view=149
info|2019-11-22 17:50:38.341493|[g:1][CONSENSUS][SEALER]++++++++++++++++ Generating seal on,blkNum=1,tx=0,nodeIdx=1,hash=b673cff3...
info|2019-11-22 17:50:38.348872|[g:1][CONSENSUS][PBFT]checkTimeout Succ,view=149,toView=150,nodeIdx=1,changeCycle=0,myNode=74c27806...,timecost=0.221
info|2019-11-22 17:50:38.350081|[g:1][CONSENSUS][PBFT]checkAndChangeView: Reach consensus,org_view=149,org_changeCycle=0,cur_changeCycle=0,to_view=150
info|2019-11-22 17:50:39.349532|[g:1][CONSENSUS]addRawPrepare,height=1,reqIdx=2,hash=065dd0c4...
info|2019-11-22 17:50:39.349877|[g:1][CONSENSUS][PBFT]checkTimeout Succ,view=150,toView=151,nodeIdx=1,changeCycle=0,myNode=74c27806...,timecost=0.262
info|2019-11-22 17:50:39.353447|[g:1][CONSENSUS][PBFT]checkAndChangeView: Reach consensus,org_view=150,org_changeCycle=0,cur_changeCycle=0,to_view=151
info|2019-11-22 17:50:40.359559|[g:1][CONSENSUS]addRawPrepare,height=1,reqIdx=3,hash=f13c20d6...
info|2019-11-22 17:50:40.359802|[g:1][CONSENSUS][PBFT]checkTimeout Succ,view=151,toView=152,nodeIdx=1,changeCycle=0,myNode=74c27806...,timecost=0.214
info|2019-11-22 17:50:40.360130|[g:1][CONSENSUS][PBFT]checkAndChangeView: Reach consensus,org_view=151,org_changeCycle=0,cur_changeCycle=0,to_view=152
info|2019-11-22 17:50:41.365046|[g:1][CONSENSUS]addRawPrepare,height=1,reqIdx=0,hash=19bfc83a...
info|2019-11-22 17:50:41.365311|[g:1][CONSENSUS][PBFT]checkTimeout Succ,view=152,toView=153,nodeIdx=1,changeCycle=0,myNode=74c27806...,timecost=0.241
info|2019-11-22 17:50:41.367323|[g:1][CONSENSUS][PBFT]checkAndChangeView: Reach consensus,org_view=152,org_changeCycle=0,cur_changeCycle=0,to_view=153
info|2019-11-22 17:50:42.364374|[P2P][Service] heartBeat,connected count=3
info|2019-11-22 17:50:42.367858|[g:1][CONSENSUS][SEALER]++++++++++++++++ Generating seal on,blkNum=1,tx=0,nodeIdx=1,hash=b2bc7502...
info|2019-11-22 17:50:42.381253|[g:1][CONSENSUS][PBFT]checkTimeout Succ,view=153,toView=154,nodeIdx=1,changeCycle=0,myNode=74c27806...,timecost=0.267
info|2019-11-22 17:50:42.382569|[g:1][CONSENSUS][PBFT]checkAndChangeView: Reach consensus,org_view=153,org_changeCycle=0,cur_changeCycle=0,to_view=154
info|2019-11-22 17:50:43.378616|[g:1][CONSENSUS]addRawPrepare,height=1,reqIdx=2,hash=65da6bbf...
info|2019-11-22 17:50:43.378965|[g:1][CONSENSUS][PBFT]checkTimeout Succ,view=154,toView=155,nodeIdx=1,changeCycle=0,myNode=74c27806...,timecost=0.26
info|2019-11-22 17:50:43.383124|[g:1][CONSENSUS][PBFT]checkAndChangeView: Reach consensus,org_view=154,org_changeCycle=0,cur_changeCycle=0,to_view=155
info|2019-11-22 17:50:44.386107|[g:1][CONSENSUS]addRawPrepare,height=1,reqIdx=3,hash=153c90f2...
info|2019-11-22 17:50:44.386376|[g:1][CONSENSUS][PBFT]checkTimeout Succ,view=155,toView=156,nodeIdx=1,changeCycle=0,myNode=74c27806...,timecost=0.246
info|2019-11-22 17:50:44.388305|[g:1][CONSENSUS][PBFT]checkAndChangeView: Reach consensus,org_view=155,org_changeCycle=0,cur_changeCycle=0,to_view=156
info|2019-11-22 17:50:45.389955|[g:1][CONSENSUS]addRawPrepare,height=1,reqIdx=0,hash=4a564f3e...
info|2019-11-22 17:50:45.390246|[g:1][CONSENSUS][PBFT]checkTimeout Succ,view=156,toView=157,nodeIdx=1,changeCycle=0,myNode=74c27806...,timecost=0.266
info|2019-11-22 17:50:45.393606|[g:1][CONSENSUS][PBFT]checkAndChangeView: Reach consensus,org_view=156,org_changeCycle=0,cur_changeCycle=0,to_view=157
info|2019-11-22 17:50:46.394199|[g:1][CONSENSUS][SEALER]++++++++++++++++ Generating seal on,blkNum=1,tx=0,nodeIdx=1,hash=01dfd56c...
info|2019-11-22 17:50:46.401216|[g:1][CONSENSUS][PBFT]checkTimeout Succ,view=157,toView=158,nodeIdx=1,changeCycle=0,myNode=74c27806...,timecost=0.215
info|2019-11-22 17:50:46.402304|[g:1][CONSENSUS][PBFT]checkAndChangeView: Reach consensus,org_view=157,org_changeCycle=0,cur_changeCycle=0,to_view=158
info|2019-11-22 17:50:47.401876|[g:1][CONSENSUS]addRawPrepare,height=1,reqIdx=2,hash=327afb28...
info|2019-11-22 17:50:47.402234|[g:1][CONSENSUS][PBFT]checkTimeout Succ,view=158,toView=159,nodeIdx=1,changeCycle=0,myNode=74c27806...,timecost=0.288
info|2019-11-22 17:50:47.408423|[g:1][CONSENSUS][PBFT]checkAndChangeView: Reach consensus,org_view=158,org_changeCycle=0,cur_changeCycle=0,to_view=159
info|2019-11-22 17:50:48.411096|[g:1][CONSENSUS]addRawPrepare,height=1,reqIdx=3,hash=cd226889...
info|2019-11-22 17:50:48.411335|[g:1][CONSENSUS][PBFT]checkTimeout Succ,view=159,toView=160,nodeIdx=1,changeCycle=0,myNode=74c27806...,timecost=0.211
info|2019-11-22 17:50:48.413134|[g:1][CONSENSUS][PBFT]checkAndChangeView: Reach consensus,org_view=159,org_changeCycle=0,cur_changeCycle=0,to_view=160
info|2019-11-22 17:50:49.420037|[g:1][CONSENSUS]addRawPrepare,height=1,reqIdx=0,hash=3d41db9c...
info|2019-11-22 17:50:49.420397|[g:1][CONSENSUS][PBFT]checkTimeout Succ,view=160,toView=161,nodeIdx=1,changeCycle=0,myNode=74c27806...,timecost=0.313
info|2019-11-22 17:50:49.424663|[g:1][CONSENSUS][PBFT]checkAndChangeView: Reach consensus,org_view=160,org_changeCycle=0,cur_changeCycle=0,to_view=161
info|2019-11-22 17:50:50.425216|[g:1][CONSENSUS][SEALER]++++++++++++++++ Generating seal on,blkNum=1,tx=0,nodeIdx=1,hash=7b13c076...
info|2019-11-22 17:50:50.447001|[g:1][CONSENSUS][PBFT]checkTimeout Succ,view=161,toView=162,nodeIdx=1,changeCycle=0,myNode=74c27806...,timecost=0.346
info|2019-11-22 17:50:50.450397|[g:1][CONSENSUS][PBFT]checkAndChangeView: Reach consensus,org_view=161,org_changeCycle=0,cur_changeCycle=0,to_view=162
info|2019-11-22 17:50:51.443699|[g:1][CONSENSUS]addRawPrepare,height=1,reqIdx=2,hash=45fbd863...
info|2019-11-22 17:50:51.443980|[g:1][CONSENSUS][PBFT]checkTimeout Succ,view=162,toView=163,nodeIdx=1,changeCycle=0,myNode=74c27806...,timecost=0.205
info|2019-11-22 17:50:51.447538|[g:1][CONSENSUS][PBFT]checkAndChangeView: Reach consensus,org_view=162,org_changeCycle=0,cur_changeCycle=0,to_view=163
info|2019-11-22 17:50:52.364466|[P2P][Service] heartBeat,connected count=3
info|2019-11-22 17:50:52.451543|[g:1][CONSENSUS]addRawPrepare,height=1,reqIdx=3,hash=972c8c7c...
info|2019-11-22 17:50:52.451792|[g:1][CONSENSUS][PBFT]checkTimeout Succ,view=163,toView=164,nodeIdx=1,changeCycle=0,myNode=74c27806...,timecost=0.221
info|2019-11-22 17:50:52.453275|[g:1][CONSENSUS][PBFT]checkAndChangeView: Reach consensus,org_view=163,org_changeCycle=0,cur_changeCycle=0,to_view=164
info|2019-11-22 17:50:53.458104|[g:1][CONSENSUS]addRawPrepare,height=1,reqIdx=0,hash=a169e36b...
info|2019-11-22 17:50:53.458341|[g:1][CONSENSUS][PBFT]checkTimeout Succ,view=164,toView=165,nodeIdx=1,changeCycle=0,myNode=74c27806...,timecost=0.213
info|2019-11-22 17:50:53.459510|[g:1][CONSENSUS][PBFT]checkAndChangeView: Reach consensus,org_view=164,org_changeCycle=0,cur_changeCycle=0,to_view=165
info|2019-11-22 17:50:54.461262|[g:1][CONSENSUS][SEALER]++++++++++++++++ Generating seal on,blkNum=1,tx=0,nodeIdx=1,hash=29680493...
info|2019-11-22 17:50:54.468743|[g:1][CONSENSUS][PBFT]checkTimeout Succ,view=165,toView=166,nodeIdx=1,changeCycle=0,myNode=74c27806...,timecost=0.221
info|2019-11-22 17:50:54.469700|[g:1][CONSENSUS][PBFT]checkAndChangeView: Reach consensus,org_view=165,org_changeCycle=0,cur_changeCycle=0,to_view=166
info|2019-11-22 17:50:55.468682|[g:1][CONSENSUS]addRawPrepare,height=1,reqIdx=2,hash=0b80d47b...
info|2019-11-22 17:50:55.468989|[g:1][CONSENSUS][PBFT]checkTimeout Succ,view=166,toView=167,nodeIdx=1,changeCycle=0,myNode=74c27806...,timecost=0.236
info|2019-11-22 17:50:55.472615|[g:1][CONSENSUS][PBFT]checkAndChangeView: Reach consensus,org_view=166,org_changeCycle=0,cur_changeCycle=0,to_view=167
info|2019-11-22 17:50:56.476787|[g:1][CONSENSUS]addRawPrepare,height=1,reqIdx=3,hash=0d55d096...
info|2019-11-22 17:50:56.477016|[g:1][CONSENSUS][PBFT]checkTimeout Succ,view=167,toView=168,nodeIdx=1,changeCycle=0,myNode=74c27806...,timecost=0.201
info|2019-11-22 17:50:56.482706|[g:1][CONSENSUS][PBFT]checkAndChangeView: Reach consensus,org_view=167,org_changeCycle=0,cur_changeCycle=0,to_view=168
info|2019-11-22 17:50:57.486361|[g:1][CONSENSUS]addRawPrepare,height=1,reqIdx=0,hash=eaaf7417...
info|2019-11-22 17:50:57.486596|[g:1][CONSENSUS][PBFT]checkTimeout Succ,view=168,toView=169,nodeIdx=1,changeCycle=0,myNode=74c27806...,timecost=0.209
info|2019-11-22 17:50:57.489274|[g:1][CONSENSUS][PBFT]checkAndChangeView: Reach consensus,org_view=168,org_changeCycle=0,cur_changeCycle=0,to_view=169
info|2019-11-22 17:50:58.490010|[g:1][CONSENSUS][SEALER]++++++++++++++++ Generating seal on,blkNum=1,tx=0,nodeIdx=1,hash=2c70c9a9...
info|2019-11-22 17:50:58.496249|[g:1][CONSENSUS][PBFT]checkTimeout Succ,view=169,toView=170,nodeIdx=1,changeCycle=0,myNode=74c27806...,timecost=0.256
info|2019-11-22 17:50:58.497611|[g:1][CONSENSUS][PBFT]checkAndChangeView: Reach consensus,org_view=169,org_changeCycle=0,cur_changeCycle=0,to_view=170
info|2019-11-22 17:50:59.496024|[g:1][CONSENSUS]addRawPrepare,height=1,reqIdx=2,hash=9fdadf7f...
info|2019-11-22 17:50:59.496378|[g:1][CONSENSUS][PBFT]checkTimeout Succ,view=170,toView=171,nodeIdx=1,changeCycle=0,myNode=74c27806...,timecost=0.274
info|2019-11-22 17:50:59.500103|[g:1][CONSENSUS][PBFT]checkAndChangeView: Reach consensus,org_view=170,org_changeCycle=0,cur_changeCycle=0,to_view=171
info|2019-11-22 17:51:00.503073|[g:1][CONSENSUS]addRawPrepare,height=1,reqIdx=3,hash=051f6410...
info|2019-11-22 17:51:00.503311|[g:1][CONSENSUS][PBFT]checkTimeout Succ,view=171,toView=172,nodeIdx=1,changeCycle=0,myNode=74c27806...,timecost=0.211
info|2019-11-22 17:51:00.506101|[g:1][CONSENSUS][PBFT]checkAndChangeView: Reach consensus,org_view=171,org_changeCycle=0,cur_changeCycle=0,to_view=172
info|2019-11-22 17:51:01.510887|[g:1][CONSENSUS]addRawPrepare,height=1,reqIdx=0,hash=5c7fce31...
info|2019-11-22 17:51:01.511252|[g:1][CONSENSUS][PBFT]checkTimeout Succ,view=172,toView=173,nodeIdx=1,changeCycle=0,myNode=74c27806...,timecost=0.33
info|2019-11-22 17:51:01.512400|[g:1][CONSENSUS][PBFT]checkAndChangeView: Reach consensus,org_view=172,org_changeCycle=0,cur_changeCycle=0,to_view=173
info|2019-11-22 17:51:02.364679|[P2P][Service] heartBeat,connected count=3
info|2019-11-22 17:51:02.516132|[g:1][CONSENSUS][SEALER]++++++++++++++++ Generating seal on,blkNum=1,tx=0,nodeIdx=1,hash=d65e5662...
info|2019-11-22 17:51:02.523343|[g:1][CONSENSUS][PBFT]checkTimeout Succ,view=173,toView=174,nodeIdx=1,changeCycle=0,myNode=74c27806...,timecost=0.26
info|2019-11-22 17:51:02.524328|[g:1][CONSENSUS][PBFT]checkAndChangeView: Reach consensus,org_view=173,org_changeCycle=0,cur_changeCycle=0,to_view=174
info|2019-11-22 17:51:03.523133|[g:1][CONSENSUS]addRawPrepare,height=1,reqIdx=2,hash=699cf64b...
info|2019-11-22 17:51:03.523470|[g:1][CONSENSUS][PBFT]checkTimeout Succ,view=174,toView=175,nodeIdx=1,changeCycle=0,myNode=74c27806...,timecost=0.255
info|2019-11-22 17:51:03.528591|[g:1][CONSENSUS][PBFT]checkAndChangeView: Reach consensus,org_view=174,org_changeCycle=0,cur_changeCycle=0,to_view=175
info|2019-11-22 17:51:04.538085|[g:1][CONSENSUS][PBFT]Trigger fast-viewchange,view=175,toView=175,minView=176,INFO=,reqNum=0,curNum=0,GenIdx=0,Cview=176,view=175,fromIdx=0,fromNode=594c229d...,fromIp=127.0.0.1:30303,hash=a40b170d...,nodeIdx=1,myNode=74c27806...
info|2019-11-22 17:51:04.540464|[g:1][CONSENSUS][PBFT]checkAndChangeView: Reach consensus,org_view=175,org_changeCycle=0,cur_changeCycle=0,to_view=176
info|2019-11-22 17:51:04.540580|[g:1][CONSENSUS][PBFT]checkTimeout Succ,view=176,toView=176,nodeIdx=1,changeCycle=0,myNode=74c27806...,timecost=1.884
info|2019-11-22 17:51:05.544408|[g:1][CONSENSUS]addRawPrepare,height=1,reqIdx=0,hash=88560a1f...
info|2019-11-22 17:51:05.544693|[g:1][CONSENSUS][PBFT]checkTimeout Succ,view=176,toView=177,nodeIdx=1,changeCycle=0,myNode=74c27806...,timecost=0.242
info|2019-11-22 17:51:05.549271|[g:1][CONSENSUS][PBFT]checkAndChangeView: Reach consensus,org_view=176,org_changeCycle=0,cur_changeCycle=0,to_view=177
info|2019-11-22 17:51:06.550512|[g:1][CONSENSUS][SEALER]++++++++++++++++ Generating seal on,blkNum=1,tx=0,nodeIdx=1,hash=8ffc4ea0...
info|2019-11-22 17:51:06.557520|[g:1][CONSENSUS][PBFT]checkTimeout Succ,view=177,toView=178,nodeIdx=1,changeCycle=0,myNode=74c27806...,timecost=0.278
info|2019-11-22 17:51:06.558457|[g:1][CONSENSUS][PBFT]checkAndChangeView: Reach consensus,org_view=177,org_changeCycle=0,cur_changeCycle=0,to_view=178
info|2019-11-22 17:51:07.557749|[g:1][CONSENSUS]addRawPrepare,height=1,reqIdx=2,hash=f853c1a7...
info|2019-11-22 17:51:07.558285|[g:1][CONSENSUS][PBFT]checkTimeout Succ,view=178,toView=179,nodeIdx=1,changeCycle=0,myNode=74c27806...,timecost=0.211
info|2019-11-22 17:51:07.568415|[g:1][CONSENSUS][PBFT]checkAndChangeView: Reach consensus,org_view=178,org_changeCycle=0,cur_changeCycle=0,to_view=179
info|2019-11-22 17:51:08.572584|[g:1][CONSENSUS]addRawPrepare,height=1,reqIdx=3,hash=551ac75f...
info|2019-11-22 17:51:08.572820|[g:1][CONSENSUS][PBFT]checkTimeout Succ,view=179,toView=180,nodeIdx=1,changeCycle=0,myNode=74c27806...,timecost=0.211
info|2019-11-22 17:51:08.574594|[g:1][CONSENSUS][PBFT]checkAndChangeView: Reach consensus,org_view=179,org_changeCycle=0,cur_changeCycle=0,to_view=180
info|2019-11-22 17:51:09.579380|[g:1][CONSENSUS]addRawPrepare,height=1,reqIdx=0,hash=07824b7c...
info|2019-11-22 17:51:09.579614|[g:1][CONSENSUS][PBFT]checkTimeout Succ,view=180,toView=181,nodeIdx=1,changeCycle=0,myNode=74c27806...,timecost=0.205
info|2019-11-22 17:51:09.582505|[g:1][CONSENSUS][PBFT]checkAndChangeView: Reach consensus,org_view=180,org_changeCycle=0,cur_changeCycle=0,to_view=181
info|2019-11-22 17:51:10.583121|[g:1][CONSENSUS][SEALER]++++++++++++++++ Generating seal on,blkNum=1,tx=0,nodeIdx=1,hash=781b974a...
info|2019-11-22 17:51:10.594217|[g:1][CONSENSUS][PBFT]checkTimeout Succ,view=181,toView=182,nodeIdx=1,changeCycle=0,myNode=74c27806...,timecost=0.244
info|2019-11-22 17:51:10.595735|[g:1][CONSENSUS][PBFT]checkAndChangeView: Reach consensus,org_view=181,org_changeCycle=0,cur_changeCycle=0,to_view=182
info|2019-11-22 17:51:11.594671|[g:1][CONSENSUS]addRawPrepare,height=1,reqIdx=2,hash=b88a26a1...
info|2019-11-22 17:51:11.595005|[g:1][CONSENSUS][PBFT]checkTimeout Succ,view=182,toView=183,nodeIdx=1,changeCycle=0,myNode=74c27806...,timecost=0.261
info|2019-11-22 17:51:11.601236|[g:1][CONSENSUS][PBFT]checkAndChangeView: Reach consensus,org_view=182,org_changeCycle=0,cur_changeCycle=0,to_view=183
info|2019-11-22 17:51:12.365502|[P2P][Service] heartBeat,connected count=3
info|2019-11-22 17:51:12.609243|[g:1][CONSENSUS]addRawPrepare,height=1,reqIdx=3,hash=45fcf584...
info|2019-11-22 17:51:12.609482|[g:1][CONSENSUS][PBFT]checkTimeout Succ,view=183,toView=184,nodeIdx=1,changeCycle=0,myNode=74c27806...,timecost=0.213
info|2019-11-22 17:51:12.611660|[g:1][CONSENSUS][PBFT]checkAndChangeView: Reach consensus,org_view=183,org_changeCycle=0,cur_changeCycle=0,to_view=184
info|2019-11-22 17:51:13.615941|[g:1][CONSENSUS]addRawPrepare,height=1,reqIdx=0,hash=2a041a84...
info|2019-11-22 17:51:13.616185|[g:1][CONSENSUS][PBFT]checkTimeout Succ,view=184,toView=185,nodeIdx=1,changeCycle=0,myNode=74c27806...,timecost=0.216
info|2019-11-22 17:51:13.618064|[g:1][CONSENSUS][PBFT]checkAndChangeView: Reach consensus,org_view=184,org_changeCycle=0,cur_changeCycle=0,to_view=185
info|2019-11-22 17:51:14.619360|[g:1][CONSENSUS][SEALER]++++++++++++++++ Generating seal on,blkNum=1,tx=0,nodeIdx=1,hash=bd669af3...
info|2019-11-22 17:51:14.633452|[g:1][CONSENSUS][PBFT]checkTimeout Succ,view=185,toView=186,nodeIdx=1,changeCycle=0,myNode=74c27806...,timecost=0.407
info|2019-11-22 17:51:14.634815|[g:1][CONSENSUS][PBFT]checkAndChangeView: Reach consensus,org_view=185,org_changeCycle=0,cur_changeCycle=0,to_view=186
info|2019-11-22 17:51:15.627730|[g:1][CONSENSUS]addRawPrepare,height=1,reqIdx=2,hash=8238745a...
info|2019-11-22 17:51:15.628058|[g:1][CONSENSUS][PBFT]checkTimeout Succ,view=186,toView=187,nodeIdx=1,changeCycle=0,myNode=74c27806...,timecost=0.257
info|2019-11-22 17:51:15.632956|[g:1][CONSENSUS][PBFT]checkAndChangeView: Reach consensus,org_view=186,org_changeCycle=0,cur_changeCycle=0,to_view=187
info|2019-11-22 17:51:16.638751|[g:1][CONSENSUS]addRawPrepare,height=1,reqIdx=3,hash=081abb4a...
info|2019-11-22 17:51:16.638977|[g:1][CONSENSUS][PBFT]checkTimeout Succ,view=187,toView=188,nodeIdx=1,changeCycle=0,myNode=74c27806...,timecost=0.202
info|2019-11-22 17:51:16.641126|[g:1][CONSENSUS][PBFT]checkAndChangeView: Reach consensus,org_view=187,org_changeCycle=0,cur_changeCycle=0,to_view=188
info|2019-11-22 17:51:17.646489|[g:1][CONSENSUS]addRawPrepare,height=1,reqIdx=0,hash=2a1a2f0a...
info|2019-11-22 17:51:17.646768|[g:1][CONSENSUS][PBFT]checkTimeout Succ,view=188,toView=189,nodeIdx=1,changeCycle=0,myNode=74c27806...,timecost=0.258
info|2019-11-22 17:51:17.648087|[g:1][CONSENSUS][PBFT]checkAndChangeView: Reach consensus,org_view=188,org_changeCycle=0,cur_changeCycle=0,to_view=189
info|2019-11-22 17:51:18.650311|[g:1][CONSENSUS][SEALER]++++++++++++++++ Generating seal on,blkNum=1,tx=0,nodeIdx=1,hash=690d05f9...
info|2019-11-22 17:51:18.658928|[g:1][CONSENSUS][PBFT]checkTimeout Succ,view=189,toView=190,nodeIdx=1,changeCycle=0,myNode=74c27806...,timecost=0.229
info|2019-11-22 17:51:18.660055|[g:1][CONSENSUS][PBFT]checkAndChangeView: Reach consensus,org_view=189,org_changeCycle=0,cur_changeCycle=0,to_view=190
info|2019-11-22 17:51:19.658576|[g:1][CONSENSUS]addRawPrepare,height=1,reqIdx=2,hash=7fbb8cb7...
info|2019-11-22 17:51:19.658875|[g:1][CONSENSUS][PBFT]checkTimeout Succ,view=190,toView=191,nodeIdx=1,changeCycle=0,myNode=74c27806...,timecost=0.205
info|2019-11-22 17:51:19.662823|[g:1][CONSENSUS][PBFT]checkAndChangeView: Reach consensus,org_view=190,org_changeCycle=0,cur_changeCycle=0,to_view=191
info|2019-11-22 17:51:20.666645|[g:1][CONSENSUS]addRawPrepare,height=1,reqIdx=3,hash=cb6133a8...
info|2019-11-22 17:51:20.666880|[g:1][CONSENSUS][PBFT]checkTimeout Succ,view=191,toView=192,nodeIdx=1,changeCycle=0,myNode=74c27806...,timecost=0.206
info|2019-11-22 17:51:20.669418|[g:1][CONSENSUS][PBFT]checkAndChangeView: Reach consensus,org_view=191,org_changeCycle=0,cur_changeCycle=0,to_view=192
info|2019-11-22 17:51:21.675896|[g:1][CONSENSUS][PBFT]Trigger fast-viewchange,view=192,toView=192,minView=193,INFO=,reqNum=0,curNum=0,GenIdx=3,Cview=193,view=192,fromIdx=3,fromNode=bca00155...,fromIp=127.0.0.1:30300,hash=a40b170d...,nodeIdx=1,myNode=74c27806...
info|2019-11-22 17:51:21.676276|[g:1][CONSENSUS][PBFT]checkAndChangeView: Reach consensus,org_view=192,org_changeCycle=0,cur_changeCycle=0,to_view=193
info|2019-11-22 17:51:21.676286|[g:1][CONSENSUS][PBFT]checkTimeout Succ,view=193,toView=193,nodeIdx=1,changeCycle=0,myNode=74c27806...,timecost=0.314
info|2019-11-22 17:51:22.365580|[P2P][Service] heartBeat,connected count=3
info|2019-11-22 17:51:22.677449|[g:1][CONSENSUS][SEALER]++++++++++++++++ Generating seal on,blkNum=1,tx=0,nodeIdx=1,hash=21fc82f5...
info|2019-11-22 17:51:22.688378|[g:1][CONSENSUS][PBFT]checkTimeout Succ,view=193,toView=194,nodeIdx=1,changeCycle=0,myNode=74c27806...,timecost=0.338
info|2019-11-22 17:51:22.690018|[g:1][CONSENSUS][PBFT]checkAndChangeView: Reach consensus,org_view=193,org_changeCycle=0,cur_changeCycle=0,to_view=194
info|2019-11-22 17:51:23.688474|[g:1][CONSENSUS]addRawPrepare,height=1,reqIdx=2,hash=786b86cd...
info|2019-11-22 17:51:23.688952|[g:1][CONSENSUS][PBFT]checkTimeout Succ,view=194,toView=195,nodeIdx=1,changeCycle=0,myNode=74c27806...,timecost=0.37
info|2019-11-22 17:51:23.696764|[g:1][CONSENSUS][PBFT]checkAndChangeView: Reach consensus,org_view=194,org_changeCycle=0,cur_changeCycle=0,to_view=195
info|2019-11-22 17:51:24.700074|[g:1][CONSENSUS]addRawPrepare,height=1,reqIdx=3,hash=c98f75b7...
info|2019-11-22 17:51:24.704385|[g:1][CONSENSUS][PBFT]checkTimeout Succ,view=195,toView=196,nodeIdx=1,changeCycle=0,myNode=74c27806...,timecost=1.328
info|2019-11-22 17:51:24.705181|[g:1][CONSENSUS][PBFT]checkAndChangeView: Reach consensus,org_view=195,org_changeCycle=0,cur_changeCycle=0,to_view=196
info|2019-11-22 17:51:25.715705|[g:1][CONSENSUS]addRawPrepare,height=1,reqIdx=0,hash=26c15608...
info|2019-11-22 17:51:25.715958|[g:1][CONSENSUS][PBFT]checkTimeout Succ,view=196,toView=197,nodeIdx=1,changeCycle=0,myNode=74c27806...,timecost=0.226
info|2019-11-22 17:51:25.718268|[g:1][CONSENSUS][PBFT]checkAndChangeView: Reach consensus,org_view=196,org_changeCycle=0,cur_changeCycle=0,to_view=197
info|2019-11-22 17:51:26.719227|[g:1][CONSENSUS][SEALER]++++++++++++++++ Generating seal on,blkNum=1,tx=0,nodeIdx=1,hash=c5eb15ba...
info|2019-11-22 17:51:26.731359|[g:1][CONSENSUS][PBFT]checkTimeout Succ,view=197,toView=198,nodeIdx=1,changeCycle=0,myNode=74c27806...,timecost=0.396
info|2019-11-22 17:51:26.732984|[g:1][CONSENSUS][PBFT]checkAndChangeView: Reach consensus,org_view=197,org_changeCycle=0,cur_changeCycle=0,to_view=198
info|2019-11-22 17:51:27.729354|[g:1][CONSENSUS]addRawPrepare,height=1,reqIdx=2,hash=8c59007a...
info|2019-11-22 17:51:27.729757|[g:1][CONSENSUS][PBFT]checkTimeout Succ,view=198,toView=199,nodeIdx=1,changeCycle=0,myNode=74c27806...,timecost=0.296
info|2019-11-22 17:51:27.736453|[g:1][CONSENSUS][PBFT]checkAndChangeView: Reach consensus,org_view=198,org_changeCycle=0,cur_changeCycle=0,to_view=199
info|2019-11-22 17:51:28.744392|[g:1][CONSENSUS]addRawPrepare,height=1,reqIdx=3,hash=38080e21...
info|2019-11-22 17:51:28.744752|[g:1][CONSENSUS][PBFT]checkTimeout Succ,view=199,toView=200,nodeIdx=1,changeCycle=0,myNode=74c27806...,timecost=0.31
info|2019-11-22 17:51:28.749039|[g:1][CONSENSUS][PBFT]checkAndChangeView: Reach consensus,org_view=199,org_changeCycle=0,cur_changeCycle=0,to_view=200
info|2019-11-22 17:51:29.752711|[g:1][CONSENSUS]addRawPrepare,height=1,reqIdx=0,hash=92b37a5e...
info|2019-11-22 17:51:29.752947|[g:1][CONSENSUS][PBFT]checkTimeout Succ,view=200,toView=201,nodeIdx=1,changeCycle=0,myNode=74c27806...,timecost=0.212
info|2019-11-22 17:51:29.756178|[g:1][CONSENSUS][PBFT]checkAndChangeView: Reach consensus,org_view=200,org_changeCycle=0,cur_changeCycle=0,to_view=201
